   0.000000e+00   9.097057e+02   9.023173e+02   9.070533e+02   9.018331e+02   8.955688e+02   8.900162e+02  -4.875781e+01   4.050429e+01
   0.000000e+00   9.090929e+02   9.004916e+02   9.063863e+02   9.031340e+02   8.918427e+02   8.904614e+02  -3.077439e+01   3.623120e+01
   0.000000e+00   9.087764e+02   9.037934e+02   9.069349e+02   9.062942e+02   9.017555e+02   8.887722e+02  -4.691130e+01   5.688590e+01
   0.000000e+00   9.107250e+02   9.037195e+02   9.059230e+02   9.004073e+02   9.023325e+02   8.910613e+02  -7.429306e+01   7.803094e+01
   0.000000e+00   9.102262e+02   8.999667e+02   9.018828e+02   9.032091e+02   8.943765e+02   8.903418e+02  -9.699008e+01   1.360409e+02
   0.000000e+00   9.102329e+02   8.988337e+02   9.022164e+02   9.051094e+02   8.911084e+02   8.896638e+02  -1.698926e+02   1.505341e+02
   0.000000e+00   9.107574e+02   9.027240e+02   9.069320e+02   9.056546e+02   8.980327e+02   8.889215e+02  -1.501975e+02   1.921822e+02
   0.000000e+00   9.112769e+02   9.034041e+02   9.128005e+02   9.063408e+02   8.958706e+02   8.900030e+02  -2.526332e+02   2.379748e+02
   0.000000e+00   9.097448e+02   9.036768e+02   9.117101e+02   9.056247e+02   8.927549e+02   8.909101e+02  -2.716237e+02   2.755422e+02
   0.000000e+00   9.097016e+02   9.006426e+02   9.040437e+02   9.037367e+02   8.968388e+02   8.896341e+02  -3.053929e+02   3.005488e+02
   0.000000e+00   9.096393e+02   9.024946e+02   9.077874e+02   9.059749e+02   8.977238e+02   8.893582e+02  -3.236379e+02   3.417683e+02
   0.000000e+00   9.105765e+02   9.027851e+02   9.087231e+02   9.047990e+02   8.951291e+02   8.905028e+02  -3.623591e+02   3.662738e+02
   0.000000e+00   9.096190e+02   9.018213e+02   9.063282e+02   9.024577e+02   8.941996e+02   8.900894e+02  -3.940052e+02   3.765714e+02
   0.000000e+00   9.091826e+02   9.049361e+02   9.092932e+02   9.059892e+02   9.035522e+02   8.900589e+02  -4.056263e+02   4.143838e+02
   0.000000e+00   9.099194e+02   8.997285e+02   9.021286e+02   9.017565e+02   8.917507e+02   8.902940e+02  -3.898762e+02   4.402740e+02
   0.000000e+00   9.093095e+02   9.008089e+02   9.013331e+02   9.004657e+02   9.018053e+02   8.916379e+02  -4.453127e+02   4.719585e+02
   0.000000e+00   9.098378e+02   9.026329e+02   9.115096e+02   9.041633e+02   8.930311e+02   8.897636e+02  -4.784879e+02   4.743769e+02
   0.000000e+00   9.104978e+02   9.054608e+02   9.105048e+02   9.079070e+02   9.006716e+02   8.895682e+02  -5.015731e+02   5.124889e+02
   0.000000e+00   9.094616e+02   9.043843e+02   9.072411e+02   9.097999e+02   8.998890e+02   8.908247e+02  -5.519451e+02   5.340865e+02
   0.000000e+00   9.100656e+02   8.994714e+02   9.004568e+02   9.030559e+02   8.973497e+02   8.899866e+02  -5.239071e+02   5.642817e+02
   0.000000e+00   9.082768e+02   9.006663e+02   9.031312e+02   9.020977e+02   8.949775e+02   8.908937e+02  -5.739584e+02   5.779596e+02
   0.000000e+00   9.103631e+02   9.017058e+02   9.069664e+02   9.053028e+02   8.964445e+02   8.904797e+02  -6.287640e+02   6.145288e+02
   0.000000e+00   9.104662e+02   9.025444e+02   9.091590e+02   9.072744e+02   8.921377e+02   8.907712e+02  -6.307295e+02   6.452236e+02
   0.000000e+00   9.095233e+02   9.044327e+02   9.116914e+02   9.090545e+02   8.963378e+02   8.899400e+02  -6.637995e+02   6.724540e+02
   0.000000e+00   9.089305e+02   9.020195e+02   9.096157e+02   9.071683e+02   8.976980e+02   8.909024e+02  -6.762288e+02   7.040080e+02
   0.000000e+00   9.110467e+02   9.045220e+02   9.101484e+02   9.055985e+02   9.037420e+02   8.894935e+02  -7.023011e+02   7.233345e+02
   0.000000e+00   9.110904e+02   9.024376e+02   9.052489e+02   9.072597e+02   8.938488e+02   8.893230e+02  -7.163124e+02   7.348305e+02
   0.000000e+00   9.095510e+02   9.047252e+02   9.069448e+02   9.044256e+02   9.085282e+02   8.893320e+02  -7.523855e+02   7.540766e+02
   0.000000e+00   9.091536e+02   9.056534e+02   9.072073e+02   9.097849e+02   9.061280e+02   8.892703e+02  -7.722724e+02   7.966904e+02
   0.000000e+00   9.102251e+02   9.041150e+02   9.082886e+02   9.063118e+02   9.015994e+02   8.900725e+02  -8.316729e+02   8.216986e+02
   0.000000e+00   9.096567e+02   9.056340e+02   9.114513e+02   9.065993e+02   9.056303e+02   8.899621e+02  -8.296940e+02   8.280816e+02
   0.000000e+00   9.093952e+02   9.015255e+02   9.089141e+02   9.079115e+02   8.922330e+02   8.903704e+02  -8.171486e+02   8.316695e+02
   0.000000e+00   9.091628e+02   9.058563e+02   9.056215e+02   9.123613e+02   9.018612e+02   8.896766e+02  -8.839035e+02   8.821790e+02
   0.000000e+00   9.091275e+02   9.046565e+02   9.110191e+02   9.080081e+02   9.027389e+02   8.905347e+02  -9.176580e+02   8.947394e+02
   0.000000e+00   9.095586e+02   9.060934e+02   9.125325e+02   9.115302e+02   9.010531e+02   8.906923e+02  -9.235784e+02   9.358894e+02
   0.000000e+00   9.097708e+02   9.030092e+02   9.105873e+02   9.080931e+02   8.984783e+02   8.909763e+02  -9.605267e+02   9.647834e+02
   0.000000e+00   9.097722e+02   9.047880e+02   9.075459e+02   9.111268e+02   9.032303e+02   8.900723e+02  -9.686344e+02   9.839867e+02
   0.000000e+00   9.105178e+02   9.041400e+02   9.139217e+02   9.076354e+02   8.945104e+02   8.901086e+02  -9.578958e+02   9.981479e+02
   0.000000e+00   9.100821e+02   9.006467e+02   9.069101e+02   9.024023e+02   9.010049e+02   8.903105e+02  -9.804474e+02   9.944366e+02
   0.000000e+00   9.102029e+02   9.045762e+02   9.099700e+02   9.091697e+02   9.001101e+02   8.891838e+02  -1.037631e+03   1.041628e+03
   0.000000e+00   9.101386e+02   9.029224e+02   9.039853e+02   9.074173e+02   9.056212e+02   8.912460e+02  -1.076854e+03   1.098988e+03
   0.000000e+00   9.095680e+02   8.997393e+02   9.030853e+02   9.056213e+02   8.939608e+02   8.890693e+02  -1.097126e+03   1.147199e+03
   0.000000e+00   9.101488e+02   9.016631e+02   9.108714e+02   9.021277e+02   8.973874e+02   8.899278e+02  -1.180002e+03   1.168907e+03
   0.000000e+00   9.106957e+02   9.073642e+02   9.119974e+02   9.124378e+02   9.000942e+02   8.884059e+02  -1.204823e+03   1.209288e+03
   0.000000e+00   9.096948e+02   9.080061e+02   9.150080e+02   9.056973e+02   9.023662e+02   8.888653e+02  -1.214880e+03   1.219986e+03
   0.000000e+00   9.099525e+02   9.035539e+02   9.031753e+02   9.056089e+02   9.008588e+02   8.902831e+02  -1.261462e+03   1.251877e+03
   0.000000e+00   9.099006e+02   9.031242e+02   9.030055e+02   9.075372e+02   9.000209e+02   8.902144e+02  -1.279987e+03   1.305866e+03
   0.000000e+00   9.106110e+02   9.054027e+02   9.128329e+02   9.041690e+02   9.046126e+02   8.902873e+02  -1.377237e+03   1.331765e+03
   0.000000e+00   9.100106e+02   9.079222e+02   9.099514e+02   9.119217e+02   8.999982e+02   8.903053e+02  -1.360521e+03   1.399508e+03
   0.000000e+00   9.104288e+02   9.009251e+02   9.055547e+02   9.066026e+02   8.927149e+02   8.899941e+02  -1.413311e+03   1.450697e+03
   0.000000e+00   9.098792e+02   9.001213e+02   9.034853e+02   9.030482e+02   8.973780e+02   8.910515e+02  -1.451548e+03   1.494888e+03
   0.000000e+00   9.093569e+02   9.000258e+02   9.066319e+02   8.979769e+02   8.962442e+02   8.891857e+02  -1.448181e+03   1.495579e+03
   0.000000e+00   9.103190e+02   9.016109e+02   9.054875e+02   9.013519e+02   8.944168e+02   8.907020e+02  -1.490444e+03   1.512456e+03
   0.000000e+00   9.097785e+02   9.020801e+02   9.080920e+02   9.047995e+02   9.007724e+02   8.902567e+02  -1.504063e+03   1.552861e+03
   0.000000e+00   9.096525e+02   9.030605e+02   9.045004e+02   9.096599e+02   8.914150e+02   8.900458e+02  -1.554455e+03   1.592339e+03
   0.000000e+00   9.108005e+02   9.019432e+02   9.059250e+02   9.058430e+02   8.904346e+02   8.898458e+02  -1.589174e+03   1.631068e+03
   0.000000e+00   9.096016e+02   9.013307e+02   9.038839e+02   9.028503e+02   9.020034e+02   8.894038e+02  -1.627601e+03   1.652829e+03
   0.000000e+00   9.098288e+02   9.029835e+02   9.020792e+02   9.034991e+02   9.019968e+02   8.906442e+02  -1.679382e+03   1.682642e+03
   0.000000e+00   9.093840e+02   9.049862e+02   9.117454e+02   9.092489e+02   8.974711e+02   8.890320e+02  -1.708531e+03   1.716540e+03
   0.000000e+00   9.089748e+02   9.075453e+02   9.111626e+02   9.134827e+02   9.041983e+02   8.916258e+02  -1.695473e+03   1.709659e+03
