-0.498 -0.000303812 -0.000113522
-0.496 -0.00129644 -0.000470478
-0.494 -0.00306692 -0.00106385
-0.492 -0.00565455 -0.001851
-0.49 -0.00904895 -0.00276786
-0.488 -0.0132001 -0.00374816
-0.486 -0.0180375 -0.0047442
-0.484 -0.0234953 -0.00574522
-0.482 -0.0295391 -0.00678985
-0.48 -0.0361892 -0.00796949
-0.478 -0.0435333 -0.00942117
-0.476 -0.0517253 -0.0113096
-0.474 -0.0609676 -0.0138003
-0.472 -0.0714766 -0.0170267
-0.47 -0.0834359 -0.021057
-0.468 -0.0969411 -0.0258647
-0.466 -0.111946 -0.0313104
-0.464 -0.128214 -0.0371371
-0.462 -0.14529 -0.042985
-0.46 -0.162491 -0.0484231
-0.458 -0.178919 -0.0529991
-0.456 -0.193515 -0.0562996
-0.454 -0.205125 -0.0580157
-0.452 -0.212608 -0.0580048
-0.45 -0.214942 -0.0563394
-0.448 -0.211351 -0.0533349
-0.446 -0.201406 -0.0495502
-0.444 -0.185111 -0.045757
-0.442 -0.162932 -0.0428789
-0.44 -0.135778 -0.0419022
-0.438 -0.104914 -0.0437679
-0.436 -0.0718141 -0.0492541
-0.434 -0.0379746 -0.0588611
-0.432 -0.00469501 -0.0727146
-0.43 0.0271312 -0.0904977
-0.428 0.0571951 -0.111424
-0.426 0.0858904 -0.134261
-0.424 0.114353 -0.157396
-0.422 0.14441 -0.178958
-0.42 0.178444 -0.196971
-0.418 0.219172 -0.209529
-0.416 0.269374 -0.214986
-0.414 0.331572 -0.212124
-0.412 0.407707 -0.200299
-0.41 0.498831 -0.179534
-0.408 0.604849 -0.150554
-0.406 0.724339 -0.114764
-0.404 0.854482 -0.0741484
-0.402 0.991125 -0.0311184
-0.4 1.12898 0.0116843
-0.398 1.26197 0.0516155
-0.396 1.38367 0.0862612
-0.394 1.48789 0.113652
-0.392 1.56915 0.13244
-0.39 1.62327 0.142014
-0.388 1.64775 0.142548
-0.386 1.64204 0.13497
-0.384 1.60758 0.120851
-0.382 1.5477 0.102236
-0.38 1.46731 0.0814181
-0.378 1.3724 0.0606996
-0.376 1.26953 0.0421402
-0.374 1.1652 0.0273398
-0.372 1.0653 0.0172672
-0.37 0.974589 0.0121546
-0.368 0.896305 0.0114703
-0.366 0.831921 0.0139738
-0.364 0.781057 0.0178473
-0.362 0.74157 0.0208949
-0.36 0.709807 0.0207871
-0.358 0.681018 0.0153289
-0.356 0.649883 0.00272137
-0.354 0.611119 -0.0182117
-0.352 0.560108 -0.0478578
-0.35 0.493472 -0.0857314
-0.348 0.409553 -0.130483
-0.346 0.308717 -0.180002
-0.344 0.193462 -0.231604
-0.342 0.0683072 -0.282286
-0.34 -0.0605359 -0.329011
-0.338 -0.185675 -0.369006
-0.336 -0.299185 -0.400028
-0.334 -0.393331 -0.420589
-0.332 -0.461295 -0.430096
-0.33 -0.497837 -0.428928
-0.328 -0.499838 -0.418417
-0.326 -0.466677 -0.400759
-0.324 -0.400411 -0.378858
-0.322 -0.305757 -0.35611
-0.32 -0.189862 -0.336158
-0.318 -0.0618983 -0.322615
-0.316 0.0675161 -0.318792
-0.314 0.187022 -0.327448
-0.312 0.285314 -0.350579
-0.31 0.351972 -0.389278
-0.308 0.378263 -0.443667
-0.306 0.357858 -0.512918
-0.304 0.287385 -0.595359
-0.302 0.166771 -0.688644
-0.3 -0.000675669 -0.789976
-0.298 -0.208472 -0.896345
-0.296 -0.447446 -1.00477
-0.294 -0.706463 -1.11249
-0.292 -0.973338 -1.21715
-0.29 -1.23584 -1.31687
-0.288 -1.48266 -1.41034
-0.286 -1.70432 -1.49675
-0.284 -1.89387 -1.57581
-0.282 -2.04728 -1.64765
-0.28 -2.16371 -1.7127
-0.278 -2.24532 -1.7716
-0.276 -2.29693 -1.82505
-0.274 -2.3254 -1.87373
-0.272 -2.33883 -1.91816
-0.27 -2.34565 -1.95861
-0.268 -2.35356 -1.99509
-0.266 -2.3686 -2.0273
-0.264 -2.39426 -2.05466
-0.262 -2.4308 -2.07638
-0.26 -2.47482 -2.09154
-0.258 -2.51923 -2.09913
-0.256 -2.55356 -2.09816
-0.254 -2.56475 -2.08765
-0.252 -2.53824 -2.06673
-0.25 -2.45944 -2.03456
-0.248 -2.31528 -1.99037
-0.246 -2.09574 -1.93346
-0.244 -1.79522 -1.86318
-0.242 -1.41342 -1.77903
-0.24 -0.955836 -1.68067
-0.238 -0.433587 -1.56804
-0.236 0.137247 -1.44147
-0.234 0.736794 -1.30172
-0.232 1.34289 -1.1501
-0.23 1.93279 -0.988471
-0.228 2.48488 -0.819318
-0.226 2.98032 -0.645689
-0.224 3.40439 -0.471179
-0.222 3.74746 -0.299855
-0.22 4.00554 -0.136145
-0.218 4.18039 0.0153165
-0.216 4.27893 0.149889
-0.214 4.31235 0.26318
-0.212 4.29456 0.351333
-0.21 4.24041 0.411326
-0.208 4.16364 0.441243
-0.206 4.07498 0.440493
-0.204 3.98048 0.409925
-0.202 3.88037 0.351822
-0.2 3.76882 0.269771
-0.198 3.63437 0.16841
-0.196 3.46128 0.0530882
-0.194 3.23152 -0.0705297
-0.192 2.92709 -0.19687
-0.19 2.53255 -0.32083
-0.188 2.0371 -0.438104
-0.186 1.43627 -0.545439
-0.184 0.732779 -0.64081
-0.182 -0.0633882 -0.723517
-0.18 -0.935746 -0.794196
-0.178 -1.8627 -0.85474
-0.176 -2.81942 -0.908131
-0.174 -3.78004 -0.958162
-0.172 -4.71979 -1.00906
-0.17 -5.6171 -1.06507
-0.168 -6.45527 -1.12991
-0.166 -7.22372 -1.20636
-0.164 -7.9186 -1.29582
-0.162 -8.54264 -1.39809
-0.16 -9.10423 -1.5112
-0.158 -9.61577 -1.63155
-0.156 -10.0913 -1.75414
-0.154 -10.5439 -1.87301
-0.152 -10.9826 -1.98172
-0.15 -11.4103 -2.07394
-0.148 -11.8217 -2.14409
-0.146 -12.2031 -2.1878
-0.144 -12.5324 -2.20253
-0.142 -12.7818 -2.18785
-0.14 -12.9201 -2.14578
-0.138 -12.9174 -2.08087
-0.136 -12.7486 -2.00015
-0.134 -12.3975 -1.91278
-0.132 -11.8605 -1.82961
-0.13 -11.1479 -1.7624
-0.128 -10.2846 -1.72292
-0.126 -9.30947 -1.72195
-0.124 -8.27205 -1.76821
-0.122 -7.2292 -1.86746
-0.12 -6.24008 -2.02179
-0.118 -5.36097 -2.2292
-0.116 -4.64015 -2.48352
-0.114 -4.11334 -2.77476
-0.112 -3.80037 -3.08977
-0.11 -3.70336 -3.41311
-0.108 -3.8068 -3.72823
-0.106 -4.07957 -4.01864
-0.104 -4.47883 -4.26917
-0.102 -4.95551 -4.46712
-0.1 -5.46057 -4.60327
-0.098 -5.95171 -4.67272
-0.096 -6.3993 -4.6754
-0.094 -6.79116 -4.61618
-0.092 -7.13525 -4.50465
-0.09 -7.45998 -4.35432
-0.088 -7.81195 -4.18153
-0.086 -8.25128 -4.00387
-0.084 -8.84495 -3.83845
-0.082 -9.65878 -3.70004
-0.08 -10.749 -3.59949
-0.078 -12.1542 -3.54234
-0.076 -13.8886 -3.52801
-0.074 -15.9376 -3.54964
-0.072 -18.2555 -3.59437
-0.07 -20.7662 -3.64437
-0.068 -23.3668 -3.67821
-0.066 -25.9343 -3.67252
-0.064 -28.3326 -3.60384
-0.062 -30.4231 -3.45051
-0.06 -32.0735 -3.19435
-0.058 -33.1681 -2.82218
-0.056 -33.6149 -2.32689
-0.054 -33.3525 -1.70814
-0.052 -32.3528 -0.972421
-0.05 -30.6219 -0.13258
-0.048 -28.1968 0.793276
-0.046 -25.1408 1.78341
-0.044 -21.5349 2.81445
-0.042 -17.469 3.86361
-0.04 -13.0323 4.91078
-0.038 -8.30479 5.94031
-0.036 -3.35009 6.94229
-0.034 1.78818 7.91301
-0.032 7.08715 8.85473
-0.03 12.5419 9.77468
-0.028 18.1597 10.6835
-0.026 23.9518 11.5933
-0.024 29.9248 12.5152
-0.022 36.071 13.4578
-0.02 42.3608 14.4244
-0.018 48.7369 15.4126
-0.016 55.1114 16.4122
-0.014 61.3658 17.4059
-0.012 67.355 18.3691
-0.01 72.9137 19.2714
-0.008 77.8654 20.0785
-0.006 82.0335 20.7543
-0.004 85.2534 21.2644
-0.002 87.3849 21.5789
0 88.3228 21.6752
0.002 88.0062 21.5403
0.004 86.425 21.1724
0.006 83.6215 20.5818
0.008 79.6889 19.7896
0.01 74.7652 18.8269
0.012 69.023 17.7319
0.014 62.6577 16.5474
0.016 55.8731 15.3171
0.018 48.8682 14.0828
0.02 41.825 12.8815
0.022 34.8983 11.7429
0.024 28.2102 10.6882
0.026 21.8468 9.72913
0.028 15.8594 8.86766
0.03 10.2681 8.09707
0.032 5.06866 7.40321
0.034 0.239656 6.76664
0.036 -4.24848 6.16505
0.038 -8.42529 5.57593
0.04 -12.313 4.9792
0.042 -15.9207 4.3594
0.044 -19.2415 3.70734
0.046 -22.2514 3.02094
0.048 -24.9115 2.30517
0.05 -27.1727 1.57118
0.052 -28.9818 0.834751
0.054 -30.2896 0.114252
0.056 -31.0579 -0.571595
0.058 -31.267 -1.20585
0.06 -30.9202 -1.77517
0.062 -30.0466 -2.2711
0.064 -28.7011 -2.69077
0.066 -26.9611 -3.03691
0.068 -24.9214 -3.3172
0.07 -22.6874 -3.54321
0.072 -20.367 -3.72879
0.074 -18.0631 -3.88837
0.076 -15.8663 -4.03521
0.078 -13.8497 -4.17974
0.08 -12.0648 -4.3284
0.082 -10.5404 -4.48282
0.084 -9.28257 -4.63971
0.086 -8.27759 -4.79128
0.088 -7.49546 -4.92624
0.09 -6.89511 -5.03127
0.092 -6.43001 -5.09272
0.094 -6.05395 -5.09837
0.096 -5.72626 -5.03901
0.098 -5.4161 -4.90977
0.1 -5.10543 -4.71084
0.102 -4.79018 -4.44773
0.104 -4.47982 -4.13099
0.106 -4.19523 -3.77528
0.108 -3.96517 -3.39822
0.11 -3.82188 -3.01883
0.112 -3.79642 -2.65589
0.114 -3.91417 -2.32631
0.116 -4.19124 -2.04377
0.118 -4.63207 -1.81756
0.12 -5.22857 -1.65202
0.122 -5.96067 -1.5464
0.124 -6.79828 -1.49523
0.126 -7.70409 -1.48923
0.128 -8.637 -1.51652
0.13 -9.55555 -1.56406
0.132 -10.4211 -1.6191
0.134 -11.2003 -1.67056
0.136 -11.8668 -1.71
0.138 -12.4021 -1.73236
0.14 -12.7958 -1.73606
0.142 -13.0445 -1.72287
0.144 -13.1513 -1.69718
0.146 -13.1238 -1.66511
0.148 -12.9723 -1.63344
0.15 -12.7089 -1.60843
0.152 -12.3449 -1.59484
0.154 -11.8907 -1.59514
0.156 -11.3544 -1.6091
0.158 -10.7417 -1.63374
0.16 -10.0565 -1.66369
0.162 -9.30183 -1.69192
0.164 -8.48107 -1.71071
0.166 -7.59936 -1.71279
0.168 -6.66496 -1.69238
0.17 -5.69013 -1.64614
0.172 -4.69134 -1.57375
0.174 -3.68868 -1.47812
0.176 -2.70462 -1.36521
0.178 -1.7621 -1.24343
0.18 -0.882452 -1.12272
0.182 -0.0832856 -1.01348
0.184 0.623149 -0.925306
0.186 1.23101 -0.865932
0.188 1.74112 -0.840251
0.19 2.16047 -0.849691
0.192 2.50105 -0.891942
0.194 2.77819 -0.961082
0.196 3.00868 -1.0481
0.198 3.20883 -1.14173
0.2 3.39262 -1.22962
0.202 3.57028 -1.29952
0.204 3.74713 -1.34061
0.206 3.92301 -1.34466
0.208 4.09219 -1.3069
0.21 4.24393 -1.22661
0.212 4.36354 -1.10722
0.214 4.434 -0.956031
0.216 4.43794 -0.783512
0.218 4.35983 -0.602256
0.22 4.18802 -0.425772
0.222 3.91656 -0.267181
0.224 3.54625 -0.137997
0.226 3.08507 -0.0470946
0.228 2.54772 1.45198e-05
0.23 1.95438 0.00155492
0.232 1.32894 -0.0405326
0.234 0.696855 -0.120972
0.236 0.0829187 -0.231843
0.238 -0.490718 -0.363488
0.24 -1.00616 -0.505542
0.242 -1.45082 -0.647959
0.244 -1.81793 -0.78194
0.246 -2.10642 -0.900669
0.248 -2.32035 -0.999789
0.25 -2.46789 -1.07758
0.252 -2.56008 -1.13487
0.254 -2.60942 -1.17462
0.256 -2.6284 -1.2014
0.258 -2.62821 -1.22062
0.26 -2.61758 -1.23784
0.262 -2.60207 -1.25802
0.264 -2.58371 -1.28491
0.266 -2.56114 -1.32071
0.268 -2.53017 -1.36582
0.27 -2.48474 -1.41889
0.272 -2.41811 -1.47708
0.274 -2.32411 -1.53646
0.276 -2.19834 -1.59255
0.278 -2.03901 -1.64088
0.28 -1.84753 -1.67751
0.282 -1.62859 -1.6995
0.284 -1.38987 -1.70516
0.286 -1.14133 -1.6942
0.288 -0.894292 -1.66764
0.29 -0.660388 -1.62763
0.292 -0.450465 -1.57709
0.294 -0.273624 -1.51933
0.296 -0.136464 -1.45763
0.298 -0.0425788 -1.39484
0.3 0.00764888 -1.33313
0.302 0.0169542 -1.27375
0.304 -0.00916923 -1.21699
0.306 -0.0630522 -1.16223
0.308 -0.135592 -1.10815
0.31 -0.217076 -1.05294
0.312 -0.298014 -0.994663
0.314 -0.369887 -0.931542
0.316 -0.425772 -0.862294
0.318 -0.460763 -0.786331
0.32 -0.472187 -0.703897
0.322 -0.459595 -0.616071
0.324 -0.424551 -0.52467
0.326 -0.370255 -0.432044
0.328 -0.301045 -0.340809
0.33 -0.221847 -0.253553
0.332 -0.137624 -0.172554
0.334 -0.0528883 -0.099557
0.336 0.0286858 -0.0356235
0.338 0.104508 0.0189179
0.34 0.173171 0.0644301
0.342 0.234407 0.101843
0.344 0.288926 0.132472
0.346 0.338166 0.157804
0.348 0.384007 0.179286
0.35 0.428486 0.198133
0.352 0.47355 0.215182
0.354 0.520871 0.230805
0.356 0.571739 0.244885
0.358 0.627008 0.256861
0.36 0.68711 0.265827
0.362 0.752077 0.270686
0.364 0.821586 0.270322
0.366 0.894991 0.263791
0.368 0.971344 0.250492
0.37 1.04942 0.230291
0.372 1.12772 0.203596
0.374 1.20454 0.171354
0.376 1.27796 0.13498
0.378 1.34597 0.0962253
0.38 1.4065 0.0569961
0.382 1.45749 0.0191601
0.384 1.49699 -0.0156434
0.386 1.52321 -0.0461609
0.388 1.53464 -0.0716325
0.39 1.53006 -0.0918388
0.392 1.50867 -0.107085
0.394 1.47018 -0.118126
0.396 1.41487 -0.126047
0.398 1.34364 -0.13211
0.4 1.25804 -0.137587
0.402 1.16023 -0.143604
0.404 1.05288 -0.151002
0.406 0.939004 -0.160238
0.408 0.821779 -0.171341
0.41 0.704337 -0.183914
0.412 0.589555 -0.197191
0.414 0.479901 -0.210142
0.416 0.377318 -0.221598
0.418 0.283176 -0.230401
0.42 0.198284 -0.23554
0.422 0.122939 -0.236267
0.424 0.0570147 -0.232185
0.426 6.16282e-05 -0.22328
0.428 -0.0485861 -0.209918
0.43 -0.0897121 -0.192799
0.432 -0.12413 -0.172877
0.434 -0.152608 -0.151255
0.436 -0.17582 -0.129084
0.438 -0.194302 -0.107455
0.44 -0.208448 -0.0873103
0.442 -0.218515 -0.0693822
0.444 -0.224662 -0.0541511
0.446 -0.226998 -0.0418367
0.448 -0.22564 -0.0324133
0.45 -0.22077 -0.0256482
0.452 -0.212673 -0.0211548
0.454 -0.201762 -0.0184555
0.456 -0.188565 -0.0170428
0.458 -0.1737 -0.0164358
0.46 -0.157825 -0.0162221
0.462 -0.141588 -0.0160854
0.464 -0.125569 -0.0158146
0.466 -0.110246 -0.0152993
0.468 -0.0959607 -0.0145125
0.47 -0.0829169 -0.0134868
0.472 -0.0711872 -0.0122892
0.474 -0.0607371 -0.0109975
0.476 -0.0514571 -0.00968263
0.478 -0.0431984 -0.00839793
0.48 -0.0358077 -0.00717567
0.482 -0.0291552 -0.00602932
0.484 -0.0231541 -0.00495992
0.486 -0.0177687 -0.00396409
0.488 -0.0130113 -0.00304158
0.49 -0.00892909 -0.00220036
0.492 -0.00558351 -0.00145839
0.494 -0.00302583 -0.000841686
0.496 -0.00127418 -0.000378987
0.498 -0.000296049 -9.44828e-05
0.2 0.107716 0.39326
0.4 0.110007 0.396854
0.6 0.113832 0.402834
0.8 0.119202 0.411181
1 0.126132 0.421875
1.2 0.13464 0.434885
1.4 0.144748 0.450176
1.6 0.156483 0.467706
1.8 0.169874 0.487429
2 0.184953 0.50929
2.2 0.201757 0.53323
2.4 0.220323 0.559185
2.6 0.240692 0.587086
2.8 0.262906 0.616859
3 0.287009 0.648424
3.2 0.313046 0.681698
3.4 0.341063 0.716596
3.6 0.371107 0.753025
3.8 0.403223 0.790891
4 0.437457 0.830099
4.2 0.473854 0.870548
4.4 0.512457 0.912137
4.6 0.553308 0.954762
4.8 0.596446 0.998317
5 0.641907 1.0427
5.2 0.689725 1.08779
5.4 0.739929 1.1335
5.6 0.792545 1.17971
5.8 0.847594 1.22632
6 0.905094 1.27321
6.2 0.965055 1.32029
6.4 1.02748 1.36745
6.6 1.09238 1.41459
6.8 1.15974 1.4616
7 1.22954 1.50839
7.2 1.30178 1.55486
7.4 1.37643 1.60092
7.6 1.45345 1.64648
7.8 1.5328 1.69146
8 1.61444 1.73577
8.2 1.69832 1.77933
8.4 1.78438 1.82207
8.6 1.87254 1.86392
8.8 1.96274 1.9048
9 2.05489 1.94466
9.2 2.14891 1.98345
9.4 2.24471 2.0211
9.6 2.34217 2.05756
9.8 2.44121 2.0928
10 2.5417 2.12678
10.2 2.64353 2.15945
10.4 2.74658 2.1908
10.6 2.85072 2.22079
10.8 2.95583 2.24941
11 3.06176 2.27664
11.2 3.16839 2.30246
11.4 3.27557 2.32688
11.6 3.38317 2.34988
11.8 3.49105 2.37148
12 3.59905 2.39167
12.2 3.70704 2.41047
12.4 3.81488 2.42789
12.6 3.92243 2.44395
12.8 4.02954 2.45866
13 4.13609 2.47206
13.2 4.24193 2.48416
13.4 4.34693 2.49501
13.6 4.45098 2.50462
13.8 4.55394 2.51305
14 4.65571 2.52033
14.2 4.75617 2.52649
14.4 4.85521 2.53158
14.6 4.95275 2.53564
14.8 5.04868 2.53873
15 5.14293 2.54088
15.2 5.23543 2.54215
15.4 5.32609 2.54259
15.6 5.41488 2.54224
15.8 5.50173 2.54116
16 5.58661 2.5394
16.2 5.66948 2.53702
16.4 5.75033 2.53406
16.6 5.82914 2.53058
16.8 5.9059 2.52663
17 5.98063 2.52227
17.2 6.05334 2.51754
17.4 6.12405 2.51251
17.6 6.19279 2.50721
17.8 6.2596 2.50171
18 6.32454 2.49605
18.2 6.38766 2.49028
18.4 6.44902 2.48445
18.6 6.50869 2.47861
18.8 6.56675 2.4728
19 6.62329 2.46706
19.2 6.67838 2.46145
19.4 6.73213 2.456
19.6 6.78464 2.45074
19.8 6.83599 2.44573
20 6.88629 2.441
20.2 6.93566 2.43658
20.4 6.98418 2.4325
20.6 7.03198 2.4288
20.8 7.07915 2.42551
21 7.1258 2.42265
21.2 7.17203 2.42025
21.4 7.21795 2.41834
21.6 7.26364 2.41693
21.8 7.30921 2.41604
22 7.35475 2.4157
22.2 7.40032 2.41591
22.4 7.44602 2.41669
22.6 7.49191 2.41805
22.8 7.53806 2.42
23 7.58451 2.42255
23.2 7.63133 2.42569
23.4 7.67854 2.42942
23.6 7.72617 2.43376
23.8 7.77425 2.43868
24 7.82279 2.4442
24.2 7.87178 2.45029
24.4 7.92121 2.45694
24.6 7.97107 2.46415
24.8 8.02133 2.4719
25 8.07194 2.48016
25.2 8.12285 2.48892
25.4 8.174 2.49816
25.6 8.22533 2.50785
25.8 8.27674 2.51796
26 8.32815 2.52846
26.2 8.37947 2.53932
26.4 8.43058 2.55051
26.6 8.48137 2.56198
26.8 8.53172 2.57371
27 8.58149 2.58566
27.2 8.63056 2.59777
27.4 8.67878 2.61001
27.6 8.726 2.62233
27.8 8.77209 2.63469
28 8.81688 2.64703
28.2 8.86023 2.65932
28.4 8.90197 2.6715
28.6 8.94195 2.68352
28.8 8.98002 2.69533
29 9.01601 2.70687
29.2 9.04979 2.7181
29.4 9.0812 2.72897
29.6 9.1101 2.73942
29.8 9.13634 2.7494
30 9.1598 2.75885
30.2 9.18034 2.76774
30.4 9.19786 2.776
30.6 9.21222 2.78359
30.8 9.22334 2.79047
31 9.23113 2.79657
31.2 9.23549 2.80187
31.4 9.23636 2.80631
31.6 9.23368 2.80986
31.8 9.2274 2.81248
32 9.21748 2.81412
32.2 9.20391 2.81476
32.4 9.18668 2.81436
32.6 9.16578 2.8129
32.8 9.14124 2.81035
33 9.11309 2.80668
33.2 9.08137 2.80188
33.4 9.04615 2.79593
33.6 9.00748 2.78881
33.8 8.96547 2.78053
34 8.9202 2.77107
34.2 8.8718 2.76043
34.4 8.82037 2.74861
34.6 8.76606 2.73562
34.8 8.70902 2.72147
35 8.6494 2.70617
35.2 8.58736 2.68974
35.4 8.52309 2.67219
35.6 8.45678 2.65356
35.8 8.3886 2.63387
36 8.31877 2.61316
36.2 8.24749 2.59145
36.4 8.17498 2.56878
36.6 8.10144 2.54521
36.8 8.0271 2.52076
37 7.95219 2.4955
37.2 7.87691 2.46946
37.4 7.80151 2.44271
37.6 7.7262 2.41529
37.8 7.65121 2.38727
38 7.57675 2.3587
38.2 7.50304 2.32965
38.4 7.43031 2.30018
38.6 7.35874 2.27034
38.8 7.28856 2.24022
39 7.21995 2.20986
39.2 7.1531 2.17934
39.4 7.08819 2.14873
39.6 7.02539 2.11808
39.8 6.96487 2.08747
40 6.90678 2.05696
40.2 6.85126 2.02662
40.4 6.79844 1.9965
40.6 6.74844 1.96667
40.8 6.70136 1.93719
41 6.65731 1.90812
41.2 6.61637 1.87951
41.4 6.57861 1.85142
41.6 6.54408 1.82391
41.8 6.51284 1.79701
42 6.48492 1.77078
42.2 6.46034 1.74525
42.4 6.43912 1.72048
42.6 6.42125 1.69649
42.8 6.40672 1.67331
43 6.3955 1.65099
43.2 6.38757 1.62954
43.4 6.38288 1.60898
43.6 6.38137 1.58934
43.8 6.38298 1.57063
44 6.38764 1.55286
44.2 6.39527 1.53604
44.4 6.40579 1.52016
44.6 6.41909 1.50524
44.8 6.43509 1.49126
45 6.45367 1.47822
45.2 6.47472 1.4661
45.4 6.49814 1.45489
45.6 6.5238 1.44458
45.8 6.55158 1.43513
46 6.58138 1.42653
46.2 6.61305 1.41875
46.4 6.64648 1.41176
46.6 6.68155 1.40551
46.8 6.71813 1.39999
47 6.7561 1.39514
47.2 6.79535 1.39094
47.4 6.83575 1.38733
47.6 6.8772 1.38428
47.8 6.91958 1.38173
48 6.96278 1.37965
48.2 7.00671 1.37799
48.4 7.05126 1.3767
48.6 7.09635 1.37573
48.8 7.14187 1.37503
49 7.18775 1.37456
49.2 7.2339 1.37426
49.4 7.28026 1.37409
49.6 7.32675 1.37401
49.8 7.37331 1.37396
50 7.41988 1.3739
50.2 7.4664 1.37379
50.4 7.51284 1.37358
50.6 7.55913 1.37324
50.8 7.60524 1.37272
51 7.65114 1.37198
51.2 7.69678 1.37099
51.4 7.74215 1.36972
51.6 7.78721 1.36814
51.8 7.83195 1.3662
52 7.87633 1.3639
52.2 7.92034 1.36121
52.4 7.96396 1.35809
52.6 8.00718 1.35454
52.8 8.04997 1.35053
53 8.09232 1.34606
53.2 8.13422 1.3411
53.4 8.17564 1.33566
53.6 8.21656 1.32972
53.8 8.25698 1.32328
54 8.29686 1.31633
54.2 8.33618 1.30888
54.4 8.37492 1.30093
54.6 8.41304 1.29249
54.8 8.45052 1.28356
55 8.48731 1.27415
55.2 8.52338 1.26426
55.4 8.55869 1.25392
55.6 8.59319 1.24314
55.8 8.62683 1.23193
56 8.65955 1.22031
56.2 8.6913 1.20829
56.4 8.72202 1.1959
56.6 8.75164 1.18316
56.8 8.7801 1.17008
57 8.80731 1.15669
57.2 8.83321 1.14301
57.4 8.85772 1.12907
57.6 8.88075 1.11488
57.8 8.90222 1.10047
58 8.92205 1.08586
58.2 8.94015 1.07107
58.4 8.95643 1.05613
58.6 8.9708 1.04106
58.8 8.98317 1.02588
59 8.99346 1.01061
59.2 9.00156 0.995269
59.4 9.00741 0.979885
59.6 9.01089 0.964472
59.8 9.01195 0.949049
60 9.01048 0.933634
60.2 9.00642 0.918243
60.4 8.99968 0.902891
60.6 8.9902 0.887594
60.8 8.97791 0.872363
61 8.96275 0.857213
61.2 8.94466 0.842154
61.4 8.92359 0.827197
61.6 8.8995 0.812351
61.8 8.87235 0.797625
62 8.84212 0.783025
62.2 8.80877 0.768558
62.4 8.77229 0.754229
62.6 8.73268 0.740044
62.8 8.68994 0.726005
63 8.64408 0.712115
63.2 8.59511 0.698377
63.4 8.54307 0.684792
63.6 8.48798 0.671361
63.8 8.42989 0.658084
64 8.36885 0.644961
64.2 8.30492 0.631992
64.4 8.23818 0.619176
64.6 8.16869 0.606512
64.8 8.09655 0.593998
65 8.02184 0.581632
65.2 7.94466 0.569415
65.4 7.86512 0.557343
65.6 7.78334 0.545415
65.8 7.69944 0.533631
66 7.61353 0.521989
66.2 7.52575 0.510488
66.4 7.43623 0.499128
66.6 7.34512 0.487908
66.8 7.25256 0.476829
67 7.15869 0.46589
67.2 7.06367 0.455094
67.4 6.96764 0.444441
67.6 6.87076 0.433933
67.8 6.77319 0.423573
68 6.67507 0.413363
68.2 6.57656 0.403307
68.4 6.47782 0.393408
68.6 6.37899 0.383671
68.8 6.28023 0.3741
69 6.18168 0.364701
69.2 6.08349 0.355479
69.4 5.98579 0.34644
69.6 5.88873 0.33759
69.8 5.79244 0.328936
70 5.69703 0.320484
70.2 5.60264 0.312242
70.4 5.50938 0.304217
70.6 5.41735 0.296416
70.8 5.32666 0.288846
71 5.23741 0.281515
71.2 5.14968 0.27443
71.4 5.06356 0.267597
71.6 4.97912 0.261025
71.8 4.89642 0.254719
72 4.81553 0.248686
72.2 4.73649 0.242933
72.4 4.65935 0.237463
72.6 4.58414 0.232284
72.8 4.5109 0.227398
73 4.43964 0.222811
73.2 4.37036 0.218526
73.4 4.30309 0.214545
73.6 4.23782 0.21087
73.8 4.17453 0.207503
74 4.11321 0.204445
74.2 4.05384 0.201694
74.4 3.9964 0.199249
74.6 3.94084 0.19711
74.8 3.88713 0.195272
75 3.83522 0.193732
75.2 3.78506 0.192486
75.4 3.73661 0.191528
75.6 3.68979 0.190851
75.8 3.64456 0.190449
76 3.60084 0.190314
76.2 3.55857 0.190436
76.4 3.51768 0.190807
76.6 3.4781 0.191415
76.8 3.43975 0.19225
77 3.40257 0.193301
77.2 3.36647 0.194554
77.4 3.33138 0.195998
77.6 3.29723 0.197617
77.8 3.26394 0.1994
78 3.23144 0.201332
78.2 3.19966 0.203397
78.4 3.16853 0.205581
78.6 3.13797 0.20787
78.8 3.10793 0.210248
79 3.07833 0.212699
79.2 3.04912 0.21521
79.4 3.02023 0.217763
79.6 2.99162 0.220345
79.8 2.96322 0.222941
80 2.93499 0.225535
80.2 2.90688 0.228115
80.4 2.87884 0.230666
80.6 2.85085 0.233174
80.8 2.82287 0.235628
81 2.79486 0.238014
81.2 2.76679 0.240322
81.4 2.73864 0.24254
81.6 2.7104 0.244659
81.8 2.68203 0.246668
82 2.65354 0.24856
82.2 2.62491 0.250326
82.4 2.59613 0.251959
82.6 2.5672 0.253454
82.8 2.53812 0.254806
83 2.50889 0.25601
83.2 2.47952 0.257062
83.4 2.45001 0.257962
83.6 2.42038 0.258706
83.8 2.39063 0.259295
84 2.36078 0.259729
84.2 2.33085 0.260009
84.4 2.30086 0.260137
84.6 2.27082 0.260116
84.8 2.24076 0.25995
85 2.21069 0.259643
85.2 2.18064 0.259201
85.4 2.15064 0.258629
85.6 2.1207 0.257933
85.8 2.09084 0.257122
86 2.06111 0.256202
86.2 2.03151 0.255181
86.4 2.00207 0.254068
86.6 1.97281 0.252872
86.8 1.94376 0.251602
87 1.91494 0.250267
87.2 1.88637 0.248877
87.4 1.85808 0.247441
87.6 1.83007 0.24597
87.8 1.80237 0.244472
88 1.775 0.242958
88.2 1.74797 0.241437
88.4 1.7213 0.239919
88.6 1.695 0.238412
88.8 1.66909 0.236926
89 1.64357 0.235468
89.2 1.61845 0.234048
89.4 1.59375 0.232672
89.6 1.56947 0.231349
89.8 1.54561 0.230084
90 1.52218 0.228884
90.2 1.49918 0.227754
90.4 1.47662 0.2267
90.6 1.4545 0.225726
90.8 1.4328 0.224836
91 1.41155 0.224033
91.2 1.39072 0.223319
91.4 1.37032 0.222697
91.6 1.35034 0.222167
91.8 1.33078 0.221729
92 1.31164 0.221385
92.2 1.2929 0.221133
92.4 1.27456 0.220971
92.6 1.25661 0.220898
92.8 1.23904 0.220911
93 1.22185 0.221008
93.2 1.20503 0.221183
93.4 1.18856 0.221434
93.6 1.17245 0.221755
93.8 1.15667 0.222142
94 1.14123 0.22259
94.2 1.12612 0.223091
94.4 1.11132 0.223642
94.6 1.09682 0.224234
94.8 1.08263 0.224862
95 1.06872 0.225519
95.2 1.05511 0.226198
95.4 1.04176 0.226892
95.6 1.02869 0.227594
95.8 1.01588 0.228298
96 1.00333 0.228996
96.2 0.991034 0.229682
96.4 0.978981 0.230349
96.6 0.96717 0.23099
96.8 0.955596 0.2316
97 0.944255 0.232172
97.2 0.933144 0.232701
97.4 0.922257 0.233181
97.6 0.911594 0.233606
97.8 0.901149 0.233973
98 0.890922 0.234276
98.2 0.880909 0.234513
98.4 0.871109 0.234678
98.6 0.861518 0.23477
98.8 0.852136 0.234784
99 0.842961 0.23472
99.2 0.83399 0.234575
99.4 0.825222 0.234348
99.6 0.816654 0.234037
99.8 0.808285 0.233642
100 0.800113 0.233164
100.2 0.792135 0.232601
100.4 0.784349 0.231956
100.6 0.776752 0.231228
100.8 0.769341 0.23042
101 0.762112 0.229533
101.2 0.755063 0.228569
101.4 0.748189 0.22753
101.6 0.741485 0.226419
101.8 0.734946 0.225238
102 0.728568 0.223991
102.2 0.722345 0.222681
102.4 0.716271 0.221311
102.6 0.710338 0.219885
102.8 0.70454 0.218405
103 0.698869 0.216876
103.2 0.693318 0.2153
103.4 0.687878 0.213683
103.6 0.68254 0.212026
103.8 0.677295 0.210333
104 0.672133 0.208608
104.2 0.667045 0.206854
104.4 0.662019 0.205074
104.6 0.657045 0.20327
104.8 0.652114 0.201446
105 0.647212 0.199604
105.2 0.642329 0.197746
105.4 0.637453 0.195874
105.6 0.632574 0.193991
105.8 0.627678 0.192097
106 0.622755 0.190193
106.2 0.617792 0.188282
106.4 0.612779 0.186363
106.6 0.607704 0.184438
106.8 0.602555 0.182506
107 0.597322 0.180568
107.2 0.591993 0.178622
107.4 0.586559 0.17667
107.6 0.58101 0.17471
107.8 0.575336 0.172741
108 0.569528 0.170762
108.2 0.563577 0.168772
108.4 0.557477 0.16677
108.6 0.551219 0.164754
108.8 0.544797 0.162722
109 0.538206 0.160673
109.2 0.53144 0.158605
109.4 0.524494 0.156517
109.6 0.517367 0.154406
109.8 0.510054 0.15227
110 0.502555 0.150109
110.2 0.494868 0.147919
110.4 0.486993 0.1457
110.6 0.478932 0.143451
110.8 0.470686 0.141169
111 0.462259 0.138854
111.2 0.453653 0.136504
111.4 0.444873 0.134118
111.6 0.435926 0.131696
111.8 0.426816 0.129238
112 0.417553 0.126743
112.2 0.408143 0.124212
112.4 0.398596 0.121643
112.6 0.388921 0.119039
112.8 0.379128 0.1164
113 0.36923 0.113726
113.2 0.359237 0.11102
113.4 0.349161 0.108282
113.6 0.339017 0.105515
113.8 0.328817 0.102721
114 0.318574 0.0999016
114.2 0.308304 0.0970602
114.4 0.298021 0.0941993
114.6 0.287739 0.091322
114.8 0.277474 0.0884315
115 0.26724 0.0855313
115.2 0.257053 0.082625
115.4 0.246928 0.0797163
115.6 0.236881 0.0768091
115.8 0.226925 0.0739073
116 0.217076 0.071015
116.2 0.207348 0.0681363
116.4 0.197755 0.0652754
116.6 0.188311 0.0624364
116.8 0.179029 0.0596235
117 0.169922 0.0568408
117.2 0.161002 0.0540922
117.4 0.15228 0.0513818
117.6 0.143768 0.0487135
117.8 0.135474 0.0460908
118 0.127409 0.0435175
118.2 0.119581 0.040997
118.4 0.111998 0.0385323
118.6 0.104666 0.0361267
118.8 0.0975908 0.0337828
119 0.0907778 0.0315032
119.2 0.0842307 0.0292903
119.4 0.0779525 0.0271461
119.6 0.0719454 0.0250724
119.8 0.0662104 0.0230708
120 0.0607477 0.0211425
120.2 0.0555565 0.0192885
120.4 0.0506351 0.0175097
120.6 0.045981 0.0158063
120.8 0.0415907 0.0141786
121 0.0374598 0.0126266
121.2 0.0335834 0.0111499
121.4 0.0299555 0.00974799
121.6 0.0265697 0.00842009
121.8 0.0234187 0.00716521
122 0.0204946 0.00598217
122.2 0.0177892 0.0048696
122.4 0.0152935 0.003826
122.6 0.0129983 0.00284969
122.8 0.010894 0.00193891
123 0.00897054 0.00109177
123.2 0.00721793 0.000306328
123.4 0.00562583 -0.00041942
123.6 0.0041839 -0.0010875
123.8 0.00288179 -0.00169996
124 0.00170923 -0.00225881
124.2 0.000656107 -0.00276603
124.4 -0.000287477 -0.00322355
124.6 -0.00113112 -0.00363318
124.8 -0.00188407 -0.00399665
125 -0.00255511 -0.00431558
125.2 -0.00315258 -0.00459141
125.4 -0.0036842 -0.00482545
125.6 -0.00415713 -0.00501881
125.8 -0.00457781 -0.00517242
126 -0.00495201 -0.00528701
126.2 -0.00528467 -0.00536308
126.4 -0.00557998 -0.00540094
126.6 -0.00584126 -0.00540063
126.8 -0.00607094 -0.00536198
127 -0.00627058 -0.00528458
127.2 -0.00644081 -0.00516779
127.4 -0.00658131 -0.00501073
127.6 -0.00669085 -0.00481228
127.8 -0.00676725 -0.00457113
128 -0.0068074 -0.00428573
128.2 -0.00680725 -0.00395434
128.4 -0.00676189 -0.00357503
128.6 -0.00666548 -0.00314568
128.8 -0.00651139 -0.00266405
129 -0.00629214 -0.00212774
129.2 -0.00599951 -0.00153423
129.4 -0.00562456 -0.000880928
129.6 -0.00515767 -0.000165148
129.8 -0.00458865 0.000615824
130 -0.00390675 0.00146473
130.2 -0.00310077 0.0023843
130.4 -0.0021591 0.00337722
130.6 -0.00106983 0.00444614
130.8 0.000179187 0.00559358
131 0.00160026 0.00682199
131.2 0.00320576 0.00813361
131.4 0.00500804 0.00953057
131.6 0.00701932 0.0110147
131.8 0.00925164 0.0125878
132 0.0117167 0.0142512
132.2 0.014426 0.016006
132.4 0.0173902 0.0178531
132.6 0.0206198 0.019793
132.8 0.0241244 0.0218258
133 0.027913 0.0239515
133.2 0.0319936 0.0261693
133.4 0.0363736 0.0284784
133.6 0.0410592 0.0308775
133.8 0.0460555 0.0333647
134 0.0513668 0.035938
134.2 0.0569961 0.0385947
134.4 0.062945 0.0413318
134.6 0.0692141 0.044146
134.8 0.0758026 0.0470334
135 0.0827083 0.0499898
135.2 0.0899277 0.0530106
135.4 0.0974559 0.0560908
135.6 0.105287 0.059225
135.8 0.113412 0.0624076
136 0.121824 0.0656325
136.2 0.13051 0.0688934
136.4 0.13946 0.0721837
136.6 0.14866 0.0754966
136.8 0.158096 0.0788249
137 0.167751 0.0821615
137.2 0.17761 0.0854988
137.4 0.187653 0.0888295
137.6 0.197861 0.0921457
137.8 0.208215 0.09544
138 0.218692 0.0987045
138.2 0.229271 0.101932
138.4 0.239928 0.105114
138.6 0.250641 0.108243
138.8 0.261384 0.111313
139 0.272134 0.114316
139.2 0.282865 0.117244
139.4 0.293551 0.120092
139.6 0.304168 0.122853
139.8 0.314689 0.12552
140 0.325089 0.128089
140.2 0.335343 0.130552
140.4 0.345426 0.132907
140.6 0.355313 0.135147
140.8 0.364979 0.137269
141 0.374403 0.139269
141.2 0.38356 0.141145
141.4 0.392429 0.142893
141.6 0.40099 0.144511
141.8 0.409221 0.145999
142 0.417106 0.147355
142.2 0.424627 0.148578
142.4 0.431767 0.149669
142.6 0.438511 0.150629
142.8 0.444848 0.151459
143 0.450765 0.152161
143.2 0.456253 0.152736
143.4 0.461303 0.153189
143.6 0.465909 0.153522
143.8 0.470066 0.15374
144 0.473772 0.153846
144.2 0.477024 0.153846
144.4 0.479825 0.153745
144.6 0.482175 0.153549
144.8 0.484081 0.153264
145 0.485547 0.152895
145.2 0.486581 0.15245
145.4 0.487194 0.151936
145.6 0.487397 0.15136
145.8 0.487202 0.150729
146 0.486624 0.150051
146.2 0.485679 0.149333
146.4 0.484384 0.148584
146.6 0.482759 0.14781
146.8 0.480824 0.14702
147 0.478599 0.146221
147.2 0.476108 0.145422
147.4 0.473374 0.144628
147.6 0.470421 0.143849
147.8 0.467274 0.14309
148 0.463959 0.142359
148.2 0.460502 0.141663
148.4 0.45693 0.141008
148.6 0.453271 0.140399
148.8 0.44955 0.139842
149 0.445797 0.139344
149.2 0.442037 0.138908
149.4 0.438298 0.138539
149.6 0.434606 0.138241
149.8 0.430988 0.138018
150 0.42747 0.137872
150.2 0.424077 0.137807
150.4 0.420832 0.137823
150.6 0.417761 0.137924
150.8 0.414884 0.13811
151 0.412224 0.138381
151.2 0.409802 0.138737
151.4 0.407635 0.139179
151.6 0.405742 0.139706
151.8 0.40414 0.140315
152 0.402842 0.141005
152.2 0.401864 0.141774
152.4 0.401217 0.142619
152.6 0.40091 0.143537
152.8 0.400954 0.144525
153 0.401355 0.145578
153.2 0.402118 0.146692
153.4 0.403248 0.147863
153.6 0.404746 0.149087
153.8 0.406613 0.150357
154 0.408848 0.151669
154.2 0.411447 0.153016
154.4 0.414407 0.154395
154.6 0.417722 0.155797
154.8 0.421383 0.157219
155 0.425382 0.158653
155.2 0.429708 0.160094
155.4 0.43435 0.161535
155.6 0.439294 0.162971
155.8 0.444526 0.164396
156 0.450031 0.165803
156.2 0.455791 0.167186
156.4 0.46179 0.168541
156.6 0.468009 0.169862
156.8 0.474429 0.171142
157 0.481029 0.172377
157.2 0.487788 0.173563
157.4 0.494686 0.174693
157.6 0.501701 0.175764
157.8 0.508811 0.176772
158 0.515993 0.177712
158.2 0.523225 0.178581
158.4 0.530485 0.179376
158.6 0.53775 0.180092
158.8 0.544997 0.180729
159 0.552204 0.181283
159.2 0.559349 0.181752
159.4 0.566411 0.182134
159.6 0.573369 0.182428
159.8 0.580201 0.182632
160 0.586888 0.182746
160.2 0.593411 0.182769
160.4 0.599749 0.182701
160.6 0.605886 0.182542
160.8 0.611805 0.182291
161 0.617488 0.18195
161.2 0.622921 0.181519
161.4 0.628089 0.180999
161.6 0.632978 0.180391
161.8 0.637576 0.179697
162 0.641871 0.178918
162.2 0.645852 0.178055
162.4 0.649511 0.177111
162.6 0.652839 0.176087
162.8 0.655828 0.174986
163 0.658472 0.17381
163.2 0.660765 0.172561
163.4 0.662703 0.171241
163.6 0.664283 0.169852
163.8 0.665502 0.168397
164 0.666358 0.166879
164.2 0.666852 0.1653
164.4 0.666983 0.163661
164.6 0.666753 0.161966
164.8 0.666163 0.160218
165 0.665216 0.158417
165.2 0.663916 0.156566
165.4 0.662267 0.154668
165.6 0.660273 0.152725
165.8 0.65794 0.150739
166 0.655275 0.148712
166.2 0.652283 0.146645
166.4 0.648971 0.14454
166.6 0.645346 0.1424
166.8 0.641418 0.140226
167 0.637192 0.138019
167.2 0.632679 0.135782
167.4 0.627886 0.133515
167.6 0.622822 0.13122
167.8 0.617497 0.128898
168 0.611918 0.126551
168.2 0.606097 0.124179
168.4 0.600041 0.121784
168.6 0.593761 0.119367
168.8 0.587264 0.11693
169 0.580562 0.114472
169.2 0.573663 0.111996
169.4 0.566576 0.109503
169.6 0.559311 0.106993
169.8 0.551876 0.104467
170 0.54428 0.101927
170.2 0.536532 0.0993741
170.4 0.528642 0.096809
170.6 0.520616 0.0942332
170.8 0.512465 0.091648
171 0.504195 0.0890546
171.2 0.495815 0.0864544
171.4 0.487333 0.0838491
171.6 0.478757 0.08124
171.8 0.470094 0.0786288
172 0.461353 0.0760172
172.2 0.452539 0.073407
172.4 0.443661 0.0708
172.6 0.434726 0.0681983
172.8 0.425741 0.0656037
173 0.416712 0.0630184
173.2 0.407646 0.0604446
173.4 0.398551 0.0578846
173.6 0.389433 0.0553406
173.8 0.380298 0.052815
174 0.371153 0.0503102
174.2 0.362005 0.0478288
174.4 0.35286 0.0453732
174.6 0.343725 0.0429461
174.8 0.334606 0.0405499
175 0.325509 0.0381872
175.2 0.31644 0.0358607
175.4 0.307407 0.0335729
175.6 0.298416 0.0313264
175.8 0.289472 0.0291238
176 0.280582 0.0269675
176.2 0.271753 0.0248599
176.4 0.26299 0.0228034
176.6 0.2543 0.0208004
176.8 0.24569 0.0188531
177 0.237164 0.0169634
177.2 0.228731 0.0151336
177.4 0.220394 0.0133653
177.6 0.212161 0.0116605
177.8 0.204038 0.0100206
178 0.19603 0.00844725
178.2 0.188142 0.00694162
178.4 0.180381 0.0055049
178.6 0.172752 0.00413805
178.8 0.16526 0.00284186
179 0.15791 0.00161694
179.2 0.150708 0.000463718
179.4 0.143657 -0.000617583
179.6 0.136763 -0.00162692
179.8 0.130029 -0.00256445
180 0.12346 -0.00343052
180.2 0.117059 -0.00422568
180.4 0.110829 -0.00495065
180.6 0.104775 -0.00560636
180.8 0.0988982 -0.00619392
181 0.0932017 -0.00671461
181.2 0.0876876 -0.00716991
181.4 0.0823577 -0.00756144
181.6 0.0772135 -0.00789099
181.8 0.0722562 -0.00816051
182 0.0674864 -0.00837209
182.2 0.0629046 -0.00852796
182.4 0.0585107 -0.00863045
182.6 0.0543045 -0.00868205
182.8 0.0502851 -0.0086853
183 0.0464515 -0.00864286
183.2 0.0428023 -0.00855746
183.4 0.0393355 -0.0084319
183.6 0.0360489 -0.00826903
183.8 0.0329401 -0.00807173
184 0.0300062 -0.00784292
184.2 0.027244 -0.00758552
184.4 0.0246499 -0.00730248
184.6 0.0222201 -0.00699669
184.8 0.0199506 -0.00667106
185 0.017837 -0.00632843
185.2 0.0158747 -0.00597162
185.4 0.0140589 -0.00560336
185.6 0.0123845 -0.00522634
185.8 0.0108463 -0.00484315
186 0.00943892 -0.00445627
186.2 0.00815687 -0.00406813
186.4 0.00699447 -0.003681
186.6 0.00594597 -0.00329707
186.8 0.00500557 -0.00291838
187 0.0041674 -0.00254686
187.2 0.00342556 -0.00218429
187.4 0.00277415 -0.00183231
187.6 0.0022073 -0.00149244
187.8 0.00171917 -0.00116604
188 0.00130398 -0.000854305
188.2 0.000956032 -0.000558309
188.4 0.000669742 -0.000278964
188.6 0.000439638 -1.70363e-05
188.8 0.00026039 0.000226853
189 0.000126823 0.000452227
189.2 3.39385e-05 0.000658751
189.4 -2.30797e-05 0.000846226
189.6 -4.88458e-05 0.00101458
189.8 -4.77627e-05 0.00116389
190 -2.40115e-05 0.00129432
190.2 1.84578e-05 0.00140618
190.4 7.59332e-05 0.00149987
190.6 0.000144947 0.0015759
190.8 0.00022228 0.00163487
191 0.000304966 0.00167746
191.2 0.00039029 0.00170445
191.4 0.00047579 0.00171666
191.6 0.000559259 0.00171499
191.8 0.000638736 0.00170038
192 0.000712506 0.00167383
192.2 0.000779095 0.00163635
192.4 0.000837261 0.001589
192.6 0.000885989 0.00153283
192.8 0.000924481 0.00146893
193 0.000952147 0.00139838
193.2 0.000968593 0.00132223
193.4 0.000973613 0.00124156
193.6 0.000967174 0.00115738
193.8 0.000949405 0.00107072
194 0.000920586 0.000982536
194.2 0.00088113 0.000893771
194.4 0.000831573 0.000805311
194.6 0.00077256 0.000717994
194.8 0.000704832 0.000632606
195 0.000629207 0.000549876
195.2 0.000546574 0.00047047
195.4 0.000457873 0.000394993
195.6 0.000364087 0.000323985
195.8 0.000266226 0.000257919
196 0.000165314 0.0001972
196.2 6.23813e-05 0.000142168
196.4 -4.1552e-05 9.30945e-05
196.6 -0.000145482 5.01835e-05
196.8 -0.000248434 1.3575e-05
197 -0.000349469 -1.66553e-05
197.2 -0.000447696 -4.04928e-05
197.4 -0.000542273 -5.79825e-05
197.6 -0.00063242 -6.92251e-05
197.8 -0.000717424 -7.43746e-05
198 -0.000796638 -7.36342e-05
198.2 -0.000869493 -6.72531e-05
198.4 -0.000935495 -5.5522e-05
198.6 -0.00099423 -3.87692e-05
198.8 -0.00104537 -1.73561e-05
199 -0.00108866 8.32701e-06
199.2 -0.00112393 3.78658e-05
199.4 -0.00115109 7.08262e-05
199.6 -0.00117014 0.000106759
199.8 -0.00118113 0.000145204
200 -0.00118422 0.000185696
