-0.498 -0.000105003 6.66471e-05
-0.496 -0.000418863 0.000275815
-0.494 -0.000919032 0.000633422
-0.492 -0.00155642 0.00113379
-0.49 -0.00226365 0.00175949
-0.488 -0.0029701 0.00248258
-0.486 -0.00362113 0.00326731
-0.484 -0.00419734 0.00407348
-0.482 -0.00473002 0.00485988
-0.48 -0.005309 0.00558662
-0.478 -0.00608082 0.00621554
-0.476 -0.00723645 0.00670799
-0.474 -0.00898978 0.00702004
-0.472 -0.0115496 0.00709546
-0.47 -0.0150894 0.00685794
-0.468 -0.0197191 0.00620408
-0.466 -0.0254656 0.00499936
-0.464 -0.0322638 0.00307884
-0.462 -0.0399636 0.00025413
-0.46 -0.048352 -0.00367321
-0.458 -0.0571886 -0.00889242
-0.456 -0.0662488 -0.0155609
-0.454 -0.075367 -0.0237814
-0.452 -0.0844693 -0.0335828
-0.45 -0.0935876 -0.0449095
-0.448 -0.102847 -0.0576217
-0.446 -0.112421 -0.0715093
-0.444 -0.122464 -0.0863205
-0.442 -0.133018 -0.101802
-0.44 -0.143912 -0.117747
-0.438 -0.154676 -0.134047
-0.436 -0.164467 -0.150735
-0.434 -0.172044 -0.168012
-0.432 -0.175785 -0.186259
-0.43 -0.173758 -0.206002
-0.428 -0.163845 -0.227861
-0.426 -0.143912 -0.252456
-0.424 -0.11201 -0.280286
-0.422 -0.0665902 -0.311603
-0.42 -0.00671468 -0.34628
-0.418 0.067763 -0.383706
-0.416 0.15607 -0.42272
-0.414 0.256456 -0.4616
-0.412 0.366225 -0.498128
-0.41 0.481854 -0.529718
-0.408 0.599204 -0.553615
-0.406 0.713795 -0.567147
-0.404 0.821138 -0.567999
-0.402 0.917065 -0.554501
-0.4 0.998042 -0.525868
-0.398 1.06141 -0.482396
-0.396 1.10556 -0.425554
-0.394 1.12994 -0.357971
-0.392 1.13498 -0.283306
-0.39 1.12196 -0.205993
-0.388 1.09266 -0.130889
-0.386 1.04906 -0.062848
-0.384 0.993031 -0.00626155
-0.382 0.926004 0.0353882
-0.38 0.848757 0.0599097
-0.378 0.761306 0.0666721
-0.376 0.66293 0.0567237
-0.374 0.552327 0.0327328
-0.372 0.42789 -0.00125278
-0.37 0.288076 -0.0402154
-0.368 0.131806 -0.0787064
-0.366 -0.0411418 -0.11146
-0.364 -0.229809 -0.134013
-0.362 -0.431845 -0.14326
-0.36 -0.643447 -0.13787
-0.358 -0.859447 -0.11852
-0.356 -1.07357 -0.087899
-0.354 -1.27882 -0.0504853
-0.352 -1.46796 -0.0121039
-0.35 -1.63411 0.0206885
-0.348 -1.77124 0.0413298
-0.346 -1.87476 0.0440135
-0.344 -1.94187 0.0244018
-0.342 -1.97188 -0.0197912
-0.34 -1.96625 -0.0884145
-0.338 -1.92846 -0.178748
-0.336 -1.86367 -0.28565
-0.334 -1.77821 -0.401985
-0.332 -1.6789 -0.519307
-0.33 -1.57238 -0.628719
-0.328 -1.46444 -0.721852
-0.326 -1.3595 -0.791831
-0.324 -1.26028 -0.834126
-0.322 -1.16765 -0.847182
-0.32 -1.08075 -0.832736
-0.318 -0.997302 -0.795764
-0.316 -0.914078 -0.744049
-0.314 -0.827406 -0.687403
-0.312 -0.733731 -0.636609
-0.31 -0.630105 -0.602223
-0.308 -0.514581 -0.59334
-0.306 -0.386459 -0.616484
-0.304 -0.246387 -0.674733
-0.302 -0.0962816 -0.767194
-0.3 0.0609057 -0.888871
-0.298 0.221564 -1.03096
-0.296 0.381905 -1.18157
-0.294 0.538481 -1.32674
-0.292 0.688685 -1.45175
-0.29 0.831134 -1.54253
-0.288 0.965877 -1.58708
-0.286 1.09436 -1.57669
-0.284 1.21913 -1.50693
-0.282 1.34334 -1.37816
-0.28 1.47007 -1.19564
-0.278 1.60161 -0.969106
-0.276 1.73882 -0.711874
-0.274 1.88063 -0.439603
-0.272 2.02393 -0.168778
-0.27 2.16366 0.0848728
-0.268 2.29327 0.307865
-0.266 2.40546 0.490178
-0.264 2.49302 0.626073
-0.262 2.54979 0.714445
-0.26 2.57147 0.758658
-0.258 2.55635 0.765925
-0.256 2.50567 0.746319
-0.254 2.42376 0.711517
-0.252 2.31781 0.673444
-0.25 2.19738 0.642952
-0.248 2.07358 0.628661
-0.246 1.95813 0.636086
-0.244 1.8622 0.667136
-0.242 1.79539 0.720015
-0.24 1.76462 0.789558
-0.238 1.77342 0.867943
-0.236 1.8214 0.945732
-0.234 1.90425 1.0131
-0.232 2.01401 1.06111
-0.23 2.13988 1.08295
-0.228 2.26925 1.07482
-0.226 2.38901 1.03651
-0.224 2.48686 0.971543
-0.222 2.55258 0.88669
-0.22 2.57893 0.791201
-0.218 2.56228 0.695595
-0.216 2.50264 0.610307
-0.214 2.40327 0.54433
-0.212 2.26977 0.504027
-0.21 2.10888 0.492274
-0.208 1.92701 0.508011
-0.206 1.7289 0.546269
-0.204 1.51637 0.59863
-0.202 1.28749 0.65408
-0.2 1.03624 0.70014
-0.198 0.752808 0.724166
-0.196 0.424321 0.71468
-0.194 0.0362361 0.662609
-0.192 -0.425986 0.562301
-0.19 -0.974979 0.412221
-0.188 -1.61959 0.215243
-0.186 -2.36327 -0.0215194
-0.184 -3.20288 -0.287331
-0.182 -4.12813 -0.568876
-0.18 -5.12177 -0.851607
-0.178 -6.16045 -1.12125
-0.176 -7.2163 -1.36531
-0.174 -8.25901 -1.57431
-0.172 -9.25826 -1.74273
-0.17 -10.186 -1.86935
-0.168 -11.019 -1.95714
-0.166 -11.7398 -2.01262
-0.164 -12.3384 -2.04476
-0.162 -12.8121 -2.06374
-0.16 -13.1647 -2.07955
-0.158 -13.4054 -2.10071
-0.156 -13.5469 -2.13324
-0.154 -13.6029 -2.17993
-0.152 -13.5867 -2.24006
-0.15 -13.5089 -2.30953
-0.148 -13.3763 -2.38139
-0.146 -13.1917 -2.44678
-0.144 -12.9538 -2.49614
-0.142 -12.6582 -2.52061
-0.14 -12.2994 -2.51348
-0.138 -11.8722 -2.47146
-0.136 -11.3744 -2.39567
-0.134 -10.8089 -2.29221
-0.132 -10.1851 -2.17209
-0.13 -9.5203 -2.05061
-0.128 -8.8397 -1.94607
-0.126 -8.17559 -1.87808
-0.124 -7.56549 -1.86559
-0.122 -7.04929 -1.9248
-0.12 -6.66576 -2.06732
-0.118 -6.44878 -2.29878
-0.116 -6.42372 -2.61787
-0.114 -6.60441 -3.01619
-0.112 -6.99125 -3.4787
-0.11 -7.57057 -3.98474
-0.108 -8.3156 -4.5096
-0.106 -9.18883 -5.02645
-0.104 -10.1456 -5.50838
-0.102 -11.1389 -5.93055
-0.1 -12.1235 -6.27215
-0.098 -13.0618 -6.51803
-0.096 -13.9269 -6.65991
-0.094 -14.7059 -6.69694
-0.092 -15.4014 -6.63565
-0.09 -16.0307 -6.48914
-0.088 -16.6239 -6.27563
-0.086 -17.2202 -6.01651
-0.084 -17.8626 -5.73406
-0.082 -18.5919 -5.44904
-0.08 -19.4409 -5.17852
-0.078 -20.428 -4.93409
-0.076 -21.5535 -4.72074
-0.074 -22.7958 -4.53645
-0.072 -24.1112 -4.37249
-0.07 -25.4348 -4.21456
-0.068 -26.685 -4.04429
-0.066 -27.7682 -3.84128
-0.064 -28.5866 -3.58521
-0.062 -29.0454 -3.25794
-0.06 -29.0609 -2.84536
-0.058 -28.5666 -2.3389
-0.056 -27.519 -1.73648
-0.054 -25.9001 -1.04284
-0.052 -23.7187 -0.269256
-0.05 -21.0076 0.567449
-0.048 -17.8203 1.44648
-0.046 -14.2238 2.34504
-0.044 -10.2923 3.24061
-0.042 -6.09846 4.11314
-0.04 -1.70673 4.94708
-0.038 2.83276 5.73286
-0.036 7.48779 6.46777
-0.034 12.2452 7.15598
-0.032 17.109 7.80792
-0.03 22.0959 8.43885
-0.028 27.2291 9.06693
-0.026 32.5295 9.71103
-0.024 38.0081 10.3883
-0.022 43.6573 11.1121
-0.02 49.4451 11.8899
-0.018 55.3108 12.7222
-0.016 61.1636 13.6013
-0.014 66.8847 14.5115
-0.012 72.3321 15.4296
-0.01 77.3481 16.3259
-0.008 81.7696 17.1667
-0.006 85.4385 17.916
-0.004 88.2138 18.5389
-0.002 89.9818 19.004
0 90.6655 19.2863
0.002 90.2309 19.369
0.004 88.69 19.2454
0.006 86.1003 18.919
0.008 82.5602 18.4034
0.01 78.202 17.721
0.012 73.181 16.9011
0.014 67.6639 15.9774
0.016 61.8173 14.9852
0.018 55.7958 13.9588
0.02 49.7333 12.9292
0.022 43.7365 11.9217
0.024 37.8814 10.9548
0.026 32.214 10.0395
0.028 26.7527 9.17891
0.03 21.4946 8.36902
0.032 16.4227 7.60005
0.034 11.5141 6.85808
0.036 6.74829 6.12727
0.038 2.11464 5.39209
0.04 -2.38256 4.63951
0.042 -6.72089 3.86071
0.044 -10.8596 3.05236
0.046 -14.7422 2.2171
0.048 -18.3014 1.3633
0.05 -21.4661 0.504132
0.052 -24.1692 -0.343848
0.054 -26.3554 -1.1625
0.056 -27.9883 -1.93402
0.058 -29.0554 -2.6427
0.06 -29.5709 -3.27645
0.062 -29.5752 -3.82793
0.064 -29.133 -4.29507
0.066 -28.3272 -4.68117
0.068 -27.253 -4.99437
0.07 -26.0096 -5.24673
0.072 -24.6919 -5.45281
0.074 -23.3839 -5.62806
0.076 -22.1518 -5.78704
0.078 -21.0406 -5.94164
0.08 -20.0714 -6.09965
0.082 -19.2428 -6.2637
0.084 -18.533 -6.43074
0.086 -17.9047 -6.59231
0.088 -17.3117 -6.73531
0.09 -16.7051 -6.8435
0.092 -16.0404 -6.89927
0.094 -15.2838 -6.88573
0.096 -14.4163 -6.78865
0.098 -13.4366 -6.59822
0.1 -12.3615 -6.31038
0.102 -11.2242 -5.92753
0.104 -10.0706 -5.45875
0.106 -8.95449 -4.91929
0.108 -7.93173 -4.32959
0.11 -7.05432 -3.71375
0.112 -6.36535 -3.09779
0.114 -5.89485 -2.50762
0.116 -5.65735 -1.96716
0.118 -5.65113 -1.49653
0.12 -5.85919 -1.11069
0.122 -6.25173 -0.818474
0.124 -6.78983 -0.622249
0.126 -7.42968 -0.518111
0.128 -8.12709 -0.496654
0.13 -8.84146 -0.544198
0.132 -9.53904 -0.644329
0.134 -10.195 -0.779595
0.136 -10.7941 -0.933152
0.138 -11.3302 -1.0902
0.14 -11.8049 -1.23905
0.142 -12.2245 -1.37179
0.144 -12.5973 -1.48444
0.146 -12.9305 -1.57665
0.148 -13.2278 -1.65109
0.15 -13.487 -1.71246
0.152 -13.6992 -1.76642
0.154 -13.849 -1.81846
0.156 -13.9158 -1.87287
0.158 -13.8758 -1.93198
0.16 -13.7052 -1.99558
0.162 -13.3835 -2.06086
0.164 -12.8968 -2.12256
0.166 -12.24 -2.17354
0.168 -11.4191 -2.20563
0.17 -10.4514 -2.21065
0.172 -9.36483 -2.18143
0.174 -8.19645 -2.11286
0.176 -6.98911 -2.00268
0.178 -5.78812 -1.85194
0.18 -4.63737 -1.6652
0.182 -3.57577 -1.45018
0.184 -2.63411 -1.21717
0.186 -1.83281 -0.978036
0.188 -1.18075 -0.745119
0.19 -0.675158 -0.530008
0.192 -0.302576 -0.342415
0.194 -0.0408109 -0.189233
0.196 0.138399 -0.0739059
0.198 0.266231 0.00385121
0.2 0.373472 0.0479391
0.202 0.487378 0.0653986
0.204 0.629046 0.065625
0.206 0.811548 0.0593595
0.208 1.03905 0.0575641
0.21 1.30697 0.0702907
0.212 1.60317 0.105658
0.214 1.90999 0.169032
0.216 2.20682 0.262492
0.218 2.47291 0.384628
0.22 2.69002 0.53069
0.222 2.84459 0.693066
0.224 2.92922 0.862039
0.226 2.94328 1.02674
0.228 2.89263 1.17619
0.23 2.78875 1.30033
0.232 2.64708 1.39095
0.234 2.48526 1.44238
0.236 2.32108 1.4519
0.238 2.17063 1.41992
0.24 2.0467 1.34975
0.242 1.95771 1.24718
0.244 1.90705 1.11981
0.246 1.89312 0.976259
0.248 1.90988 0.825315
0.25 1.94794 0.675144
0.252 1.99594 0.53261
0.254 2.04216 0.402784
0.256 2.07604 0.288682
0.258 2.08952 0.191239
0.26 2.07793 0.109526
0.262 2.04034 0.0411355
0.264 1.97941 -0.0172843
0.266 1.90075 -0.0694522
0.268 1.8118 -0.118887
0.27 1.72071 -0.168427
0.272 1.63504 -0.219887
0.274 1.56078 -0.273882
0.276 1.50158 -0.329838
0.278 1.45839 -0.386156
0.28 1.42947 -0.440526
0.282 1.41071 -0.490318
0.284 1.3962 -0.533015
0.286 1.37907 -0.566613
0.288 1.35223 -0.589961
0.29 1.30923 -0.602979
0.292 1.24497 -0.606741
0.294 1.15621 -0.603408
0.296 1.04187 -0.596025
0.298 0.902986 -0.588195
0.3 0.742521 -0.583682
0.302 0.564842 -0.585974
0.304 0.375085 -0.597866
0.306 0.178465 -0.621113
0.308 -0.0203804 -0.656191
0.31 -0.217891 -0.702196
0.312 -0.411856 -0.756892
0.314 -0.601428 -0.816908
0.316 -0.786876 -0.878043
0.318 -0.969127 -0.935662
0.32 -1.14918 -0.985124
0.322 -1.32752 -1.02219
0.324 -1.50353 -1.04341
0.326 -1.67515 -1.04637
0.328 -1.83869 -1.02988
0.33 -1.98891 -0.994029
0.332 -2.11933 -0.94014
0.334 -2.22275 -0.870585
0.336 -2.292 -0.788557
0.338 -2.32067 -0.697771
0.34 -2.30392 -0.60214
0.342 -2.23916 -0.505461
0.344 -2.1265 -0.41113
0.346 -1.96897 -0.321932
0.348 -1.77246 -0.239908
0.35 -1.54526 -0.166318
0.352 -1.29743 -0.101684
0.354 -1.03992 -0.0459173
0.356 -0.783611 0.0015074
0.358 -0.538412 0.0413498
0.36 -0.312439 0.0744072
0.362 -0.111459 0.101346
0.364 0.061421 0.122583
0.366 0.205757 0.138225
0.368 0.32351 0.148078
0.37 0.418553 0.151707
0.372 0.496022 0.148544
0.374 0.561575 0.138017
0.376 0.620651 0.119691
0.378 0.677792 0.0933954
0.38 0.736106 0.0593218
0.382 0.796921 0.0180867
0.384 0.859669 -0.0292516
0.386 0.922007 -0.0812239
0.388 0.980155 -0.136026
0.39 1.02942 -0.191631
0.392 1.06482 -0.24593
0.394 1.08176 -0.296882
0.396 1.07659 -0.342662
0.398 1.04717 -0.381788
0.4 0.993095 -0.413221
0.402 0.915811 -0.436412
0.404 0.818509 -0.451318
0.406 0.705809 -0.458358
0.408 0.583323 -0.458338
0.41 0.457132 -0.452343
0.412 0.333256 -0.441612
0.414 0.217152 -0.427413
0.416 0.113305 -0.410928
0.418 0.0249424 -0.393169
0.42 -0.0461223 -0.374913
0.422 -0.0994919 -0.356676
0.424 -0.136058 -0.338722
0.426 -0.157762 -0.321089
0.428 -0.167271 -0.303642
0.43 -0.167625 -0.286138
0.432 -0.161876 -0.268289
0.434 -0.152789 -0.249826
0.436 -0.142603 -0.230556
0.438 -0.132903 -0.210398
0.44 -0.124583 -0.189402
0.442 -0.117909 -0.167758
0.444 -0.112646 -0.145777
0.446 -0.108229 -0.123864
0.448 -0.103948 -0.102479
0.45 -0.099117 -0.0820929
0.452 -0.0932048 -0.0631463
0.454 -0.0859212 -0.0460105
0.456 -0.0772473 -0.0309622
0.458 -0.0674192 -0.0181678
0.46 -0.0568736 -0.00768018
0.462 -0.0461684 0.000553497
0.464 -0.0358937 0.0066766
0.466 -0.0265871 0.0109021
0.468 -0.0186642 0.0134897
0.47 -0.0123729 0.0147231
0.472 -0.00777618 0.014889
0.474 -0.00476302 0.014261
0.476 -0.0030827 0.0130854
0.478 -0.00239613 0.011574
0.48 -0.00233406 0.00989926
0.482 -0.00255241 0.00819417
0.484 -0.00277629 0.00655548
0.486 -0.00282674 0.00504868
0.488 -0.00262786 0.0037145
0.49 -0.00219568 0.00257564
0.492 -0.00161319 0.0016428
0.494 -0.000997908 0.00091967
0.496 -0.000468909 0.000406274
0.498 -0.000119505 0.000100797
0.2 0.17664 0.310057
0.4 0.180412 0.312639
0.6 0.186698 0.316931
0.8 0.195499 0.322918
1 0.206814 0.330578
1.2 0.220643 0.339881
1.4 0.236985 0.350795
1.6 0.255839 0.363278
1.8 0.277205 0.377285
2 0.301082 0.392764
2.2 0.327467 0.409661
2.4 0.35636 0.427915
2.6 0.387757 0.447459
2.8 0.421657 0.468225
3 0.458055 0.490141
3.2 0.496949 0.51313
3.4 0.538334 0.537113
3.6 0.582205 0.562009
3.8 0.628555 0.587734
4 0.677378 0.614205
4.2 0.728665 0.641334
4.4 0.782409 0.669036
4.6 0.8386 0.697224
4.8 0.897225 0.725811
5 0.958273 0.754713
5.2 1.02173 0.783843
5.4 1.08758 0.81312
5.6 1.15581 0.842463
5.8 1.2264 0.871794
6 1.29932 0.901036
6.2 1.37457 0.930119
6.4 1.45211 0.958973
6.6 1.53193 0.987533
6.8 1.61398 1.01574
7 1.69826 1.04353
7.2 1.78472 1.07087
7.4 1.87333 1.09769
7.6 1.96407 1.12397
7.8 2.05688 1.14966
8 2.15175 1.17473
8.2 2.24862 1.19916
8.4 2.34746 1.22293
8.6 2.44822 1.24602
8.8 2.55086 1.26842
9 2.65533 1.29014
9.2 2.76158 1.31116
9.4 2.86956 1.33151
9.6 2.97922 1.35119
9.8 3.0905 1.37022
10 3.20335 1.38862
10.2 3.31771 1.40642
10.4 3.43352 1.42365
10.6 3.55072 1.44034
10.8 3.66925 1.45653
11 3.78905 1.47227
11.2 3.91005 1.48759
11.4 4.03218 1.50255
11.6 4.15539 1.5172
11.8 4.27959 1.53158
12 4.40473 1.54576
12.2 4.53074 1.55978
12.4 4.65753 1.5737
12.6 4.78505 1.58758
12.8 4.91323 1.60148
13 5.04198 1.61544
13.2 5.17124 1.62953
13.4 5.30093 1.6438
13.6 5.43099 1.65829
13.8 5.56134 1.67307
14 5.6919 1.68817
14.2 5.82261 1.70365
14.4 5.95338 1.71955
14.6 6.08415 1.73591
14.8 6.21485 1.75276
15 6.34539 1.77014
15.2 6.47571 1.78808
15.4 6.60573 1.8066
15.6 6.73539 1.82572
15.8 6.8646 1.84547
16 6.9933 1.86585
16.2 7.12141 1.88688
16.4 7.24886 1.90856
16.6 7.37558 1.93088
16.8 7.50151 1.95385
17 7.62656 1.97745
17.2 7.75066 2.00167
17.4 7.87375 2.0265
17.6 7.99575 2.05191
17.8 8.1166 2.07787
18 8.23622 2.10436
18.2 8.35453 2.13134
18.4 8.47148 2.15877
18.6 8.58699 2.18662
18.8 8.70098 2.21484
19 8.81339 2.24338
19.2 8.92414 2.2722
19.4 9.03316 2.30125
19.6 9.14039 2.33046
19.8 9.24574 2.35979
20 9.34915 2.38918
20.2 9.45054 2.41857
20.4 9.54984 2.4479
20.6 9.64698 2.47712
20.8 9.74188 2.50616
21 9.83448 2.53496
21.2 9.92468 2.56347
21.4 10.0124 2.59163
21.6 10.0977 2.61937
21.8 10.1803 2.64665
22 10.2602 2.6734
22.2 10.3374 2.69957
22.4 10.4118 2.72511
22.6 10.4832 2.74998
22.8 10.5517 2.77411
23 10.6172 2.79747
23.2 10.6796 2.82001
23.4 10.7388 2.84169
23.6 10.7947 2.86247
23.8 10.8474 2.88232
24 10.8966 2.90121
24.2 10.9425 2.9191
24.4 10.9848 2.93597
24.6 11.0237 2.9518
24.8 11.0589 2.96655
25 11.0905 2.98023
25.2 11.1184 2.99281
25.4 11.1426 3.00428
25.6 11.163 3.01462
25.8 11.1796 3.02385
26 11.1923 3.03194
26.2 11.2012 3.0389
26.4 11.2063 3.04474
26.6 11.2075 3.04945
26.8 11.2047 3.05304
27 11.1981 3.05552
27.2 11.1876 3.0569
27.4 11.1733 3.05719
27.6 11.1551 3.0564
27.8 11.133 3.05454
28 11.1072 3.05165
28.2 11.0777 3.04772
28.4 11.0444 3.04278
28.6 11.0075 3.03685
28.8 10.967 3.02995
29 10.9231 3.0221
29.2 10.8757 3.01332
29.4 10.8249 3.00363
29.6 10.771 2.99305
29.8 10.7139 2.98161
30 10.6539 2.96932
30.2 10.5909 2.95622
30.4 10.5252 2.94231
30.6 10.4568 2.92763
30.8 10.386 2.9122
31 10.3129 2.89603
31.2 10.2376 2.87915
31.4 10.1603 2.86158
31.6 10.0812 2.84335
31.8 10.0004 2.82446
32 9.9182 2.80496
32.2 9.83469 2.78485
32.4 9.7501 2.76415
32.6 9.66462 2.7429
32.8 9.57846 2.7211
33 9.49181 2.69879
33.2 9.40487 2.67597
33.4 9.31787 2.65269
33.6 9.23099 2.62895
33.8 9.14446 2.60478
34 9.05848 2.5802
34.2 8.97325 2.55524
34.4 8.88897 2.52993
34.6 8.80586 2.50428
34.8 8.72411 2.47832
35 8.64391 2.45209
35.2 8.56546 2.4256
35.4 8.48894 2.39889
35.6 8.41453 2.37199
35.8 8.3424 2.34493
36 8.27271 2.31773
36.2 8.20564 2.29045
36.4 8.14131 2.2631
36.6 8.07988 2.23572
36.8 8.02148 2.20835
37 7.96622 2.18103
37.2 7.91421 2.1538
37.4 7.86556 2.12669
37.6 7.82034 2.09975
37.8 7.77864 2.07301
38 7.74052 2.04652
38.2 7.70602 2.02031
38.4 7.67519 1.99444
38.6 7.64805 1.96894
38.8 7.62462 1.94385
39 7.60488 1.91922
39.2 7.58884 1.89509
39.4 7.57645 1.8715
39.6 7.56769 1.8485
39.8 7.5625 1.82611
40 7.56081 1.80438
40.2 7.56255 1.78335
40.4 7.56763 1.76305
40.6 7.57594 1.74352
40.8 7.58739 1.72478
41 7.60184 1.70688
41.2 7.61916 1.68983
41.4 7.63922 1.67367
41.6 7.66186 1.65841
41.8 7.68692 1.64408
42 7.71424 1.63069
42.2 7.74364 1.61826
42.4 7.77495 1.60679
42.6 7.80798 1.5963
42.8 7.84255 1.58678
43 7.87845 1.57824
43.2 7.91551 1.57067
43.4 7.95351 1.56406
43.6 7.99227 1.55841
43.8 8.03158 1.55369
44 8.07124 1.54989
44.2 8.11107 1.54697
44.4 8.15087 1.54492
44.6 8.19044 1.54371
44.8 8.22961 1.54329
45 8.26818 1.54363
45.2 8.30599 1.54468
45.4 8.34286 1.5464
45.6 8.37863 1.54874
45.8 8.41315 1.55165
46 8.44627 1.55507
46.2 8.47785 1.55895
46.4 8.50776 1.56322
46.6 8.53588 1.56781
46.8 8.56211 1.57268
47 8.58635 1.57775
47.2 8.6085 1.58294
47.4 8.6285 1.5882
47.6 8.64628 1.59346
47.8 8.66178 1.59864
48 8.67496 1.60368
48.2 8.6858 1.6085
48.4 8.69427 1.61303
48.6 8.70037 1.61721
48.8 8.70409 1.62097
49 8.70546 1.62425
49.2 8.70451 1.62697
49.4 8.70125 1.62909
49.6 8.69575 1.63053
49.8 8.68806 1.63124
50 8.67824 1.63118
50.2 8.66637 1.63028
50.4 8.65251 1.6285
50.6 8.63678 1.6258
50.8 8.61924 1.62213
51 8.60002 1.61747
51.2 8.57921 1.61178
51.4 8.55693 1.60504
51.6 8.53328 1.59722
51.8 8.50838 1.58831
52 8.48236 1.57828
52.2 8.45534 1.56715
52.4 8.42742 1.5549
52.6 8.39875 1.54153
52.8 8.36943 1.52705
53 8.33958 1.51148
53.2 8.30932 1.49482
53.4 8.27876 1.47711
53.6 8.24801 1.45835
53.8 8.21718 1.4386
54 8.18636 1.41787
54.2 8.15564 1.3962
54.4 8.12511 1.37364
54.6 8.09485 1.35023
54.8 8.06494 1.32603
55 8.03543 1.30107
55.2 8.00639 1.27541
55.4 7.97785 1.24912
55.6 7.94986 1.22225
55.8 7.92245 1.19486
56 7.89564 1.167
56.2 7.86943 1.13876
56.4 7.84383 1.11018
56.6 7.81884 1.08134
56.8 7.79443 1.0523
57 7.77057 1.02313
57.2 7.74724 0.993881
57.4 7.72438 0.964628
57.6 7.70195 0.935432
57.8 7.67989 0.906355
58 7.65812 0.877456
58.2 7.63657 0.848794
58.4 7.61515 0.820425
58.6 7.59378 0.792404
58.8 7.57236 0.76478
59 7.5508 0.737604
59.2 7.52898 0.710919
59.4 7.5068 0.68477
59.6 7.48414 0.659194
59.8 7.4609 0.634227
60 7.43696 0.609901
60.2 7.41219 0.586244
60.4 7.38648 0.563281
60.6 7.35972 0.541033
60.8 7.33178 0.519516
61 7.30256 0.498744
61.2 7.27193 0.478727
61.4 7.2398 0.459468
61.6 7.20606 0.440972
61.8 7.1706 0.423235
62 7.13334 0.406254
62.2 7.09418 0.390019
62.4 7.05303 0.374519
62.6 7.00983 0.359739
62.8 6.96451 0.345661
63 6.917 0.332265
63.2 6.86726 0.319528
63.4 6.81523 0.307425
63.6 6.76089 0.295929
63.8 6.7042 0.285011
64 6.64516 0.274639
64.2 6.58376 0.264783
64.4 6.51999 0.255408
64.6 6.45388 0.24648
64.8 6.38544 0.237966
65 6.31471 0.229829
65.2 6.24173 0.222035
65.4 6.16656 0.214549
65.6 6.08925 0.207335
65.8 6.00987 0.20036
66 5.92851 0.19359
66.2 5.84525 0.186993
66.4 5.76019 0.180537
66.6 5.67343 0.174194
66.8 5.58508 0.167933
67 5.49525 0.16173
67.2 5.40409 0.155558
67.4 5.3117 0.149397
67.6 5.21823 0.143224
67.8 5.12381 0.137021
68 5.02858 0.130773
68.2 4.9327 0.124466
68.4 4.83631 0.118087
68.6 4.73956 0.111629
68.8 4.64259 0.105085
69 4.54557 0.0984508
69.2 4.44863 0.0917244
69.4 4.35194 0.0849068
69.6 4.25564 0.0780009
69.8 4.15988 0.0710121
70 4.0648 0.0639478
70.2 3.97053 0.0568174
70.4 3.87723 0.0496325
70.6 3.78501 0.0424062
70.8 3.69401 0.0351537
71 3.60434 0.0278914
71.2 3.51613 0.0206373
71.4 3.42948 0.0134105
71.6 3.34449 0.0062315
71.8 3.26126 -0.000878696
72 3.17988 -0.00789812
72.2 3.10043 -0.0148043
72.4 3.02297 -0.0215744
72.6 2.94757 -0.0281853
72.8 2.87429 -0.034614
73 2.80318 -0.0408375
73.2 2.73427 -0.0468333
73.4 2.6676 -0.0525794
73.6 2.60318 -0.0580541
73.8 2.54104 -0.0632371
74 2.48117 -0.0681085
74.2 2.42358 -0.07265
74.4 2.36826 -0.0768441
74.6 2.31519 -0.080675
74.8 2.26435 -0.0841282
75 2.2157 -0.0871908
75.2 2.16921 -0.0898515
75.4 2.12483 -0.0921009
75.6 2.08253 -0.0939312
75.8 2.04223 -0.0953365
76 2.00388 -0.0963129
76.2 1.96742 -0.0968582
76.4 1.93277 -0.0969723
76.6 1.89988 -0.0966569
76.8 1.86866 -0.0959156
77 1.83903 -0.0947538
77.2 1.81091 -0.093179
77.4 1.78423 -0.0912
77.6 1.75891 -0.0888279
77.8 1.73485 -0.0860749
78 1.71198 -0.082955
78.2 1.69021 -0.0794836
78.4 1.66946 -0.0756776
78.6 1.64965 -0.0715549
78.8 1.63071 -0.0671347
79 1.61255 -0.0624372
79.2 1.5951 -0.0574832
79.4 1.57829 -0.0522947
79.6 1.56205 -0.0468939
79.8 1.54631 -0.0413037
80 1.53102 -0.0355472
80.2 1.5161 -0.0296478
80.4 1.50152 -0.0236288
80.6 1.48721 -0.0175136
80.8 1.47314 -0.0113251
81 1.45926 -0.00508607
81.2 1.44553 0.00118134
81.4 1.43193 0.00745556
81.6 1.41842 0.0137158
81.8 1.40499 0.019942
82 1.39161 0.0261153
82.2 1.37827 0.0322177
82.4 1.36496 0.0382325
82.6 1.35167 0.0441439
82.8 1.33841 0.0499379
83 1.32518 0.0556016
83.2 1.31198 0.0611234
83.4 1.29883 0.0664935
83.6 1.28573 0.0717034
83.8 1.2727 0.0767461
84 1.25977 0.0816162
84.2 1.24694 0.0863099
84.4 1.23426 0.0908248
84.6 1.22174 0.0951603
84.8 1.20941 0.099317
85 1.1973 0.103297
85.2 1.18544 0.107104
85.4 1.17386 0.110743
85.6 1.16258 0.11422
85.8 1.15165 0.117543
86 1.14109 0.12072
86.2 1.13092 0.123762
86.4 1.12119 0.126678
86.6 1.11191 0.129481
86.8 1.10311 0.132182
87 1.09482 0.134795
87.2 1.08707 0.137334
87.4 1.07986 0.139813
87.6 1.07323 0.142246
87.8 1.06718 0.144648
88 1.06173 0.147035
88.2 1.0569 0.149419
88.4 1.05268 0.151818
88.6 1.04909 0.154245
88.8 1.04613 0.156714
89 1.04379 0.15924
89.2 1.04207 0.161836
89.4 1.04098 0.164515
89.6 1.04048 0.167288
89.8 1.04058 0.170167
90 1.04125 0.173163
90.2 1.04248 0.176285
90.4 1.04425 0.179541
90.6 1.04652 0.182939
90.8 1.04928 0.186484
91 1.05249 0.190183
91.2 1.05612 0.194038
91.4 1.06013 0.198052
91.6 1.0645 0.202227
91.8 1.06917 0.206562
92 1.07412 0.211056
92.2 1.0793 0.215706
92.4 1.08467 0.220508
92.6 1.09019 0.225458
92.8 1.0958 0.230547
93 1.10148 0.235769
93.2 1.10716 0.241115
93.4 1.11282 0.246574
93.6 1.1184 0.252135
93.8 1.12386 0.257785
94 1.12915 0.263512
94.2 1.13424 0.269301
94.4 1.13908 0.275136
94.6 1.14364 0.281002
94.8 1.14786 0.286882
95 1.15172 0.292759
95.2 1.15518 0.298616
95.4 1.15821 0.304433
95.6 1.16077 0.310192
95.8 1.16284 0.315874
96 1.16438 0.321461
96.2 1.16538 0.326934
96.4 1.1658 0.332272
96.6 1.16564 0.337457
96.8 1.16487 0.342471
97 1.16347 0.347295
97.2 1.16144 0.351911
97.4 1.15877 0.3563
97.6 1.15544 0.360448
97.8 1.15146 0.364335
98 1.14682 0.367948
98.2 1.14153 0.371272
98.4 1.13558 0.374291
98.6 1.12899 0.376993
98.8 1.12175 0.379366
99 1.11388 0.381399
99.2 1.1054 0.383081
99.4 1.09631 0.384403
99.6 1.08664 0.385359
99.8 1.07639 0.38594
100 1.0656 0.386143
100.2 1.05427 0.385962
100.4 1.04244 0.385394
100.6 1.03013 0.384439
100.8 1.01735 0.383095
101 1.00415 0.381363
101.2 0.990534 0.379246
101.4 0.976542 0.376747
101.6 0.962197 0.37387
101.8 0.947527 0.370621
102 0.932561 0.367007
102.2 0.917327 0.363035
102.4 0.901851 0.358716
102.6 0.886163 0.354058
102.8 0.87029 0.349073
103 0.854258 0.343773
103.2 0.838094 0.33817
103.4 0.821824 0.33228
103.6 0.805473 0.326115
103.8 0.789066 0.319691
104 0.772626 0.313023
104.2 0.756176 0.306129
104.4 0.739736 0.299025
104.6 0.723329 0.291727
104.8 0.706972 0.284255
105 0.690684 0.276625
105.2 0.674483 0.268856
105.4 0.658384 0.260965
105.6 0.642402 0.252972
105.8 0.626551 0.244894
106 0.610843 0.23675
106.2 0.59529 0.228558
106.4 0.579901 0.220336
106.6 0.564687 0.212101
106.8 0.549654 0.203871
107 0.534811 0.195663
107.2 0.520162 0.187493
107.4 0.505714 0.179377
107.6 0.491471 0.171331
107.8 0.477436 0.16337
108 0.463611 0.155508
108.2 0.45 0.147759
108.4 0.436602 0.140136
108.6 0.42342 0.13265
108.8 0.410453 0.125314
109 0.397701 0.118138
109.2 0.385163 0.111133
109.4 0.37284 0.104307
109.6 0.360728 0.0976679
109.8 0.348828 0.0912243
110 0.337138 0.0849824
110.2 0.325655 0.0789479
110.4 0.314379 0.0731259
110.6 0.303307 0.0675205
110.8 0.292437 0.0621351
111 0.281769 0.056972
111.2 0.2713 0.0520332
111.4 0.261029 0.0473195
111.6 0.250955 0.0428311
111.8 0.241076 0.0385677
112 0.231392 0.0345279
112.2 0.221901 0.0307099
112.4 0.212603 0.0271112
112.6 0.203497 0.0237288
112.8 0.194584 0.020559
113 0.185863 0.0175976
113.2 0.177335 0.01484
113.4 0.168999 0.0122809
113.6 0.160856 0.00991497
113.8 0.152907 0.0077362
114 0.145152 0.00573839
114.2 0.137593 0.003915
114.4 0.130229 0.00225926
114.6 0.123063 0.00076418
114.8 0.116094 -0.000577403
115 0.109324 -0.00177278
115.2 0.102754 -0.00282933
115.4 0.0963843 -0.0037545
115.6 0.0902158 -0.00455577
115.8 0.0842492 -0.00524057
116 0.0784848 -0.00581633
116.2 0.0729229 -0.00629036
116.4 0.0675638 -0.00666991
116.6 0.0624071 -0.00696205
116.8 0.0574527 -0.00717373
117 0.0526998 -0.0073117
117.2 0.0481477 -0.00738249
117.4 0.0437951 -0.00739245
117.6 0.0396406 -0.00734765
117.8 0.0356825 -0.00725391
118 0.0319188 -0.00711681
118.2 0.0283473 -0.00694162
118.4 0.0249651 -0.00673334
118.6 0.0217696 -0.00649666
118.8 0.0187575 -0.006236
119 0.0159254 -0.00595546
119.2 0.0132696 -0.00565884
119.4 0.0107864 -0.00534966
119.6 0.00847144 -0.00503113
119.8 0.00632061 -0.00470618
120 0.00432944 -0.00437745
120.2 0.00249339 -0.00404731
120.4 0.000807805 -0.00371788
120.6 -0.000732017 -0.003391
120.8 -0.00213082 -0.00306829
121 -0.00339332 -0.00275115
121.2 -0.00452422 -0.00244074
121.4 -0.00552813 -0.00213804
121.6 -0.00640955 -0.00184383
121.8 -0.00717282 -0.00155874
122 -0.00782212 -0.00128324
122.2 -0.0083614 -0.00101764
122.4 -0.00879436 -0.000762147
122.6 -0.00912442 -0.000516861
122.8 -0.00935468 -0.000281778
123 -0.00948791 -5.68175e-05
123.2 -0.00952651 0.000158167
123.4 -0.0094725 0.000363374
123.6 -0.00932749 0.000559047
123.8 -0.00909267 0.000745457
124 -0.00876879 0.000922895
124.2 -0.00835616 0.00109167
124.4 -0.00785462 0.00125207
124.6 -0.00726359 0.00140443
124.8 -0.00658201 0.00154901
125 -0.0058084 0.00168612
125.2 -0.0049408 0.00181601
125.4 -0.00397688 0.00193894
125.6 -0.00291387 0.00205513
125.8 -0.00174863 0.0021648
126 -0.000477666 0.00226815
126.2 0.000902862 0.00236536
126.4 0.00239708 0.00245662
126.6 0.00400936 0.0025421
126.8 0.00574433 0.00262198
127 0.00760676 0.00269646
127.2 0.00960158 0.00276576
127.4 0.0117338 0.0028301
127.6 0.0140085 0.00288976
127.8 0.0164306 0.00294508
128 0.0190052 0.00299642
128.2 0.0217372 0.00304423
128.4 0.0246311 0.00308904
128.6 0.0276915 0.00313144
128.8 0.0309225 0.00317214
129 0.034328 0.00321195
129.2 0.0379114 0.00325179
129.4 0.0416757 0.00329269
129.6 0.0456236 0.00333584
129.8 0.0497569 0.00338253
130 0.0540771 0.00343421
130.2 0.058585 0.00349247
130.4 0.0632807 0.00355907
130.6 0.0681637 0.00363588
130.8 0.0732326 0.00372496
131 0.0784853 0.0038285
131.2 0.0839191 0.00394884
131.4 0.0895302 0.00408847
131.6 0.0953142 0.00425001
131.8 0.101266 0.00443622
132 0.107379 0.00464998
132.2 0.113646 0.00489427
132.4 0.120061 0.0051722
132.6 0.126613 0.00548692
132.8 0.133294 0.00584171
133 0.140093 0.00623985
133.2 0.147 0.00668469
133.4 0.154003 0.00717958
133.6 0.16109 0.00772789
133.8 0.168247 0.00833294
134 0.175461 0.00899803
134.2 0.182718 0.00972636
134.4 0.190004 0.0105211
134.6 0.197303 0.0113851
134.8 0.2046 0.0123214
135 0.211879 0.0133327
135.2 0.219124 0.0144214
135.4 0.226321 0.0155898
135.6 0.233451 0.01684
135.8 0.2405 0.0181737
136 0.247451 0.0195926
136.2 0.254288 0.0210976
136.4 0.260996 0.0226898
136.6 0.26756 0.0243697
136.8 0.273964 0.0261373
137 0.280194 0.0279924
137.2 0.286236 0.0299345
137.4 0.292077 0.0319625
137.6 0.297704 0.0340749
137.8 0.303106 0.0362699
138 0.308271 0.0385452
138.2 0.31319 0.040898
138.4 0.317853 0.0433251
138.6 0.322251 0.045823
138.8 0.326379 0.0483877
139 0.330229 0.0510147
139.2 0.333798 0.0536991
139.4 0.33708 0.0564357
139.6 0.340074 0.059219
139.8 0.342779 0.0620429
140 0.345193 0.0649012
140.2 0.347319 0.0677873
140.4 0.349158 0.0706943
140.6 0.350715 0.073615
140.8 0.351993 0.0765422
141 0.352999 0.0794683
141.2 0.35374 0.0823856
141.4 0.354224 0.0852863
141.6 0.354461 0.0881626
141.8 0.35446 0.0910066
142 0.354234 0.0938105
142.2 0.353795 0.0965664
142.4 0.353156 0.0992667
142.6 0.352331 0.101904
142.8 0.351335 0.10447
143 0.350184 0.106959
143.2 0.348893 0.109363
143.4 0.34748 0.111677
143.6 0.345962 0.113893
143.8 0.344356 0.116006
144 0.34268 0.118011
144.2 0.340952 0.119903
144.4 0.33919 0.121678
144.6 0.337412 0.123331
144.8 0.335637 0.124861
145 0.333881 0.126263
145.2 0.332164 0.127538
145.4 0.330501 0.128682
145.6 0.32891 0.129696
145.8 0.327407 0.13058
146 0.326009 0.131335
146.2 0.324729 0.131963
146.4 0.323582 0.132465
146.6 0.322583 0.132844
146.8 0.321743 0.133105
147 0.321074 0.133253
147.2 0.320588 0.133291
147.4 0.320293 0.133227
147.6 0.320199 0.133066
147.8 0.320314 0.132815
148 0.320643 0.132484
148.2 0.321192 0.132079
148.4 0.321965 0.13161
148.6 0.322966 0.131086
148.8 0.324196 0.130516
149 0.325656 0.129912
149.2 0.327346 0.129284
149.4 0.329263 0.128642
149.6 0.331406 0.127998
149.8 0.33377 0.127363
150 0.33635 0.126749
150.2 0.339141 0.126166
150.4 0.342137 0.125627
150.6 0.345328 0.125144
150.8 0.348708 0.124727
151 0.352265 0.124387
151.2 0.355991 0.124136
151.4 0.359875 0.123984
151.6 0.363905 0.123942
151.8 0.368069 0.124019
152 0.372355 0.124224
152.2 0.376751 0.124567
152.4 0.381244 0.125056
152.6 0.385821 0.125697
152.8 0.390467 0.126498
153 0.395171 0.127465
153.2 0.399919 0.128603
153.4 0.404697 0.129916
153.6 0.409494 0.131408
153.8 0.414295 0.133081
154 0.41909 0.134937
154.2 0.423865 0.136977
154.4 0.42861 0.1392
154.6 0.433313 0.141604
154.8 0.437964 0.144189
155 0.442554 0.146949
155.2 0.447073 0.14988
155.4 0.451513 0.152978
155.6 0.455866 0.156236
155.8 0.460126 0.159646
156 0.464287 0.1632
156.2 0.468343 0.166888
156.4 0.47229 0.170702
156.6 0.476124 0.174628
156.8 0.479844 0.178656
157 0.483446 0.182773
157.2 0.48693 0.186965
157.4 0.490296 0.191219
157.6 0.493544 0.195519
157.8 0.496676 0.199851
158 0.499694 0.204198
158.2 0.5026 0.208545
158.4 0.505398 0.212875
158.6 0.508092 0.217171
158.8 0.510686 0.221416
159 0.513185 0.225593
159.2 0.515595 0.229685
159.4 0.51792 0.233675
159.6 0.520169 0.237545
159.8 0.522346 0.241279
160 0.524457 0.244859
160.2 0.526511 0.24827
160.4 0.528512 0.251495
160.6 0.530468 0.25452
160.8 0.532385 0.257328
161 0.534268 0.259906
161.2 0.536125 0.26224
161.4 0.537959 0.264317
161.6 0.539778 0.266125
161.8 0.541584 0.267653
162 0.543383 0.268889
162.2 0.545179 0.269826
162.4 0.546973 0.270453
162.6 0.548769 0.270765
162.8 0.550568 0.270754
163 0.552371 0.270415
163.2 0.554178 0.269744
163.4 0.555989 0.268738
163.6 0.557802 0.267396
163.8 0.559615 0.265717
164 0.561424 0.2637
164.2 0.563226 0.261348
164.4 0.565016 0.258665
164.6 0.566788 0.255652
164.8 0.568535 0.252317
165 0.570251 0.248664
165.2 0.571926 0.244702
165.4 0.573553 0.240439
165.6 0.575122 0.235883
165.8 0.576622 0.231046
166 0.578043 0.225939
166.2 0.579373 0.220574
166.4 0.5806 0.214964
166.6 0.581712 0.209122
166.8 0.582696 0.203064
167 0.583539 0.196804
167.2 0.584228 0.190358
167.4 0.584749 0.183742
167.6 0.585089 0.176974
167.8 0.585233 0.17007
168 0.585169 0.163048
168.2 0.584883 0.155925
168.4 0.584362 0.148719
168.6 0.583593 0.141449
168.8 0.582563 0.134132
169 0.581261 0.126787
169.2 0.579674 0.119431
169.4 0.577792 0.112082
169.6 0.575605 0.104758
169.8 0.573103 0.0974753
170 0.570278 0.0902513
170.2 0.567121 0.0831023
170.4 0.563626 0.0760443
170.6 0.559787 0.0690927
170.8 0.555599 0.0622623
171 0.551059 0.0555673
171.2 0.546163 0.0490211
171.4 0.540911 0.0426366
171.6 0.535301 0.0364258
171.8 0.529336 0.0304
172 0.523016 0.0245695
172.2 0.516345 0.0189439
172.4 0.509328 0.0135319
172.6 0.50197 0.00834136
172.8 0.494279 0.00337914
173 0.486263 -0.00134873
173.2 0.47793 -0.00583716
173.4 0.469292 -0.010082
173.6 0.460359 -0.0140799
173.8 0.451145 -0.0178286
174 0.441663 -0.0213265
174.2 0.431928 -0.0245731
174.4 0.421955 -0.0275686
174.6 0.411761 -0.0303142
174.8 0.401363 -0.0328116
175 0.390779 -0.0350638
175.2 0.380027 -0.037074
175.4 0.369126 -0.0388465
175.6 0.358097 -0.0403861
175.8 0.346959 -0.0416983
176 0.335732 -0.0427893
176.2 0.324438 -0.0436657
176.4 0.313097 -0.0443348
176.6 0.30173 -0.0448042
176.8 0.290359 -0.0450821
177 0.279003 -0.0451769
177.2 0.267684 -0.0450975
177.4 0.256422 -0.0448531
177.6 0.245237 -0.0444531
177.8 0.23415 -0.0439071
178 0.223179 -0.0432248
178.2 0.212343 -0.0424161
178.4 0.201661 -0.041491
178.6 0.191149 -0.0404594
178.8 0.180825 -0.0393312
179 0.170705 -0.0381163
179.2 0.160803 -0.0368245
179.4 0.151133 -0.0354654
179.6 0.14171 -0.0340486
179.8 0.132545 -0.0325831
180 0.123649 -0.0310782
180.2 0.115033 -0.0295424
180.4 0.106706 -0.0279842
180.6 0.0986757 -0.0264118
180.8 0.090949 -0.024833
181 0.083532 -0.0232551
181.2 0.0764292 -0.0216851
181.4 0.0696444 -0.0201297
181.6 0.06318 -0.0185951
181.8 0.0570374 -0.0170871
182 0.051217 -0.015611
182.2 0.0457182 -0.0141718
182.4 0.0405392 -0.0127739
182.6 0.0356773 -0.0114213
182.8 0.031129 -0.0101177
183 0.0268896 -0.00886621
183.2 0.0229538 -0.00766953
183.4 0.0193153 -0.00652999
183.6 0.0159672 -0.00544946
183.8 0.0129018 -0.00442944
184 0.0101105 -0.003471
184.2 0.00758454 -0.00257487
184.4 0.00531426 -0.00174138
184.6 0.00328964 -0.000970555
184.8 0.0015002 -0.000262059
185 -6.48973e-05 0.00038474
185.2 -0.00141683 0.000970765
185.4 -0.00256703 0.00149721
185.6 -0.0035271 0.00196552
185.8 -0.00430881 0.00237736
186 -0.004924 0.00273462
186.2 -0.00538451 0.00303935
186.4 -0.00570218 0.00329378
186.6 -0.00588876 0.00350029
186.8 -0.00595585 0.00366136
187 -0.00591489 0.00377959
187.2 -0.00577707 0.00385765
187.4 -0.00555331 0.00389827
187.6 -0.00525424 0.00390422
187.8 -0.00489012 0.0038783
188 -0.00447084 0.0038233
188.2 -0.00400586 0.00374202
188.4 -0.00350422 0.00363721
188.6 -0.00297448 0.00351159
188.8 -0.00242473 0.00336781
189 -0.00186254 0.00320846
189.2 -0.00129498 0.00303605
189.4 -0.000728596 0.00285299
189.6 -0.000169384 0.00266158
189.8 0.00037718 0.00246403
190 0.000906164 0.00226242
190.2 0.00141317 0.0020587
190.4 0.00189431 0.00185469
190.6 0.00234625 0.00165209
190.8 0.00276614 0.00145246
191 0.00315162 0.0012572
191.2 0.00350084 0.00106761
191.4 0.00381237 0.000884811
191.6 0.00408525 0.000709813
191.8 0.00431892 0.000543478
192 0.00451325 0.000386537
192.2 0.00466843 0.000239593
192.4 0.00478504 0.000103118
192.6 0.00486395 -2.25307e-05
192.8 0.00490633 -0.000137116
193 0.00491362 -0.00024051
193.2 0.00488748 -0.000332687
193.4 0.00482979 -0.000413717
193.6 0.0047426 -0.000483764
193.8 0.00462811 -0.000543071
194 0.00448864 -0.000591957
194.2 0.00432661 -0.000630809
194.4 0.00414451 -0.000660073
194.6 0.00394486 -0.000680249
194.8 0.00373021 -0.00069188
195 0.0035031 -0.000695547
195.2 0.00326605 -0.000691862
195.4 0.00302153 -0.000681456
195.6 0.00277194 -0.000664981
195.8 0.0025196 -0.000643094
196 0.00226673 -0.000616457
196.2 0.00201544 -0.000585729
196.4 0.0017677 -0.000551561
196.6 0.00152537 -0.000514587
196.8 0.00129013 -0.000475426
197 0.00106354 -0.000434672
197.2 0.000846973 -0.000392893
197.4 0.000641652 -0.000350628
197.6 0.000448629 -0.000308379
197.8 0.000268794 -0.000266616
198 0.000102864 -0.00022577
198.2 -4.8605e-05 -0.000186231
198.4 -0.00018522 -0.00014835
198.6 -0.000306747 -0.000112436
198.8 -0.0004131 -7.87556e-05
199 -0.000504341 -4.75342e-05
199.2 -0.000580669 -1.89555e-05
199.4 -0.000642411 6.83752e-06
199.6 -0.000690014 2.97414e-05
199.8 -0.000724035 4.96911e-05
200 -0.00074513 6.6658e-05
