   2.948380e+02   3.097328e+02   3.030048e+02   3.075383e+02   3.067368e+02   2.985109e+02   2.898288e+02  -6.147837e+01  -7.777243e+00
   2.979056e+02   3.094025e+02   3.021971e+02   3.066474e+02   3.044869e+02   2.964039e+02   2.902595e+02  -1.046233e+02   2.797132e+01
   3.005033e+02   3.100018e+02   3.036281e+02   3.064581e+02   3.070613e+02   2.980913e+02   2.904211e+02  -1.477853e+02   6.686487e+01
   2.979617e+02   3.097848e+02   3.029162e+02   3.080996e+02   3.068395e+02   2.954371e+02   2.901336e+02  -1.842315e+02   9.966343e+01
   2.974940e+02   3.096181e+02   3.017456e+02   3.056615e+02   3.051996e+02   2.950378e+02   2.904079e+02  -2.188073e+02   1.459783e+02
   2.991411e+02   3.100845e+02   3.035855e+02   3.083903e+02   3.070516e+02   2.987757e+02   2.900360e+02  -2.627324e+02   1.913943e+02
   2.986618e+02   3.101172e+02   3.025513e+02   3.068784e+02   3.051067e+02   2.956559e+02   2.901263e+02  -3.019303e+02   2.329390e+02
   2.977024e+02   3.096295e+02   3.019394e+02   3.071576e+02   3.055462e+02   2.947477e+02   2.900274e+02  -3.366213e+02   2.678024e+02
   2.990572e+02   3.097391e+02   3.019348e+02   3.081551e+02   3.041352e+02   2.944240e+02   2.902413e+02  -3.764622e+02   3.108892e+02
   2.996244e+02   3.097299e+02   3.021262e+02   3.080485e+02   3.048061e+02   2.960879e+02   2.901579e+02  -4.072923e+02   3.444860e+02
   2.972420e+02   3.099466e+02   3.032979e+02   3.074961e+02   3.065864e+02   2.968501e+02   2.900961e+02  -4.577372e+02   3.805891e+02
   3.004139e+02   3.101526e+02   3.031147e+02   3.080839e+02   3.057209e+02   2.984300e+02   2.902754e+02  -4.902325e+02   4.219323e+02
   2.996626e+02   3.097404e+02   3.026269e+02   3.081941e+02   3.066167e+02   2.969002e+02   2.900859e+02  -5.228634e+02   4.602658e+02
   2.996710e+02   3.105288e+02   3.030253e+02   3.060717e+02   3.055362e+02   2.972162e+02   2.899841e+02  -5.568737e+02   4.837946e+02
   2.979268e+02   3.100262e+02   3.034847e+02   3.080755e+02   3.058812e+02   2.973670e+02   2.903005e+02  -5.924301e+02   5.351223e+02
   2.980552e+02   3.094182e+02   3.022642e+02   3.077972e+02   3.054046e+02   2.971347e+02   2.900740e+02  -6.267818e+02   5.712779e+02
   2.984420e+02   3.100159e+02   3.034069e+02   3.106019e+02   3.066305e+02   2.965933e+02   2.899045e+02  -6.614467e+02   5.949549e+02
   2.978190e+02   3.099011e+02   3.028336e+02   3.076114e+02   3.071726e+02   2.959354e+02   2.901196e+02  -7.049635e+02   6.387152e+02
   2.986870e+02   3.099296e+02   3.028027e+02   3.086952e+02   3.056773e+02   2.964499e+02   2.901213e+02  -7.408547e+02   6.666797e+02
   2.977463e+02   3.095883e+02   3.024687e+02   3.075298e+02   3.067767e+02   2.968033e+02   2.901806e+02  -7.674433e+02   6.974918e+02
   2.985086e+02   3.099176e+02   3.034868e+02   3.074588e+02   3.060830e+02   2.983608e+02   2.899625e+02  -8.015996e+02   7.333913e+02
   2.984338e+02   3.100517e+02   3.039667e+02   3.090147e+02   3.057397e+02   2.980467e+02   2.899056e+02  -8.386295e+02   7.736866e+02
   2.984211e+02   3.098762e+02   3.034184e+02   3.082629e+02   3.051947e+02   2.970150e+02   2.901124e+02  -8.899887e+02   8.232406e+02
   2.973828e+02   3.097712e+02   3.024750e+02   3.064983e+02   3.045394e+02   2.962684e+02   2.899185e+02  -9.275059e+02   8.692538e+02
   2.975675e+02   3.093235e+02   3.024753e+02   3.088682e+02   3.058029e+02   2.957545e+02   2.903743e+02  -9.704720e+02   9.004811e+02
   2.983312e+02   3.097865e+02   3.027991e+02   3.079703e+02   3.051061e+02   2.956647e+02   2.901038e+02  -1.007793e+03   9.384791e+02
   3.002378e+02   3.098195e+02   3.022738e+02   3.075716e+02   3.051189e+02   2.934344e+02   2.903680e+02  -1.036696e+03   9.750504e+02
   2.987715e+02   3.098659e+02   3.026871e+02   3.076086e+02   3.040945e+02   2.950840e+02   2.899770e+02  -1.081732e+03   1.014210e+03
   2.973928e+02   3.097165e+02   3.035915e+02   3.083480e+02   3.041927e+02   2.988932e+02   2.900773e+02  -1.119144e+03   1.046238e+03
   2.989842e+02   3.096727e+02   3.031760e+02   3.109735e+02   3.060421e+02   2.957489e+02   2.899796e+02  -1.156429e+03   1.075072e+03
   2.986981e+02   3.098513e+02   3.033377e+02   3.088281e+02   3.074077e+02   2.962960e+02   2.900720e+02  -1.173556e+03   1.112572e+03
   2.991733e+02   3.100553e+02   3.031529e+02   3.067751e+02   3.061857e+02   2.990068e+02   2.903729e+02  -1.221738e+03   1.155026e+03
   2.981310e+02   3.099264e+02   3.034812e+02   3.092221e+02   3.058460e+02   2.980640e+02   2.901190e+02  -1.257781e+03   1.193373e+03
   2.977737e+02   3.099952e+02   3.032731e+02   3.092796e+02   3.066424e+02   2.961348e+02   2.901274e+02  -1.292320e+03   1.236818e+03
   2.977866e+02   3.096929e+02   3.025255e+02   3.062081e+02   3.064102e+02   2.967658e+02   2.901803e+02  -1.340707e+03   1.278481e+03
   2.982817e+02   3.099131e+02   3.032951e+02   3.096144e+02   3.061218e+02   2.977227e+02   2.897142e+02  -1.379315e+03   1.308257e+03
   2.984998e+02   3.104195e+02   3.030661e+02   3.064076e+02   3.056167e+02   2.977015e+02   2.900878e+02  -1.422305e+03   1.354695e+03
   2.986404e+02   3.098229e+02   3.033971e+02   3.078654e+02   3.060894e+02   2.990092e+02   2.903150e+02  -1.450357e+03   1.392295e+03
   2.990583e+02   3.098314e+02   3.024860e+02   3.064876e+02   3.052433e+02   2.965747e+02   2.901887e+02  -1.498144e+03   1.430174e+03
   2.973740e+02   3.097709e+02   3.034016e+02   3.086742e+02   3.046218e+02   2.990936e+02   2.900352e+02  -1.531459e+03   1.465026e+03
