-0.498 4.12175e-06 -9.67871e-06
-0.496 2.50685e-05 -4.52246e-05
-0.494 7.64959e-05 -0.000115464
-0.492 0.000172789 -0.000226754
-0.49 0.000328415 -0.00038146
-0.488 0.00055694 -0.000576645
-0.486 0.000869726 -0.000803224
-0.484 0.00127437 -0.00104579
-0.482 0.00177302 -0.00128326
-0.48 0.00236075 -0.00149048
-0.478 0.00302414 -0.00164056
-0.476 0.00374026 -0.00170807
-0.474 0.00447629 -0.00167253
-0.472 0.00518976 -0.00152207
-0.47 0.00582959 -0.00125675
-0.468 0.00633783 -0.00089108
-0.466 0.00665201 -0.000455444
-0.464 0.00670801 3.9585e-06
-0.462 0.00644309 0.000426802
-0.46 0.00579892 0.000741969
-0.458 0.00472425 0.00087234
-0.456 0.0031771 0.000740718
-0.454 0.00112632 0.000276377
-0.452 -0.00144749 -0.000578312
-0.45 -0.0045515 -0.0018618
-0.448 -0.00818043 -0.00358834
-0.446 -0.0123164 -0.00574466
-0.444 -0.0169287 -0.00828842
-0.442 -0.021973 -0.0111491
-0.44 -0.0273913 -0.014231
-0.438 -0.033111 -0.0174185
-0.436 -0.0390449 -0.0205833
-0.434 -0.0450921 -0.0235934
-0.432 -0.0511388 -0.0263229
-0.43 -0.0570612 -0.0286621
-0.428 -0.0627285 -0.0305275
-0.426 -0.0680071 -0.0318702
-0.424 -0.0727654 -0.0326827
-0.422 -0.0768795 -0.0330021
-0.42 -0.0802381 -0.0329108
-0.418 -0.0827486 -0.0325329
-0.416 -0.0843414 -0.032027
-0.414 -0.0849751 -0.0315755
-0.412 -0.0846393 -0.0313709
-0.41 -0.0833571 -0.0316008
-0.408 -0.0811858 -0.0324314
-0.406 -0.0782166 -0.033993
-0.404 -0.0745713 -0.036367
-0.402 -0.0703988 -0.0395765
-0.4 -0.0658681 -0.0435822
-0.398 -0.0611607 -0.0482829
-0.396 -0.0564601 -0.0535213
-0.394 -0.0519408 -0.059095
-0.392 -0.0477573 -0.0647719
-0.39 -0.0440325 -0.0703077
-0.388 -0.0408485 -0.0754658
-0.386 -0.0382395 -0.0800362
-0.384 -0.0361881 -0.0838536
-0.382 -0.0346257 -0.0868117
-0.38 -0.0334364 -0.0888735
-0.378 -0.0324654 -0.0900763
-0.376 -0.0315307 -0.0905305
-0.374 -0.0304382 -0.0904127
-0.372 -0.0289982 -0.0899531
-0.37 -0.0270435 -0.0894179
-0.368 -0.024447 -0.0890879
-0.366 -0.0211385 -0.089235
-0.364 -0.0171175 -0.0900987
-0.362 -0.0124639 -0.0918645
-0.36 -0.00734146 -0.0946457
-0.358 -0.00199751 -0.0984714
-0.356 0.00324507 -0.103281
-0.354 0.00800165 -0.108929
-0.352 0.0118461 -0.11519
-0.35 0.0143369 -0.121784
-0.348 0.0150474 -0.128393
-0.346 0.0135989 -0.134692
-0.344 0.00969502 -0.140379
-0.342 0.00315248 -0.145201
-0.34 -0.00607248 -0.14898
-0.338 -0.0178664 -0.151631
-0.336 -0.031952 -0.153178
-0.334 -0.0478934 -0.153753
-0.332 -0.0651156 -0.15359
-0.33 -0.0829359 -0.153013
-0.328 -0.100607 -0.152409
-0.326 -0.117366 -0.152197
-0.324 -0.132491 -0.152796
-0.322 -0.145356 -0.154586
-0.32 -0.155478 -0.157874
-0.318 -0.162565 -0.16286
-0.316 -0.16654 -0.169616
-0.314 -0.167561 -0.178072
-0.312 -0.16602 -0.18801
-0.31 -0.162528 -0.19908
-0.308 -0.157885 -0.21082
-0.306 -0.153033 -0.222691
-0.304 -0.149002 -0.234116
-0.302 -0.146847 -0.244533
-0.3 -0.147573 -0.253438
-0.298 -0.152068 -0.260428
-0.296 -0.161031 -0.265246
-0.294 -0.17491 -0.267798
-0.292 -0.193853 -0.268173
-0.29 -0.217675 -0.266637
-0.288 -0.245845 -0.263618
-0.286 -0.277499 -0.259673
-0.284 -0.31148 -0.255444
-0.282 -0.346396 -0.251602
-0.28 -0.380707 -0.248787
-0.278 -0.41282 -0.247546
-0.276 -0.441202 -0.248277
-0.274 -0.464489 -0.251172
-0.272 -0.481591 -0.256189
-0.27 -0.491789 -0.263021
-0.268 -0.494804 -0.271107
-0.266 -0.49085 -0.279647
-0.264 -0.480644 -0.287645
-0.262 -0.465397 -0.293977
-0.26 -0.446758 -0.297463
-0.258 -0.426734 -0.296964
-0.256 -0.407575 -0.291469
-0.254 -0.391636 -0.28019
-0.252 -0.38123 -0.262642
-0.25 -0.378467 -0.238704
-0.248 -0.385109 -0.208658
-0.246 -0.402438 -0.173206
-0.244 -0.431149 -0.133446
-0.242 -0.47129 -0.0908297
-0.24 -0.522235 -0.0470841
-0.238 -0.582707 -0.00411364
-0.236 -0.650843 0.0361166
-0.234 -0.724308 0.0717084
-0.232 -0.800428 0.100959
-0.23 -0.87636 0.122481
-0.228 -0.94927 0.135311
-0.226 -1.01651 0.138986
-0.224 -1.07578 0.133591
-0.222 -1.12529 0.119779
-0.22 -1.16384 0.0987343
-0.218 -1.19095 0.072114
-0.216 -1.20683 0.0419434
-0.214 -1.21241 0.0104846
-0.212 -1.20923 -0.019918
-0.21 -1.1994 -0.0470034
-0.208 -1.18543 -0.0687611
-0.206 -1.17004 -0.0835856
-0.204 -1.15603 -0.0904078
-0.202 -1.14606 -0.088792
-0.2 -1.14247 -0.0789904
-0.198 -1.14715 -0.0619492
-0.196 -1.16141 -0.0392647
-0.194 -1.1859 -0.0130905
-0.192 -1.22057 0.013998
-0.19 -1.26467 0.0391749
-0.188 -1.31682 0.0595564
-0.186 -1.37508 0.0724043
-0.184 -1.43709 0.0753243
-0.182 -1.5002 0.0664442
-0.18 -1.5616 0.0445614
-0.178 -1.61854 0.00924591
-0.176 -1.66846 -0.0391068
-0.174 -1.70913 -0.0992788
-0.172 -1.73881 -0.169288
-0.17 -1.75632 -0.246497
-0.168 -1.76113 -0.327767
-0.166 -1.75337 -0.409644
-0.164 -1.73379 -0.488562
-0.162 -1.70371 -0.561054
-0.16 -1.66488 -0.623947
-0.158 -1.61939 -0.674539
-0.156 -1.56945 -0.710743
-0.154 -1.51723 -0.731177
-0.152 -1.46475 -0.735226
-0.15 -1.41367 -0.723039
-0.148 -1.36524 -0.695496
-0.146 -1.32019 -0.654127
-0.144 -1.27875 -0.601003
-0.142 -1.24061 -0.538598
-0.14 -1.20503 -0.469639
-0.138 -1.17089 -0.396949
-0.136 -1.1368 -0.32329
-0.134 -1.10119 -0.251215
-0.132 -1.06248 -0.182946
-0.13 -1.01915 -0.120266
-0.128 -0.969845 -0.0644506
-0.126 -0.913481 -0.016229
-0.124 -0.849287 0.0242149
-0.122 -0.776862 0.0572103
-0.12 -0.696185 0.0835323
-0.118 -0.607606 0.10431
-0.116 -0.511811 0.120913
-0.114 -0.409755 0.134833
-0.112 -0.30259 0.147556
-0.11 -0.191569 0.160452
-0.108 -0.0779486 0.174675
-0.106 0.0371066 0.191095
-0.104 0.152613 0.210247
-0.102 0.26784 0.232326
-0.1 0.38236 0.257202
-0.098 0.496065 0.284465
-0.096 0.609164 0.313494
-0.094 0.722133 0.34354
-0.092 0.83564 0.373811
-0.09 0.95045 0.403563
-0.088 1.06731 0.432172
-0.086 1.18683 0.459198
-0.084 1.3094 0.484425
-0.082 1.43505 0.507878
-0.08 1.56347 0.529818
-0.078 1.69391 0.550715
-0.076 1.82527 0.571197
-0.074 1.95605 0.591991
-0.072 2.08448 0.613854
-0.07 2.20858 0.637496
-0.068 2.32627 0.663513
-0.066 2.43546 0.692329
-0.064 2.5342 0.724151
-0.062 2.62075 0.758943
-0.06 2.69377 0.79643
-0.058 2.75233 0.836111
-0.056 2.79612 0.877304
-0.054 2.82547 0.919207
-0.052 2.84144 0.960961
-0.05 2.84583 1.00173
-0.048 2.84122 1.04075
-0.046 2.83089 1.07744
-0.044 2.81872 1.11137
-0.042 2.80903 1.14233
-0.04 2.8064 1.17031
-0.038 2.81537 1.19546
-0.036 2.84028 1.2181
-0.034 2.8849 1.2386
-0.032 2.95231 1.25738
-0.03 3.04461 1.27484
-0.028 3.16284 1.29131
-0.026 3.30689 1.30706
-0.024 3.47545 1.32223
-0.022 3.66613 1.33685
-0.02 3.8755 1.35087
-0.018 4.09928 1.36415
-0.016 4.33252 1.37648
-0.014 4.56979 1.38763
-0.012 4.8054 1.39736
-0.01 5.03359 1.40542
-0.008 5.24877 1.41165
-0.006 5.44563 1.4159
-0.004 5.61934 1.41811
-0.002 5.76573 1.4183
0 5.88135 1.41656
0.002 5.96352 1.41305
0.004 6.01072 1.40802
0.006 6.02233 1.40178
0.008 5.99876 1.39469
0.01 5.94137 1.38708
0.012 5.85243 1.37932
0.014 5.73499 1.37166
0.016 5.59276 1.36428
0.018 5.42987 1.35721
0.02 5.25077 1.35033
0.022 5.06 1.34334
0.024 4.86203 1.33577
0.026 4.66109 1.32703
0.028 4.46106 1.3164
0.03 4.26528 1.30316
0.032 4.0765 1.28658
0.034 3.89679 1.26605
0.036 3.72752 1.24111
0.038 3.5693 1.21149
0.04 3.42205 1.17721
0.042 3.28504 1.13852
0.044 3.15695 1.09596
0.046 3.03604 1.05031
0.048 2.92025 1.00254
0.05 2.80737 0.953788
0.052 2.69523 0.905246
0.054 2.58182 0.858119
0.056 2.46545 0.813527
0.058 2.34488 0.772439
0.06 2.21934 0.735596
0.062 2.08856 0.703461
0.064 1.95278 0.676178
0.066 1.81263 0.653554
0.068 1.66906 0.63506
0.07 1.52325 0.619861
0.072 1.37648 0.606873
0.074 1.23003 0.594832
0.076 1.08514 0.582395
0.078 0.942896 0.568243
0.08 0.804269 0.551197
0.082 0.67005 0.530322
0.084 0.540882 0.505024
0.086 0.417262 0.475112
0.088 0.299557 0.440841
0.09 0.188017 0.402905
0.092 0.082781 0.362397
0.094 -0.0161089 0.320731
0.096 -0.108704 0.279523
0.098 -0.195132 0.240462
0.1 -0.275578 0.205154
0.102 -0.350257 0.174982
0.104 -0.419379 0.150971
0.106 -0.483125 0.133689
0.108 -0.541618 0.123179
0.11 -0.594913 0.118931
0.112 -0.643004 0.119909
0.114 -0.685841 0.124606
0.116 -0.723364 0.13114
0.118 -0.755548 0.137385
0.12 -0.782448 0.141109
0.122 -0.804244 0.14013
0.124 -0.821273 0.132465
0.126 -0.834058 0.116473
0.128 -0.843305 0.0909762
0.13 -0.8499 0.0553507
0.132 -0.85487 0.00959062
0.134 -0.859338 -0.0456678
0.136 -0.864463 -0.10916
0.138 -0.871364 -0.179046
0.14 -0.881049 -0.253
0.142 -0.894342 -0.328334
0.144 -0.911825 -0.402147
0.146 -0.933792 -0.471492
0.148 -0.960221 -0.533554
0.15 -0.990776 -0.585821
0.152 -1.02482 -0.626241
0.154 -1.06146 -0.653351
0.156 -1.09958 -0.666364
0.158 -1.13795 -0.665219
0.16 -1.17525 -0.650569
0.162 -1.21019 -0.623731
0.164 -1.24159 -0.586586
0.166 -1.26846 -0.541439
0.168 -1.29009 -0.490862
0.17 -1.30607 -0.437513
0.172 -1.3164 -0.383964
0.174 -1.32145 -0.332538
0.176 -1.322 -0.28517
0.178 -1.31913 -0.243306
0.18 -1.31423 -0.207831
0.182 -1.30882 -0.179051
0.184 -1.3045 -0.156711
0.186 -1.30276 -0.14005
0.188 -1.30491 -0.127892
0.19 -1.31192 -0.118761
0.192 -1.32434 -0.111011
0.194 -1.34226 -0.102973
0.196 -1.36524 -0.0930861
0.198 -1.3924 -0.0800317
0.2 -1.42236 -0.0628446
0.202 -1.45343 -0.0409972
0.204 -1.48361 -0.0144532
0.206 -1.5108 0.0163163
0.208 -1.53286 0.0503554
0.21 -1.54772 0.0862844
0.212 -1.55354 0.122394
0.214 -1.5488 0.15677
0.216 -1.53232 0.18743
0.218 -1.50339 0.212477
0.22 -1.46179 0.23024
0.222 -1.40779 0.239404
0.224 -1.34214 0.239109
0.226 -1.26606 0.229021
0.228 -1.18117 0.209359
0.23 -1.08942 0.180878
0.232 -0.992984 0.144815
0.234 -0.894152 0.102801
0.236 -0.795228 0.056742
0.238 -0.698407 0.00868573
0.24 -0.605674 -0.0393197
0.242 -0.518707 -0.0853591
0.244 -0.438821 -0.127771
0.246 -0.366921 -0.165243
0.248 -0.303499 -0.196879
0.25 -0.248657 -0.222234
0.252 -0.202152 -0.24131
0.254 -0.163467 -0.254528
0.256 -0.131893 -0.262663
0.258 -0.10661 -0.26676
0.26 -0.0867702 -0.268036
0.262 -0.0715647 -0.267766
0.264 -0.0602788 -0.267179
0.266 -0.0523284 -0.267356
0.268 -0.0472778 -0.269145
0.27 -0.0448414 -0.273099
0.272 -0.0448697 -0.27944
0.274 -0.0473226 -0.288047
0.276 -0.0522332 -0.298474
0.278 -0.0596651 -0.31
0.28 -0.0696662 -0.321691
0.282 -0.0822247 -0.332486
0.284 -0.0972272 -0.341291
0.286 -0.114427 -0.347076
0.288 -0.133422 -0.348963
0.29 -0.153649 -0.346308
0.292 -0.174393 -0.338754
0.294 -0.194813 -0.326272
0.296 -0.213985 -0.309169
0.298 -0.230961 -0.288068
0.3 -0.244831 -0.263874
0.302 -0.254794 -0.237709
0.304 -0.260226 -0.210836
0.306 -0.260731 -0.184572
0.308 -0.256185 -0.160204
0.31 -0.246751 -0.138899
0.312 -0.232879 -0.12163
0.314 -0.215275 -0.109116
0.316 -0.194857 -0.101779
0.318 -0.17269 -0.0997153
0.32 -0.149915 -0.102703
0.322 -0.127676 -0.110214
0.324 -0.107048 -0.12146
0.326 -0.0889754 -0.135444
0.328 -0.0742176 -0.151033
0.33 -0.0633179 -0.167032
0.332 -0.0565802 -0.182269
0.334 -0.0540636 -0.195667
0.336 -0.0555902 -0.206314
0.338 -0.0607648 -0.213517
0.34 -0.0690054 -0.21684
0.342 -0.0795815 -0.216125
0.344 -0.0916602 -0.211484
0.346 -0.104356 -0.203281
0.348 -0.116783 -0.192094
0.35 -0.128109 -0.178657
0.352 -0.137604 -0.163805
0.354 -0.144683 -0.148405
0.356 -0.148941 -0.133294
0.358 -0.150173 -0.119221
0.36 -0.148381 -0.106802
0.362 -0.143768 -0.0964827
0.364 -0.136709 -0.0885234
0.366 -0.127724 -0.082991
0.368 -0.117425 -0.0797714
0.37 -0.106469 -0.0785916
0.372 -0.0955078 -0.0790532
0.374 -0.0851406 -0.0806718
0.376 -0.0758745 -0.0829213
0.378 -0.0680963 -0.0852768
0.38 -0.0620553 -0.087255
0.382 -0.0578582 -0.0884485
0.384 -0.0554753 -0.0885515
0.386 -0.0547559 -0.087376
0.388 -0.0554502 -0.0848577
0.39 -0.0572365 -0.0810515
0.392 -0.0597493 -0.0761185
0.394 -0.0626075 -0.0703049
0.396 -0.0654405 -0.0639163
0.398 -0.0679105 -0.0572885
0.4 -0.0697311 -0.0507584
0.402 -0.0706809 -0.0446363
0.404 -0.070612 -0.039183
0.406 -0.069454 -0.0345916
0.408 -0.0672122 -0.030976
0.41 -0.0639619 -0.0283671
0.412 -0.0598381 -0.0267152
0.414 -0.0550219 -0.0258992
0.416 -0.0497247 -0.0257414
0.418 -0.0441716 -0.0260254
0.42 -0.0385846 -0.0265171
0.422 -0.033168 -0.026985
0.424 -0.0280966 -0.0272196
0.426 -0.0235069 -0.0270498
0.428 -0.0194927 -0.0263547
0.43 -0.0161039 -0.0250703
0.432 -0.013349 -0.0231918
0.434 -0.0112004 -0.0207692
0.436 -0.00960143 -0.0179003
0.438 -0.00847445 -0.0147192
0.44 -0.00772951 -0.0113825
0.442 -0.00727216 -0.00805517
0.444 -0.00701052 -0.00489657
0.446 -0.00686094 -0.00204791
0.448 -0.00675218 0.000377724
0.45 -0.00662801 0.00230215
0.452 -0.00644853 0.00368556
0.454 -0.00618999 0.00452653
0.456 -0.00584373 0.0048589
0.458 -0.00541402 0.0047461
0.46 -0.00491532 0.00427357
0.462 -0.00436902 0.0035401
0.464 -0.00380007 0.00264887
0.466 -0.00323376 0.00169905
0.468 -0.00269292 0.000778515
0.47 -0.00219582 -4.17438e-05
0.472 -0.00175496 -0.000711129
0.474 -0.00137672 -0.0012008
0.476 -0.00106182 -0.00150296
0.478 -0.000806389 -0.00162827
0.48 -0.000603477 -0.00160191
0.482 -0.000444596 -0.00145877
0.484 -0.000321157 -0.00123836
0.486 -0.000225547 -0.000979947
0.488 -0.000151764 -0.00071848
0.49 -9.55693e-05 -0.000481571
0.492 -5.42238e-05 -0.00028774
0.494 -2.59217e-05 -0.000145947
0.496 -9.06474e-06 -5.63006e-05
0.498 -1.52275e-06 -1.16849e-05
0.2 0.429748 0.195084
0.4 0.431438 0.195808
0.6 0.434248 0.19701
0.8 0.438173 0.198686
1 0.443202 0.200829
1.2 0.449323 0.203431
1.4 0.456519 0.20648
1.6 0.464772 0.209964
1.8 0.474061 0.213869
2 0.484362 0.218179
2.2 0.49565 0.222877
2.4 0.507896 0.227943
2.6 0.521069 0.233357
2.8 0.535136 0.239097
3 0.550061 0.245139
3.2 0.565808 0.25146
3.4 0.582339 0.258033
3.6 0.599611 0.264833
3.8 0.617583 0.271833
4 0.636211 0.279003
4.2 0.655451 0.286317
4.4 0.675256 0.293745
4.6 0.695579 0.301258
4.8 0.716372 0.308826
5 0.737587 0.31642
5.2 0.759174 0.324011
5.4 0.781084 0.331569
5.6 0.803267 0.339065
5.8 0.825672 0.346472
6 0.848251 0.35376
6.2 0.870954 0.360902
6.4 0.89373 0.367873
6.6 0.916533 0.374646
6.8 0.939312 0.381197
7 0.96202 0.387503
7.2 0.984612 0.393541
7.4 1.00704 0.399289
7.6 1.02926 0.404729
7.8 1.05123 0.409843
8 1.07291 0.414612
8.2 1.09426 0.419022
8.4 1.11523 0.42306
8.6 1.13579 0.426713
8.8 1.15591 0.429971
9 1.17554 0.432825
9.2 1.19466 0.435269
9.4 1.21324 0.437296
9.6 1.23124 0.438905
9.8 1.24864 0.440092
10 1.26541 0.440858
10.2 1.28153 0.441204
10.4 1.29698 0.441134
10.6 1.31174 0.440653
10.8 1.32578 0.439766
11 1.3391 0.438482
11.2 1.35168 0.43681
11.4 1.3635 0.434762
11.6 1.37456 0.432348
11.8 1.38484 0.429583
12 1.39435 0.42648
12.2 1.40306 0.423056
12.4 1.41099 0.419327
12.6 1.41812 0.415311
12.8 1.42445 0.411026
13 1.42999 0.406491
13.2 1.43473 0.401725
13.4 1.43869 0.396749
13.6 1.44185 0.391583
13.8 1.44424 0.386248
14 1.44585 0.380765
14.2 1.44669 0.375156
14.4 1.44676 0.369441
14.6 1.44609 0.363642
14.8 1.44468 0.357779
15 1.44254 0.351873
15.2 1.43967 0.345945
15.4 1.4361 0.340013
15.6 1.43183 0.334098
15.8 1.42689 0.328219
16 1.42127 0.322392
16.2 1.415 0.316635
16.4 1.40809 0.310965
16.6 1.40055 0.305396
16.8 1.3924 0.299944
17 1.38366 0.294622
17.2 1.37434 0.289443
17.4 1.36445 0.284417
17.6 1.35401 0.279556
17.8 1.34304 0.274867
18 1.33155 0.270361
18.2 1.31956 0.266042
18.4 1.30708 0.261917
18.6 1.29413 0.257991
18.8 1.28073 0.254266
19 1.26689 0.250745
19.2 1.25263 0.24743
19.4 1.23796 0.244319
19.6 1.2229 0.241412
19.8 1.20747 0.238707
20 1.19169 0.2362
20.2 1.17556 0.233887
20.4 1.1591 0.231764
20.6 1.14234 0.229823
20.8 1.12529 0.228058
21 1.10796 0.226461
21.2 1.09037 0.225024
21.4 1.07254 0.223738
21.6 1.05449 0.222593
21.8 1.03623 0.221578
22 1.01777 0.220683
22.2 0.999141 0.219897
22.4 0.980353 0.219207
22.6 0.961425 0.218603
22.8 0.942374 0.218072
23 0.923218 0.217601
23.2 0.903973 0.217178
23.4 0.884658 0.216792
23.6 0.865289 0.216428
23.8 0.845886 0.216076
24 0.826465 0.215722
24.2 0.807045 0.215356
24.4 0.787643 0.214964
24.6 0.768278 0.214535
24.8 0.748966 0.214059
25 0.729726 0.213524
25.2 0.710576 0.212921
25.4 0.691532 0.212239
25.6 0.672613 0.211468
25.8 0.653836 0.210601
26 0.635218 0.209629
26.2 0.616776 0.208544
26.4 0.598526 0.207339
26.6 0.580485 0.206007
26.8 0.562668 0.204543
27 0.545092 0.202942
27.2 0.52777 0.201199
27.4 0.510719 0.19931
27.6 0.493952 0.197272
27.8 0.477483 0.195082
28 0.461325 0.19274
28.2 0.445491 0.190242
28.4 0.429991 0.18759
28.6 0.414839 0.184782
28.8 0.400043 0.18182
29 0.385614 0.178704
29.2 0.371561 0.175437
29.4 0.357892 0.172021
29.6 0.344614 0.168458
29.8 0.331734 0.164753
30 0.319258 0.160909
30.2 0.307191 0.15693
30.4 0.295537 0.15282
30.6 0.284299 0.148586
30.8 0.273479 0.144233
31 0.263078 0.139765
31.2 0.253098 0.13519
31.4 0.243538 0.130514
31.6 0.234397 0.125743
31.8 0.225673 0.120884
32 0.217363 0.115944
32.2 0.209464 0.11093
32.4 0.20197 0.10585
32.6 0.194877 0.100711
32.8 0.188179 0.0955199
33 0.18187 0.0902847
33.2 0.175941 0.0850127
33.4 0.170386 0.0797115
33.6 0.165195 0.0743886
33.8 0.16036 0.0690515
34 0.155871 0.0637076
34.2 0.151718 0.0583642
34.4 0.14789 0.0530286
34.6 0.144376 0.0477079
34.8 0.141166 0.0424092
35 0.138247 0.0371394
35.2 0.135609 0.0319052
35.4 0.133238 0.0267133
35.6 0.131124 0.0215702
35.8 0.129253 0.0164822
36 0.127613 0.0114554
36.2 0.126193 0.00649592
36.4 0.124979 0.00160951
36.6 0.123959 -0.00319818
36.8 0.123122 -0.00792167
37 0.122456 -0.0125557
37.2 0.121947 -0.017095
37.4 0.121586 -0.0215349
37.6 0.121361 -0.0258704
37.8 0.12126 -0.030097
38 0.121273 -0.0342102
38.2 0.121389 -0.0382059
38.4 0.121599 -0.0420798
38.6 0.121892 -0.0458283
38.8 0.122259 -0.0494474
39 0.122691 -0.0529336
39.2 0.12318 -0.0562835
39.4 0.123718 -0.0594938
39.6 0.124296 -0.0625615
39.8 0.124908 -0.0654836
40 0.125546 -0.0682574
40.2 0.126205 -0.0708802
40.4 0.126878 -0.0733495
40.6 0.127559 -0.0756632
40.8 0.128243 -0.077819
41 0.128926 -0.079815
41.2 0.129603 -0.0816494
41.4 0.130269 -0.0833205
41.6 0.130922 -0.084827
41.8 0.131556 -0.0861675
42 0.13217 -0.0873409
42.2 0.13276 -0.0883463
42.4 0.133324 -0.089183
42.6 0.133859 -0.0898504
42.8 0.134363 -0.0903481
43 0.134833 -0.0906762
43.2 0.135269 -0.0908345
43.4 0.135669 -0.0908234
43.6 0.13603 -0.0906433
43.8 0.136351 -0.0902951
44 0.136631 -0.0897795
44.2 0.136869 -0.0890979
44.4 0.137063 -0.0882516
44.6 0.137212 -0.0872423
44.8 0.137314 -0.0860719
45 0.13737 -0.0847425
45.2 0.137376 -0.0832565
45.4 0.137333 -0.0816166
45.6 0.137239 -0.0798257
45.8 0.137092 -0.077887
46 0.136891 -0.0758038
46.2 0.136634 -0.0735798
46.4 0.136321 -0.0712191
46.6 0.13595 -0.0687256
46.8 0.135519 -0.066104
47 0.135027 -0.0633588
47.2 0.134473 -0.0604949
47.4 0.133854 -0.0575176
47.6 0.133169 -0.0544321
47.8 0.132417 -0.0512441
48 0.131595 -0.0479594
48.2 0.130703 -0.0445839
48.4 0.12974 -0.0411239
48.6 0.128703 -0.0375857
48.8 0.127591 -0.0339759
49 0.126404 -0.0303012
49.2 0.12514 -0.0265684
49.4 0.123798 -0.0227844
49.6 0.122377 -0.0189564
49.8 0.120878 -0.0150915
50 0.119299 -0.0111969
50.2 0.11764 -0.00728
50.4 0.115902 -0.0033481
50.6 0.114084 0.000591409
50.8 0.112188 0.00453113
51 0.110214 0.00846366
51.2 0.108163 0.0123817
51.4 0.106037 0.0162778
51.6 0.103838 0.0201448
51.8 0.101567 0.0239756
52 0.0992281 0.0277629
52.2 0.0968228 0.0315
52.4 0.0943546 0.0351798
52.6 0.0918271 0.0387958
52.8 0.089244 0.0423415
53 0.0866096 0.0458104
53.2 0.0839284 0.0491964
53.4 0.0812052 0.0524937
53.6 0.0784451 0.0556964
53.8 0.0756537 0.0587992
54 0.0728367 0.0617968
54.2 0.0700001 0.0646842
54.4 0.0671503 0.0674568
54.6 0.0642938 0.0701101
54.8 0.0614374 0.0726401
55 0.058588 0.0750429
55.2 0.0557527 0.077315
55.4 0.0529389 0.0794532
55.6 0.0501539 0.0814546
55.8 0.0474051 0.0833166
56 0.0447001 0.085037
56.2 0.0420464 0.0866139
56.4 0.0394516 0.0880457
56.6 0.0369231 0.0893311
56.8 0.0344684 0.0904692
57 0.0320947 0.0914592
57.2 0.0298092 0.0923009
57.4 0.027619 0.0929944
57.6 0.0255307 0.0935398
57.8 0.0235509 0.0939379
58 0.0216859 0.0941895
58.2 0.0199417 0.0942958
58.4 0.0183238 0.0942583
58.6 0.0168376 0.0940788
58.8 0.015488 0.0937592
59 0.0142794 0.0933019
59.2 0.0132159 0.0927093
59.4 0.0123011 0.0919842
59.6 0.0115382 0.0911296
59.8 0.0109298 0.0901487
60 0.010478 0.0890448
60.2 0.0101845 0.0878216
60.4 0.0100504 0.0864828
60.6 0.0100762 0.0850323
60.8 0.0102621 0.0834742
61 0.0106076 0.0818128
61.2 0.0111116 0.0800523
61.4 0.0117726 0.0781973
61.6 0.0125885 0.0762522
61.8 0.0135568 0.0742219
62 0.0146742 0.0721111
62.2 0.0159373 0.0699245
62.4 0.017342 0.067667
62.6 0.0188837 0.0653437
62.8 0.0205574 0.0629594
63 0.0223577 0.0605192
63.2 0.024279 0.0580281
63.4 0.0263148 0.055491
63.6 0.0284589 0.0529131
63.8 0.0307042 0.0502993
64 0.0330438 0.0476546
64.2 0.0354701 0.044984
64.4 0.0379756 0.0422924
64.6 0.0405525 0.0395846
64.8 0.0431928 0.0368655
65 0.0458883 0.0341398
65.2 0.0486309 0.0314122
65.4 0.0514123 0.0286872
65.6 0.0542241 0.0259695
65.8 0.0570581 0.0232633
66 0.059906 0.0205731
66.2 0.0627595 0.017903
66.4 0.0656105 0.0152572
66.6 0.0684511 0.0126396
66.8 0.0712733 0.0100542
67 0.0740695 0.00750462
67.2 0.0768322 0.00499451
67.4 0.0795542 0.00252735
67.6 0.0822285 0.000106473
67.8 0.0848484 -0.00226494
68 0.0874075 -0.00458384
68.2 0.0898996 -0.00684734
68.4 0.092319 -0.00905272
68.6 0.0946603 -0.0111974
68.8 0.0969184 -0.013279
69 0.0990885 -0.0152952
69.2 0.101166 -0.0172441
69.4 0.103148 -0.0191236
69.6 0.10503 -0.0209321
69.8 0.106809 -0.0226681
70 0.108482 -0.0243301
70.2 0.110047 -0.025917
70.4 0.111502 -0.0274278
70.6 0.112845 -0.0288616
70.8 0.114076 -0.0302178
71 0.115192 -0.031496
71.2 0.116194 -0.0326959
71.4 0.117082 -0.0338173
71.6 0.117855 -0.0348605
71.8 0.118514 -0.0358255
72 0.119061 -0.036713
72.2 0.119495 -0.0375235
72.4 0.11982 -0.0382578
72.6 0.120036 -0.0389169
72.8 0.120145 -0.0395019
73 0.120149 -0.0400141
73.2 0.120052 -0.040455
73.4 0.119855 -0.0408262
73.6 0.119562 -0.0411294
73.8 0.119175 -0.0413666
74 0.118698 -0.0415398
74.2 0.118134 -0.0416512
74.4 0.117487 -0.041703
74.6 0.11676 -0.0416976
74.8 0.115956 -0.0416377
75 0.11508 -0.0415257
75.2 0.114135 -0.0413644
75.4 0.113125 -0.0411566
75.6 0.112055 -0.0409051
75.8 0.110927 -0.0406128
76 0.109746 -0.0402827
76.2 0.108516 -0.0399178
76.4 0.107241 -0.0395211
76.6 0.105925 -0.0390957
76.8 0.104571 -0.0386447
77 0.103184 -0.038171
77.2 0.101767 -0.0376777
77.4 0.100325 -0.0371679
77.6 0.0988605 -0.0366444
77.8 0.0973779 -0.0361104
78 0.0958806 -0.0355685
78.2 0.0943723 -0.0350216
78.4 0.0928566 -0.0344725
78.6 0.091337 -0.0339238
78.8 0.0898167 -0.0333779
79 0.0882994 -0.0328375
79.2 0.0867881 -0.0323046
79.4 0.0852861 -0.0317816
79.6 0.0837967 -0.0312705
79.8 0.0823229 -0.0307733
80 0.0808677 -0.0302916
80.2 0.079434 -0.0298271
80.4 0.0780249 -0.0293813
80.6 0.0766431 -0.0289555
80.8 0.0752914 -0.0285507
81 0.0739724 -0.0281681
81.2 0.0726889 -0.0278082
81.4 0.0714433 -0.0274719
81.6 0.0702382 -0.0271595
81.8 0.069076 -0.0268713
82 0.0679591 -0.0266073
82.2 0.0668897 -0.0263677
82.4 0.0658701 -0.026152
82.6 0.0649023 -0.0259599
82.8 0.0639884 -0.0257908
83 0.0631304 -0.025644
83.2 0.0623302 -0.0255186
83.4 0.0615894 -0.0254136
83.6 0.0609099 -0.0253279
83.8 0.0602932 -0.0252602
84 0.0597408 -0.0252089
84.2 0.059254 -0.0251727
84.4 0.058834 -0.0251499
84.6 0.058482 -0.0251388
84.8 0.0581991 -0.0251375
85 0.0579859 -0.0251441
85.2 0.0578433 -0.0251567
85.4 0.0577717 -0.0251733
85.6 0.0577717 -0.0251919
85.8 0.0578434 -0.0252102
86 0.057987 -0.0252263
86.2 0.0582023 -0.025238
86.4 0.0584891 -0.0252432
86.6 0.058847 -0.0252398
86.8 0.0592753 -0.0252257
87 0.0597732 -0.0251988
87.2 0.0603398 -0.0251572
87.4 0.0609738 -0.0250988
87.6 0.0616738 -0.0250218
87.8 0.0624384 -0.0249243
88 0.0632656 -0.0248047
88.2 0.0641535 -0.0246612
88.4 0.0651 -0.0244923
88.6 0.0661027 -0.0242966
88.8 0.0671591 -0.0240727
89 0.0682665 -0.0238193
89.2 0.0694219 -0.0235355
89.4 0.0706223 -0.0232201
89.6 0.0718644 -0.0228724
89.8 0.0731449 -0.0224916
90 0.0744601 -0.0220772
90.2 0.0758065 -0.0216286
90.4 0.0771802 -0.0211457
90.6 0.0785772 -0.0206282
90.8 0.0799935 -0.0200761
91 0.0814249 -0.0194894
91.2 0.0828673 -0.0188686
91.4 0.0843163 -0.0182138
91.6 0.0857675 -0.0175257
91.8 0.0872166 -0.0168049
92 0.0886592 -0.016052
92.2 0.0900908 -0.0152681
92.4 0.0915069 -0.014454
92.6 0.0929033 -0.0136109
92.8 0.0942754 -0.01274
93 0.0956189 -0.0118425
93.2 0.0969297 -0.0109199
93.4 0.0982035 -0.0099736
93.6 0.0994363 -0.00900515
93.8 0.100624 -0.00801617
94 0.101763 -0.00700833
94.2 0.102849 -0.00598336
94.4 0.103879 -0.00494303
94.6 0.10485 -0.00388916
94.8 0.105758 -0.00282359
95 0.1066 -0.00174821
95.2 0.107373 -0.000664893
95.4 0.108076 0.000424451
95.6 0.108705 0.00151792
95.8 0.109258 0.0026136
96 0.109734 0.0037096
96.2 0.11013 0.00480404
96.4 0.110446 0.00589505
96.6 0.110679 0.00698079
96.8 0.11083 0.00805947
97 0.110897 0.0091293
97.2 0.11088 0.0101886
97.4 0.110779 0.0112355
97.6 0.110594 0.0122686
97.8 0.110325 0.0132862
98 0.109973 0.0142867
98.2 0.109538 0.0152686
98.4 0.109022 0.0162307
98.6 0.108426 0.0171713
98.8 0.10775 0.0180893
99 0.106998 0.0189834
99.2 0.10617 0.0198525
99.4 0.105269 0.0206953
99.6 0.104297 0.0215108
99.8 0.103257 0.022298
100 0.10215 0.023056
100.2 0.10098 0.0237839
100.4 0.0997494 0.0244809
100.6 0.0984609 0.0251462
100.8 0.0971176 0.025779
101 0.0957227 0.0263789
101.2 0.0942792 0.026945
101.4 0.0927903 0.027477
101.6 0.0912594 0.0279744
101.8 0.0896897 0.0284366
102 0.0880845 0.0288634
102.2 0.086447 0.0292543
102.4 0.0847805 0.029609
102.6 0.0830883 0.0299275
102.8 0.0813736 0.0302093
103 0.0796395 0.0304544
103.2 0.0778892 0.0306626
103.4 0.0761256 0.0308338
103.6 0.0743518 0.030968
103.8 0.0725706 0.0310652
104 0.0707848 0.0311255
104.2 0.068997 0.0311488
104.4 0.0672099 0.0311352
104.6 0.0654258 0.031085
104.8 0.0636472 0.0309981
105 0.0618762 0.030875
105.2 0.0601149 0.0307157
105.4 0.0583654 0.0305206
105.6 0.0566293 0.0302898
105.8 0.0549086 0.0300239
106 0.0532047 0.029723
106.2 0.0515192 0.0293877
106.4 0.0498534 0.0290182
106.6 0.0482085 0.0286152
106.8 0.0465857 0.0281789
107 0.044986 0.0277101
107.2 0.0434103 0.0272091
107.4 0.0418595 0.0266767
107.6 0.0403342 0.0261133
107.8 0.0388352 0.0255197
108 0.037363 0.0248964
108.2 0.0359181 0.0242443
108.4 0.034501 0.023564
108.6 0.033112 0.0228562
108.8 0.0317516 0.0221218
109 0.03042 0.0213615
109.2 0.0291174 0.0205762
109.4 0.0278443 0.0197667
109.6 0.0266008 0.0189339
109.8 0.0253872 0.0180787
110 0.0242037 0.017202
110.2 0.0230505 0.0163047
110.4 0.021928 0.0153877
110.6 0.0208365 0.014452
110.8 0.0197762 0.0134986
111 0.0187476 0.0125284
111.2 0.0177509 0.0115424
111.4 0.0167867 0.0105416
111.6 0.0158554 0.00952689
111.8 0.0149576 0.00849928
112 0.0140938 0.00745974
112.2 0.0132646 0.00640922
112.4 0.0124708 0.00534868
112.6 0.0117129 0.00427905
112.8 0.0109919 0.00320125
113 0.0103086 0.0021162
113.2 0.00966372 0.00102479
113.4 0.00905828 -7.21255e-05
113.6 0.00849321 -0.00117368
113.8 0.00796949 -0.00227904
114 0.00748814 -0.0033874
114.2 0.00705019 -0.00449797
114.4 0.0066567 -0.00560999
114.6 0.00630873 -0.00672273
114.8 0.00600735 -0.00783546
115 0.00575361 -0.00894749
115.2 0.00554858 -0.0100582
115.4 0.00539327 -0.0111668
115.6 0.00528869 -0.0122728
115.8 0.00523579 -0.0133755
116 0.00523549 -0.0144744
116.2 0.00528862 -0.0155688
116.4 0.00539598 -0.0166582
116.6 0.00555828 -0.017742
116.8 0.00577612 -0.0188197
117 0.00605004 -0.0198906
117.2 0.00638046 -0.0209543
117.4 0.00676768 -0.0220102
117.6 0.00721188 -0.0230577
117.8 0.00771313 -0.0240962
118 0.00827134 -0.0251251
118.2 0.00888627 -0.0261438
118.4 0.00955757 -0.0271516
118.6 0.0102847 -0.0281479
118.8 0.0110669 -0.0291319
119 0.0119034 -0.0301029
119.2 0.0127931 -0.0310601
119.4 0.0137348 -0.0320027
119.6 0.0147272 -0.0329298
119.8 0.0157686 -0.0338404
120 0.0168573 -0.0347335
120.2 0.0179914 -0.0356082
120.4 0.0191688 -0.0364633
120.6 0.0203872 -0.0372977
120.8 0.0216442 -0.0381101
121 0.0229372 -0.0388992
121.2 0.0242633 -0.0396638
121.4 0.0256196 -0.0404023
121.6 0.0270031 -0.0411134
121.8 0.0284104 -0.0417955
122 0.0298383 -0.0424471
122.2 0.0312831 -0.0430664
122.4 0.0327413 -0.0436519
122.6 0.0342092 -0.0442018
122.8 0.0356829 -0.0447144
123 0.0371584 -0.0451878
123.2 0.0386318 -0.0456202
123.4 0.040099 -0.0460098
123.6 0.0415559 -0.0463548
123.8 0.0429983 -0.0466531
124 0.0444222 -0.046903
124.2 0.0458232 -0.0471027
124.4 0.0471973 -0.0472502
124.6 0.0485403 -0.0473437
124.8 0.0498481 -0.0473816
125 0.0511165 -0.047362
125.2 0.0523417 -0.0472833
125.4 0.0535197 -0.0471439
125.6 0.0546467 -0.0469423
125.8 0.055719 -0.046677
126 0.0567329 -0.0463469
126.2 0.0576851 -0.0459505
126.4 0.0585722 -0.0454869
126.6 0.0593911 -0.0449552
126.8 0.0601388 -0.0443545
127 0.0608126 -0.0436841
127.2 0.0614099 -0.0429437
127.4 0.0619282 -0.0421328
127.6 0.0623655 -0.0412514
127.8 0.0627198 -0.0402995
128 0.0629894 -0.0392774
128.2 0.0631729 -0.0381856
128.4 0.0632691 -0.0370247
128.6 0.0632769 -0.0357957
128.8 0.0631958 -0.0344995
129 0.0630252 -0.0331376
129.2 0.062765 -0.0317115
129.4 0.0624153 -0.0302229
129.6 0.0619764 -0.028674
129.8 0.061449 -0.0270667
130 0.060834 -0.0254037
130.2 0.0601323 -0.0236876
130.4 0.0593456 -0.0219211
130.6 0.0584753 -0.0201075
130.8 0.0575234 -0.0182498
131 0.0564921 -0.0163517
131.2 0.0553836 -0.0144167
131.4 0.0542005 -0.0124487
131.6 0.0529457 -0.0104516
131.8 0.0516222 -0.00842952
132 0.050233 -0.00638675
132.2 0.0487817 -0.00432766
132.4 0.0472717 -0.00225674
132.6 0.0457067 -0.000178572
132.8 0.0440906 0.00190218
133 0.0424274 0.0039808
133.2 0.0407211 0.00605251
133.4 0.0389759 0.00811252
133.6 0.0371961 0.010156
133.8 0.0353861 0.0121783
134 0.0335502 0.0141744
134.2 0.031693 0.0161398
134.4 0.0298188 0.0180697
134.6 0.0279321 0.0199596
134.8 0.0260375 0.021805
135 0.0241394 0.0236016
135.2 0.0222422 0.025345
135.4 0.0203503 0.0270313
135.6 0.0184679 0.0286565
135.8 0.0165994 0.0302169
136 0.0147489 0.031709
136.2 0.0129204 0.0331294
136.4 0.0111178 0.034475
136.6 0.00934494 0.035743
136.8 0.00760543 0.0369308
137 0.00590277 0.038036
137.2 0.00424032 0.0390566
137.4 0.00262123 0.0399907
137.6 0.00104849 0.0408367
137.8 -0.000475093 0.0415936
138 -0.00194692 0.0422602
138.2 -0.00336458 0.0428359
138.4 -0.00472588 0.0433205
138.6 -0.00602881 0.0437137
138.8 -0.00727161 0.0440158
139 -0.0084527 0.0442274
139.2 -0.00957074 0.0443493
139.4 -0.0106246 0.0443824
139.6 -0.0116134 0.0443283
139.8 -0.0125364 0.0441884
140 -0.0133931 0.0439648
140.2 -0.0141833 0.0436594
140.4 -0.0149069 0.0432748
140.6 -0.0155641 0.0428136
140.8 -0.0161552 0.0422784
141 -0.0166808 0.0416725
141.2 -0.0171416 0.0409988
141.4 -0.0175386 0.040261
141.6 -0.0178727 0.0394624
141.8 -0.0181454 0.0386068
142 -0.018358 0.0376979
142.2 -0.018512 0.0367398
142.4 -0.0186093 0.0357362
142.6 -0.0186517 0.0346914
142.8 -0.018641 0.0336094
143 -0.0185795 0.0324944
143.2 -0.0184692 0.0313505
143.4 -0.0183125 0.030182
143.6 -0.0181117 0.028993
143.8 -0.0178692 0.0277875
144 -0.0175875 0.0265698
144.2 -0.0172691 0.0253437
144.4 -0.0169166 0.0241133
144.6 -0.0165325 0.0228823
144.8 -0.0161195 0.0216545
145 -0.0156802 0.0204335
145.2 -0.0152171 0.0192228
145.4 -0.0147329 0.0180256
145.6 -0.0142301 0.0168452
145.8 -0.0137113 0.0156845
146 -0.0131788 0.0145464
146.2 -0.0126353 0.0134336
146.4 -0.0120829 0.0123485
146.6 -0.0115241 0.0112933
146.8 -0.0109611 0.0102702
147 -0.0103961 0.009281
147.2 -0.00983102 0.00832739
147.4 -0.009268 0.00741085
147.6 -0.00870889 0.00653262
147.8 -0.00815548 0.00569378
148 -0.00760948 0.00489519
148.2 -0.00707246 0.00413751
148.4 -0.00654592 0.00342121
148.6 -0.00603122 0.00274656
148.8 -0.00552963 0.00211367
149 -0.0050423 0.00152245
149.2 -0.00457028 0.000972647
149.4 -0.00411448 0.000463849
149.6 -0.00367573 -4.51671e-06
149.8 -0.00325474 -0.000433168
150 -0.00285211 -0.000822958
150.2 -0.00246833 -0.00117487
150.4 -0.0021038 -0.00149
150.6 -0.00175882 -0.00176956
150.8 -0.00143356 -0.00201484
151 -0.00112815 -0.00222724
151.2 -0.000842585 -0.00240823
151.4 -0.000576798 -0.00255932
151.6 -0.000330634 -0.0026821
151.8 -0.000103861 -0.00277821
152 0.000103823 -0.00284928
152.2 0.000292788 -0.00289702
152.4 0.000463464 -0.00292311
152.6 0.000616341 -0.00292924
152.8 0.000751959 -0.00291711
153 0.000870903 -0.0028884
153.2 0.000973801 -0.00284476
153.4 0.00106132 -0.0027878
153.6 0.00113414 -0.00271911
153.8 0.001193 -0.00264023
154 0.00123864 -0.00255264
154.2 0.0012718 -0.00245777
154.4 0.00129327 -0.00235698
154.6 0.00130381 -0.00225157
154.8 0.0013042 -0.00214277
155 0.00129523 -0.00203173
155.2 0.00127766 -0.00191952
155.4 0.00125225 -0.00180714
155.6 0.00121976 -0.00169551
155.8 0.00118092 -0.00158545
156 0.00113645 -0.00147772
156.2 0.00108703 -0.00137299
156.4 0.00103334 -0.00127186
156.6 0.000976019 -0.00117482
156.8 0.000915689 -0.00108231
157 0.000852933 -0.000994699
157.2 0.000788308 -0.000912255
157.4 0.000722335 -0.000835197
157.6 0.000655506 -0.000763671
157.8 0.000588276 -0.000697758
158 0.000521069 -0.000637482
158.2 0.000454272 -0.000582811
158.4 0.000388241 -0.00053366
158.6 0.000323294 -0.000489899
158.8 0.000259719 -0.000451353
159 0.000197771 -0.00041781
159.2 0.00013767 -0.000389026
159.4 7.96082e-05 -0.000364727
159.6 2.37461e-05 -0.000344613
159.8 -2.97841e-05 -0.000328366
160 -8.08777e-05 -0.000315653
160.2 -0.000129456 -0.000306128
160.4 -0.000175464 -0.00029944
160.6 -0.000218872 -0.000295232
160.8 -0.000259668 -0.00029315
161 -0.000297863 -0.000292843
161.2 -0.000333484 -0.000293968
161.4 -0.000366575 -0.000296192
161.6 -0.000397194 -0.000299194
161.8 -0.000425412 -0.000302672
162 -0.000451312 -0.000306338
162.2 -0.000474984 -0.000309926
162.4 -0.00049653 -0.000313192
162.6 -0.000516054 -0.000315915
162.8 -0.000533669 -0.000317895
163 -0.000549488 -0.00031896
163.2 -0.000563629 -0.000318962
163.4 -0.000576209 -0.00031778
163.6 -0.000587347 -0.000315317
163.8 -0.000597158 -0.000311502
164 -0.000605756 -0.000306288
164.2 -0.000613254 -0.000299654
164.4 -0.000619757 -0.000291601
164.6 -0.00062537 -0.000282152
164.8 -0.000630188 -0.000271354
165 -0.000634305 -0.000259269
165.2 -0.000637806 -0.00024598
165.4 -0.000640771 -0.000231587
165.6 -0.000643273 -0.000216203
165.8 -0.000645378 -0.000199956
166 -0.000647146 -0.000182982
166.2 -0.000648629 -0.000165429
166.4 -0.000649875 -0.000147453
166.6 -0.000650924 -0.000129212
166.8 -0.000651808 -0.000110872
167 -0.000652556 -9.25975e-05
167.2 -0.00065319 -7.45541e-05
167.4 -0.000653727 -5.6906e-05
167.6 -0.000654179 -3.98138e-05
167.8 -0.000654554 -2.34333e-05
168 -0.000654855 -7.91398e-06
168.2 -0.000655083 6.60233e-06
168.4 -0.000655235 1.99827e-05
168.6 -0.000655305 3.21041e-05
168.8 -0.000655286 4.28543e-05
169 -0.00065517 5.21332e-05
169.2 -0.000654945 5.98526e-05
169.4 -0.000654603 6.59377e-05
169.6 -0.00065413 7.03266e-05
169.8 -0.000653518 7.29716e-05
170 -0.000652756 7.38382e-05
170.2 -0.000651834 7.29061e-05
170.4 -0.000650745 7.01683e-05
170.6 -0.000649483 6.56316e-05
170.8 -0.000648043 5.93154e-05
171 -0.000646423 5.12519e-05
171.2 -0.000644622 4.14853e-05
171.4 -0.000642643 3.0071e-05
171.6 -0.00064049 1.70751e-05
171.8 -0.000638171 2.57336e-06
172 -0.000635694 -1.33494e-05
172.2 -0.000633072 -3.06006e-05
172.4 -0.00063032 -4.90804e-05
172.6 -0.000627455 -6.86832e-05
172.8 -0.000624497 -8.92982e-05
173 -0.000621466 -0.000110811
173.2 -0.000618386 -0.000133104
173.4 -0.000615283 -0.000156057
173.6 -0.000612184 -0.000179551
173.8 -0.000609116 -0.000203465
174 -0.00060611 -0.000227679
174.2 -0.000603195 -0.000252078
174.4 -0.000600403 -0.000276545
174.6 -0.000597764 -0.00030097
174.8 -0.00059531 -0.000325247
175 -0.000593072 -0.000349274
175.2 -0.00059108 -0.000372954
175.4 -0.000589363 -0.000396198
175.6 -0.000587951 -0.000418923
175.8 -0.000586871 -0.000441052
176 -0.000586148 -0.000462516
176.2 -0.000585806 -0.000483253
176.4 -0.000585867 -0.000503209
176.6 -0.000586352 -0.000522337
176.8 -0.000587277 -0.0005406
177 -0.000588657 -0.000557965
177.2 -0.000590506 -0.000574409
177.4 -0.000592832 -0.000589916
177.6 -0.000595642 -0.000604475
177.8 -0.00059894 -0.000618085
178 -0.000602727 -0.000630749
178.2 -0.000607001 -0.000642477
178.4 -0.000611758 -0.000653282
178.6 -0.00061699 -0.000663186
178.8 -0.000622685 -0.000672212
179 -0.000628831 -0.000680389
179.2 -0.000635412 -0.000687749
179.4 -0.00064241 -0.000694325
179.6 -0.000649802 -0.000700156
179.8 -0.000657567 -0.000705279
180 -0.000665678 -0.000709735
180.2 -0.000674109 -0.000713564
180.4 -0.00068283 -0.000716806
180.6 -0.000691811 -0.000719502
180.8 -0.00070102 -0.000721693
181 -0.000710423 -0.000723415
181.2 -0.000719987 -0.000724707
181.4 -0.000729675 -0.000725603
181.6 -0.000739454 -0.000726137
181.8 -0.000749286 -0.000726338
182 -0.000759136 -0.000726233
182.2 -0.000768967 -0.000725849
182.4 -0.000778744 -0.000725206
182.6 -0.00078843 -0.000724322
182.8 -0.000797992 -0.000723214
183 -0.000807394 -0.000721893
183.2 -0.000816603 -0.000720368
183.4 -0.000825586 -0.000718645
183.6 -0.000834313 -0.000716727
183.8 -0.000842752 -0.000714614
184 -0.000850876 -0.000712303
184.2 -0.000858656 -0.000709789
184.4 -0.000866066 -0.000707065
184.6 -0.000873082 -0.000704122
184.8 -0.00087968 -0.000700949
185 -0.00088584 -0.000697533
185.2 -0.000891542 -0.000693862
185.4 -0.000896768 -0.000689921
185.6 -0.0009015 -0.000685695
185.8 -0.000905724 -0.000681171
186 -0.000909427 -0.000676332
186.2 -0.000912597 -0.000671166
186.4 -0.000915223 -0.00066566
186.6 -0.000917298 -0.0006598
186.8 -0.000918812 -0.000653577
187 -0.000919761 -0.000646981
187.2 -0.00092014 -0.000640004
187.4 -0.000919945 -0.000632642
187.6 -0.000919174 -0.000624891
187.8 -0.000917826 -0.000616749
188 -0.0009159 -0.00060822
188.2 -0.000913397 -0.000599306
188.4 -0.00091032 -0.000590014
188.6 -0.000906671 -0.000580354
188.8 -0.000902454 -0.000570338
189 -0.000897673 -0.000559981
189.2 -0.000892332 -0.000549298
189.4 -0.000886438 -0.000538311
189.6 -0.000879998 -0.00052704
189.8 -0.000873017 -0.000515511
190 -0.000865505 -0.000503748
190.2 -0.000857469 -0.00049178
190.4 -0.000848917 -0.000479636
190.6 -0.00083986 -0.000467348
190.8 -0.000830308 -0.000454947
191 -0.000820271 -0.000442467
191.2 -0.00080976 -0.000429942
191.4 -0.000798788 -0.000417404
191.6 -0.000787366 -0.000404889
191.8 -0.000775508 -0.000392431
192 -0.000763227 -0.000380062
192.2 -0.000750539 -0.000367817
192.4 -0.000737457 -0.000355727
192.6 -0.000723998 -0.000343823
192.8 -0.000710179 -0.000332134
193 -0.000696017 -0.000320688
193.2 -0.000681531 -0.000309511
193.4 -0.000666738 -0.000298625
193.6 -0.00065166 -0.000288054
193.8 -0.000636317 -0.000277816
194 -0.00062073 -0.000267927
194.2 -0.000604922 -0.000258402
194.4 -0.000588916 -0.000249251
194.6 -0.000572736 -0.000240484
194.8 -0.000556407 -0.000232106
195 -0.000539954 -0.00022412
195.2 -0.000523404 -0.000216526
195.4 -0.000506783 -0.000209323
195.6 -0.000490119 -0.000202504
195.8 -0.00047344 -0.000196062
196 -0.000456775 -0.000189986
196.2 -0.000440153 -0.000184266
196.4 -0.000423603 -0.000178885
196.6 -0.000407155 -0.000173827
196.8 -0.000390838 -0.000169073
197 -0.000374682 -0.000164605
197.2 -0.000358717 -0.000160399
197.4 -0.000342971 -0.000156434
197.6 -0.000327476 -0.000152686
197.8 -0.000312258 -0.00014913
198 -0.000297346 -0.000145742
198.2 -0.000282768 -0.000142496
198.4 -0.00026855 -0.000139367
198.6 -0.000254718 -0.000136329
198.8 -0.000241297 -0.000133359
199 -0.000228309 -0.000130432
199.2 -0.000215778 -0.000127525
199.4 -0.000203723 -0.000124615
199.6 -0.000192165 -0.000121682
199.8 -0.00018112 -0.000118705
200 -0.000170604 -0.000115666
