-0.498 -0.0109133 0.00321822
-0.496 0.0278473 -0.00817222
-0.494 0.2247 -0.0668163
-0.492 0.661876 -0.195286
-0.49 1.36287 -0.392271
-0.488 2.26832 -0.622434
-0.486 3.22628 -0.813001
-0.484 4.00103 -0.859137
-0.482 4.30168 -0.638728
-0.48 3.8282 -0.0354741
-0.478 2.32951 1.03248
-0.476 -0.334982 2.58263
-0.474 -4.14052 4.54209
-0.472 -8.85899 6.73095
-0.47 -14.0467 8.85999
-0.468 -19.0636 10.5461
-0.466 -23.1262 11.3472
-0.464 -25.3908 10.8143
-0.462 -25.0606 8.55823
-0.46 -21.5048 4.32094
-0.458 -14.3759 -1.9553
-0.456 -3.7107 -10.0734
-0.454 10.0028 -19.5515
-0.452 25.8045 -29.626
-0.45 42.2977 -39.2934
-0.448 57.7468 -47.3911
-0.446 70.2321 -52.7118
-0.444 77.8522 -54.1422
-0.442 78.9542 -50.8105
-0.44 72.3651 -42.2241
-0.438 57.5954 -28.3811
-0.436 34.9845 -9.83653
-0.434 5.76366 12.2872
-0.432 -27.9803 36.3543
-0.43 -63.4436 60.3313
-0.428 -97.3392 81.9598
-0.426 -126.204 98.9696
-0.424 -146.75 109.315
-0.422 -156.221 111.407
-0.42 -152.726 104.33
-0.418 -135.5 87.9922
-0.416 -105.077 63.2228
-0.414 -63.341 31.7678
-0.412 -13.4441 -3.80667
-0.41 40.4068 -40.3112
-0.408 93.2945 -74.2176
-0.406 140.038 -102.008
-0.404 175.706 -120.554
-0.402 196.153 -127.488
-0.4 198.506 -121.514
-0.398 181.566 -102.625
-0.396 146.039 -72.1866
-0.394 94.5815 -32.8769
-0.392 31.6355 11.5263
-0.39 -36.9499 56.4857
-0.388 -104.459 97.1424
-0.386 -163.968 128.805
-0.384 -209.046 147.44
-0.382 -234.426 150.12
-0.38 -236.577 135.38
-0.378 -214.116 103.446
-0.376 -168.035 56.326
-0.374 -101.7 -2.27286
-0.372 -20.634 -67.1873
-0.37 67.9089 -132.201
-0.368 155.548 -190.58
-0.366 233.519 -235.712
-0.364 293.504 -261.777
-0.362 328.457 -264.409
-0.36 333.375 -241.25
-0.358 305.901 -192.343
-0.356 246.707 -120.294
-0.354 159.583 -30.1811
-0.352 51.2184 70.8092
-0.35 -69.3268 173.972
-0.348 -191.411 269.855
-0.346 -303.779 349.125
-0.344 -395.608 403.441
-0.342 -457.528 426.243
-0.34 -482.512 413.401
-0.338 -466.546 363.65
-0.336 -409.042 278.802
-0.334 -312.953 163.713
-0.332 -184.596 26.0119
-0.33 -33.2081 -124.388
-0.328 129.737 -275.973
-0.326 291.389 -416.477
-0.324 438.521 -533.834
-0.322 558.58 -617.184
-0.32 640.732 -657.838
-0.318 676.81 -650.127
-0.316 662.079 -592.033
-0.314 595.744 -485.526
-0.312 481.136 -336.553
-0.31 325.541 -154.663
-0.308 139.675 47.7069
-0.306 -63.1506 256.217
-0.304 -268.103 455.776
-0.302 -460.03 631.755
-0.3 -624.683 771.136
-0.298 -749.831 863.497
-0.296 -826.192 901.777
-0.294 -848.098 882.745
-0.292 -813.857 807.203
-0.29 -725.816 679.889
-0.288 -590.133 509.124
-0.286 -416.286 306.23
-0.284 -216.371 84.7409
-0.282 -4.23706 -140.545
-0.28 205.505 -354.621
-0.278 398.522 -543.376
-0.276 561.796 -694.661
-0.274 684.585 -799.226
-0.272 759.231 -851.447
-0.27 781.736 -849.743
-0.268 752.061 -796.648
-0.266 674.086 -698.514
-0.264 555.246 -564.867
-0.262 405.851 -407.487
-0.26 238.16 -239.318
-0.258 65.3077 -73.3155
-0.256 -99.8202 78.6528
-0.254 -245.641 206.741
-0.252 -362.77 303.833
-0.25 -444.674 365.974
-0.248 -488.05 392.517
-0.246 -492.908 385.99
-0.244 -462.39 351.718
-0.242 -402.336 297.233
-0.24 -320.675 231.521
-0.238 -226.672 164.152
-0.236 -130.096 104.359
-0.234 -40.3664 60.1314
-0.232 34.2691 37.4031
-0.23 87.4554 39.4086
-0.228 115.298 66.2886
-0.226 116.717 114.996
-0.224 93.5437 179.531
-0.222 50.333 251.494
-0.22 -6.09196 320.907
-0.218 -67.3344 377.218
-0.216 -124.28 410.373
-0.214 -168.024 411.852
-0.212 -190.761 375.548
-0.21 -186.551 298.416
-0.208 -151.883 180.836
-0.206 -85.9853 26.6893
-0.204 9.09753 -156.837
-0.202 128.666 -359.678
-0.2 265.698 -569.492
-0.198 411.311 -772.397
-0.196 555.296 -953.782
-0.194 686.71 -1099.19
-0.192 794.479 -1195.19
-0.19 868.038 -1230.33
-0.188 897.983 -1195.94
-0.186 876.734 -1086.96
-0.184 799.18 -902.557
-0.182 663.273 -646.562
-0.18 470.504 -327.635
-0.178 226.204 40.8867
-0.176 -60.3793 441.471
-0.174 -376.276 853.2
-0.172 -705.267 1252.85
-0.17 -1028.62 1616.19
-0.168 -1326.07 1919.37
-0.166 -1576.94 2140.38
-0.164 -1761.37 2260.41
-0.162 -1861.68 2265.15
-0.16 -1863.59 2145.84
-0.158 -1757.52 1900.21
-0.156 -1539.67 1533.14
-0.154 -1213 1057.03
-0.152 -787.896 491.858
-0.15 -282.472 -135.195
-0.148 277.6 -790.643
-0.146 859.917 -1436.15
-0.144 1426.85 -2030.59
-0.142 1937.76 -2532.69
-0.14 2351.9 -2904.05
-0.138 2631.78 -3112.44
-0.136 2746.68 -3134.96
-0.134 2676.06 -2960.75
-0.132 2412.38 -2592.93
-0.13 1962.95 -2049.36
-0.128 1350.52 -1362.23
-0.126 612.473 -576.209
-0.124 -201.449 254.568
-0.122 -1032.66 1070.5
-0.12 -1818.26 1811.13
-0.118 -2496.1 2419.97
-0.116 -3009.93 2849.07
-0.114 -3314.32 3063.08
-0.112 -3378.7 3042.4
-0.11 -3190.47 2785.17
-0.108 -2756.74 2308.11
-0.106 -2104.58 1645.89
-0.104 -1279.72 849.066
-0.102 -343.624 -19.2633
-0.1 631.01 -888.208
-0.098 1565.98 -1684.79
-0.096 2384.29 -2340.27
-0.094 3017.28 -2796.63
-0.092 3411.34 -3012.33
-0.09 3533.62 -2966.97
-0.088 3375.94 -2663.85
-0.086 2956.15 -2130.3
-0.084 2316.95 -1415.39
-0.082 1521.88 -585.353
-0.08 649.062 282.96
-0.078 -216.698 1109.71
-0.076 -992.469 1819.98
-0.074 -1605.54 2351.11
-0.072 -2000.62 2658.64
-0.07 -2145.22 2720.49
-0.068 -2032.81 2538.88
-0.066 -1683.44 2140.1
-0.064 -1142.03 1572.14
-0.062 -474.316 900.346
-0.06 239.184 201.461
-0.058 910.761 -443.602
-0.056 1454.19 -957.773
-0.054 1793.77 -1276
-0.052 1872.96 -1352.8
-0.05 1661.55 -1168.37
-0.048 1160.6 -732.333
-0.046 404.149 -84.494
-0.044 -542.651 707.803
-0.042 -1589.09 1555.68
-0.04 -2627.63 2357.51
-0.038 -3544.9 3009.56
-0.036 -4233.62 3417.09
-0.034 -4604.07 3504.8
-0.032 -4593.79 3225.21
-0.03 -4174.46 2564.27
-0.028 -3355.41 1543.67
-0.026 -2183.56 219.924
-0.024 -739.993 -1319.6
-0.022 866.335 -2963.15
-0.02 2507.25 -4583.04
-0.018 4045.72 -6045.57
-0.016 5347.33 -7221.81
-0.014 6292.04 -7998.64
-0.012 6785.52 -8289.29
-0.01 6768.96 -8042.46
-0.008 6226.31 -7249.04
-0.006 5187.78 -5945.29
-0.004 3728.94 -4211.78
-0.002 1964.97 -2167.73
0 40.3905 39.0286
0.002 -1884.6 2245.4
0.004 -3649.78 4288.33
0.006 -5110.56 6019.98
0.008 -6151.66 7321.17
0.01 -6697.37 8111.39
0.012 -6717.34 8354.42
0.014 -6227.48 8059.46
0.016 -5286.45 7277.89
0.018 -3988.48 6096.56
0.02 -2453.52 4628.71
0.022 -815.959 3003.37
0.024 787.183 1354.34
0.026 2227.71 -190.605
0.028 3396.61 -1519.62
0.03 4212.73 -2545.26
0.032 4629.11 -3210.95
0.034 4636.34 -3494.95
0.036 4262.73 -3411.3
0.038 3570.73 -3007.46
0.04 2650.07 -2358.74
0.042 1608.1 -1559.89
0.044 558.263 -714.665
0.046 -391.795 75.2687
0.048 -1151.26 721.008
0.05 -1654.88 1155.19
0.052 -1868.53 1337.97
0.054 -1791.1 1259.73
0.056 -1452.76 940.272
0.058 -910.062 425.077
0.06 -238.761 -220.792
0.062 474.842 -920.254
0.064 1142.94 -1592.39
0.066 1684.88 -2160.44
0.068 2034.84 -2559.08
0.07 2147.77 -2740.34
0.072 2003.54 -2677.96
0.074 1608.62 -2369.75
0.076 995.47 -1837.86
0.078 219.394 -1126.81
0.08 -646.861 -299.318
0.082 -1520.3 569.632
0.084 -2316.05 1400.15
0.086 -2955.89 2115.35
0.088 -3376.23 2648.98
0.09 -3534.3 2951.96
0.092 -3412.2 2996.98
0.094 -3018.12 2780.76
0.096 -2384.92 2323.77
0.098 -1566.25 1667.59
0.1 -630.859 870.326
0.102 344.204 0.76033
0.104 1280.66 -868.07
0.106 2105.71 -1665.23
0.108 2757.87 -2327.62
0.11 3191.37 -2804.64
0.112 3379.13 -3061.66
0.114 3314.07 -3081.99
0.116 3008.83 -2867.52
0.118 2494.06 -2437.91
0.12 1815.27 -1828.57
0.122 1028.78 -1087.48
0.124 196.814 -271.184
0.126 -617.659 559.838
0.128 -1356.03 1345.97
0.13 -1968.54 2033.1
0.132 -2417.82 2576.56
0.134 -2681.18 2944.21
0.136 -2751.37 3118.22
0.138 -2636 3095.53
0.14 -2355.69 2887.06
0.142 -1941.22 2515.74
0.144 -1430.14 2013.84
0.146 -863.233 1419.78
0.148 -281.141 774.851
0.15 278.527 120.164
0.152 783.412 -505.959
0.154 1207.91 -1070.06
0.156 1533.97 -1545
0.158 1751.29 -1910.85
0.16 1856.98 -2155.24
0.162 1854.88 -2273.32
0.164 1754.63 -2267.41
0.166 1570.5 -2146.27
0.168 1320.16 -1924.25
0.17 1023.42 -1620.14
0.172 700.884 -1255.96
0.174 372.758 -855.547
0.176 57.6861 -443.121
0.178 -228.187 -41.8961
0.18 -471.954 327.218
0.182 -664.409 646.694
0.184 -800.239 903.193
0.186 -877.945 1088.05
0.188 -899.542 1197.43
0.19 -870.088 1232.15
0.192 -797.095 1197.27
0.194 -689.893 1101.44
0.196 -558.973 956.125
0.198 -415.345 774.739
0.2 -269.907 571.753
0.202 -132.842 361.791
0.204 -13.0297 158.756
0.206 82.4844 -24.9909
0.208 148.958 -179.359
0.21 184.291 -297.138
0.212 189.185 -374.426
0.214 167.086 -410.826
0.216 123.871 -409.374
0.218 67.2984 -376.177
0.22 6.24189 -319.758
0.222 -50.1933 -250.181
0.224 -93.599 -178.017
0.226 -117.122 -113.261
0.228 -116.16 -64.3315
0.23 -88.828 -37.2446
0.232 -36.1489 -35.0607
0.234 38.0371 -57.6475
0.236 127.419 -101.773
0.238 223.777 -161.503
0.24 317.705 -228.84
0.242 399.427 -294.543
0.244 459.654 -349.03
0.246 490.421 -383.307
0.248 485.838 -389.833
0.25 442.713 -363.28
0.252 360.984 -301.12
0.254 243.914 -204.005
0.256 98.0024 -75.8988
0.258 -67.3795 76.071
0.26 -240.649 242.045
0.262 -408.902 410.141
0.264 -558.974 567.393
0.266 -678.562 700.851
0.268 -757.309 798.731
0.27 -787.732 851.513
0.272 -765.902 852.857
0.274 -691.823 800.244
0.276 -569.465 695.277
0.278 -406.475 543.604
0.28 -213.594 354.499
0.282 -3.8513 140.133
0.284 208.397 -85.3625
0.286 408.51 -306.97
0.288 582.607 -509.884
0.29 718.559 -680.572
0.292 806.859 -807.722
0.294 841.328 -883.024
0.296 819.604 -901.76
0.298 743.374 -863.152
0.3 618.311 -770.451
0.302 453.706 -630.743
0.304 261.807 -454.467
0.306 56.8818 -254.655
0.308 -145.899 -45.9479
0.31 -331.688 156.561
0.312 -487.161 338.532
0.314 -601.597 487.534
0.316 -667.712 594.027
0.318 -682.183 652.076
0.32 -645.818 659.723
0.322 -563.368 618.998
0.324 -443.02 535.578
0.326 -295.626 418.158
0.328 -133.753 277.605
0.33 29.3591 125.983
0.332 180.854 -24.4411
0.334 309.257 -162.159
0.336 405.337 -277.262
0.338 462.784 -362.124
0.34 478.66 -411.896
0.342 453.567 -424.769
0.344 391.534 -402.01
0.346 299.603 -347.75
0.348 187.157 -268.546
0.35 65.0266 -172.737
0.352 -55.5274 -69.6549
0.354 -163.862 31.2544
0.356 -250.921 121.29
0.358 -310.021 193.267
0.36 -337.378 242.111
0.362 -332.33 265.217
0.364 -297.241 262.543
0.366 -237.124 236.445
0.368 -159.028 191.287
0.37 -71.2765 132.885
0.372 17.3667 67.8503
0.374 98.5218 2.91299
0.376 164.937 -55.7127
0.378 211.092 -102.865
0.38 233.627 -134.838
0.382 231.556 -149.624
0.384 206.262 -146.995
0.386 161.279 -128.417
0.388 101.877 -96.816
0.39 34.486 -56.2234
0.392 -33.9727 -11.3298
0.394 -96.7862 33.0063
0.396 -148.108 72.2485
0.398 -183.503 102.619
0.4 -200.315 121.442
0.402 -197.842 127.349
0.404 -177.288 120.35
0.406 -141.524 101.741
0.408 -94.6988 73.8902
0.41 -41.7408 39.9279
0.412 12.17 3.37323
0.414 62.1186 -32.2441
0.416 103.901 -63.733
0.418 134.368 -88.5263
0.42 151.637 -104.877
0.422 155.178 -111.956
0.424 145.755 -109.854
0.426 125.263 -99.4891
0.428 96.4555 -82.4508
0.43 62.6209 -60.7869
0.432 27.2213 -36.7698
0.434 -6.45754 -12.6605
0.436 -35.6135 9.50577
0.438 -58.1611 28.091
0.44 -72.8706 41.9715
0.442 -79.4035 50.5911
0.444 -78.2502 53.9516
0.446 -70.584 52.5453
0.448 -58.0578 47.245
0.45 -42.5727 39.1645
0.452 -26.0479 29.5121
0.454 -10.2185 19.4514
0.456 3.51964 9.98668
0.458 14.2071 1.88192
0.46 21.3563 -4.3807
0.462 24.9311 -8.60416
0.464 25.279 -10.8465
0.466 23.0311 -11.3662
0.468 18.9842 -10.5531
0.47 13.9818 -8.85667
0.472 8.80716 -6.71938
0.474 4.10022 -4.52462
0.476 0.304543 -2.56167
0.478 -2.35182 -1.01028
0.48 -3.84406 0.0570062
0.482 -4.31267 0.658142
0.484 -4.0085 0.875504
0.486 -3.23131 0.825904
0.488 -2.27173 0.631899
0.49 -1.3652 0.398661
0.492 -0.663443 0.199173
0.494 -0.22568 0.0688571
0.496 -0.0283476 0.00900805
0.498 0.010768 -0.00302683
0.2 2.44541 -0.0423425
0.4 2.45618 -0.0417508
0.6 2.47407 -0.0407593
0.8 2.499 -0.0393604
1 2.53088 -0.0375432
1.2 2.56957 -0.0352938
1.4 2.61491 -0.0325954
1.6 2.66669 -0.029428
1.8 2.72472 -0.0257692
2 2.78873 -0.0215934
2.2 2.85846 -0.0168725
2.4 2.93362 -0.0115757
2.6 3.0139 -0.00566978
2.8 3.09895 0.0008808
3 3.18843 0.00811392
3.2 3.28197 0.0160695
3.4 3.37917 0.0247896
3.6 3.47964 0.0343177
3.8 3.58296 0.0446993
4 3.68873 0.0559813
4.2 3.79649 0.0682116
4.4 3.90583 0.0814396
4.6 4.0163 0.0957153
4.8 4.12746 0.11109
5 4.23887 0.127614
5.2 4.3501 0.145339
5.4 4.4607 0.164318
5.6 4.57026 0.184601
5.8 4.67836 0.206239
6 4.78458 0.229284
6.2 4.88853 0.253783
6.4 4.98983 0.279787
6.6 5.08811 0.307342
6.8 5.18301 0.336493
7 5.27422 0.367284
7.2 5.3614 0.399757
7.4 5.44427 0.433951
7.6 5.52257 0.469903
7.8 5.59604 0.507646
8 5.66446 0.547212
8.2 5.72763 0.588628
8.4 5.78538 0.631919
8.6 5.83756 0.677105
8.8 5.88405 0.724204
9 5.92476 0.773228
9.2 5.95962 0.824186
9.4 5.98859 0.877083
9.6 6.01165 0.931917
9.8 6.02882 0.988686
10 6.04012 1.04738
10.2 6.04563 1.10798
10.4 6.04543 1.17047
10.6 6.03963 1.23483
10.8 6.02837 1.30103
11 6.01179 1.36903
11.2 5.99008 1.43879
11.4 5.96342 1.51027
11.6 5.93204 1.58342
11.8 5.89617 1.65818
12 5.85605 1.7345
12.2 5.81193 1.81231
12.4 5.76411 1.89154
12.6 5.71285 1.97211
12.8 5.65846 2.05396
13 5.60123 2.13698
13.2 5.54148 2.22111
13.4 5.47951 2.30624
13.6 5.41565 2.39228
13.8 5.35021 2.47914
14 5.28351 2.56671
14.2 5.21587 2.65489
14.4 5.1476 2.74356
14.6 5.079 2.83263
14.8 5.01038 2.92197
15 4.94204 3.01148
15.2 4.87427 3.10104
15.4 4.80732 3.19053
15.6 4.74149 3.27984
15.8 4.677 3.36885
16 4.61412 3.45744
16.2 4.55305 3.5455
16.4 4.49401 3.6329
16.6 4.43721 3.71954
16.8 4.3828 3.8053
17 4.33096 3.89007
17.2 4.28184 3.97374
17.4 4.23554 4.05621
17.6 4.1922 4.13736
17.8 4.15189 4.2171
18 4.11469 4.29533
18.2 4.08065 4.37195
18.4 4.04981 4.44689
18.6 4.02219 4.52004
18.8 3.99779 4.59133
19 3.97659 4.66069
19.2 3.95857 4.72805
19.4 3.94367 4.79333
19.6 3.93183 4.85648
19.8 3.92297 4.91744
20 3.91701 4.97617
20.2 3.91383 5.03263
20.4 3.91332 5.08676
20.6 3.91536 5.13855
20.8 3.9198 5.18797
21 3.92651 5.235
21.2 3.93531 5.27962
21.4 3.94605 5.32183
21.6 3.95856 5.36162
21.8 3.97267 5.399
22 3.9882 5.43398
22.2 4.00496 5.46657
22.4 4.02277 5.49679
22.6 4.04146 5.52466
22.8 4.06082 5.55021
23 4.08068 5.57349
23.2 4.10086 5.59451
23.4 4.12117 5.61333
23.6 4.14144 5.63
23.8 4.1615 5.64455
24 4.18119 5.65704
24.2 4.20033 5.66753
24.4 4.21878 5.67607
24.6 4.23639 5.68271
24.8 4.25302 5.68753
25 4.26853 5.69058
25.2 4.28281 5.69193
25.4 4.29575 5.69163
25.6 4.30723 5.68976
25.8 4.31715 5.68637
26 4.32545 5.68152
26.2 4.33203 5.67529
26.4 4.33684 5.66774
26.6 4.33982 5.65891
26.8 4.34091 5.64888
27 4.3401 5.6377
27.2 4.33734 5.62542
27.4 4.33262 5.6121
27.6 4.32594 5.59779
27.8 4.31729 5.58253
28 4.30669 5.56637
28.2 4.29415 5.54936
28.4 4.2797 5.53153
28.6 4.26337 5.51292
28.8 4.2452 5.49356
29 4.22524 5.47349
29.2 4.20355 5.45272
29.4 4.18018 5.43128
29.6 4.15519 5.40919
29.8 4.12866 5.38648
30 4.10066 5.36314
30.2 4.07126 5.3392
30.4 4.04054 5.31466
30.6 4.00859 5.28952
30.8 3.97549 5.2638
31 3.94133 5.23748
31.2 3.90618 5.21058
31.4 3.87015 5.18308
31.6 3.83331 5.15498
31.8 3.79575 5.12627
32 3.75757 5.09695
32.2 3.71884 5.06701
32.4 3.67965 5.03643
32.6 3.64008 5.00521
32.8 3.60022 4.97334
33 3.56015 4.94081
33.2 3.51993 4.90761
33.4 3.47964 4.87372
33.6 3.43935 4.83915
33.8 3.39914 4.80389
34 3.35906 4.76792
34.2 3.31917 4.73125
34.4 3.27954 4.69388
34.6 3.24021 4.65581
34.8 3.20125 4.61704
35 3.16269 4.57757
35.2 3.12458 4.53742
35.4 3.08697 4.49659
35.6 3.04989 4.4551
35.8 3.01337 4.41297
36 2.97745 4.37022
36.2 2.94215 4.32687
36.4 2.90751 4.28295
36.6 2.87355 4.23849
36.8 2.84028 4.19353
37 2.80773 4.1481
37.2 2.77592 4.10223
37.4 2.74485 4.05599
37.6 2.71454 4.0094
37.8 2.685 3.96253
38 2.65625 3.91542
38.2 2.62828 3.86813
38.4 2.60111 3.82072
38.6 2.57475 3.77325
38.8 2.54919 3.72577
39 2.52444 3.67836
39.2 2.50051 3.63107
39.4 2.47739 3.58398
39.6 2.4551 3.53715
39.8 2.43363 3.49066
40 2.41299 3.44456
40.2 2.39317 3.39892
40.4 2.37417 3.35383
40.6 2.35601 3.30934
40.8 2.33868 3.26552
41 2.32217 3.22245
41.2 2.3065 3.18017
41.4 2.29166 3.13877
41.6 2.27765 3.09829
41.8 2.26447 3.05881
42 2.25213 3.02036
42.2 2.24061 2.98302
42.4 2.22993 2.94682
42.6 2.22007 2.91183
42.8 2.21105 2.87807
43 2.20284 2.84559
43.2 2.19546 2.81443
43.4 2.1889 2.78462
43.6 2.18315 2.75619
43.8 2.17821 2.72916
44 2.17406 2.70355
44.2 2.17071 2.67938
44.4 2.16814 2.65665
44.6 2.16634 2.63537
44.8 2.1653 2.61554
45 2.16501 2.59716
45.2 2.16545 2.58022
45.4 2.1666 2.56471
45.6 2.16845 2.55061
45.8 2.17097 2.53789
46 2.17415 2.52654
46.2 2.17795 2.51653
46.4 2.18236 2.50781
46.6 2.18734 2.50035
46.8 2.19287 2.49412
47 2.19891 2.48906
47.2 2.20543 2.48513
47.4 2.2124 2.48228
47.6 2.21978 2.48046
47.8 2.22754 2.47961
48 2.23562 2.47968
48.2 2.244 2.48061
48.4 2.25263 2.48233
48.6 2.26147 2.48479
48.8 2.27046 2.48792
49 2.27957 2.49167
49.2 2.28875 2.49596
49.4 2.29795 2.50074
49.6 2.30713 2.50595
49.8 2.31623 2.51151
50 2.32521 2.51737
50.2 2.33401 2.52347
50.4 2.3426 2.52976
50.6 2.35092 2.53616
50.8 2.35892 2.54264
51 2.36656 2.54913
51.2 2.37379 2.55558
51.4 2.38056 2.56194
51.6 2.38684 2.56817
51.8 2.39257 2.57423
52 2.39772 2.58007
52.2 2.40224 2.58565
52.4 2.40611 2.59094
52.6 2.40927 2.59591
52.8 2.41171 2.60053
53 2.41338 2.60477
53.2 2.41425 2.60861
53.4 2.41431 2.61203
53.6 2.41352 2.61502
53.8 2.41186 2.61756
54 2.40932 2.61963
54.2 2.40588 2.62125
54.4 2.40152 2.62239
54.6 2.39623 2.62306
54.8 2.39001 2.62325
55 2.38285 2.62299
55.2 2.37475 2.62226
55.4 2.36572 2.62108
55.6 2.35574 2.61945
55.8 2.34484 2.6174
56 2.33302 2.61493
56.2 2.3203 2.61206
56.4 2.30669 2.60882
56.6 2.29221 2.6052
56.8 2.27688 2.60125
57 2.26072 2.59696
57.2 2.24377 2.59238
57.4 2.22605 2.58752
57.6 2.20758 2.58239
57.8 2.18842 2.57703
58 2.16858 2.57146
58.2 2.14811 2.56569
58.4 2.12704 2.55975
58.6 2.10542 2.55366
58.8 2.08329 2.54744
59 2.0607 2.54111
59.2 2.03767 2.53468
59.4 2.01427 2.52819
59.6 1.99053 2.52163
59.8 1.96651 2.51503
60 1.94225 2.50841
60.2 1.9178 2.50177
60.4 1.89321 2.49513
60.6 1.86852 2.48849
60.8 1.84378 2.48187
61 1.81905 2.47527
61.2 1.79436 2.4687
61.4 1.76976 2.46216
61.6 1.7453 2.45566
61.8 1.72102 2.44919
62 1.69697 2.44277
62.2 1.67318 2.43637
62.4 1.64971 2.43001
62.6 1.62658 2.42368
62.8 1.60384 2.41738
63 1.58152 2.41109
63.2 1.55966 2.40482
63.4 1.53829 2.39855
63.6 1.51744 2.39227
63.8 1.49714 2.38598
64 1.47741 2.37966
64.2 1.45828 2.37331
64.4 1.43977 2.3669
64.6 1.4219 2.36044
64.8 1.40469 2.35391
65 1.38815 2.3473
65.2 1.37229 2.34059
65.4 1.35713 2.33377
65.6 1.34267 2.32683
65.8 1.32892 2.31976
66 1.31588 2.31254
66.2 1.30355 2.30516
66.4 1.29192 2.29762
66.6 1.28099 2.2899
66.8 1.27077 2.28199
67 1.26122 2.27388
67.2 1.25235 2.26555
67.4 1.24414 2.25701
67.6 1.23657 2.24824
67.8 1.22963 2.23924
68 1.22329 2.22999
68.2 1.21754 2.22049
68.4 1.21234 2.21074
68.6 1.20768 2.20073
68.8 1.20352 2.19044
69 1.19983 2.17989
69.2 1.19659 2.16906
69.4 1.19377 2.15795
69.6 1.19132 2.14656
69.8 1.18922 2.13489
70 1.18743 2.12293
70.2 1.18591 2.11068
70.4 1.18462 2.09815
70.6 1.18354 2.08532
70.8 1.18262 2.07221
71 1.18182 2.0588
71.2 1.1811 2.04511
71.4 1.18043 2.03112
71.6 1.17976 2.01684
71.8 1.17906 2.00227
72 1.17829 1.98742
72.2 1.17741 1.97227
72.4 1.17639 1.95684
72.6 1.17518 1.94112
72.8 1.17376 1.92511
73 1.17209 1.90881
73.2 1.17013 1.89223
73.4 1.16785 1.87537
73.6 1.16522 1.85821
73.8 1.16222 1.84078
74 1.15881 1.82306
74.2 1.15496 1.80506
74.4 1.15066 1.78677
74.6 1.14588 1.7682
74.8 1.14061 1.74936
75 1.13481 1.73023
75.2 1.12848 1.71082
75.4 1.12159 1.69114
75.6 1.11415 1.67119
75.8 1.10613 1.65095
76 1.09753 1.63045
76.2 1.08835 1.60969
76.4 1.07858 1.58865
76.6 1.06822 1.56736
76.8 1.05727 1.54581
77 1.04574 1.52401
77.2 1.03363 1.50197
77.4 1.02094 1.47969
77.6 1.0077 1.45718
77.8 0.993916 1.43445
78 0.979597 1.4115
78.2 0.964764 1.38836
78.4 0.949436 1.36502
78.6 0.933634 1.3415
78.8 0.917382 1.31782
79 0.900703 1.29399
79.2 0.883625 1.27003
79.4 0.866176 1.24595
79.6 0.848385 1.22176
79.8 0.830284 1.1975
80 0.811904 1.17317
80.2 0.79328 1.14881
80.4 0.774445 1.12443
80.6 0.755436 1.10005
80.8 0.736287 1.07571
81 0.717036 1.05142
81.2 0.69772 1.02721
81.4 0.678377 1.00311
81.6 0.659043 0.979146
81.8 0.639756 0.955348
82 0.620555 0.931744
82.2 0.601476 0.908363
82.4 0.582556 0.885236
82.6 0.563831 0.862393
82.8 0.545337 0.839865
83 0.527108 0.817681
83.2 0.509179 0.795873
83.4 0.491583 0.774472
83.6 0.47435 0.753507
83.8 0.457511 0.733008
84 0.441094 0.713005
84.2 0.425128 0.693527
84.4 0.409638 0.674602
84.6 0.394647 0.656256
84.8 0.380179 0.638516
85 0.366252 0.621407
85.2 0.352886 0.604952
85.4 0.340097 0.589175
85.6 0.3279 0.574096
85.8 0.316306 0.559735
86 0.305326 0.546108
86.2 0.294969 0.533233
86.4 0.285239 0.521123
86.6 0.27614 0.50979
86.8 0.267675 0.499245
87 0.259843 0.489496
87.2 0.252641 0.480548
87.4 0.246065 0.472404
87.6 0.240107 0.465068
87.8 0.234761 0.458537
88 0.230014 0.452809
88.2 0.225854 0.447878
88.4 0.222268 0.443736
88.6 0.219239 0.440374
88.8 0.21675 0.43778
89 0.214782 0.435938
89.2 0.213315 0.434832
89.4 0.212326 0.434443
89.6 0.211793 0.43475
89.8 0.211691 0.435731
90 0.211995 0.437359
90.2 0.21268 0.43961
90.4 0.213718 0.442452
90.6 0.215082 0.445857
90.8 0.216744 0.449793
91 0.218676 0.454226
91.2 0.220847 0.459121
91.4 0.223231 0.464444
91.6 0.225798 0.470155
91.8 0.228518 0.476219
92 0.231363 0.482596
92.2 0.234305 0.489246
92.4 0.237315 0.496131
92.6 0.240367 0.503209
92.8 0.243432 0.51044
93 0.246484 0.517784
93.2 0.249499 0.525201
93.4 0.252451 0.532649
93.6 0.255317 0.540089
93.8 0.258073 0.547482
94 0.260699 0.554789
94.2 0.263174 0.561972
94.4 0.265479 0.568994
94.6 0.267596 0.575818
94.8 0.269508 0.582411
95 0.2712 0.588739
95.2 0.272658 0.594769
95.4 0.27387 0.60047
95.6 0.274824 0.605814
95.8 0.275511 0.610773
96 0.275923 0.615321
96.2 0.276053 0.619434
96.4 0.275895 0.62309
96.6 0.275445 0.62627
96.8 0.274702 0.628954
97 0.273664 0.631127
97.2 0.27233 0.632774
97.4 0.270703 0.633883
97.6 0.268784 0.634445
97.8 0.266578 0.634451
98 0.264091 0.633896
98.2 0.261327 0.632775
98.4 0.258293 0.631087
98.6 0.255 0.628832
98.8 0.251454 0.626012
99 0.247666 0.62263
99.2 0.243647 0.618693
99.4 0.239407 0.614209
99.6 0.23496 0.609186
99.8 0.230317 0.603636
100 0.225492 0.597571
100.2 0.220498 0.591006
100.4 0.215349 0.583955
100.6 0.210059 0.576437
100.8 0.204642 0.568468
101 0.199114 0.560068
101.2 0.193487 0.551257
101.4 0.187778 0.542058
101.6 0.182001 0.53249
101.8 0.17617 0.522578
102 0.170299 0.512345
102.2 0.164402 0.501815
102.4 0.158494 0.491012
102.6 0.152588 0.479962
102.8 0.146696 0.468688
103 0.140831 0.457217
103.2 0.135006 0.445573
103.4 0.129233 0.433781
103.6 0.123522 0.421868
103.8 0.117884 0.409857
104 0.11233 0.397773
104.2 0.106869 0.38564
104.4 0.101509 0.373483
104.6 0.0962597 0.361323
104.8 0.0911281 0.349184
105 0.0861213 0.337088
105.2 0.0812456 0.325055
105.4 0.0765068 0.313107
105.6 0.07191 0.301264
105.8 0.0674595 0.289542
106 0.0631594 0.277962
106.2 0.0590126 0.266539
106.4 0.0550219 0.255291
106.6 0.0511893 0.244231
106.8 0.0475161 0.233374
107 0.0440034 0.222733
107.2 0.0406513 0.21232
107.4 0.0374598 0.202147
107.6 0.0344282 0.192223
107.8 0.0315553 0.182556
108 0.0288398 0.173156
108.2 0.0262796 0.16403
108.4 0.0238723 0.155182
108.6 0.0216153 0.146618
108.8 0.0195055 0.138343
109 0.0175397 0.130359
109.2 0.0157143 0.122669
109.4 0.0140253 0.115274
109.6 0.0124688 0.108175
109.8 0.0110405 0.101371
110 0.00973601 0.0948616
110.2 0.00855075 0.0886447
110.4 0.00748005 0.0827178
110.6 0.00651915 0.0770779
110.8 0.00566321 0.0717213
111 0.00490734 0.0666435
111.2 0.00424662 0.0618398
111.4 0.00367612 0.0573047
111.6 0.00319091 0.0530324
111.8 0.00278609 0.0490166
112 0.00245678 0.0452506
112.2 0.00219818 0.0417274
112.4 0.00200551 0.0384397
112.6 0.00187411 0.0353799
112.8 0.00179938 0.0325402
113 0.00177681 0.0299124
113.2 0.001802 0.0274885
113.4 0.00187066 0.02526
113.6 0.0019786 0.0232185
113.8 0.00212178 0.0213555
114 0.00229625 0.0196624
114.2 0.0024982 0.0181306
114.4 0.00272394 0.0167517
114.6 0.00296992 0.0155169
114.8 0.00323272 0.0144179
115 0.00350904 0.0134463
115.2 0.00379571 0.0125937
115.4 0.00408971 0.0118519
115.6 0.00438812 0.0112129
115.8 0.00468818 0.0106689
116 0.00498723 0.010212
116.2 0.00528274 0.00983478
116.4 0.00557232 0.00952982
116.6 0.00585368 0.00928999
116.8 0.00612466 0.00910835
117 0.00638323 0.00897821
117.2 0.00662745 0.00889308
117.4 0.00685552 0.00884675
117.6 0.00706575 0.00883322
117.8 0.00725654 0.00884679
118 0.00742645 0.00888199
118.2 0.00757411 0.00893363
118.4 0.00769829 0.00899678
118.6 0.00779786 0.0090668
118.8 0.00787179 0.00913933
119 0.00791921 0.00921029
119.2 0.00793932 0.00927587
119.4 0.00793145 0.00933257
119.6 0.00789507 0.00937717
119.8 0.00782973 0.00940676
120 0.00773513 0.00941871
120.2 0.00761109 0.00941069
120.4 0.00745756 0.00938067
120.6 0.00727459 0.00932693
120.8 0.0070624 0.00924805
121 0.0068213 0.0091429
121.2 0.00655177 0.00901067
121.4 0.0062544 0.00885085
121.6 0.00592994 0.00866324
121.8 0.00557925 0.00844794
122 0.00520336 0.00820536
122.2 0.00480341 0.00793622
122.4 0.00438071 0.00764153
122.6 0.00393669 0.00732262
122.8 0.00347293 0.00698112
123 0.00299114 0.00661894
123.2 0.00249319 0.00623832
123.4 0.00198107 0.00584176
123.6 0.0014569 0.00543208
123.8 0.000922945 0.00501235
124 0.000381582 0.00458595
124.2 -0.000164677 0.00415651
124.4 -0.000713207 0.00372793
124.6 -0.00126127 0.00330436
124.8 -0.00180602 0.00289022
125 -0.00234452 0.00249013
125.2 -0.00287372 0.00210896
125.4 -0.00339052 0.00175177
125.6 -0.00389172 0.00142384
125.8 -0.00437405 0.00113061
126 -0.00483421 0.000877698
126.2 -0.00526883 0.000670872
126.4 -0.00567452 0.000516022
126.6 -0.00604785 0.000419156
126.8 -0.0063854 0.000386366
127 -0.00668374 0.000423817
127.2 -0.00693944 0.000537719
127.4 -0.00714911 0.000734302
127.6 -0.0073094 0.0010198
127.8 -0.00741699 0.0014004
128 -0.00746864 0.00188227
128.2 -0.00746117 0.00247146
128.4 -0.00739151 0.00317393
128.6 -0.00725667 0.00399551
128.8 -0.00705378 0.00494184
129 -0.0067801 0.00601841
129.2 -0.006433 0.00723043
129.4 -0.00601004 0.00858291
129.6 -0.0055089 0.0100806
129.8 -0.00492745 0.0117278
130 -0.00426373 0.0135286
130.2 -0.00351597 0.0154868
130.4 -0.0026826 0.0176056
130.6 -0.00176226 0.019888
130.8 -0.00075378 0.0223363
131 0.000343766 0.0249527
131.2 0.00153109 0.0277384
131.4 0.00280868 0.0306947
131.6 0.00417678 0.0338219
131.8 0.0056354 0.0371199
132 0.0071843 0.040588
132.2 0.00882302 0.0442251
132.4 0.0105508 0.0480293
132.6 0.0123668 0.0519982
132.8 0.0142696 0.0561288
133 0.0162579 0.0604174
133.2 0.01833 0.0648598
133.4 0.020484 0.069451
133.6 0.0227176 0.0741857
133.8 0.0250285 0.0790577
134 0.0274141 0.0840603
134.2 0.0298714 0.0891862
134.4 0.0323975 0.0944277
134.6 0.034989 0.0997762
134.8 0.0376425 0.105223
135 0.0403543 0.110758
135.2 0.0431204 0.116372
135.4 0.0459369 0.122054
135.6 0.0487996 0.127794
135.8 0.0517039 0.13358
136 0.0546454 0.1394
136.2 0.0576193 0.145243
136.4 0.0606208 0.151096
136.6 0.0636449 0.156947
136.8 0.0666864 0.162782
137 0.0697401 0.16859
137.2 0.0728007 0.174357
137.4 0.0758628 0.18007
137.6 0.0789206 0.185715
137.8 0.0819688 0.19128
138 0.0850014 0.196752
138.2 0.0880128 0.202118
138.4 0.0909971 0.207365
138.6 0.0939485 0.21248
138.8 0.0968609 0.217451
139 0.0997284 0.222266
139.2 0.102545 0.226914
139.4 0.105305 0.231383
139.6 0.108001 0.235663
139.8 0.110629 0.239743
140 0.113182 0.243614
140.2 0.115653 0.247267
140.4 0.118037 0.250692
140.6 0.120328 0.253883
140.8 0.12252 0.256832
141 0.124607 0.259532
141.2 0.126583 0.261978
141.4 0.128442 0.264165
141.6 0.130179 0.266088
141.8 0.131788 0.267745
142 0.133262 0.269132
142.2 0.134598 0.270249
142.4 0.135789 0.271094
142.6 0.13683 0.271667
142.8 0.137716 0.271969
143 0.138443 0.272001
143.2 0.139005 0.271766
143.4 0.139397 0.271268
143.6 0.139616 0.270511
143.8 0.139658 0.269498
144 0.139518 0.268237
144.2 0.139192 0.266733
144.4 0.138678 0.264994
144.6 0.137972 0.263027
144.8 0.137072 0.260841
145 0.135975 0.258444
145.2 0.134678 0.255848
145.4 0.133181 0.25306
145.6 0.131481 0.250093
145.8 0.129578 0.246958
146 0.127472 0.243665
146.2 0.125162 0.240227
146.4 0.122648 0.236656
146.6 0.119933 0.232965
146.8 0.117017 0.229165
147 0.113902 0.225269
147.2 0.110591 0.221291
147.4 0.107087 0.217243
147.6 0.103394 0.213138
147.8 0.0995168 0.208989
148 0.0954595 0.204808
148.2 0.0912282 0.200607
148.4 0.0868292 0.1964
148.6 0.0822697 0.192197
148.8 0.0775573 0.18801
149 0.0727004 0.183851
149.2 0.0677081 0.179731
149.4 0.0625901 0.175659
149.6 0.0573571 0.171646
149.8 0.0520201 0.167701
150 0.0465911 0.163833
150.2 0.0410826 0.16005
150.4 0.0355079 0.156359
150.6 0.0298808 0.152768
150.8 0.0242158 0.149282
151 0.0185282 0.145908
151.2 0.0128336 0.142651
151.4 0.00714846 0.139514
151.6 0.00148953 0.136501
151.8 -0.00412577 0.133615
152 -0.00967961 0.130858
152.2 -0.0151537 0.128231
152.4 -0.0205294 0.125735
152.6 -0.0257877 0.12337
152.8 -0.0309093 0.121135
153 -0.0358747 0.119028
153.2 -0.0406641 0.117048
153.4 -0.0452577 0.115192
153.6 -0.0496356 0.113457
153.8 -0.0537777 0.111837
154 -0.0576643 0.11033
154.2 -0.0612756 0.108929
154.4 -0.064592 0.10763
154.6 -0.0675942 0.106426
154.8 -0.0702633 0.10531
155 -0.0725806 0.104276
155.2 -0.0745281 0.103316
155.4 -0.0760882 0.102423
155.6 -0.077244 0.101589
155.8 -0.0779792 0.100805
156 -0.0782783 0.100063
156.2 -0.0781268 0.0993549
156.4 -0.0775108 0.0986713
156.6 -0.0764175 0.0980036
156.8 -0.0748352 0.0973426
157 -0.0727533 0.0966796
157.2 -0.0701623 0.0960055
157.4 -0.0670538 0.0953114
157.6 -0.0634208 0.0945885
157.8 -0.0592578 0.0938282
158 -0.0545602 0.0930218
158.2 -0.0493253 0.0921609
158.4 -0.0435516 0.0912376
158.6 -0.0372391 0.0902437
158.8 -0.0303893 0.0891719
159 -0.0230053 0.0880146
159.2 -0.0150917 0.086765
159.4 -0.00665479 0.0854165
159.6 0.00229771 0.0839627
159.8 0.0117564 0.0823978
160 0.0217104 0.0807165
160.2 0.0321472 0.0789137
160.4 0.0430527 0.0769849
160.6 0.0544113 0.074926
160.8 0.0662059 0.0727333
161 0.078418 0.0704038
161.2 0.0910276 0.0679348
161.4 0.104013 0.0653242
161.6 0.117352 0.0625704
161.8 0.13102 0.0596721
162 0.144993 0.0566289
162.2 0.159243 0.0534405
162.4 0.173743 0.0501074
162.6 0.188466 0.0466305
162.8 0.20338 0.043011
163 0.218457 0.039251
163.2 0.233665 0.0353528
163.4 0.248972 0.0313192
163.6 0.264347 0.0271535
163.8 0.279756 0.0228596
164 0.295167 0.0184415
164.2 0.310546 0.0139039
164.4 0.325859 0.00925198
164.6 0.341074 0.00449109
164.8 0.356157 -0.000372879
165 0.371073 -0.00533371
165.2 0.385791 -0.0103848
165.4 0.400278 -0.0155192
165.6 0.414501 -0.0207298
165.8 0.428428 -0.0260088
166 0.442029 -0.0313486
166.2 0.455273 -0.0367409
166.4 0.468131 -0.0421775
166.6 0.480575 -0.0476497
166.8 0.492577 -0.0531488
167 0.50411 -0.0586657
167.2 0.515151 -0.0641915
167.4 0.525675 -0.0697167
167.6 0.535659 -0.0752321
167.8 0.545084 -0.080728
168 0.553929 -0.0861951
168.2 0.562177 -0.0916235
168.4 0.569811 -0.0970038
168.6 0.576817 -0.102326
168.8 0.583181 -0.107581
169 0.588894 -0.112759
169.2 0.593945 -0.117851
169.4 0.598326 -0.122846
169.6 0.602032 -0.127737
169.8 0.605059 -0.132513
170 0.607404 -0.137165
170.2 0.609066 -0.141686
170.4 0.610047 -0.146065
170.6 0.610351 -0.150296
170.8 0.609981 -0.154369
171 0.608943 -0.158277
171.2 0.607247 -0.162013
171.4 0.604901 -0.165569
171.6 0.601917 -0.168938
171.8 0.598308 -0.172114
172 0.594088 -0.175091
172.2 0.589272 -0.177863
172.4 0.583877 -0.180425
172.6 0.577921 -0.182772
172.8 0.571424 -0.1849
173 0.564407 -0.186804
173.2 0.55689 -0.188482
173.4 0.548896 -0.189931
173.6 0.540448 -0.191147
173.8 0.531571 -0.19213
174 0.522288 -0.192877
174.2 0.512626 -0.193389
174.4 0.50261 -0.193665
174.6 0.492266 -0.193705
174.8 0.481621 -0.19351
175 0.470701 -0.193081
175.2 0.459534 -0.192421
175.4 0.448146 -0.191532
175.6 0.436564 -0.190417
175.8 0.424815 -0.18908
176 0.412925 -0.187525
176.2 0.400921 -0.185756
176.4 0.388829 -0.183779
176.6 0.376674 -0.181599
176.8 0.364481 -0.179223
177 0.352274 -0.176657
177.2 0.340078 -0.173908
177.4 0.327916 -0.170984
177.6 0.315809 -0.167892
177.8 0.303779 -0.164642
178 0.291848 -0.161241
178.2 0.280034 -0.157698
178.4 0.268357 -0.154023
178.6 0.256834 -0.150225
178.8 0.245483 -0.146314
179 0.234319 -0.1423
179.2 0.223358 -0.138192
179.4 0.212612 -0.134002
179.6 0.202096 -0.12974
179.8 0.191819 -0.125415
180 0.181794 -0.121039
180.2 0.17203 -0.116622
180.4 0.162535 -0.112174
180.6 0.153316 -0.107705
180.8 0.144381 -0.103227
181 0.135733 -0.0987487
181.2 0.127378 -0.0942805
181.4 0.119319 -0.089832
181.6 0.111559 -0.0854129
181.8 0.104099 -0.0810323
182 0.0969386 -0.0766993
182.2 0.0900788 -0.0724225
182.4 0.0835181 -0.0682102
182.6 0.0772547 -0.0640704
182.8 0.0712859 -0.0600105
183 0.0656084 -0.0560378
183.2 0.0602181 -0.052159
183.4 0.0551106 -0.0483802
183.6 0.0502806 -0.0447072
183.8 0.0457223 -0.0411455
184 0.0414296 -0.0376998
184.2 0.0373958 -0.0343744
184.4 0.0336139 -0.0311731
184.6 0.0300764 -0.0280992
184.8 0.0267756 -0.0251556
185 0.0237036 -0.0223446
185.2 0.0208521 -0.0196678
185.4 0.0182128 -0.0171266
185.6 0.015777 -0.0147217
185.8 0.0135362 -0.0124535
186 0.0114817 -0.0103217
186.2 0.00960467 -0.00832566
186.4 0.00789638 -0.00646433
186.6 0.00634813 -0.00473612
186.8 0.00495127 -0.0031391
187 0.00369724 -0.0016709
187.2 0.0025776 -0.00032879
187.4 0.00158406 0.000890302
187.6 0.000708481 0.00198979
187.8 -5.70642e-05 0.00297339
188 -0.000720314 0.0038451
188.2 -0.00128878 0.00460916
188.4 -0.00176973 0.00527006
188.6 -0.00217018 0.00583247
188.8 -0.00249689 0.00630124
189 -0.00275635 0.00668135
189.2 -0.00295476 0.00697792
189.4 -0.00309803 0.00719615
189.6 -0.0031918 0.0073413
189.8 -0.00324139 0.00741866
190 -0.00325185 0.00743355
190.2 -0.00322792 0.00739126
190.4 -0.00317406 0.00729703
190.6 -0.00309443 0.00715605
190.8 -0.00299291 0.00697344
191 -0.0028731 0.00675417
191.2 -0.00273833 0.00650312
191.4 -0.00259165 0.006225
191.6 -0.00243587 0.00592437
191.8 -0.00227353 0.0056056
192 -0.00210694 0.00527288
192.2 -0.00193817 0.00493016
192.4 -0.00176908 0.00458121
192.6 -0.0016013 0.00422955
192.8 -0.00143629 0.00387846
193 -0.00127529 0.00353099
193.2 -0.00111937 0.00318994
193.4 -0.000969438 0.00285784
193.6 -0.000826248 0.00253699
193.8 -0.000690402 0.00222943
194 -0.00056237 0.00193694
194.2 -0.000442496 0.00166107
194.4 -0.000331014 0.00140309
194.6 -0.000228055 0.00116408
194.8 -0.000133655 0.000944836
195 -4.7769e-05 0.00074597
195.2 2.97245e-05 0.00056786
195.4 9.90108e-05 0.000410681
195.6 0.000160333 0.000274413
195.8 0.000213982 0.000158853
196 0.000260292 6.36286e-05
196.2 0.00029963 -1.17923e-05
196.4 0.000332392 -6.80859e-05
196.6 0.000358996 -0.00010606
196.8 0.000379875 -0.000126637
197 0.000395475 -0.000130847
197.2 0.000406245 -0.000119804
197.4 0.000412639 -9.46992e-05
197.6 0.000415107 -5.67835e-05
197.8 0.000414094 -7.35482e-06
198 0.000410037 5.22558e-05
198.2 0.000403361 0.000120697
198.4 0.000394478 0.000196611
198.6 0.000383783 0.000278642
198.8 0.000371655 0.000365453
199 0.000358454 0.000455733
199.2 0.00034452 0.000548207
199.4 0.000330171 0.000641648
199.6 0.000315705 0.000734883
199.8 0.000301399 0.000826802
200 0.000287505 0.000916363
