   0.000000e+00   6.094581e+02   6.029870e+02   6.070004e+02   6.041809e+02   5.987677e+02   5.905063e+02  -2.901944e+01   5.312110e+01
   0.000000e+00   6.095088e+02   6.016786e+02   6.072842e+02   6.053327e+02   5.997695e+02   5.898516e+02  -4.436908e+01   8.599362e+01
   0.000000e+00   6.093097e+02   6.015876e+02   6.067615e+02   6.072083e+02   5.957849e+02   5.903886e+02  -7.159910e+01   1.051461e+02
   0.000000e+00   6.098768e+02   6.029468e+02   6.078429e+02   6.041742e+02   5.978350e+02   5.898408e+02  -1.123543e+02   1.498542e+02
   0.000000e+00   6.099687e+02   6.003114e+02   6.083195e+02   6.046553e+02   5.911485e+02   5.899665e+02  -1.722850e+02   1.931267e+02
   0.000000e+00   6.101484e+02   6.026905e+02   6.100421e+02   6.087678e+02   5.959912e+02   5.908177e+02  -2.033789e+02   2.392721e+02
   0.000000e+00   6.094495e+02   6.022077e+02   6.084321e+02   6.064051e+02   5.950332e+02   5.900928e+02  -2.475327e+02   2.878207e+02
   0.000000e+00   6.097140e+02   6.022141e+02   6.073661e+02   6.079213e+02   5.973070e+02   5.902804e+02  -3.370651e+02   3.627401e+02
   0.000000e+00   6.098617e+02   6.015581e+02   6.061826e+02   6.048894e+02   5.981990e+02   5.898945e+02  -3.457864e+02   4.194636e+02
   0.000000e+00   6.096109e+02   6.012430e+02   6.063767e+02   6.046247e+02   5.970617e+02   5.897779e+02  -4.324002e+02   4.639977e+02
   0.000000e+00   6.093098e+02   6.020790e+02   6.092443e+02   6.090220e+02   5.949999e+02   5.901510e+02  -4.827738e+02   5.052142e+02
   0.000000e+00   6.099742e+02   6.038870e+02   6.081412e+02   6.074023e+02   6.004497e+02   5.903615e+02  -5.440399e+02   5.653457e+02
   0.000000e+00   6.094132e+02   6.038713e+02   6.112389e+02   6.090237e+02   5.993527e+02   5.897548e+02  -5.898705e+02   6.105014e+02
   0.000000e+00   6.100174e+02   6.036443e+02   6.076196e+02   6.075459e+02   6.018120e+02   5.904623e+02  -6.211836e+02   6.539626e+02
   0.000000e+00   6.098362e+02   6.033538e+02   6.097312e+02   6.109650e+02   5.971615e+02   5.905868e+02  -6.887141e+02   7.097677e+02
   0.000000e+00   6.099680e+02   6.023709e+02   6.072128e+02   6.061285e+02   6.008590e+02   5.902677e+02  -7.361079e+02   7.583257e+02
   0.000000e+00   6.092773e+02   6.040510e+02   6.115917e+02   6.075139e+02   5.994134e+02   5.901428e+02  -7.473003e+02   8.134239e+02
   0.000000e+00   6.091376e+02   6.006501e+02   6.076945e+02   6.042778e+02   5.951079e+02   5.900181e+02  -7.681502e+02   8.235239e+02
   0.000000e+00   6.101792e+02   6.003387e+02   6.071974e+02   6.064692e+02   5.933859e+02   5.895946e+02  -8.456088e+02   8.985148e+02
   0.000000e+00   6.100871e+02   6.037663e+02   6.107944e+02   6.090335e+02   5.983605e+02   5.905875e+02  -8.999784e+02   9.353215e+02
   0.000000e+00   6.095555e+02   6.039238e+02   6.095611e+02   6.065655e+02   6.024380e+02   5.897729e+02  -9.570833e+02   1.010516e+03
   0.000000e+00   6.104628e+02   6.013429e+02   6.106655e+02   6.073733e+02   5.931108e+02   5.901588e+02  -1.013986e+03   1.051554e+03
   0.000000e+00   6.099257e+02   6.035049e+02   6.102884e+02   6.077425e+02   5.964647e+02   5.898706e+02  -1.077078e+03   1.100417e+03
   0.000000e+00   6.101934e+02   6.032450e+02   6.096358e+02   6.087792e+02   5.983396e+02   5.901725e+02  -1.140599e+03   1.158796e+03
   0.000000e+00   6.092384e+02   6.024445e+02   6.048121e+02   6.064833e+02   6.007375e+02   5.902809e+02  -1.171933e+03   1.206742e+03
   0.000000e+00   6.104118e+02   6.038095e+02   6.071807e+02   6.083685e+02   5.998700e+02   5.900546e+02  -1.220230e+03   1.257104e+03
   0.000000e+00   6.098270e+02   6.031146e+02   6.091157e+02   6.065648e+02   5.955894e+02   5.899946e+02  -1.263660e+03   1.311140e+03
   0.000000e+00   6.100268e+02   6.041450e+02   6.087871e+02   6.083005e+02   5.988517e+02   5.903305e+02  -1.344617e+03   1.376071e+03
   0.000000e+00   6.103492e+02   6.033543e+02   6.074837e+02   6.080358e+02   5.991438e+02   5.903995e+02  -1.410490e+03   1.432438e+03
   0.000000e+00   6.094920e+02   6.019295e+02   6.043709e+02   6.061859e+02   5.954773e+02   5.900391e+02  -1.443681e+03   1.497046e+03
   0.000000e+00   6.101312e+02   6.025159e+02   6.094559e+02   6.051816e+02   5.976516e+02   5.902098e+02  -1.505360e+03   1.584657e+03
   0.000000e+00   6.094464e+02   5.998906e+02   6.038574e+02   6.025036e+02   5.953629e+02   5.903425e+02  -1.557345e+03   1.607539e+03
   0.000000e+00   6.104767e+02   6.022830e+02   6.045609e+02   6.056695e+02   5.999460e+02   5.902431e+02  -1.626728e+03   1.648452e+03
   0.000000e+00   6.098318e+02   6.023942e+02   6.084146e+02   6.056865e+02   5.977261e+02   5.901414e+02  -1.625234e+03   1.696408e+03
   0.000000e+00   6.098910e+02   6.012040e+02   6.077313e+02   6.061265e+02   5.945814e+02   5.901126e+02  -1.660781e+03   1.758696e+03
   0.000000e+00   6.103152e+02   6.007327e+02   6.057458e+02   6.052595e+02   5.971260e+02   5.899960e+02  -1.739629e+03   1.800760e+03
   0.000000e+00   6.098111e+02   6.029616e+02   6.059460e+02   6.062343e+02   5.995894e+02   5.905444e+02  -1.768387e+03   1.819376e+03
   0.000000e+00   6.100373e+02   6.023608e+02   6.083610e+02   6.071359e+02   5.953183e+02   5.898594e+02  -1.804076e+03   1.884013e+03
   0.000000e+00   6.101271e+02   6.022683e+02   6.051729e+02   6.083512e+02   5.977722e+02   5.898994e+02  -1.857317e+03   1.919518e+03
   0.000000e+00   6.094452e+02   6.019373e+02   6.061716e+02   6.065581e+02   5.991200e+02   5.900486e+02  -1.944972e+03   1.986220e+03
   0.000000e+00   6.101054e+02   6.034241e+02   6.108883e+02   6.097028e+02   5.959766e+02   5.901225e+02  -2.000628e+03   2.041957e+03
   0.000000e+00   6.097064e+02   6.038732e+02   6.099300e+02   6.079164e+02   6.025962e+02   5.894106e+02  -2.061944e+03   2.098188e+03
   0.000000e+00   6.099808e+02   6.011990e+02   6.049100e+02   6.040600e+02   5.983207e+02   5.894983e+02  -2.098535e+03   2.148537e+03
   0.000000e+00   6.099486e+02   6.042004e+02   6.094907e+02   6.075494e+02   5.995140e+02   5.904276e+02  -2.130720e+03   2.183703e+03
   0.000000e+00   6.098928e+02   6.021997e+02   6.087457e+02   6.069179e+02   5.970896e+02   5.900834e+02  -2.169902e+03   2.206185e+03
   0.000000e+00   6.098642e+02   6.041125e+02   6.086418e+02   6.080942e+02   6.004767e+02   5.900181e+02  -2.201820e+03   2.260282e+03
   0.000000e+00   6.095382e+02   6.015755e+02   6.068730e+02   6.069427e+02   5.957656e+02   5.902372e+02  -2.255875e+03   2.312924e+03
   0.000000e+00   6.103320e+02   6.019653e+02   6.079340e+02   6.088932e+02   5.945940e+02   5.901907e+02  -2.310543e+03   2.366061e+03
   0.000000e+00   6.103039e+02   6.034590e+02   6.061456e+02   6.064402e+02   6.011329e+02   5.897279e+02  -2.355245e+03   2.421171e+03
   0.000000e+00   6.100643e+02   6.018261e+02   6.092420e+02   6.078852e+02   5.926984e+02   5.898763e+02  -2.407675e+03   2.457018e+03
