   0.000000e+00   6.103149e+02   5.989495e+02   6.040799e+02   5.998977e+02   5.914262e+02   5.903894e+02  -2.774513e+01   5.236892e+01
   0.000000e+00   6.095980e+02   6.037454e+02   6.086174e+02   6.077746e+02   5.971319e+02   5.900554e+02  -8.989758e+01   7.573458e+01
   0.000000e+00   6.104616e+02   6.031735e+02   6.079598e+02   6.069469e+02   5.981466e+02   5.898479e+02  -1.485490e+02   1.295755e+02
   0.000000e+00   6.100290e+02   6.038332e+02   6.082069e+02   6.088566e+02   5.940686e+02   5.906394e+02  -1.792250e+02   1.787407e+02
   0.000000e+00   6.090414e+02   6.022434e+02   6.036986e+02   6.035515e+02   6.015277e+02   5.896449e+02  -1.993605e+02   2.120526e+02
   0.000000e+00   6.105549e+02   6.006392e+02   6.098693e+02   6.046220e+02   5.909527e+02   5.907799e+02  -2.536830e+02   2.562387e+02
   0.000000e+00   6.094114e+02   6.024871e+02   6.085672e+02   6.067434e+02   5.970548e+02   5.897133e+02  -2.692189e+02   2.736208e+02
   0.000000e+00   6.105366e+02   6.053847e+02   6.079954e+02   6.088846e+02   5.984596e+02   5.897481e+02  -3.005417e+02   3.095793e+02
   0.000000e+00   6.098119e+02   6.030727e+02   6.061134e+02   6.064820e+02   5.987961e+02   5.899466e+02  -3.400343e+02   3.406289e+02
   0.000000e+00   6.097607e+02   6.057231e+02   6.135422e+02   6.095428e+02   5.992718e+02   5.896538e+02  -3.827787e+02   3.662566e+02
   0.000000e+00   6.098773e+02   6.028486e+02   6.080574e+02   6.075171e+02   5.928443e+02   5.901847e+02  -3.961970e+02   3.955997e+02
   0.000000e+00   6.105190e+02   6.037117e+02   6.073741e+02   6.062411e+02   5.984767e+02   5.895031e+02  -4.194389e+02   4.256142e+02
   0.000000e+00   6.100030e+02   6.018035e+02   6.090149e+02   6.071127e+02   5.896984e+02   5.903570e+02  -4.246483e+02   4.337171e+02
   0.000000e+00   6.103869e+02   6.028567e+02   6.092002e+02   6.057011e+02   5.984172e+02   5.906199e+02  -4.597925e+02   4.537653e+02
   0.000000e+00   6.090824e+02   6.013056e+02   6.071525e+02   6.058329e+02   5.950671e+02   5.893175e+02  -4.685829e+02   4.872634e+02
   0.000000e+00   6.096093e+02   6.025716e+02   6.041506e+02   6.081333e+02   5.991811e+02   5.905772e+02  -5.140929e+02   5.059767e+02
   0.000000e+00   6.098621e+02   6.059119e+02   6.124920e+02   6.095493e+02   5.977327e+02   5.906402e+02  -5.563467e+02   5.389135e+02
   0.000000e+00   6.099263e+02   6.040222e+02   6.100679e+02   6.094766e+02   5.954381e+02   5.915057e+02  -5.993056e+02   6.034349e+02
   0.000000e+00   6.100632e+02   6.064527e+02   6.101614e+02   6.090715e+02   6.019720e+02   5.898869e+02  -6.615049e+02   6.280062e+02
   0.000000e+00   6.096276e+02   6.044223e+02   6.098853e+02   6.096660e+02   5.973192e+02   5.900195e+02  -6.534928e+02   6.714127e+02
   0.000000e+00   6.104748e+02   6.029326e+02   6.103849e+02   6.061116e+02   6.001110e+02   5.900979e+02  -6.846880e+02   6.918698e+02
   0.000000e+00   6.100167e+02   6.031222e+02   6.089130e+02   6.086963e+02   5.986788e+02   5.895599e+02  -6.902812e+02   7.116145e+02
   0.000000e+00   6.095851e+02   6.028795e+02   6.081925e+02   6.071847e+02   5.973432e+02   5.892060e+02  -7.182506e+02   7.219737e+02
   0.000000e+00   6.098163e+02   6.029667e+02   6.070987e+02   6.055579e+02   5.994409e+02   5.904703e+02  -7.285166e+02   7.228101e+02
   0.000000e+00   6.103959e+02   6.044439e+02   6.095712e+02   6.076921e+02   5.964640e+02   5.904355e+02  -7.542900e+02   7.469365e+02
   0.000000e+00   6.106471e+02   6.053741e+02   6.097824e+02   6.068697e+02   6.014893e+02   5.900377e+02  -7.824085e+02   7.885186e+02
   0.000000e+00   6.100997e+02   6.026511e+02   6.083823e+02   6.067197e+02   5.940547e+02   5.903069e+02  -7.945505e+02   8.017554e+02
   0.000000e+00   6.091852e+02   6.020001e+02   6.102364e+02   6.056237e+02   5.930305e+02   5.900026e+02  -8.442612e+02   8.610553e+02
   0.000000e+00   6.100924e+02   6.030899e+02   6.066628e+02   6.058605e+02   5.979477e+02   5.901358e+02  -8.846087e+02   8.749435e+02
   0.000000e+00   6.100714e+02   6.028160e+02   6.065672e+02   6.070461e+02   5.961238e+02   5.898443e+02  -9.299080e+02   9.395482e+02
   0.000000e+00   6.105628e+02   6.036729e+02   6.111610e+02   6.085028e+02   5.959408e+02   5.901449e+02  -9.543071e+02   9.649020e+02
   0.000000e+00   6.092195e+02   6.010928e+02   6.047524e+02   6.060334e+02   5.937484e+02   5.903548e+02  -9.762332e+02   9.834370e+02
   0.000000e+00   6.102523e+02   6.017222e+02   6.113077e+02   6.039241e+02   5.954107e+02   5.897924e+02  -1.024560e+03   1.034648e+03
   0.000000e+00   6.096251e+02   6.037235e+02   6.100025e+02   6.065678e+02   5.984617e+02   5.894439e+02  -1.059611e+03   1.047641e+03
   0.000000e+00   6.099129e+02   6.041042e+02   6.082060e+02   6.080210e+02   5.969683e+02   5.898366e+02  -1.076415e+03   1.075277e+03
   0.000000e+00   6.103418e+02   6.046218e+02   6.092732e+02   6.079638e+02   5.969749e+02   5.898972e+02  -1.079098e+03   1.104483e+03
   0.000000e+00   6.092249e+02   6.027436e+02   6.063139e+02   6.035096e+02   5.968975e+02   5.906512e+02  -1.122673e+03   1.124149e+03
   0.000000e+00   6.098911e+02   6.061333e+02   6.075214e+02   6.080197e+02   6.040879e+02   5.895358e+02  -1.170315e+03   1.160007e+03
   0.000000e+00   6.105100e+02   6.047132e+02   6.099224e+02   6.060761e+02   5.997377e+02   5.900347e+02  -1.203111e+03   1.189091e+03
   0.000000e+00   6.093377e+02   6.045440e+02   6.098086e+02   6.093165e+02   5.998493e+02   5.897493e+02  -1.205514e+03   1.201850e+03
   0.000000e+00   6.098456e+02   6.043486e+02   6.102842e+02   6.089643e+02   5.986254e+02   5.909767e+02  -1.245071e+03   1.251746e+03
   0.000000e+00   6.096865e+02   6.020737e+02   6.087809e+02   6.038615e+02   5.923075e+02   5.900596e+02  -1.265592e+03   1.271669e+03
   0.000000e+00   6.101306e+02   6.044347e+02   6.096548e+02   6.064219e+02   5.971539e+02   5.894397e+02  -1.283467e+03   1.287025e+03
   0.000000e+00   6.101277e+02   6.046906e+02   6.117090e+02   6.065921e+02   5.953549e+02   5.903948e+02  -1.315621e+03   1.311055e+03
   0.000000e+00   6.094735e+02   6.012630e+02   6.090689e+02   6.040220e+02   5.965439e+02   5.895138e+02  -1.340638e+03   1.338856e+03
   0.000000e+00   6.093831e+02   6.020817e+02   6.054015e+02   6.067858e+02   5.950820e+02   5.900321e+02  -1.360052e+03   1.372159e+03
   0.000000e+00   6.101535e+02   6.011899e+02   6.063212e+02   6.055324e+02   5.930483e+02   5.902021e+02  -1.392927e+03   1.434427e+03
   0.000000e+00   6.100546e+02   6.019136e+02   6.119040e+02   6.070900e+02   5.944328e+02   5.903630e+02  -1.451292e+03   1.463652e+03
   0.000000e+00   6.102066e+02   6.031620e+02   6.116747e+02   6.044792e+02   5.921303e+02   5.899934e+02  -1.480752e+03   1.502094e+03
   0.000000e+00   6.098187e+02   6.043051e+02   6.073830e+02   6.057148e+02   5.960218e+02   5.906424e+02  -1.518850e+03   1.527266e+03
   0.000000e+00   6.101576e+02   6.036431e+02   6.071456e+02   6.072966e+02   5.968509e+02   5.909743e+02  -1.539499e+03   1.552502e+03
   0.000000e+00   6.092021e+02   6.025857e+02   6.053330e+02   6.052936e+02   5.987891e+02   5.891960e+02  -1.577296e+03   1.576035e+03
   0.000000e+00   6.103388e+02   6.040791e+02   6.109658e+02   6.061088e+02   6.005651e+02   5.893076e+02  -1.635869e+03   1.633471e+03
   0.000000e+00   6.089104e+02   6.012140e+02   6.075096e+02   6.057187e+02   5.938548e+02   5.897189e+02  -1.636840e+03   1.663029e+03
   0.000000e+00   6.099307e+02   6.020910e+02   6.058247e+02   6.050749e+02   5.966092e+02   5.909671e+02  -1.666836e+03   1.682073e+03
   0.000000e+00   6.092827e+02   6.032393e+02   6.062674e+02   6.074616e+02   5.983305e+02   5.902805e+02  -1.703918e+03   1.727027e+03
   0.000000e+00   6.101967e+02   6.025330e+02   6.072527e+02   6.056600e+02   5.967895e+02   5.901994e+02  -1.762549e+03   1.758881e+03
   0.000000e+00   6.096780e+02   6.034475e+02   6.086763e+02   6.052399e+02   5.989566e+02   5.904310e+02  -1.767813e+03   1.787066e+03
   0.000000e+00   6.102906e+02   6.031588e+02   6.075299e+02   6.042230e+02   5.986281e+02   5.903292e+02  -1.804081e+03   1.812726e+03
   0.000000e+00   6.104503e+02   6.014992e+02   6.056037e+02   6.016997e+02   5.954823e+02   5.902680e+02  -1.814949e+03   1.850058e+03
