-0.498 -0.0109435 0.00324834
-0.496 0.0277613 -0.00829359
-0.494 0.224463 -0.067626
-0.492 0.661175 -0.197581
-0.49 1.36107 -0.396929
-0.488 2.26442 -0.63019
-0.486 3.219 -0.824231
-0.484 3.98896 -0.873707
-0.482 4.28354 -0.655935
-0.48 3.80314 -0.0541266
-0.478 2.29746 1.01387
-0.476 -0.373098 2.56555
-0.474 -4.18261 4.52768
-0.472 -8.90182 6.71975
-0.47 -14.086 8.85164
-0.468 -19.0948 10.5394
-0.466 -23.1445 11.3401
-0.464 -25.3924 10.8047
-0.462 -25.0429 8.544
-0.46 -21.4672 4.30091
-0.458 -14.3206 -1.98065
-0.456 -3.64243 -10.1014
-0.454 10.0767 -19.5766
-0.452 25.8743 -29.64
-0.45 42.3524 -39.2854
-0.448 57.775 -47.3479
-0.446 70.2232 -52.6194
-0.444 77.7979 -53.9868
-0.442 78.8497 -50.5797
-0.44 72.2101 -41.9089
-0.438 57.3945 -27.977
-0.436 34.7473 -9.3447
-0.434 5.50416 12.8596
-0.432 -28.2448 36.994
-0.43 -63.6942 61.0197
-0.428 -97.5576 82.6746
-0.426 -126.374 99.6864
-0.424 -146.86 110.009
-0.422 -156.265 112.059
-0.42 -152.706 104.921
-0.418 -135.423 88.5129
-0.416 -104.957 63.6708
-0.414 -63.1955 32.1485
-0.412 -13.2949 -3.48028
-0.41 40.5383 -40.0199
-0.408 93.3893 -73.9378
-0.406 140.082 -101.714
-0.404 175.692 -120.221
-0.402 196.082 -127.094
-0.4 198.39 -121.043
-0.398 181.425 -102.066
-0.396 145.901 -71.5384
-0.394 94.4818 -32.1451
-0.392 31.6121 12.3291
-0.39 -36.8592 57.3423
-0.388 -104.221 98.0326
-0.386 -163.556 129.708
-0.384 -208.443 148.339
-0.382 -233.629 151.002
-0.38 -235.594 136.237
-0.378 -212.971 104.278
-0.376 -166.763 57.1405
-0.374 -100.345 -1.46463
-0.372 -19.2466 -66.3704
-0.37 69.2732 -131.36
-0.368 156.833 -189.702
-0.366 234.675 -234.789
-0.364 294.483 -260.81
-0.362 329.223 -263.407
-0.36 333.901 -240.233
-0.358 306.173 -191.338
-0.356 246.722 -119.339
-0.354 159.352 -29.3158
-0.352 50.7607 71.5408
-0.35 -69.9833 174.528
-0.348 -192.233 270.2
-0.346 -304.729 349.231
-0.344 -396.65 403.289
-0.342 -458.628 425.83
-0.34 -483.638 412.732
-0.338 -467.674 362.745
-0.336 -410.155 277.689
-0.334 -314.043 162.427
-0.332 -185.663 24.5936
-0.33 -34.262 -125.898
-0.328 128.676 -277.537
-0.326 290.293 -418.062
-0.324 437.354 -535.416
-0.322 557.299 -618.745
-0.32 639.292 -659.371
-0.318 675.168 -651.633
-0.316 660.196 -593.519
-0.314 593.594 -487.003
-0.312 478.707 -338.032
-0.31 322.841 -156.155
-0.308 136.735 46.1973
-0.306 -66.2759 254.688
-0.304 -271.334 454.232
-0.302 -463.269 630.208
-0.3 -627.814 769.6
-0.298 -752.73 861.994
-0.296 -828.734 900.327
-0.294 -850.164 881.371
-0.292 -815.349 805.928
-0.29 -726.66 678.73
-0.288 -590.287 508.098
-0.286 -415.743 305.348
-0.284 -215.165 84.009
-0.282 -2.43541 -141.128
-0.28 207.805 -355.065
-0.278 401.201 -543.699
-0.276 564.726 -694.888
-0.274 687.64 -799.393
-0.272 762.3 -851.597
-0.27 784.735 -849.927
-0.268 754.942 -796.924
-0.266 676.842 -698.945
-0.264 557.914 -565.515
-0.262 408.504 -408.414
-0.26 240.903 -240.582
-0.258 68.2622 -74.9625
-0.256 -96.5279 76.5883
-0.254 -241.899 204.242
-0.252 -358.493 300.903
-0.25 -439.82 362.641
-0.248 -482.628 388.831
-0.246 -486.986 382.027
-0.244 -456.089 347.575
-0.242 -395.827 293.025
-0.24 -314.167 227.375
-0.238 -220.393 160.2
-0.236 -124.274 100.728
-0.234 -35.21 56.9387
-0.232 38.5917 34.7447
-0.23 90.8329 37.3546
-0.228 117.688 64.8782
-0.226 118.153 114.235
-0.224 94.1306 179.393
-0.222 50.241 251.924
-0.22 -6.64373 321.824
-0.218 -68.0987 378.525
-0.216 -125.005 411.963
-0.214 -168.478 413.619
-0.212 -190.755 377.395
-0.21 -185.957 300.257
-0.208 -150.646 182.604
-0.206 -84.1292 28.3404
-0.204 11.4743 -155.329
-0.202 131.401 -358.322
-0.2 268.581 -568.287
-0.198 414.106 -771.336
-0.196 557.769 -952.862
-0.194 688.646 -1098.41
-0.192 795.709 -1194.59
-0.19 868.457 -1229.94
-0.188 897.557 -1195.83
-0.186 875.506 -1087.2
-0.184 797.264 -903.238
-0.182 660.846 -647.763
-0.18 467.785 -329.425
-0.178 223.436 38.4628
-0.176 -62.9543 438.404
-0.174 -378.438 849.525
-0.172 -706.839 1248.65
-0.17 -1029.48 1611.59
-0.168 -1326.16 1914.53
-0.166 -1576.25 2135.51
-0.164 -1759.98 2255.73
-0.162 -1859.68 2260.86
-0.16 -1861.12 2142.15
-0.158 -1754.71 1897.29
-0.156 -1536.65 1531.11
-0.154 -1209.88 1055.95
-0.152 -784.741 491.75
-0.15 -279.316 -134.392
-0.148 280.764 -789.044
-0.146 863.128 -1433.92
-0.144 1430.16 -2027.93
-0.142 1941.25 -2529.82
-0.14 2355.62 -2901.19
-0.138 2635.76 -3109.8
-0.136 2750.92 -3132.72
-0.134 2680.53 -2959.04
-0.132 2417 -2591.8
-0.13 1967.6 -2048.83
-0.128 1355.06 -1362.24
-0.126 616.737 -576.658
-0.124 -197.606 253.822
-0.122 -1029.37 1069.62
-0.12 -1815.62 1810.29
-0.118 -2494.15 2419.32
-0.116 -3008.68 2848.76
-0.114 -3313.7 3063.22
-0.112 -3378.61 3043.04
-0.11 -3190.79 2786.36
-0.108 -2757.31 2309.85
-0.106 -2105.27 1648.14
-0.104 -1280.4 851.798
-0.102 -344.197 -16.0985
-0.1 630.583 -884.657
-0.098 1565.69 -1680.89
-0.096 2384.09 -2336.05
-0.094 3017.06 -2792.1
-0.092 3410.98 -3007.49
-0.09 3532.99 -2961.82
-0.088 3374.9 -2658.37
-0.086 2954.6 -2124.49
-0.084 2314.83 -1409.28
-0.082 1519.19 -578.998
-0.08 645.852 289.478
-0.078 -220.319 1116.27
-0.076 -996.342 1826.42
-0.074 -1609.47 2357.23
-0.072 -2004.4 2664.24
-0.07 -2148.66 2725.34
-0.068 -2035.74 2542.76
-0.066 -1685.75 2142.84
-0.064 -1143.68 1573.59
-0.062 -475.343 900.413
-0.06 238.665 200.119
-0.058 910.563 -446.312
-0.056 1454.07 -961.744
-0.054 1793.46 -1281.06
-0.052 1872.17 -1358.74
-0.05 1660.03 -1174.93
-0.048 1158.15 -739.235
-0.046 400.633 -91.4593
-0.044 -547.276 701.039
-0.042 -1594.77 1549.35
-0.04 -2634.23 2351.81
-0.038 -3552.19 3004.61
-0.036 -4241.33 3412.99
-0.034 -4611.9 3501.58
-0.032 -4601.43 3222.86
-0.03 -4181.64 2562.72
-0.028 -3361.92 1542.85
-0.026 -2189.26 219.738
-0.024 -744.835 -1319.25
-0.022 862.307 -2962.33
-0.02 2503.91 -4581.83
-0.018 4042.89 -6044.03
-0.016 5344.77 -7220
-0.014 6289.5 -7996.58
-0.012 6782.77 -8287.03
-0.01 6765.82 -8040.04
-0.008 6222.65 -7246.53
-0.006 5183.56 -5942.76
-0.004 3724.2 -4209.32
-0.002 1959.81 -2165.45
0 35.0121 41.0041
0.002 -1889.97 2246.97
0.004 -3654.89 4289.37
0.006 -5115.16 6020.41
0.008 -6155.52 7320.95
0.01 -6700.33 8110.48
0.012 -6719.29 8352.85
0.014 -6228.39 8057.29
0.016 -5286.39 7275.24
0.018 -3987.58 6093.58
0.02 -2451.97 4625.59
0.022 -813.993 3000.32
0.024 789.315 1351.59
0.026 2229.75 -192.823
0.028 3398.34 -1521.09
0.03 4213.96 -2545.8
0.032 4629.69 -3210.42
0.034 4636.2 -3493.28
0.036 4261.84 -3408.46
0.038 3569.12 -3003.52
0.04 2647.82 -2353.82
0.042 1605.3 -1554.16
0.044 555.033 -708.347
0.046 -395.36 81.9349
0.048 -1155.07 727.775
0.05 -1658.89 1161.82
0.052 -1872.7 1344.26
0.054 -1795.44 1265.5
0.056 -1457.28 945.385
0.058 -914.815 429.453
0.06 -243.773 -217.193
0.062 469.553 -917.434
0.064 1137.38 -1590.31
0.066 1679.11 -2159.06
0.068 2028.93 -2558.31
0.07 2141.87 -2740.11
0.072 1997.8 -2678.18
0.074 1603.23 -2370.35
0.076 990.625 -1838.79
0.078 215.279 -1128.02
0.08 -650.091 -300.781
0.082 -1522.54 567.942
0.084 -2317.23 1398.25
0.086 -2956.03 2113.27
0.088 -3375.38 2646.76
0.09 -3532.6 2949.65
0.092 -3409.82 2994.64
0.094 -3015.26 2778.49
0.096 -2381.78 2321.67
0.098 -1563.03 1665.78
0.1 -627.711 868.897
0.102 347.151 -0.191027
0.104 1283.33 -868.471
0.106 2108.1 -1665.04
0.108 2759.99 -2326.82
0.11 3193.29 -2803.27
0.112 3380.95 -3059.78
0.114 3315.87 -3079.72
0.116 3010.72 -2864.99
0.118 2496.09 -2435.28
0.12 1817.47 -1826.02
0.122 1031.13 -1085.2
0.124 199.253 -269.335
0.126 -615.243 561.116
0.128 -1353.78 1346.58
0.13 -1966.62 2032.98
0.132 -2416.4 2575.72
0.134 -2680.39 2942.71
0.136 -2751.33 3116.15
0.138 -2636.77 3093.06
0.14 -2357.27 2884.34
0.142 -1943.54 2512.97
0.144 -1433.07 2011.21
0.146 -866.591 1417.45
0.148 -284.7 772.949
0.15 275.008 118.795
0.152 780.171 -506.742
0.154 1205.16 -1070.25
0.156 1531.87 -1544.63
0.158 1749.95 -1909.99
0.16 1856.42 -2153.98
0.162 1855.07 -2271.8
0.164 1755.45 -2265.76
0.166 1571.78 -2144.63
0.168 1321.69 -1922.74
0.17 1024.96 -1618.88
0.172 702.215 -1255.03
0.174 373.674 -855.003
0.176 58.0343 -442.991
0.178 -228.497 -42.1776
0.18 -472.941 326.551
0.182 -666.017 645.686
0.184 -802.341 901.903
0.186 -880.359 1086.54
0.188 -902.045 1195.76
0.19 -872.438 1230.37
0.192 -799.053 1195.43
0.194 -691.244 1099.57
0.196 -559.546 954.253
0.198 -415.021 772.888
0.2 -268.63 569.945
0.202 -130.616 360.051
0.204 -9.91908 157.113
0.206 86.37 -26.4971
0.208 153.475 -180.681
0.21 189.277 -298.221
0.212 194.475 -375.209
0.214 172.526 -411.247
0.216 129.33 -409.376
0.218 72.6746 -375.709
0.22 11.468 -318.785
0.222 -45.1518 -248.687
0.224 -88.7479 -176.007
0.226 -112.446 -110.768
0.228 -111.632 -61.4147
0.23 -84.4191 -33.9891
0.232 -31.8366 -31.5748
0.234 42.2613 -54.0579
0.236 131.546 -98.2186
0.238 227.779 -158.126
0.24 321.538 -225.781
0.242 403.038 -291.929
0.244 462.987 -346.97
0.246 493.423 -381.885
0.248 488.472 -389.104
0.25 444.962 -363.268
0.252 362.855 -301.816
0.254 245.439 -205.37
0.256 99.2372 -77.8686
0.258 -66.3608 73.5842
0.26 -239.761 239.146
0.262 -408.057 406.946
0.264 -558.089 564.025
0.266 -677.57 697.431
0.268 -756.163 795.375
0.27 -786.41 848.324
0.272 -764.409 849.922
0.274 -690.188 797.63
0.276 -567.737 693.027
0.278 -404.717 541.738
0.28 -211.877 353.013
0.282 -2.24315 139.001
0.284 209.837 -86.187
0.286 409.737 -307.547
0.288 583.597 -510.286
0.29 719.307 -680.876
0.292 807.379 -808.005
0.294 841.648 -883.361
0.296 819.761 -902.219
0.298 743.407 -863.791
0.3 618.251 -771.314
0.302 453.576 -631.861
0.304 261.611 -455.855
0.306 56.6055 -256.315
0.308 -146.287 -47.8657
0.31 -332.232 154.412
0.312 -487.914 336.188
0.314 -602.612 485.04
0.316 -669.033 591.433
0.318 -683.838 649.432
0.32 -647.812 657.078
0.322 -565.68 616.397
0.324 -445.596 533.06
0.326 -298.386 415.757
0.328 -136.594 275.347
0.33 26.5574 123.889
0.332 178.219 -26.3546
0.334 306.913 -163.878
0.336 403.393 -278.775
0.338 461.326 -363.42
0.34 477.741 -412.963
0.342 453.201 -425.596
0.344 391.696 -402.585
0.346 300.23 -348.065
0.348 188.155 -268.594
0.35 66.2761 -172.516
0.352 -54.1578 -69.1672
0.354 -162.505 31.9983
0.356 -249.698 122.272
0.358 -309.032 194.46
0.36 -336.695 243.48
0.362 -331.99 266.72
0.364 -297.247 264.131
0.366 -237.444 238.066
0.368 -159.604 192.89
0.37 -72.0303 134.421
0.372 16.5254 69.2765
0.374 97.685 4.19565
0.376 164.189 -54.596
0.378 210.504 -101.924
0.38 233.247 -134.07
0.382 231.408 -149.015
0.384 206.347 -146.519
0.386 161.573 -128.041
0.388 102.337 -96.5034
0.39 35.0556 -55.9351
0.392 -33.3555 -11.0294
0.394 -96.183 33.3506
0.396 -147.573 72.6609
0.398 -183.077 103.115
0.4 -200.024 122.027
0.402 -197.694 128.021
0.404 -177.272 121.096
0.406 -141.616 102.544
0.408 -94.8627 74.7271
0.41 -41.9356 40.774
0.412 11.987 4.20408
0.414 61.9864 -31.4504
0.416 103.851 -62.9945
0.418 134.42 -87.8554
0.42 151.801 -104.28
0.422 155.448 -111.434
0.424 146.117 -109.403
0.426 125.691 -99.1002
0.428 96.9181 -82.1134
0.43 63.085 -60.4892
0.432 27.6544 -36.5005
0.434 -6.08381 -12.4098
0.436 -35.3206 9.7448
0.438 -57.9623 28.3225
0.44 -72.77 42.1965
0.442 -79.3969 50.8082
0.444 -78.3262 54.1573
0.446 -70.7258 52.7352
0.448 -58.2457 47.4143
0.45 -42.7861 39.3092
0.452 -26.2677 29.6292
0.454 -10.4284 19.5397
0.456 3.33202 10.0466
0.458 14.0494 1.9157
0.46 21.232 -4.36936
0.462 24.8395 -8.61058
0.464 25.2167 -10.8655
0.466 22.9923 -11.3927
0.468 18.9625 -10.5825
0.47 13.9707 -8.88514
0.472 8.80121 -6.74436
0.474 4.09517 -4.54463
0.476 0.297743 -2.57631
0.478 -2.3615 -1.01995
0.48 -3.8565 0.0513413
0.482 -4.32687 0.655282
0.484 -4.02306 0.874279
0.486 -3.24483 0.825373
0.488 -2.28308 0.631462
0.49 -1.37376 0.398064
0.492 -0.669114 0.19844
0.494 -0.228838 0.0681676
0.496 -0.0296773 0.00855209
0.498 0.0104671 -0.00318195
0.2 2.44809 -0.114487
0.4 2.45662 -0.113156
0.6 2.47079 -0.110929
0.8 2.49052 -0.107792
1 2.51573 -0.103726
1.2 2.54629 -0.0987085
1.4 2.58204 -0.0927104
1.6 2.62282 -0.0856986
1.8 2.66841 -0.0776355
2 2.71861 -0.0684797
2.2 2.77316 -0.0581859
2.4 2.83179 -0.0467055
2.6 2.89421 -0.0339871
2.8 2.96013 -0.0199768
3 3.02922 -0.00461859
3.2 3.10114 0.0121449
3.4 3.17555 0.0303722
3.6 3.25208 0.0501222
3.8 3.33035 0.0714539
4 3.41 0.0944256
4.2 3.49063 0.119095
4.4 3.57186 0.145517
4.6 3.65329 0.173746
4.8 3.73454 0.203831
5 3.81522 0.235822
5.2 3.89494 0.269761
5.4 3.97332 0.305689
5.6 4.04999 0.34364
5.8 4.1246 0.383644
6 4.19678 0.425725
6.2 4.26622 0.469901
6.4 4.33257 0.516186
6.6 4.39554 0.564583
6.8 4.45484 0.615093
7 4.51019 0.667705
7.2 4.56136 0.722406
7.4 4.60812 0.77917
7.6 4.65025 0.837969
7.8 4.68758 0.898762
8 4.71996 0.961505
8.2 4.74724 1.02614
8.4 4.76934 1.09262
8.6 4.78615 1.16085
8.8 4.79764 1.23078
9 4.80377 1.30232
9.2 4.80455 1.37537
9.4 4.79999 1.44985
9.6 4.79014 1.52565
9.8 4.77509 1.60266
10 4.75494 1.68076
10.2 4.7298 1.75985
10.4 4.69983 1.8398
10.6 4.6652 1.92048
10.8 4.6261 2.00177
11 4.58275 2.08353
11.2 4.53537 2.16563
11.4 4.48422 2.24793
11.6 4.42956 2.3303
11.8 4.37169 2.4126
12 4.31089 2.49469
12.2 4.24747 2.57644
12.4 4.18175 2.65772
12.6 4.11406 2.73839
12.8 4.04474 2.81833
13 3.97412 2.89741
13.2 3.90255 2.97551
13.4 3.83039 3.05252
13.6 3.75797 3.12832
13.8 3.68564 3.20282
14 3.61374 3.2759
14.2 3.54262 3.34748
14.4 3.47261 3.41748
14.6 3.40403 3.48582
14.8 3.33719 3.55242
15 3.27241 3.61723
15.2 3.20998 3.68019
15.4 3.15017 3.74125
15.6 3.09326 3.80039
15.8 3.03948 3.85756
16 2.98909 3.91277
16.2 2.94228 3.96598
16.4 2.89926 4.01721
16.6 2.86021 4.06645
16.8 2.82528 4.11373
17 2.79462 4.15907
17.2 2.76833 4.2025
17.4 2.74651 4.24405
17.6 2.72925 4.28378
17.8 2.71658 4.32173
18 2.70854 4.35798
18.2 2.70514 4.39257
18.4 2.70637 4.42559
18.6 2.7122 4.45711
18.8 2.72256 4.48722
19 2.73739 4.51598
19.2 2.75659 4.5435
19.4 2.78005 4.56986
19.6 2.80763 4.59516
19.8 2.83919 4.61948
20 2.87456 4.64292
20.2 2.91357 4.66558
20.4 2.956 4.68754
20.6 3.00166 4.70891
20.8 3.05032 4.72976
21 3.10174 4.75018
21.2 3.15568 4.77027
21.4 3.21189 4.79009
21.6 3.2701 4.80972
21.8 3.33004 4.82924
22 3.39144 4.8487
22.2 3.45403 4.86817
22.4 3.51751 4.88769
22.6 3.5816 4.90732
22.8 3.64602 4.92709
23 3.71049 4.94702
23.2 3.77472 4.96715
23.4 3.83844 4.98749
23.6 3.90136 5.00805
23.8 3.96321 5.02881
24 4.02374 5.04978
24.2 4.08269 5.07093
24.4 4.1398 5.09223
24.6 4.19484 5.11366
24.8 4.24757 5.13517
25 4.29777 5.1567
25.2 4.34525 5.1782
25.4 4.38979 5.1996
25.6 4.43121 5.22083
25.8 4.46936 5.24181
26 4.50405 5.26245
26.2 4.53517 5.28267
26.4 4.56256 5.30235
26.6 4.58613 5.32141
26.8 4.60576 5.33974
27 4.62138 5.35722
27.2 4.63292 5.37375
27.4 4.64032 5.38921
27.6 4.64354 5.40349
27.8 4.64256 5.41647
28 4.63737 5.42803
28.2 4.62798 5.43805
28.4 4.6144 5.44643
28.6 4.59667 5.45304
28.8 4.57484 5.45778
29 4.54897 5.46054
29.2 4.51913 5.46123
29.4 4.48542 5.45973
29.6 4.44793 5.45595
29.8 4.40677 5.44982
30 4.36207 5.44125
30.2 4.31397 5.43016
30.4 4.2626 5.41649
30.6 4.20812 5.40019
30.8 4.15068 5.38119
31 4.09047 5.35947
31.2 4.02766 5.335
31.4 3.96242 5.30774
31.6 3.89496 5.27769
31.8 3.82546 5.24485
32 3.75414 5.20923
32.2 3.68118 5.17084
32.4 3.6068 5.12971
32.6 3.53122 5.08589
32.8 3.45464 5.03942
33 3.37728 4.99037
33.2 3.29935 4.93881
33.4 3.22106 4.88481
33.6 3.14264 4.82846
33.8 3.06429 4.76987
34 2.98623 4.70914
34.2 2.90866 4.64639
34.4 2.83179 4.58175
34.6 2.75583 4.51535
34.8 2.68096 4.44732
35 2.60739 4.37781
35.2 2.5353 4.30699
35.4 2.46488 4.23499
35.6 2.3963 4.16199
35.8 2.32974 4.08816
36 2.26535 4.01366
36.2 2.20329 3.93866
36.4 2.14372 3.86335
36.6 2.08677 3.78789
36.8 2.03257 3.71247
37 1.98126 3.63726
37.2 1.93294 3.56244
37.4 1.88772 3.48817
37.6 1.8457 3.41464
37.8 1.80696 3.34201
38 1.77158 3.27045
38.2 1.73964 3.20012
38.4 1.71118 3.13117
38.6 1.68626 3.06375
38.8 1.66492 2.99802
39 1.64717 2.93411
39.2 1.63305 2.87214
39.4 1.62255 2.81225
39.6 1.61568 2.75455
39.8 1.61242 2.69914
40 1.61274 2.64613
40.2 1.61663 2.5956
40.4 1.62403 2.54762
40.6 1.63489 2.50229
40.8 1.64916 2.45964
41 1.66676 2.41973
41.2 1.68762 2.38261
41.4 1.71164 2.3483
41.6 1.73873 2.31683
41.8 1.76878 2.28819
42 1.8017 2.2624
42.2 1.83734 2.23945
42.4 1.8756 2.21931
42.6 1.91633 2.20196
42.8 1.9594 2.18736
43 2.00466 2.17546
43.2 2.05196 2.16622
43.4 2.10115 2.15956
43.6 2.15207 2.15541
43.8 2.20454 2.15371
44 2.25841 2.15436
44.2 2.3135 2.15727
44.4 2.36964 2.16235
44.6 2.42666 2.16949
44.8 2.48437 2.17859
45 2.5426 2.18954
45.2 2.60118 2.20222
45.4 2.65991 2.21651
45.6 2.71863 2.23229
45.8 2.77715 2.24945
46 2.8353 2.26785
46.2 2.89291 2.28736
46.4 2.94981 2.30788
46.6 3.00582 2.32926
46.8 3.06079 2.35139
47 3.11456 2.37413
47.2 3.16696 2.39738
47.4 3.21785 2.421
47.6 3.26708 2.44489
47.8 3.31451 2.46892
48 3.36001 2.49299
48.2 3.40345 2.51699
48.4 3.44472 2.54082
48.6 3.48369 2.56437
48.8 3.52027 2.58756
49 3.55435 2.6103
49.2 3.58584 2.63251
49.4 3.61467 2.6541
49.6 3.64076 2.675
49.8 3.66405 2.69516
50 3.68447 2.7145
50.2 3.70199 2.73299
50.4 3.71656 2.75056
50.6 3.72816 2.76718
50.8 3.73676 2.78282
51 3.74235 2.79743
51.2 3.74493 2.81101
51.4 3.74451 2.82353
51.6 3.74109 2.83499
51.8 3.73471 2.84537
52 3.72539 2.85468
52.2 3.71317 2.86292
52.4 3.6981 2.8701
52.6 3.68023 2.87624
52.8 3.65963 2.88135
53 3.63636 2.88547
53.2 3.6105 2.88861
53.4 3.58213 2.89081
53.6 3.55134 2.89211
53.8 3.51822 2.89254
54 3.48288 2.89215
54.2 3.44541 2.89098
54.4 3.40592 2.88907
54.6 3.36452 2.88647
54.8 3.32134 2.88323
55 3.27649 2.87939
55.2 3.23008 2.87502
55.4 3.18226 2.87017
55.6 3.13313 2.86487
55.8 3.08283 2.85919
56 3.03148 2.85317
56.2 2.97922 2.84687
56.4 2.92616 2.84033
56.6 2.87245 2.83361
56.8 2.81819 2.82674
57 2.76354 2.81977
57.2 2.70859 2.81274
57.4 2.65348 2.8057
57.6 2.59833 2.79867
57.8 2.54325 2.7917
58 2.48836 2.78482
58.2 2.43376 2.77805
58.4 2.37957 2.77142
58.6 2.32588 2.76496
58.8 2.2728 2.75868
59 2.22042 2.7526
59.2 2.16882 2.74674
59.4 2.11809 2.74109
59.6 2.06832 2.73568
59.8 2.01956 2.73049
60 1.9719 2.72554
60.2 1.9254 2.72081
60.4 1.8801 2.71631
60.6 1.83607 2.71201
60.8 1.79336 2.70791
61 1.75199 2.704
61.2 1.712 2.70024
61.4 1.67344 2.69663
61.6 1.63631 2.69314
61.8 1.60063 2.68974
62 1.56643 2.6864
62.2 1.5337 2.68309
62.4 1.50245 2.67979
62.6 1.47267 2.67646
62.8 1.44436 2.67305
63 1.41751 2.66955
63.2 1.39209 2.6659
63.4 1.36809 2.66208
63.6 1.34547 2.65804
63.8 1.32422 2.65375
64 1.30429 2.64917
64.2 1.28565 2.64426
64.4 1.26826 2.63898
64.6 1.25207 2.63329
64.8 1.23704 2.62717
65 1.22312 2.62056
65.2 1.21027 2.61345
65.4 1.19842 2.60579
65.6 1.18752 2.59757
65.8 1.17752 2.58873
66 1.16836 2.57927
66.2 1.15998 2.56916
66.4 1.15232 2.55837
66.6 1.14533 2.54688
66.8 1.13894 2.53468
67 1.1331 2.52175
67.2 1.12775 2.50808
67.4 1.12282 2.49366
67.6 1.11826 2.47849
67.8 1.11401 2.46256
68 1.11003 2.44587
68.2 1.10624 2.42842
68.4 1.10261 2.41023
68.6 1.09907 2.39131
68.8 1.09559 2.37165
69 1.09211 2.35129
69.2 1.08859 2.33024
69.4 1.08498 2.30852
69.6 1.08124 2.28616
69.8 1.07734 2.26318
70 1.07324 2.23962
70.2 1.0689 2.21551
70.4 1.06431 2.19089
70.6 1.05942 2.16579
70.8 1.05421 2.14026
71 1.04867 2.11434
71.2 1.04277 2.08807
71.4 1.03649 2.0615
71.6 1.02982 2.03467
71.8 1.02276 2.00765
72 1.01529 1.98048
72.2 1.0074 1.95321
72.4 0.999094 1.92589
72.6 0.990372 1.89858
72.8 0.981235 1.87133
73 0.971687 1.84419
73.2 0.961734 1.81722
73.4 0.951386 1.79048
73.6 0.940653 1.764
73.8 0.929548 1.73786
74 0.918086 1.71208
74.2 0.906285 1.68674
74.4 0.894161 1.66187
74.6 0.881735 1.63751
74.8 0.869028 1.61372
75 0.856062 1.59054
75.2 0.84286 1.568
75.4 0.829448 1.54615
75.6 0.815849 1.52501
75.8 0.80209 1.50462
76 0.788197 1.48501
76.2 0.774197 1.4662
76.4 0.760116 1.44822
76.6 0.745981 1.43108
76.8 0.731819 1.4148
77 0.717656 1.3994
77.2 0.703519 1.38487
77.4 0.689433 1.37123
77.6 0.675423 1.35847
77.8 0.661513 1.3466
78 0.647728 1.33561
78.2 0.634089 1.32548
78.4 0.620618 1.3162
78.6 0.607335 1.30776
78.8 0.59426 1.30013
79 0.581409 1.2933
79.2 0.5688 1.28722
79.4 0.556447 1.28188
79.6 0.544364 1.27724
79.8 0.532562 1.27325
80 0.521052 1.26989
80.2 0.509842 1.26711
80.4 0.498939 1.26486
80.6 0.488349 1.26311
80.8 0.478075 1.26179
81 0.468119 1.26086
81.2 0.458481 1.26027
81.4 0.44916 1.25997
81.6 0.440154 1.2599
81.8 0.431458 1.26001
82 0.423065 1.26023
82.2 0.414969 1.26053
82.4 0.407162 1.26084
82.6 0.399632 1.26111
82.8 0.392369 1.26128
83 0.385361 1.2613
83.2 0.378594 1.26112
83.4 0.372054 1.26069
83.6 0.365725 1.25996
83.8 0.359592 1.25889
84 0.353638 1.25742
84.2 0.347846 1.25552
84.4 0.342198 1.25314
84.6 0.336676 1.25025
84.8 0.331264 1.24682
85 0.325941 1.24281
85.2 0.32069 1.2382
85.4 0.315494 1.23296
85.6 0.310333 1.22707
85.8 0.305192 1.22052
86 0.300052 1.21329
86.2 0.294898 1.20537
86.4 0.289714 1.19675
86.6 0.284485 1.18745
86.8 0.279196 1.17745
87 0.273835 1.16676
87.2 0.26839 1.15539
87.4 0.262848 1.14337
87.6 0.257201 1.13069
87.8 0.25144 1.1174
88 0.245557 1.1035
88.2 0.239545 1.08903
88.4 0.2334 1.07402
88.6 0.227119 1.0585
88.8 0.2207 1.04252
89 0.21414 1.0261
89.2 0.207442 1.0093
89.4 0.200607 0.992159
89.6 0.193639 0.974721
89.8 0.186542 0.957036
90 0.179322 0.939155
90.2 0.171987 0.921128
90.4 0.164545 0.903009
90.6 0.157006 0.884849
90.8 0.14938 0.866704
91 0.141681 0.848626
91.2 0.13392 0.830669
91.4 0.126111 0.812887
91.6 0.11827 0.795332
91.8 0.11041 0.778055
92 0.10255 0.761107
92.2 0.0947044 0.744538
92.4 0.086891 0.728393
92.6 0.0791272 0.712719
92.8 0.0714306 0.697559
93 0.0638191 0.682954
93.2 0.0563106 0.66894
93.4 0.048923 0.655554
93.6 0.0416739 0.642828
93.8 0.0345808 0.630791
94 0.0276608 0.619468
94.2 0.0209306 0.608882
94.4 0.0144063 0.599052
94.6 0.00810338 0.589992
94.8 0.00203665 0.581714
95 -0.00377991 0.574226
95.2 -0.00933319 0.567531
95.4 -0.014611 0.56163
95.6 -0.0196022 0.556518
95.8 -0.0242968 0.552188
96 -0.0286856 0.548629
96.2 -0.032761 0.545826
96.4 -0.0365163 0.54376
96.6 -0.0399462 0.542409
96.8 -0.0430467 0.541749
97 -0.0458149 0.54175
97.2 -0.0482494 0.542381
97.4 -0.05035 0.543607
97.6 -0.0521177 0.545392
97.8 -0.0535551 0.547695
98 -0.0546657 0.550476
98.2 -0.0554546 0.553689
98.4 -0.0559277 0.557289
98.6 -0.0560926 0.561229
98.8 -0.0559576 0.565461
99 -0.0555322 0.569933
99.2 -0.0548271 0.574596
99.4 -0.0538538 0.579398
99.6 -0.0526247 0.584289
99.8 -0.0511532 0.589215
100 -0.0494533 0.594127
100.2 -0.0475397 0.598972
100.4 -0.0454278 0.6037
100.6 -0.0431335 0.608264
100.8 -0.0406732 0.612613
101 -0.0380634 0.616701
101.2 -0.0353212 0.620484
101.4 -0.0324638 0.623918
101.6 -0.0295084 0.626962
101.8 -0.0264723 0.629577
102 -0.0233727 0.631727
102.2 -0.0202267 0.633376
102.4 -0.0170511 0.634495
102.6 -0.0138625 0.635054
102.8 -0.0106771 0.635027
103 -0.00751053 0.634394
103.2 -0.00437799 0.633133
103.4 -0.00129413 0.631229
103.6 0.00172711 0.628669
103.8 0.00467244 0.625442
104 0.00752934 0.621543
104.2 0.0102861 0.616969
104.4 0.0129318 0.611718
104.6 0.0154564 0.605795
104.8 0.0178507 0.599205
105 0.0201067 0.591958
105.2 0.0222169 0.584067
105.4 0.0241751 0.575546
105.6 0.0259759 0.566414
105.8 0.027615 0.556691
106 0.0290888 0.5464
106.2 0.0303949 0.535566
106.4 0.0315317 0.524218
106.6 0.0324986 0.512385
106.8 0.0332959 0.500098
107 0.0339247 0.487391
107.2 0.0343869 0.474299
107.4 0.0346853 0.460856
107.6 0.0348234 0.447101
107.8 0.0348055 0.433071
108 0.0346365 0.418805
108.2 0.034322 0.404342
108.4 0.033868 0.389722
108.6 0.0332813 0.374983
108.8 0.032569 0.360166
109 0.0317385 0.345309
109.2 0.0307979 0.330451
109.4 0.0297554 0.31563
109.6 0.0286193 0.300884
109.8 0.0273985 0.286248
110 0.0261017 0.271758
110.2 0.0247379 0.257448
110.4 0.0233159 0.24335
110.6 0.0218449 0.229494
110.8 0.0203335 0.215911
111 0.0187906 0.202628
111.2 0.0172248 0.18967
111.4 0.0156446 0.177061
111.6 0.0140581 0.164823
111.8 0.0124733 0.152976
112 0.0108977 0.141537
112.2 0.00933863 0.130522
112.4 0.007803 0.119943
112.6 0.00629731 0.109814
112.8 0.00482768 0.100141
113 0.00339976 0.0909329
113.2 0.0020188 0.082194
113.4 0.000689549 0.073927
113.6 -0.000583676 0.0661329
113.8 -0.00179705 0.0588103
114 -0.00294721 0.0519563
114.2 -0.00403127 0.0455659
114.4 -0.00504683 0.0396324
114.6 -0.00599192 0.0341478
114.8 -0.00686506 0.029102
115 -0.00766519 0.0244838
115.2 -0.00839169 0.0202806
115.4 -0.00904437 0.0164786
115.6 -0.00962341 0.0130628
115.8 -0.0101294 0.0100172
116 -0.0105633 0.00732501
116.2 -0.0109263 0.00496862
116.4 -0.01122 0.00292978
116.6 -0.0114464 0.00118974
116.8 -0.0116075 -0.000270628
117 -0.0117058 -0.00147076
117.2 -0.0117439 -0.00243023
117.4 -0.0117245 -0.00316865
117.6 -0.0116507 -0.00370558
117.8 -0.0115255 -0.00406038
118 -0.0113523 -0.00425215
118.2 -0.0111343 -0.0042996
118.4 -0.0108749 -0.00422096
118.6 -0.0105776 -0.00403391
118.8 -0.0102459 -0.00375548
119 -0.00988329 -0.00340199
119.2 -0.00949322 -0.00298895
119.4 -0.00907916 -0.00253103
119.6 -0.00864453 -0.00204198
119.8 -0.00819267 -0.00153461
120 -0.00772687 -0.00102071
120.2 -0.00725032 -0.000511023
120.4 -0.00676611 -1.52539e-05
120.6 -0.00627722 0.000458001
120.8 -0.00578654 0.000901243
121 -0.00529681 0.00130809
121.2 -0.00481064 0.00167326
121.4 -0.00433052 0.0019926
121.6 -0.00385879 0.00226304
121.8 -0.00339766 0.00248259
122 -0.00294921 0.00265034
122.2 -0.00251534 0.00276638
122.4 -0.00209786 0.00283183
122.6 -0.00169839 0.00284876
122.8 -0.00131845 0.00282014
123 -0.000959415 0.00274985
123.2 -0.000622523 0.00264258
123.4 -0.000308892 0.00250379
123.6 -1.95136e-05 0.00233966
123.8 0.000244737 0.00215704
124 0.0004831 0.00196337
124.2 0.000694921 0.00176664
124.4 0.000879652 0.00157531
124.6 0.00103684 0.00139826
124.8 0.00116614 0.00124471
125 0.00126727 0.00112417
125.2 0.00134006 0.00104638
125.4 0.00138441 0.00102121
125.6 0.00140028 0.00105866
125.8 0.00138773 0.00116872
126 0.00134688 0.00136138
126.2 0.0012779 0.00164651
126.4 0.00118106 0.00203386
126.6 0.00105665 0.00253296
126.8 0.000905055 0.00315306
127 0.000726694 0.00390312
127.2 0.000522056 0.00479175
127.4 0.000291683 0.00582711
127.6 3.61694e-05 0.00701694
127.8 -0.000243831 0.00836848
128 -0.000547612 0.00988842
128.2 -0.000874413 0.0115829
128.4 -0.00122342 0.0134574
128.6 -0.00159376 0.0155169
128.8 -0.00198451 0.0177656
129 -0.00239469 0.0202071
129.2 -0.00282327 0.0228441
129.4 -0.00326916 0.0256789
129.6 -0.00373122 0.0287129
129.8 -0.00420826 0.0319467
130 -0.00469904 0.0353802
130.2 -0.00520226 0.0390126
130.4 -0.00571657 0.0428422
130.6 -0.0062406 0.0468667
130.8 -0.00677291 0.051083
131 -0.00731204 0.0554873
131.2 -0.00785647 0.0600748
131.4 -0.00840468 0.0648402
131.6 -0.0089551 0.0697776
131.8 -0.00950614 0.0748801
132 -0.0100562 0.0801404
132.2 -0.0106037 0.0855503
132.4 -0.011147 0.0911011
132.6 -0.0116845 0.0967836
132.8 -0.0122145 0.102588
133 -0.0127356 0.108503
133.2 -0.0132462 0.114519
133.4 -0.0137448 0.120623
133.6 -0.0142298 0.126804
133.8 -0.0147 0.13305
134 -0.0151538 0.139347
134.2 -0.0155901 0.145683
134.4 -0.0160077 0.152044
134.6 -0.0164054 0.158417
134.8 -0.0167823 0.164788
135 -0.0171373 0.171143
135.2 -0.0174697 0.177467
135.4 -0.0177788 0.183747
135.6 -0.018064 0.189968
135.8 -0.018325 0.196116
136 -0.0185613 0.202176
136.2 -0.0187727 0.208135
136.4 -0.0189593 0.213979
136.6 -0.0191212 0.219693
136.8 -0.0192585 0.225265
137 -0.0193716 0.230681
137.2 -0.0194611 0.235928
137.4 -0.0195276 0.240994
137.6 -0.0195718 0.245867
137.8 -0.0195946 0.250534
138 -0.019597 0.254986
138.2 -0.0195802 0.259211
138.4 -0.0195454 0.263199
138.6 -0.0194938 0.266942
138.8 -0.0194268 0.27043
139 -0.0193459 0.273656
139.2 -0.0192526 0.276612
139.4 -0.0191484 0.279293
139.6 -0.0190349 0.281692
139.8 -0.0189136 0.283805
140 -0.0187862 0.285628
140.2 -0.0186541 0.287157
140.4 -0.0185189 0.288392
140.6 -0.0183821 0.28933
140.8 -0.0182449 0.289972
141 -0.0181088 0.290318
141.2 -0.0179748 0.290369
141.4 -0.0178441 0.290128
141.6 -0.0177175 0.289599
141.8 -0.017596 0.288786
142 -0.0174799 0.287695
142.2 -0.0173699 0.286331
142.4 -0.0172661 0.284702
142.6 -0.0171686 0.282815
142.8 -0.0170772 0.28068
143 -0.0169915 0.278307
143.2 -0.016911 0.275705
143.4 -0.0168347 0.272886
143.6 -0.0167616 0.269862
143.8 -0.0166905 0.266645
144 -0.0166198 0.263249
144.2 -0.0165477 0.259688
144.4 -0.0164723 0.255975
144.6 -0.0163915 0.252126
144.8 -0.0163029 0.248156
145 -0.0162039 0.244081
145.2 -0.0160919 0.239916
145.4 -0.0159638 0.235678
145.6 -0.0158169 0.231382
145.8 -0.0156479 0.227047
146 -0.0154536 0.222687
146.2 -0.0152309 0.21832
146.4 -0.0149763 0.213961
146.6 -0.0146867 0.209628
146.8 -0.0143587 0.205336
147 -0.0139892 0.201102
147.2 -0.0135749 0.196939
147.4 -0.013113 0.192864
147.6 -0.0126006 0.188891
147.8 -0.012035 0.185035
148 -0.0114139 0.181308
148.2 -0.0107349 0.177723
148.4 -0.00999642 0.174292
148.6 -0.00919676 0.171028
148.8 -0.0083348 0.16794
149 -0.00740978 0.165038
149.2 -0.00642134 0.162331
149.4 -0.00536962 0.159827
149.6 -0.00425521 0.157533
149.8 -0.00307923 0.155455
150 -0.00184332 0.153599
150.2 -0.000549687 0.151967
150.4 0.000798906 0.150564
150.6 0.0021991 0.149391
150.8 0.00364693 0.14845
151 0.00513784 0.147739
151.2 0.00666666 0.147259
151.4 0.0082276 0.147006
151.6 0.00981427 0.146979
151.8 0.0114197 0.147172
152 0.0130363 0.147581
152.2 0.0146559 0.148199
152.4 0.0162697 0.14902
152.6 0.0178687 0.150036
152.8 0.0194429 0.151238
153 0.0209823 0.152617
153.2 0.0224761 0.154163
153.4 0.0239134 0.155864
153.6 0.0252827 0.15771
153.8 0.0265723 0.159688
154 0.0277703 0.161786
154.2 0.0288645 0.16399
154.4 0.0298427 0.166287
154.6 0.0306925 0.168664
154.8 0.0314015 0.171106
155 0.0319574 0.173598
155.2 0.0323479 0.176127
155.4 0.032561 0.178677
155.6 0.0325849 0.181235
155.8 0.0324082 0.183785
156 0.0320197 0.186313
156.2 0.031409 0.188805
156.4 0.0305657 0.191247
156.6 0.0294806 0.193625
156.8 0.0281448 0.195925
157 0.0265502 0.198134
157.2 0.0246896 0.20024
157.4 0.0225565 0.202231
157.6 0.0201456 0.204094
157.8 0.0174522 0.20582
158 0.0144729 0.207397
158.2 0.0112053 0.208815
158.4 0.00764828 0.210066
158.6 0.00380159 0.211142
158.8 -0.000333601 0.212034
159 -0.00475498 0.212735
159.2 -0.00945895 0.21324
159.4 -0.0144407 0.213543
159.6 -0.019694 0.213639
159.8 -0.0252115 0.213525
160 -0.0309845 0.213198
160.2 -0.0370031 0.212655
160.4 -0.0432558 0.211895
160.6 -0.0497304 0.210918
160.8 -0.056413 0.209723
161 -0.0632888 0.208312
161.2 -0.0703417 0.206685
161.4 -0.0775546 0.204846
161.6 -0.0849094 0.202797
161.8 -0.0923868 0.200541
162 -0.0999668 0.198084
162.2 -0.107628 0.195429
162.4 -0.11535 0.192582
162.6 -0.123109 0.189549
162.8 -0.130883 0.186337
163 -0.138647 0.182951
163.2 -0.146379 0.1794
163.4 -0.154053 0.175691
163.6 -0.161645 0.171831
163.8 -0.169131 0.167829
164 -0.176486 0.163693
164.2 -0.183684 0.159431
164.4 -0.190702 0.155053
164.6 -0.197516 0.150568
164.8 -0.204101 0.145984
165 -0.210435 0.14131
165.2 -0.216494 0.136555
165.4 -0.222257 0.131729
165.6 -0.227703 0.12684
165.8 -0.232811 0.121898
166 -0.237562 0.116911
166.2 -0.241937 0.111887
166.4 -0.24592 0.106836
166.6 -0.249495 0.101765
166.8 -0.252648 0.096683
167 -0.255364 0.0915976
167.2 -0.257634 0.0865166
167.4 -0.259446 0.0814474
167.6 -0.260792 0.0763972
167.8 -0.261665 0.0713729
168 -0.26206 0.066381
168.2 -0.261973 0.0614281
168.4 -0.261402 0.0565202
168.6 -0.260348 0.0516629
168.8 -0.258811 0.046862
169 -0.256794 0.0421224
169.2 -0.254304 0.0374493
169.4 -0.251345 0.0328471
169.6 -0.247927 0.0283204
169.8 -0.24406 0.0238731
170 -0.239754 0.019509
170.2 -0.235023 0.0152319
170.4 -0.229881 0.011045
170.6 -0.224344 0.00695134
170.8 -0.21843 0.00295387
171 -0.212157 -0.000944795
171.2 -0.205545 -0.00474221
171.4 -0.198614 -0.00843613
171.6 -0.191386 -0.0120245
171.8 -0.183885 -0.0155054
172 -0.176133 -0.0188772
172.2 -0.168156 -0.0221383
172.4 -0.159978 -0.0252872
172.6 -0.151624 -0.0283228
172.8 -0.143121 -0.0312438
173 -0.134495 -0.0340492
173.2 -0.125772 -0.0367382
173.4 -0.116979 -0.0393099
173.6 -0.108142 -0.0417637
173.8 -0.0992867 -0.0440991
174 -0.0904404 -0.0463154
174.2 -0.0816284 -0.0484124
174.4 -0.0728757 -0.0503897
174.6 -0.0642072 -0.0522472
174.8 -0.0556468 -0.0539847
175 -0.0472179 -0.0556024
175.2 -0.038943 -0.0571002
175.4 -0.0308435 -0.0584783
175.6 -0.0229401 -0.0597372
175.8 -0.0152521 -0.0608771
176 -0.007798 -0.0618986
176.2 -0.000594912 -0.0628024
176.4 0.00634127 -0.0635891
176.6 0.0129959 -0.0642597
176.8 0.0193558 -0.0648151
177 0.025409 -0.0652565
177.2 0.031145 -0.0655852
177.4 0.0365547 -0.0658024
177.6 0.0416305 -0.0659099
177.8 0.0463662 -0.0659092
178 0.0507569 -0.0658023
178.2 0.0547993 -0.0655912
178.4 0.0584916 -0.065278
178.6 0.0618331 -0.064865
178.8 0.0648247 -0.0643548
179 0.0674685 -0.06375
179.2 0.069768 -0.0630533
179.4 0.0717278 -0.0622679
179.6 0.073354 -0.0613967
179.8 0.0746535 -0.0604432
180 0.0756345 -0.0594107
180.2 0.0763061 -0.0583028
180.4 0.0766785 -0.0571233
180.6 0.0767626 -0.055876
180.8 0.0765702 -0.0545649
181 0.076114 -0.0531942
181.2 0.0754072 -0.0517679
181.4 0.0744635 -0.0502906
181.6 0.0732972 -0.0487665
181.8 0.0719231 -0.0472001
182 0.0703563 -0.045596
182.2 0.0686121 -0.0439588
182.4 0.0667061 -0.0422931
182.6 0.0646538 -0.0406035
182.8 0.0624709 -0.0388948
183 0.0601731 -0.0371715
183.2 0.0577758 -0.0354383
183.4 0.0552944 -0.0336999
183.6 0.0527439 -0.0319606
183.8 0.0501391 -0.0302251
184 0.0474942 -0.0284976
184.2 0.0448233 -0.0267825
184.4 0.0421398 -0.025084
184.6 0.0394565 -0.023406
184.8 0.0367858 -0.0217525
185 0.0341394 -0.0201273
185.2 0.0315282 -0.0185338
185.4 0.0289627 -0.0169756
185.6 0.0264526 -0.0154557
185.8 0.0240066 -0.0139773
186 0.0216329 -0.0125431
186.2 0.0193389 -0.0111557
186.4 0.0171313 -0.00981738
186.6 0.0150158 -0.00853034
186.8 0.0129976 -0.00729643
187 0.0110809 -0.0061173
187.2 0.0092692 -0.00499434
187.4 0.00756538 -0.0039287
187.6 0.00597146 -0.00292129
187.8 0.0044888 -0.00197277
188 0.00311808 -0.00108356
188.2 0.0018593 -0.000253841
188.4 0.000711868 0.000516441
188.6 -0.000325436 0.00122757
188.8 -0.00125437 0.00188005
189 -0.00207724 0.00247459
189.2 -0.0027968 0.00301214
189.4 -0.00341629 0.00349381
189.6 -0.00393933 0.0039209
189.8 -0.00436992 0.00429492
190 -0.00471237 0.0046175
190.2 -0.00497129 0.00489045
190.4 -0.00515152 0.0051157
190.6 -0.00525809 0.00529533
190.8 -0.0052962 0.00543152
191 -0.00527115 0.00552653
191.2 -0.00518835 0.00558272
191.4 -0.00505321 0.00560252
191.6 -0.00487117 0.00558842
191.8 -0.00464762 0.00554292
192 -0.0043879 0.00546859
192.2 -0.00409724 0.00536799
192.4 -0.00378075 0.00524366
192.6 -0.00344339 0.00509815
192.8 -0.00308993 0.00493399
193 -0.00272494 0.00475364
193.2 -0.00235278 0.00455952
193.4 -0.00197757 0.00435401
193.6 -0.00160315 0.00413939
193.8 -0.00123313 0.00391786
194 -0.000870806 0.00369153
194.2 -0.000519213 0.00346243
194.4 -0.000181083 0.00323244
194.6 0.000141146 0.00300338
194.8 0.000445333 0.0027769
195 0.000729631 0.00255457
195.2 0.000992487 0.0023378
195.4 0.00123264 0.00212789
195.6 0.00144909 0.00192599
195.8 0.00164114 0.00173314
196 0.00180833 0.00155023
196.2 0.00195046 0.00137802
196.4 0.00206756 0.00121715
196.6 0.0021599 0.00106813
196.8 0.00222795 0.000931321
197 0.00227236 0.000806997
197.2 0.00229397 0.000695295
197.4 0.00229378 0.000596246
197.6 0.00227292 0.000509774
197.8 0.00223265 0.000435702
198 0.00217435 0.000373762
198.2 0.00209946 0.000323597
198.4 0.00200951 0.000284771
198.6 0.00190609 0.00025678
198.8 0.0017908 0.000239051
199 0.0016653 0.000230957
199.2 0.00153121 0.000231824
199.4 0.00139018 0.000240935
199.6 0.00124381 0.000257544
199.8 0.00109368 0.000280878
200 0.000941314 0.000310147
