Preparing 4 NEW job directories...
Existing max job index: 4
Creating jobs: job_05 .. job_08
Job directory preparation done.
Scheduling 4 NEW job directories:
  job_05
  job_06
  job_07
  job_08
Launching 4 jobs on GPUs: 2 3
(Ignoring external GPU usage)
Launched job_05 on GPU 2 (PID 2384047)
GPU 2: starting job_05
Launched job_06 on GPU 3 (PID 2384048)
GPU 3: starting job_06
GPU 3: job_06 finished
GPU 3: internal job PID 2384048 finished.
Launched job_07 on GPU 3 (PID 2543793)
GPU 3: starting job_07
GPU 2: job_05 finished
GPU 2: internal job PID 2384047 finished.
Launched job_08 on GPU 2 (PID 2544137)
GPU 2: starting job_08
GPU 3: job_07 finished
GPU 3: internal job PID 2543793 finished.
GPU 2: job_08 finished
GPU 2: internal job PID 2544137 finished.
All jobs finished.
