===== IFC post-processing pipeline started at Thu Apr  9 08:51:36 PM PDT 2026 =====
Activated conda env: phoebe
Working directory: <PATH_TO_DATA>/qe_jobs/nep_training/ifc/100-106

>>> Step 1: Building FORCE_SETS from displaced VASP runs
        _
  _ __ | |__   ___  _ __   ___   _ __  _   _
 | '_ \| '_ \ / _ \| '_ \ / _ \ | '_ \| | | |
 | |_) | | | | (_) | | | | (_) || |_) | |_| |
 | .__/|_| |_|\___/|_| |_|\___(_) .__/ \__, |
 |_|                            |_|    |___/
                                      2.43.2

-------------------------[time 2026-04-09 20:51:36]-------------------------
Compiled with OpenMP support (max 192 threads).
Python version 3.11.13
Spglib version 2.6.0

Displacements were read from "phonopy_disp.yaml".
  Number of supercell files: 504
  Number of displacements in "phonopy_disp.yaml": 504
counter (file index): 1 2 3 4 5 6 7 8 9 10 11 12 13 14 15 16 17 18 19 20 21 22 23 24 25 26 27 28 29 30 31 32 33 34 35 36 37 38 39 40 41 42 43 44 45 46 47 48 49 50 51 52 53 54 55 56 57 58 59 60 61 62 63 64 65 66 67 68 69 70 71 72 73 74 75 76 77 78 79 80 81 82 83 84 85 86 87 88 89 90 91 92 93 94 95 96 97 98 99 100 101 102 103 104 105 106 107 108 109 110 111 112 113 114 115 116 117 118 119 120 121 122 123 124 125 126 127 128 129 130 131 132 133 134 135 136 137 138 139 140 141 142 143 144 145 146 147 148 149 150 151 152 153 154 155 156 157 158 159 160 161 162 163 164 165 166 167 168 169 170 171 172 173 174 175 176 177 178 179 180 181 182 183 184 185 186 187 188 189 190 191 192 193 194 195 196 197 198 199 200 201 202 203 204 205 206 207 208 209 210 211 212 213 214 215 216 217 218 219 220 221 222 223 224 225 226 227 228 229 230 231 232 233 234 235 236 237 238 239 240 241 242 243 244 245 246 247 248 249 250 251 252 253 254 255 256 257 258 259 260 261 262 263 264 265 266 267 268 269 270 271 272 273 274 275 276 277 278 279 280 281 282 283 284 285 286 287 288 289 290 291 292 293 294 295 296 297 298 299 300 301 302 303 304 305 306 307 308 309 310 311 312 313 314 315 316 317 318 319 320 321 322 323 324 325 326 327 328 329 330 331 332 333 334 335 336 337 338 339 340 341 342 343 344 345 346 347 348 349 350 351 352 353 354 355 356 357 358 359 360 361 362 363 364 365 366 367 368 369 370 371 372 373 374 375 376 377 378 379 380 381 382 383 384 385 386 387 388 389 390 391 392 393 394 395 396 397 398 399 400 401 402 403 404 405 406 407 408 409 410 411 412 413 414 415 416 417 418 419 420 421 422 423 424 425 426 427 428 429 430 431 432 433 434 435 436 437 438 439 440 441 442 443 444 445 446 447 448 449 450 451 452 453 454 455 456 457 458 459 460 461 462 463 464 465 466 467 468 469 470 471 472 473 474 475 476 477 478 479 480 481 482 483 484 485 486 487 488 489 490 491 492 493 494 495 496 497 498 499 500 501 502 503 504 
"FORCE_SETS" has been created.
-------------------------[time 2026-04-09 20:51:40]-------------------------
                 _
   ___ _ __   __| |
  / _ \ '_ \ / _` |
 |  __/ | | | (_| |
  \___|_| |_|\__,_|


>>> Step 2: Writing FORCE_CONSTANTS
        _
  _ __ | |__   ___  _ __   ___   _ __  _   _
 | '_ \| '_ \ / _ \| '_ \ / _ \ | '_ \| | | |
 | |_) | | | | (_) | | | | (_) || |_) | |_| |
 | .__/|_| |_|\___/|_| |_|\___(_) .__/ \__, |
 |_|                            |_|    |___/
                                      2.43.2

-------------------------[time 2026-04-09 20:51:40]-------------------------
Compiled with OpenMP support (max 192 threads).
Python version 3.11.13
Spglib version 2.6.0

Crystal structure was read from "CONTCAR".
Unit of length: angstrom
Settings:
  Supercell: [1 1 1]
Spacegroup: P1 (1)
Number of symmetry operations in supercell: 1
Use -v option to watch primitive cell, unit cell, and supercell structures.

Displacement-force dataset was read from "FORCE_SETS".
Max drift of force constants: 0.46784250 (zz) 0.00000600 (yx) 
Force constants are written into "FORCE_CONSTANTS".
  Array shape of force constants is (84, 84, 3, 3).

****************************************************************************
 The "phonopy" command for running phonon calculationswill be phased out in 
 the future. It is recommended to use the "phonopy-load" command instead.
 For more details, please refer to this link.
 https://phonopy.github.io/phonopy/phonopy-load.html
****************************************************************************
----------------------------------------------------------------------------
 One of the following run modes may be specified for phonon calculations.
 - Mesh sampling (MESH, --mesh)
 - Q-points (QPOINTS, --qpoints)
 - Band structure (BAND, --band)
 - Animation (ANIME, --anime)
 - Modulation (MODULATION, --modulation)
 - Characters of Irreps (IRREPS, --irreps)
 - Create displacements (CREATE_DISPLACEMENTS, -d)
----------------------------------------------------------------------------

Summary of calculation was written in "phonopy.yaml".
-------------------------[time 2026-04-09 20:51:40]-------------------------
                 _
   ___ _ __   __| |
  / _ \ '_ \ / _` |
 |  __/ | | | (_| |
  \___|_| |_|\__,_|


>>> Step 3: Running cross_ifc.py
=== Auto-detected interface ===
Axis: z
Chosen switch: Si(SiC) -> O(Ga2O3)
coord1 = 19.316613 Å, coord2 = 20.873557 Å
Interface location = 20.095085 Å
Local gap = 1.556944 Å

=== Interfacial atom selection ===
Window around interface: +/- 4.000 Å
SiC-side atoms kept:    16
Ga2O3-side atoms kept:  12
Ignored OTHER atoms:    0
Interface area A:       34.824300 Å^2

=== Cross-interface IFC metrics ===
Interface location z0 (Å): 20.095085
Interface area A (Å^2):            34.824300
Number of cross pairs used:        36

Kcross      = 168.1715035222
Kcross / A  = 4.8291423334
Knn         = 142.8274820000
Knn / A     = 4.1013740453
Ktt         = 33.9114295000
Ktt / A     = 0.9737863809

=== Top 20 strongest cross-interface pairs by ||Phi_ij||_F ===
rank    i    j     pair    dist(Å)      ||Phi||_F           nn           tt
   1   59   32     Si-O     1.6111      30.309035    29.183903     4.768396
   2   60   31     Si-O     1.6111      30.302644    29.177890     4.768828
   3   58   28     Si-O     1.7178      15.616386    15.030160     4.963508
   4   57   27     Si-O     1.7178      15.611495    15.025157     4.964358
   5   57    1    Si-Ga     3.1042       4.522489     4.427404     0.843777
   6   58    2    Si-Ga     3.1042       4.522407     4.427290     0.844060
   7   80   31      C-O     2.7455       3.324977     2.532226     0.742418
   8   79   32      C-O     2.7455       3.324519     2.531719     0.742552
   9   59   14    Si-Ga     3.5309       3.067029     3.052826     0.284928
  10   60   13    Si-Ga     3.5309       3.066992     3.052799     0.284476
  11   78   28      C-O     2.7708       3.031807     2.415369     0.836506
  12   77   27      C-O     2.7709       3.031389     2.414947     0.836570
  13   57   31     Si-O     3.4920       2.926994     2.368917     0.498624
  14   58   32     Si-O     3.4919       2.926761     2.368602     0.498731
  15   57   32     Si-O     3.4564       2.790740     2.443091     0.678057
  16   58   31     Si-O     3.4564       2.790165     2.442525     0.678096
  17   60   28     Si-O     3.4826       2.554114     2.109817     0.306426
  18   59   27     Si-O     3.4826       2.553730     2.109393     0.306384
  19   60   27     Si-O     3.3587       2.535479     2.228911     0.365568
  20   59   28     Si-O     3.3587       2.535120     2.228550     0.365554

Saved full pair table to: cross_ifc_pairs.txt

===== IFC post-processing pipeline finished at Thu Apr  9 08:51:40 PM PDT 2026 =====
