-0.498 -8.91336e-05 1.13372e-05
-0.496 -0.000329795 5.25354e-05
-0.494 -0.000671312 0.000129559
-0.492 -0.00105534 0.000241221
-0.49 -0.00142472 0.00037909
-0.488 -0.00173243 0.000528376
-0.486 -0.00194976 0.000669656
-0.484 -0.00207263 0.000781242
-0.482 -0.00212541 0.000841897
-0.48 -0.00216169 0.000833588
-0.478 -0.00226165 0.00074394
-0.476 -0.00252612 0.000568093
-0.474 -0.0030678 0.00030973
-0.472 -0.00400012 -1.88802e-05
-0.47 -0.00542488 -0.000397881
-0.468 -0.00741966 -0.000801797
-0.466 -0.0100263 -0.0012023
-0.464 -0.0132416 -0.00157152
-0.462 -0.0170114 -0.00188551
-0.46 -0.0212284 -0.00212761
-0.458 -0.0257355 -0.0022911
-0.456 -0.0303327 -0.0023811
-0.454 -0.0347888 -0.00241513
-0.452 -0.0388578 -0.00242239
-0.45 -0.0422961 -0.00244162
-0.448 -0.0448825 -0.00251758
-0.446 -0.0464374 -0.00269662
-0.444 -0.0468404 -0.00302148
-0.442 -0.0460439 -0.00352593
-0.44 -0.0440825 -0.00422984
-0.438 -0.0410765 -0.00513523
-0.436 -0.0372281 -0.00622371
-0.434 -0.032812 -0.00745593
-0.432 -0.0281584 -0.00877311
-0.43 -0.0236315 -0.0101008
-0.428 -0.0196038 -0.0113546
-0.426 -0.0164276 -0.0124477
-0.424 -0.0144072 -0.0132994
-0.422 -0.0137726 -0.0138435
-0.42 -0.0146581 -0.0140368
-0.418 -0.017086 -0.0138661
-0.416 -0.0209594 -0.0133519
-0.414 -0.0260615 -0.0125513
-0.412 -0.0320656 -0.0115554
-0.41 -0.0385514 -0.0104854
-0.408 -0.0450295 -0.0094839
-0.406 -0.0509701 -0.00870462
-0.404 -0.0558364 -0.00829947
-0.402 -0.0591174 -0.00840488
-0.4 -0.0603617 -0.00912807
-0.398 -0.0592073 -0.0105346
-0.396 -0.0554076 -0.0126386
-0.394 -0.0488522 -0.0153958
-0.392 -0.0395793 -0.0187023
-0.39 -0.0277825 -0.0223972
-0.388 -0.0138077 -0.0262711
-0.386 0.00185801 -0.0300793
-0.384 0.0186062 -0.0335592
-0.382 0.0357349 -0.0364503
-0.38 0.0524835 -0.0385158
-0.378 0.0680731 -0.0395629
-0.376 0.0817502 -0.0394607
-0.374 0.0928308 -0.0381539
-0.372 0.100742 -0.0356708
-0.37 0.105056 -0.0321245
-0.368 0.105522 -0.0277083
-0.366 0.102076 -0.0226831
-0.364 0.0948504 -0.0173613
-0.362 0.0841617 -0.0120842
-0.36 0.0704918 -0.00719802
-0.358 0.0544567 -0.00302778
-0.356 0.0367687 0.000148117
-0.354 0.0181951 0.00212152
-0.352 -0.000485156 0.0027746
-0.35 -0.018521 0.00209493
-0.348 -0.0352258 0.000184267
-0.346 -0.0500073 -0.00274003
-0.344 -0.0623916 -0.00635182
-0.342 -0.0720409 -0.0102314
-0.34 -0.0787651 -0.013889
-0.338 -0.0825286 -0.0167955
-0.336 -0.0834508 -0.0184186
-0.334 -0.0818018 -0.018263
-0.332 -0.0779917 -0.0159105
-0.33 -0.0725529 -0.0110585
-0.328 -0.0661164 -0.00355246
-0.326 -0.0593813 0.00658928
-0.324 -0.0530795 0.019162
-0.322 -0.0479374 0.0337728
-0.32 -0.044636 0.0498524
-0.318 -0.0437735 0.066679
-0.316 -0.0458309 0.0834134
-0.314 -0.0511435 0.0991441
-0.312 -0.0598798 0.112936
-0.31 -0.0720293 0.123885
-0.308 -0.0873992 0.131168
-0.306 -0.105621 0.134089
-0.304 -0.126167 0.132122
-0.302 -0.148373 0.124942
-0.3 -0.171478 0.11244
-0.298 -0.194655 0.0947336
-0.296 -0.217066 0.0721616
-0.294 -0.237904 0.0452627
-0.292 -0.256442 0.0147465
-0.29 -0.272084 -0.0185474
-0.288 -0.2844 -0.0536972
-0.286 -0.29316 -0.0897512
-0.284 -0.298357 -0.125781
-0.282 -0.300212 -0.160931
-0.28 -0.299169 -0.194463
-0.278 -0.295869 -0.225792
-0.276 -0.29112 -0.254513
-0.274 -0.28584 -0.28041
-0.272 -0.281 -0.30346
-0.27 -0.277561 -0.323828
-0.268 -0.276401 -0.341836
-0.266 -0.278255 -0.357946
-0.264 -0.283661 -0.372709
-0.262 -0.292916 -0.386731
-0.26 -0.306051 -0.400621
-0.258 -0.322824 -0.41494
-0.256 -0.342731 -0.430159
-0.254 -0.36503 -0.446616
-0.252 -0.388789 -0.464486
-0.25 -0.412937 -0.483763
-0.248 -0.436331 -0.504255
-0.246 -0.457825 -0.525597
-0.244 -0.476344 -0.547273
-0.242 -0.490959 -0.568656
-0.24 -0.500947 -0.589054
-0.238 -0.505854 -0.607754
-0.236 -0.505535 -0.624078
-0.234 -0.50018 -0.637417
-0.232 -0.490313 -0.647274
-0.23 -0.476779 -0.653281
-0.228 -0.460697 -0.655217
-0.226 -0.443394 -0.653005
-0.224 -0.426319 -0.646707
-0.222 -0.41095 -0.636512
-0.22 -0.398682 -0.622711
-0.218 -0.390726 -0.605685
-0.216 -0.388012 -0.585879
-0.214 -0.391117 -0.563788
-0.212 -0.400205 -0.539935
-0.21 -0.415008 -0.514858
-0.208 -0.434829 -0.489089
-0.206 -0.458578 -0.463134
-0.204 -0.484836 -0.437457
-0.202 -0.511934 -0.412459
-0.2 -0.538063 -0.388458
-0.198 -0.561377 -0.365675
-0.196 -0.580115 -0.344224
-0.194 -0.592711 -0.32411
-0.192 -0.597897 -0.30523
-0.19 -0.59479 -0.287389
-0.188 -0.582964 -0.270314
-0.186 -0.562479 -0.253679
-0.184 -0.533901 -0.237126
-0.182 -0.498272 -0.220288
-0.18 -0.457058 -0.202815
-0.178 -0.412063 -0.184387
-0.176 -0.365318 -0.164731
-0.174 -0.318952 -0.143632
-0.172 -0.275048 -0.120943
-0.17 -0.235508 -0.0965894
-0.168 -0.201915 -0.0705759
-0.166 -0.175429 -0.042987
-0.164 -0.156702 -0.0139894
-0.162 -0.145832 0.0161705
-0.16 -0.142361 0.0471714
-0.158 -0.145304 0.0786265
-0.156 -0.15322 0.110097
-0.154 -0.164314 0.141109
-0.152 -0.176558 0.171176
-0.15 -0.187832 0.199821
-0.148 -0.196066 0.226605
-0.146 -0.199385 0.251149
-0.144 -0.196239 0.27316
-0.142 -0.185519 0.292449
-0.14 -0.166655 0.308945
-0.138 -0.139681 0.3227
-0.136 -0.105272 0.333888
-0.134 -0.0647425 0.342793
-0.132 -0.020006 0.349792
-0.13 0.0265078 0.355329
-0.128 0.0719802 0.359884
-0.126 0.113371 0.363938
-0.124 0.147616 0.367943
-0.122 0.171853 0.372285
-0.12 0.183647 0.377254
-0.118 0.181204 0.383026
-0.116 0.163558 0.389643
-0.114 0.130701 0.397008
-0.112 0.0836494 0.404886
-0.11 0.0244438 0.41292
-0.108 -0.0439352 0.420645
-0.106 -0.117711 0.427523
-0.104 -0.192513 0.432971
-0.102 -0.263619 0.436402
-0.1 -0.32621 0.437256
-0.098 -0.375637 0.435042
-0.096 -0.407657 0.42936
-0.094 -0.418646 0.419928
-0.092 -0.405772 0.406602
-0.09 -0.367107 0.389382
-0.088 -0.301707 0.368423
-0.086 -0.209624 0.344034
-0.084 -0.0918784 0.316676
-0.082 0.0496104 0.286959
-0.08 0.212136 0.255633
-0.078 0.392343 0.22357
-0.076 0.586392 0.19174
-0.074 0.790139 0.161181
-0.072 0.999319 0.132954
-0.07 1.20973 0.108096
-0.068 1.41741 0.0875645
-0.066 1.61878 0.0721788
-0.064 1.81079 0.0625731
-0.062 1.99099 0.059152
-0.06 2.15759 0.0620646
-0.058 2.30952 0.0711964
-0.056 2.44637 0.0861828
-0.054 2.5684 0.106443
-0.052 2.67644 0.131231
-0.05 2.77183 0.1597
-0.048 2.85628 0.190973
-0.046 2.93182 0.224208
-0.044 3.00066 0.258656
-0.042 3.06504 0.293707
-0.04 3.12719 0.328914
-0.038 3.18919 0.364001
-0.036 3.2529 0.398861
-0.034 3.31991 0.433531
-0.032 3.39147 0.468169
-0.03 3.46849 0.503019
-0.028 3.55152 0.538386
-0.026 3.64072 0.574596
-0.024 3.73593 0.611979
-0.022 3.83665 0.650833
-0.02 3.94205 0.691405
-0.018 4.05103 0.733862
-0.016 4.16217 0.778262
-0.014 4.27378 0.824522
-0.012 4.38388 0.872388
-0.01 4.49018 0.921399
-0.008 4.59015 0.970866
-0.006 4.68098 1.01986
-0.004 4.75969 1.06722
-0.002 4.82323 1.11159
0 4.86861 1.15148
0.002 4.89327 1.18531
0.004 4.89469 1.21158
0.006 4.87121 1.22891
0.008 4.82192 1.23613
0.01 4.74683 1.2324
0.012 4.64693 1.21723
0.014 4.52421 1.19053
0.016 4.38161 1.15261
0.018 4.22293 1.10417
0.02 4.05264 1.04623
0.022 3.87576 0.980108
0.024 3.69761 0.907335
0.026 3.52356 0.829607
0.028 3.35881 0.748706
0.03 3.20815 0.666435
0.032 3.0757 0.584544
0.034 2.96475 0.504672
0.036 2.87755 0.42828
0.038 2.81518 0.356592
0.04 2.77752 0.29055
0.042 2.76315 0.230774
0.044 2.76945 0.177543
0.046 2.79268 0.130793
0.048 2.8281 0.0901349
0.05 2.87024 0.0549011
0.052 2.91311 0.0242011
0.054 2.95053 -0.00299944
0.056 2.97643 -0.0277931
0.058 2.98515 -0.0512419
0.06 2.97179 -0.0742923
0.062 2.93245 -0.0977028
0.064 2.86444 -0.121986
0.066 2.76648 -0.147375
0.068 2.63876 -0.173806
0.07 2.48297 -0.200934
0.072 2.3022 -0.228158
0.074 2.10082 -0.25467
0.076 1.88419 -0.279517
0.078 1.65846 -0.301666
0.08 1.43017 -0.320077
0.082 1.20591 -0.333772
0.084 0.992026 -0.341891
0.086 0.79423 -0.343747
0.088 0.61736 -0.338864
0.09 0.465139 -0.327001
0.092 0.340021 -0.308163
0.094 0.243103 -0.2826
0.096 0.174117 -0.250793
0.098 0.131489 -0.213427
0.1 0.112467 -0.171361
0.102 0.11331 -0.125589
0.104 0.129512 -0.0771958
0.106 0.156066 -0.0273166
0.108 0.187739 0.0229054
0.11 0.219349 0.0723581
0.112 0.246033 0.119995
0.114 0.263482 0.164867
0.116 0.268157 0.206144
0.118 0.257449 0.243138
0.12 0.229792 0.275319
0.122 0.184725 0.302322
0.124 0.122886 0.323954
0.126 0.0459395 0.340191
0.128 -0.0435447 0.351168
0.13 -0.142277 0.357162
0.132 -0.246469 0.358565
0.134 -0.352078 0.355856
0.136 -0.45506 0.349564
0.138 -0.551606 0.340228
0.14 -0.638354 0.328369
0.142 -0.71255 0.314453
0.144 -0.772165 0.298879
0.146 -0.815948 0.281966
0.148 -0.843433 0.263952
0.15 -0.854893 0.245012
0.152 -0.851269 0.225269
0.154 -0.834056 0.204823
0.156 -0.805197 0.183763
0.158 -0.766951 0.162191
0.16 -0.721782 0.140232
0.162 -0.672245 0.118034
0.164 -0.620872 0.0957694
0.166 -0.570086 0.0736256
0.168 -0.522103 0.0517946
0.17 -0.478853 0.0304627
0.172 -0.441914 0.00980174
0.174 -0.41245 -0.0100357
0.176 -0.391183 -0.0289178
0.178 -0.378367 -0.0467324
0.18 -0.373808 -0.0633844
0.182 -0.376889 -0.0787937
0.184 -0.386637 -0.0928969
0.186 -0.401795 -0.105653
0.188 -0.420928 -0.11705
0.19 -0.442519 -0.12712
0.192 -0.465077 -0.135951
0.194 -0.487236 -0.143692
0.196 -0.507835 -0.15056
0.198 -0.525984 -0.156836
0.2 -0.541099 -0.162851
0.202 -0.55291 -0.168959
0.204 -0.561456 -0.175518
0.206 -0.56704 -0.182848
0.208 -0.570183 -0.191205
0.21 -0.571551 -0.200752
0.212 -0.571889 -0.211539
0.214 -0.57194 -0.223495
0.216 -0.572376 -0.236429
0.218 -0.573738 -0.250044
0.22 -0.576381 -0.263958
0.222 -0.58044 -0.277734
0.224 -0.585815 -0.290912
0.226 -0.592173 -0.303049
0.228 -0.598972 -0.313748
0.23 -0.605504 -0.322689
0.232 -0.610952 -0.329656
0.234 -0.614456 -0.334548
0.236 -0.615184 -0.337394
0.238 -0.612402 -0.338346
0.24 -0.605538 -0.337675
0.242 -0.594224 -0.335746
0.244 -0.578334 -0.332997
0.246 -0.55799 -0.329907
0.248 -0.533566 -0.326961
0.25 -0.505655 -0.324612
0.252 -0.475039 -0.323252
0.254 -0.442637 -0.323172
0.256 -0.409452 -0.324543
0.258 -0.376509 -0.327397
0.26 -0.344796 -0.331612
0.262 -0.315212 -0.336917
0.264 -0.288517 -0.342902
0.266 -0.265293 -0.349037
0.268 -0.245915 -0.354697
0.27 -0.230535 -0.359207
0.272 -0.21908 -0.361876
0.274 -0.211257 -0.362047
0.276 -0.206583 -0.359139
0.278 -0.204418 -0.352693
0.28 -0.204009 -0.342404
0.282 -0.204553 -0.328155
0.284 -0.205249 -0.31003
0.286 -0.205361 -0.288318
0.288 -0.204269 -0.263507
0.29 -0.201515 -0.236256
0.292 -0.196825 -0.207367
0.294 -0.190122 -0.177731
0.296 -0.181522 -0.148282
0.298 -0.171306 -0.11994
0.3 -0.159892 -0.0935579
0.302 -0.147789 -0.0698691
0.304 -0.135552 -0.0494489
0.306 -0.123739 -0.0326837
0.308 -0.112866 -0.0197539
0.31 -0.103372 -0.0106312
0.312 -0.0955909 -0.00508934
0.314 -0.089725 -0.00272764
0.316 -0.0858353 -0.00300522
0.318 -0.0838325 -0.00528296
0.32 -0.0834793 -0.00887013
0.322 -0.0843995 -0.0130726
0.324 -0.0860959 -0.0172388
0.326 -0.0879762 -0.0208011
0.328 -0.0893861 -0.0233089
0.33 -0.0896499 -0.0244522
0.332 -0.0881148 -0.0240741
0.334 -0.0841974 -0.0221716
0.336 -0.077428 -0.0188861
0.338 -0.067489 -0.0144842
0.34 -0.0542436 -0.00933071
0.342 -0.0377523 -0.00385681
0.344 -0.0182755 0.00147445
0.346 0.00373892 0.00620325
0.348 0.02768 0.00990598
0.35 0.0528083 0.0122242
0.352 0.0782979 0.0128879
0.354 0.103282 0.0117324
0.356 0.126896 0.008707
0.358 0.148325 0.00387691
0.36 0.166838 -0.00258336
0.362 0.181823 -0.0104027
0.364 0.192812 -0.0192324
0.366 0.199503 -0.0286689
0.368 0.201768 -0.0382805
0.37 0.199658 -0.0476341
0.372 0.193399 -0.0563219
0.374 0.183378 -0.0639847
0.376 0.170123 -0.070332
0.378 0.154269 -0.0751557
0.38 0.136529 -0.0783374
0.382 0.117649 -0.079849
0.384 0.0983681 -0.0797467
0.386 0.0793786 -0.0781594
0.388 0.0612882 -0.0752735
0.39 0.0445907 -0.0713143
0.392 0.0296446 -0.0665276
0.394 0.0166625 -0.0611621
0.396 0.00571141 -0.0554535
0.398 -0.00327746 -0.049613
0.4 -0.0104889 -0.0438178
0.402 -0.016198 -0.0382073
0.404 -0.0207395 -0.0328811
0.406 -0.0244758 -0.0279006
0.408 -0.0277656 -0.0232935
0.41 -0.030936 -0.0190591
0.412 -0.0342588 -0.0151756
0.414 -0.0379333 -0.0116073
0.416 -0.0420758 -0.00831229
0.418 -0.0467151 -0.00524892
0.42 -0.0517958 -0.002382
0.422 -0.0571865 0.000312875
0.424 -0.0626932 0.00284662
0.426 -0.068077 0.00521573
0.428 -0.0730737 0.00740321
0.43 -0.0774153 0.00938119
0.432 -0.0808508 0.0111149
0.434 -0.0831655 0.0125675
0.436 -0.084197 0.013705
0.438 -0.0838479 0.0145016
0.44 -0.0820922 0.0149431
0.442 -0.0789778 0.0150301
0.444 -0.074622 0.0147791
0.446 -0.0692032 0.0142219
0.448 -0.0629482 0.0134038
0.45 -0.0561156 0.0123803
0.452 -0.0489795 0.0112133
0.454 -0.0418106 0.00996587
0.456 -0.0348609 0.00869863
0.458 -0.0283492 0.00746535
0.46 -0.0224504 0.00630998
0.462 -0.017289 0.00526473
0.464 -0.012936 0.00434925
0.466 -0.00941008 0.00357097
0.468 -0.00668249 0.00292653
0.47 -0.0046844 0.00240394
0.472 -0.00331658 0.00198534
0.474 -0.00246026 0.00164988
0.476 -0.00198835 0.00137655
0.478 -0.00177605 0.0011466
0.48 -0.00171017 0.000945318
0.482 -0.0016965 0.000762994
0.484 -0.00166479 0.000595093
0.486 -0.00157109 0.000441583
0.488 -0.0013975 0.000305626
0.49 -0.00114963 0.000191835
0.492 -0.00085216 0.000104375
0.494 -0.000543198 4.52034e-05
0.496 -0.000268027 1.27177e-05
0.498 -7.2986e-05 1.0293e-06
0.2 0.738153 0.0454648
0.4 0.738907 0.0459704
0.6 0.740163 0.0468114
0.8 0.741915 0.0479851
1 0.744158 0.0494882
1.2 0.746886 0.051316
1.4 0.75009 0.053463
1.6 0.753761 0.0559227
1.8 0.757888 0.0586877
2 0.762458 0.0617498
2.2 0.767458 0.0650996
2.4 0.772872 0.0687271
2.6 0.778685 0.0726215
2.8 0.784879 0.0767709
3 0.791436 0.081163
3.2 0.798337 0.0857846
3.4 0.805561 0.090622
3.6 0.813088 0.0956606
3.8 0.820896 0.100886
4 0.828962 0.106281
4.2 0.837264 0.111831
4.4 0.845778 0.11752
4.6 0.85448 0.12333
4.8 0.863345 0.129244
5 0.872349 0.135245
5.2 0.881468 0.141316
5.4 0.890676 0.147438
5.6 0.899948 0.153593
5.8 0.90926 0.159764
6 0.918587 0.165933
6.2 0.927905 0.172081
6.4 0.937188 0.178192
6.6 0.946413 0.184246
6.8 0.955557 0.190228
7 0.964597 0.19612
7.2 0.97351 0.201905
7.4 0.982273 0.207566
7.6 0.990866 0.213089
7.8 0.999267 0.218456
8 1.00746 0.223653
8.2 1.01542 0.228665
8.4 1.02313 0.233479
8.6 1.03057 0.238081
8.8 1.03773 0.242458
9 1.04459 0.246599
9.2 1.05113 0.250492
9.4 1.05735 0.254126
9.6 1.06322 0.257491
9.8 1.06873 0.260579
10 1.07388 0.263381
10.2 1.07864 0.26589
10.4 1.08302 0.268099
10.6 1.087 0.270001
10.8 1.09057 0.271593
11 1.09373 0.27287
11.2 1.09646 0.273829
11.4 1.09877 0.274467
11.6 1.10065 0.274782
11.8 1.10209 0.274774
12 1.10308 0.274443
12.2 1.10364 0.273789
12.4 1.10374 0.272815
12.6 1.1034 0.271521
12.8 1.10261 0.269913
13 1.10137 0.267993
13.2 1.09969 0.265765
13.4 1.09755 0.263237
13.6 1.09497 0.260412
13.8 1.09194 0.257299
14 1.08847 0.253904
14.2 1.08457 0.250234
14.4 1.08023 0.246299
14.6 1.07546 0.242108
14.8 1.07026 0.237669
15 1.06465 0.232993
15.2 1.05862 0.228089
15.4 1.05218 0.222969
15.6 1.04534 0.217644
15.8 1.03811 0.212125
16 1.0305 0.206424
16.2 1.0225 0.200552
16.4 1.01414 0.194523
16.6 1.00542 0.188348
16.8 0.996352 0.182039
17 0.986944 0.175611
17.2 0.977209 0.169075
17.4 0.967158 0.162445
17.6 0.956803 0.155734
17.8 0.946156 0.148953
18 0.935229 0.142118
18.2 0.924037 0.135239
18.4 0.912594 0.128332
18.6 0.900912 0.121407
18.8 0.889008 0.114478
19 0.876896 0.107558
19.2 0.864593 0.100658
19.4 0.852113 0.0937922
19.6 0.839474 0.0869714
19.8 0.826693 0.0802077
20 0.813786 0.0735128
20.2 0.800771 0.0668982
20.4 0.787666 0.060375
20.6 0.77449 0.0539542
20.8 0.761259 0.0476463
21 0.747994 0.0414618
21.2 0.734711 0.0354106
21.4 0.721431 0.0295024
21.6 0.708172 0.0237468
21.8 0.694952 0.0181527
22 0.681791 0.012729
22.2 0.668706 0.00748389
22.4 0.655717 0.00242556
22.6 0.642841 -0.00243832
22.8 0.630097 -0.00710044
23 0.617501 -0.0115538
23.2 0.605072 -0.0157919
23.4 0.592825 -0.0198085
23.6 0.580777 -0.0235978
23.8 0.568944 -0.0271542
24 0.55734 -0.0304729
24.2 0.54598 -0.0335491
24.4 0.534876 -0.0363786
24.6 0.524042 -0.0389575
24.8 0.51349 -0.0412824
25 0.503229 -0.0433503
25.2 0.49327 -0.0451586
25.4 0.483622 -0.046705
25.6 0.474292 -0.0479878
25.8 0.465288 -0.0490056
26 0.456613 -0.0497576
26.2 0.448274 -0.0502431
26.4 0.440273 -0.0504623
26.6 0.432611 -0.0504154
26.8 0.42529 -0.0501032
27 0.41831 -0.0495271
27.2 0.411668 -0.0486887
27.4 0.405361 -0.0475902
27.6 0.399386 -0.0462342
27.8 0.393737 -0.0446238
28 0.388408 -0.0427625
28.2 0.383391 -0.0406541
28.4 0.378678 -0.0383032
28.6 0.374258 -0.0357145
28.8 0.370122 -0.0328934
29 0.366256 -0.0298456
29.2 0.362649 -0.0265773
29.4 0.359288 -0.0230951
29.6 0.356157 -0.0194059
29.8 0.353243 -0.0155174
30 0.350529 -0.0114374
30.2 0.347999 -0.00717408
30.4 0.345637 -0.00273619
30.6 0.343426 0.00186725
30.8 0.341348 0.0066268
31 0.339387 0.0115327
31.2 0.337524 0.0165748
31.4 0.335741 0.0217427
31.6 0.334022 0.0270257
31.8 0.332349 0.0324127
32 0.330704 0.0378925
32.2 0.329071 0.0434535
32.4 0.327433 0.049084
32.6 0.325775 0.054772
32.8 0.32408 0.0605056
33 0.322334 0.0662723
33.2 0.320523 0.0720599
33.4 0.318634 0.077856
33.6 0.316654 0.0836481
33.8 0.314572 0.0894237
34 0.312377 0.0951703
34.2 0.310059 0.100876
34.4 0.307612 0.106527
34.6 0.305026 0.112112
34.8 0.302295 0.11762
35 0.299416 0.123037
35.2 0.296382 0.128353
35.4 0.293193 0.133556
35.6 0.289846 0.138634
35.8 0.28634 0.143577
36 0.282677 0.148375
36.2 0.278858 0.153017
36.4 0.274886 0.157493
36.6 0.270765 0.161795
36.8 0.266501 0.165914
37 0.262099 0.169841
37.2 0.257565 0.173568
37.4 0.252909 0.177089
37.6 0.248139 0.180397
37.8 0.243264 0.183486
38 0.238294 0.18635
38.2 0.233241 0.188985
38.4 0.228114 0.191386
38.6 0.222927 0.193551
38.8 0.217691 0.195476
39 0.212419 0.19716
39.2 0.207123 0.198601
39.4 0.201817 0.199798
39.6 0.196512 0.200752
39.8 0.191223 0.201464
40 0.185961 0.201934
40.2 0.180739 0.202165
40.4 0.175569 0.20216
40.6 0.170464 0.201922
40.8 0.165434 0.201455
41 0.160491 0.200765
41.2 0.155644 0.199856
41.4 0.150904 0.198735
41.6 0.14628 0.197408
41.8 0.14178 0.195883
42 0.137411 0.194167
42.2 0.13318 0.192267
42.4 0.129094 0.190194
42.6 0.125156 0.187955
42.8 0.121371 0.185561
43 0.117742 0.183021
43.2 0.114271 0.180344
43.4 0.11096 0.177543
43.6 0.107808 0.174626
43.8 0.104815 0.171605
44 0.10198 0.168491
44.2 0.0992989 0.165295
44.4 0.0967694 0.162028
44.6 0.0943871 0.158701
44.8 0.0921469 0.155325
45 0.0900431 0.151912
45.2 0.0880691 0.148472
45.4 0.0862178 0.145016
45.6 0.0844814 0.141555
45.8 0.0828516 0.1381
46 0.0813196 0.134659
46.2 0.0798762 0.131244
46.4 0.078512 0.127864
46.6 0.077217 0.124528
46.8 0.0759812 0.121245
47 0.0747944 0.118022
47.2 0.0736466 0.114869
47.4 0.0725273 0.111793
47.6 0.0714266 0.1088
47.8 0.0703344 0.105897
48 0.0692411 0.10309
48.2 0.0681371 0.100384
48.4 0.0670134 0.0977845
48.6 0.0658612 0.0952951
48.8 0.0646725 0.0929196
49 0.0634394 0.0906612
49.2 0.062155 0.0885223
49.4 0.0608127 0.0865048
49.6 0.0594067 0.08461
49.8 0.057932 0.0828387
50 0.0563841 0.0811911
50.2 0.0547595 0.0796668
50.4 0.0530554 0.0782649
50.6 0.0512697 0.0769839
50.8 0.0494011 0.0758219
51 0.0474494 0.0747764
51.2 0.0454149 0.0738446
51.4 0.0432988 0.073023
51.6 0.041103 0.0723079
51.8 0.0388305 0.0716952
52 0.0364846 0.0711802
52.2 0.0340696 0.0707581
52.4 0.0315904 0.0704237
52.6 0.0290527 0.0701716
52.8 0.0264625 0.069996
53 0.0238267 0.069891
53.2 0.0211525 0.0698504
53.4 0.0184476 0.0698682
53.6 0.0157202 0.0699378
53.8 0.0129787 0.0700528
54 0.010232 0.0702068
54.2 0.00748899 0.0703932
54.4 0.00475894 0.0706054
54.6 0.00205109 0.0708371
54.8 -0.000625207 0.0710819
55 -0.00326065 0.0713335
55.2 -0.00584601 0.0715856
55.4 -0.00837221 0.0718325
55.6 -0.0108304 0.0720681
55.8 -0.0132118 0.0722869
56 -0.0155084 0.0724836
56.2 -0.017712 0.072653
56.4 -0.0198153 0.0727903
56.6 -0.0218112 0.0728908
56.8 -0.0236932 0.0729504
57 -0.0254553 0.0729651
57.2 -0.0270923 0.0729311
57.4 -0.0285993 0.0728454
57.6 -0.0299724 0.0727048
57.8 -0.0312082 0.0725069
58 -0.0323039 0.0722493
58.2 -0.0332577 0.0719303
58.4 -0.0340684 0.0715481
58.6 -0.0347353 0.0711018
58.8 -0.0352589 0.0705904
59 -0.03564 0.0700135
59.2 -0.0358804 0.069371
59.4 -0.0359825 0.068663
59.6 -0.0359494 0.0678901
59.8 -0.035785 0.0670532
60 -0.0354935 0.0661533
60.2 -0.0350801 0.065192
60.4 -0.0345505 0.0641708
60.6 -0.0339108 0.0630918
60.8 -0.0331676 0.0619572
61 -0.0323283 0.0607694
61.2 -0.0314003 0.0595311
61.4 -0.0303916 0.058245
61.6 -0.0293104 0.0569142
61.8 -0.0281655 0.0555418
62 -0.0269655 0.0541311
62.2 -0.0257193 0.0526856
62.4 -0.0244362 0.0512086
62.6 -0.0231251 0.0497038
62.8 -0.0217954 0.0481749
63 -0.0204559 0.0466254
63.2 -0.0191159 0.0450591
63.4 -0.0177841 0.0434796
63.6 -0.0164693 0.0418907
63.8 -0.0151798 0.0402959
64 -0.0139238 0.038699
64.2 -0.0127092 0.0371034
64.4 -0.0115434 0.0355126
64.6 -0.0104334 0.03393
64.8 -0.00938579 0.0323589
65 -0.00840677 0.0308025
65.2 -0.0075019 0.0292637
65.4 -0.00667628 0.0277456
65.6 -0.00593442 0.0262509
65.8 -0.00528028 0.0247823
66 -0.00471723 0.0233422
66.2 -0.00424803 0.021933
66.4 -0.00387484 0.0205568
66.6 -0.0035992 0.0192157
66.8 -0.00342206 0.0179115
67 -0.00334374 0.0166459
67.2 -0.00336396 0.0154203
67.4 -0.00348185 0.0142362
67.6 -0.00369598 0.0130946
67.8 -0.00400431 0.0119967
68 -0.00440431 0.0109432
68.2 -0.00489288 0.00993482
68.4 -0.00546646 0.00897215
68.6 -0.00612099 0.00805558
68.8 -0.006852 0.00718533
69 -0.00765457 0.00636154
69.2 -0.00852343 0.0055842
69.4 -0.00945297 0.00485315
69.6 -0.0104373 0.00416816
69.8 -0.0114701 0.00352886
70 -0.0125451 0.00293478
70.2 -0.0136555 0.00238536
70.4 -0.0147947 0.00187996
70.6 -0.0159557 0.00141786
70.8 -0.0171315 0.000998237
71 -0.0183151 0.000620242
71.2 -0.0194996 0.000282945
71.4 -0.0206779 -1.463e-05
71.6 -0.021843 -0.000273506
71.8 -0.0229883 -0.000494743
72 -0.024107 -0.000679436
72.2 -0.0251926 -0.000828706
72.4 -0.0262387 -0.000943697
72.6 -0.0272394 -0.00102557
72.8 -0.0281888 -0.00107549
73 -0.0290814 -0.00109465
73.2 -0.0299119 -0.00108423
73.4 -0.0306754 -0.00104541
73.6 -0.0313673 -0.000979388
73.8 -0.0319835 -0.00088733
74 -0.03252 -0.000770415
74.2 -0.0329733 -0.000629804
74.4 -0.0333405 -0.000466654
74.6 -0.0336189 -0.000282106
74.8 -0.0338061 -7.72917e-05
75 -0.0339002 0.000146671
75.2 -0.0338999 0.000388675
75.4 -0.0338041 0.000647629
75.6 -0.033612 0.00092245
75.8 -0.0333234 0.00121207
76 -0.0329384 0.00151543
76.2 -0.0324575 0.00183148
76.4 -0.0318815 0.00215918
76.6 -0.0312117 0.0024975
76.8 -0.0304495 0.00284542
77 -0.0295968 0.00320192
77.2 -0.0286559 0.00356598
77.4 -0.027629 0.00393661
77.6 -0.026519 0.0043128
77.8 -0.0253288 0.00469353
78 -0.0240616 0.00507782
78.2 -0.0227208 0.00546467
78.4 -0.02131 0.00585307
78.6 -0.0198329 0.00624203
78.8 -0.0182935 0.00663056
79 -0.0166958 0.00701765
79.2 -0.0150439 0.00740233
79.4 -0.013342 0.00778359
79.6 -0.0115945 0.00816045
79.8 -0.00980556 0.00853194
80 -0.00797962 0.00889706
80.2 -0.00612099 0.00925487
80.4 -0.00423399 0.0096044
80.6 -0.00232291 0.00994471
80.8 -0.000391995 0.0102749
81 0.0015546 0.010594
81.2 0.00351278 0.0109011
81.4 0.00547857 0.0111954
81.6 0.00744811 0.0114761
81.8 0.00941765 0.0117423
82 0.0113836 0.0119933
82.2 0.0133425 0.0122282
82.4 0.015291 0.0124466
82.6 0.0172262 0.0126475
82.8 0.0191449 0.0128306
83 0.0210444 0.0129952
83.2 0.0229223 0.0131408
83.4 0.0247761 0.0132669
83.6 0.0266036 0.0133733
83.8 0.028403 0.0134596
84 0.0301724 0.0135256
84.2 0.0319103 0.0135711
84.4 0.0336154 0.013596
84.6 0.0352866 0.0136003
84.8 0.036923 0.013584
85 0.0385238 0.0135474
85.2 0.0400887 0.0134905
85.4 0.0416172 0.0134139
85.6 0.0431093 0.0133177
85.8 0.0445651 0.0132025
86 0.0459849 0.0130689
86.2 0.0473692 0.0129175
86.4 0.0487187 0.0127491
86.6 0.0500341 0.0125643
86.8 0.0513165 0.0123642
87 0.0525671 0.0121496
87.2 0.053787 0.0119217
87.4 0.0549778 0.0116814
87.6 0.056141 0.01143
87.8 0.0572784 0.0111688
88 0.0583916 0.0108989
88.2 0.0594827 0.0106218
88.4 0.0605535 0.0103387
88.6 0.0616062 0.0100513
88.8 0.0626428 0.00976082
89 0.0636656 0.00946889
89.2 0.0646767 0.00917699
89.4 0.0656785 0.00888667
89.6 0.0666732 0.00859946
89.8 0.0676631 0.00831691
90 0.0686504 0.00804057
90.2 0.0696373 0.00777197
90.4 0.0706262 0.00751261
90.6 0.0716192 0.00726397
90.8 0.0726183 0.00702751
91 0.0736257 0.00680463
91.2 0.0746432 0.00659668
91.4 0.0756728 0.00640495
91.6 0.0767161 0.00623069
91.8 0.0777749 0.00607505
92 0.0788507 0.00593911
92.2 0.0799448 0.00582388
92.4 0.0810584 0.00573026
92.6 0.0821926 0.00565906
92.8 0.0833483 0.005611
93 0.0845261 0.00558667
93.2 0.0857267 0.00558658
93.4 0.0869503 0.0056111
93.6 0.0881971 0.00566048
93.8 0.089467 0.00573487
94 0.0907597 0.00583429
94.2 0.0920747 0.00595861
94.4 0.0934114 0.0061076
94.6 0.0947686 0.0062809
94.8 0.0961454 0.00647801
95 0.0975404 0.00669831
95.2 0.0989519 0.00694105
95.4 0.100378 0.00720535
95.6 0.101817 0.00749023
95.8 0.103267 0.00779456
96 0.104725 0.00811711
96.2 0.106188 0.00845654
96.4 0.107654 0.0088114
96.6 0.10912 0.00918014
96.8 0.110583 0.0095611
97 0.112039 0.00995254
97.2 0.113485 0.0103526
97.4 0.114918 0.0107595
97.6 0.116334 0.0111712
97.8 0.117729 0.0115856
98 0.1191 0.0120007
98.2 0.120442 0.0124143
98.4 0.121753 0.0128244
98.6 0.123027 0.0132286
98.8 0.124261 0.0136249
99 0.125452 0.0140109
99.2 0.126595 0.0143845
99.4 0.127686 0.0147436
99.6 0.128723 0.0150858
99.8 0.129702 0.0154091
100 0.130618 0.0157114
100.2 0.13147 0.0159906
100.4 0.132253 0.0162448
100.6 0.132965 0.016472
100.8 0.133603 0.0166704
101 0.134165 0.0168383
101.2 0.134648 0.016974
101.4 0.135051 0.017076
101.6 0.135371 0.0171429
101.8 0.135608 0.0171732
102 0.13576 0.017166
102.2 0.135826 0.0171201
102.4 0.135806 0.0170346
102.6 0.135699 0.0169087
102.8 0.135506 0.016742
103 0.135228 0.0165338
103.2 0.134864 0.016284
103.4 0.134416 0.0159923
103.6 0.133885 0.0156589
103.8 0.133274 0.0152838
104 0.132584 0.0148676
104.2 0.131818 0.0144106
104.4 0.130978 0.0139137
104.6 0.130068 0.0133777
104.8 0.12909 0.0128035
105 0.128049 0.0121925
105.2 0.126948 0.0115459
105.4 0.125791 0.0108652
105.6 0.124582 0.0101522
105.8 0.123326 0.00940852
106 0.122028 0.00863618
106.2 0.120691 0.00783724
106.4 0.119322 0.00701389
106.6 0.117925 0.00616843
106.8 0.116505 0.0053033
107 0.115067 0.00442101
107.2 0.113616 0.00352417
107.4 0.112157 0.0026155
107.6 0.110695 0.00169776
107.8 0.109236 0.000773785
108 0.107783 -0.000153539
108.2 0.106342 -0.00108128
108.4 0.104917 -0.00200648
108.6 0.103512 -0.00292616
108.8 0.102132 -0.00383733
109 0.10078 -0.004737
109.2 0.0994607 -0.00562222
109.4 0.0981764 -0.00649002
109.6 0.0969303 -0.00733752
109.8 0.0957253 -0.00816185
110 0.0945637 -0.00896021
110.2 0.0934473 -0.00972989
110.4 0.0923779 -0.0104682
110.6 0.0913566 -0.0111727
110.8 0.0903842 -0.0118409
111 0.0894613 -0.0124704
111.2 0.0885877 -0.013059
111.4 0.087763 -0.0136048
111.6 0.0869865 -0.0141056
111.8 0.0862569 -0.0145598
112 0.0855726 -0.0149657
112.2 0.0849316 -0.0153219
112.4 0.0843314 -0.015627
112.6 0.0837693 -0.01588
112.8 0.0832422 -0.0160799
113 0.0827465 -0.0162259
113.2 0.0822785 -0.0163175
113.4 0.081834 -0.0163543
113.6 0.0814088 -0.0163362
113.8 0.0809981 -0.0162631
114 0.0805971 -0.0161353
114.2 0.0802008 -0.0159532
114.4 0.0798039 -0.0157174
114.6 0.0794011 -0.0154287
114.8 0.078987 -0.0150881
115 0.0785559 -0.0146968
115.2 0.0781024 -0.0142561
115.4 0.0776209 -0.0137677
115.6 0.0771059 -0.0132332
115.8 0.0765518 -0.0126545
116 0.0759533 -0.0120338
116.2 0.0753052 -0.0113731
116.4 0.0746024 -0.010675
116.6 0.0738401 -0.00994182
116.8 0.0730136 -0.00917626
117 0.0721186 -0.00838107
117.2 0.071151 -0.00755912
117.4 0.0701069 -0.00671336
117.6 0.0689831 -0.00584685
117.8 0.0677764 -0.00496271
118 0.0664842 -0.00406414
118.2 0.0651043 -0.00315438
118.4 0.0636349 -0.00223673
118.6 0.0620745 -0.00131448
118.8 0.0604223 -0.000390978
119 0.0586778 0.000530449
119.2 0.0568411 0.00144648
119.4 0.0549127 0.00235381
119.6 0.0528935 0.00324918
119.8 0.050785 0.00412937
120 0.0485892 0.00499122
120.2 0.0463085 0.00583166
120.4 0.0439457 0.00664768
120.6 0.0415043 0.00743639
120.8 0.038988 0.00819498
121 0.0364009 0.00892078
121.2 0.0337478 0.00961124
121.4 0.0310335 0.0102639
121.6 0.0282635 0.0108766
121.8 0.0254433 0.0114472
122 0.022579 0.0119737
122.2 0.0196769 0.0124544
122.4 0.0167434 0.0128876
122.6 0.0137853 0.0132721
122.8 0.0108095 0.0136064
123 0.00782299 0.0138897
123.2 0.00483305 0.0141211
123.4 0.0018469 0.0142999
123.6 -0.00112815 0.0144258
123.8 -0.00408479 0.0144985
124 -0.00701573 0.014518
124.2 -0.00991375 0.0144845
124.4 -0.0127717 0.0143984
124.6 -0.0155826 0.0142602
124.8 -0.0183396 0.0140708
125 -0.0210361 0.0138312
125.2 -0.0236656 0.0135424
125.4 -0.026222 0.013206
125.6 -0.0286994 0.0128233
125.8 -0.0310922 0.0123961
126 -0.0333953 0.0119262
126.2 -0.0356037 0.0114157
126.4 -0.037713 0.0108668
126.6 -0.0397191 0.0102817
126.8 -0.0416182 0.00966287
127 -0.0434072 0.00901284
127.2 -0.0450832 0.00833428
127.4 -0.0466438 0.00762992
127.6 -0.0480871 0.0069026
127.8 -0.0494118 0.00615519
128 -0.0506166 0.00539067
128.2 -0.0517013 0.00461203
128.4 -0.0526655 0.00382231
128.6 -0.0535098 0.00302455
128.8 -0.0542349 0.00222181
129 -0.054842 0.00141717
129.2 -0.0553327 0.000613645
129.4 -0.0557092 -0.000185747
129.6 -0.0559738 -0.000978041
129.8 -0.0561294 -0.00176032
130 -0.0561791 -0.00252975
130.2 -0.0561263 -0.00328356
130.4 -0.0559749 -0.00401906
130.6 -0.0557288 -0.00473368
130.8 -0.0553925 -0.00542495
131 -0.0549703 -0.0060905
131.2 -0.0544671 -0.00672812
131.4 -0.0538877 -0.00733572
131.6 -0.0532371 -0.00791134
131.8 -0.0525206 -0.0084532
132 -0.0517434 -0.00895966
132.2 -0.0509106 -0.00942922
132.4 -0.0500278 -0.0098606
132.6 -0.0491002 -0.0102526
132.8 -0.048133 -0.0106044
133 -0.0471317 -0.010915
133.2 -0.0461012 -0.011184
133.4 -0.0450468 -0.0114108
133.6 -0.0439733 -0.0115952
133.8 -0.0428857 -0.0117371
134 -0.0417884 -0.0118367
134.2 -0.0406861 -0.0118942
134.4 -0.0395828 -0.0119101
134.6 -0.0384828 -0.0118849
134.8 -0.0373898 -0.0118194
135 -0.0363074 -0.0117146
135.2 -0.0352389 -0.0115715
135.4 -0.0341874 -0.0113914
135.6 -0.0331556 -0.0111756
135.8 -0.0321461 -0.0109257
136 -0.0311611 -0.0106431
136.2 -0.0302026 -0.0103297
136.4 -0.0292723 -0.00998732
136.6 -0.0283716 -0.00961779
136.8 -0.0275016 -0.00922314
137 -0.0266633 -0.00880546
137.2 -0.0258572 -0.00836688
137.4 -0.0250838 -0.0079096
137.6 -0.0243431 -0.00743583
137.8 -0.0236351 -0.00694786
138 -0.0229595 -0.00644795
138.2 -0.0223157 -0.00593841
138.4 -0.0217031 -0.00542152
138.6 -0.0211207 -0.00489957
138.8 -0.0205676 -0.00437482
139 -0.0200425 -0.00384949
139.2 -0.0195442 -0.00332578
139.4 -0.0190712 -0.00280583
139.6 -0.0186221 -0.0022917
139.8 -0.0181951 -0.00178541
140 -0.0177888 -0.0012889
140.2 -0.0174013 -0.000804017
140.4 -0.017031 -0.000332521
140.6 -0.0166762 0.000123922
140.8 -0.016335 0.000563754
141 -0.0160059 0.000985519
141.2 -0.0156871 0.00138788
141.4 -0.0153769 0.00176961
141.6 -0.0150739 0.00212962
141.8 -0.0147765 0.00246691
142 -0.0144833 0.00278065
142.2 -0.014193 0.00307009
142.4 -0.0139043 0.00333465
142.6 -0.013616 0.00357385
142.8 -0.0133273 0.00378735
143 -0.013037 0.00397494
143.2 -0.0127446 0.00413651
143.4 -0.0124492 0.00427211
143.6 -0.0121504 0.00438187
143.8 -0.0118477 0.00446608
144 -0.0115409 0.00452509
144.2 -0.0112298 0.0045594
144.4 -0.0109143 0.0045696
144.6 -0.0105944 0.00455637
144.8 -0.0102705 0.0045205
145 -0.00994262 0.00446283
145.2 -0.00961128 0.00438432
145.4 -0.00927693 0.00428598
145.6 -0.00894011 0.00416889
145.8 -0.00860146 0.00403419
146 -0.00826168 0.00388308
146.2 -0.00792153 0.00371678
146.4 -0.00758183 0.00353657
146.6 -0.00724342 0.00334375
146.8 -0.00690719 0.00313965
147 -0.00657405 0.0029256
147.2 -0.00624491 0.00270295
147.4 -0.00592071 0.00247305
147.6 -0.00560235 0.00223723
147.8 -0.00529075 0.00199684
148 -0.00498678 0.00175316
148.2 -0.00469128 0.00150748
148.4 -0.00440508 0.00126106
148.6 -0.00412892 0.0010151
148.8 -0.00386351 0.00077078
149 -0.00360951 0.000529213
149.2 -0.0033675 0.000291473
149.4 -0.00313798 5.85732e-05
149.6 -0.0029214 -0.000168531
149.8 -0.00271812 -0.00038895
150 -0.00252842 -0.000601856
150.2 -0.00235249 -0.000806493
150.4 -0.00219045 -0.00100217
150.6 -0.00204232 -0.00118828
150.8 -0.00190806 -0.00136427
151 -0.00178752 -0.00152967
151.2 -0.00168049 -0.00168408
151.4 -0.00158667 -0.00182718
151.6 -0.00150568 -0.00195872
151.8 -0.00143708 -0.00207851
152 -0.00138034 -0.00218645
152.2 -0.0013349 -0.00228248
152.4 -0.0013001 -0.00236663
152.6 -0.00127526 -0.00243898
152.8 -0.00125963 -0.00249968
153 -0.00125242 -0.00254893
153.2 -0.00125283 -0.00258698
153.4 -0.00126 -0.00261415
153.6 -0.00127306 -0.00263077
153.8 -0.00129112 -0.00263726
154 -0.00131329 -0.00263404
154.2 -0.00133867 -0.00262159
154.4 -0.00136637 -0.00260041
154.6 -0.00139551 -0.00257101
154.8 -0.00142522 -0.00253396
155 -0.00145466 -0.00248983
155.2 -0.00148303 -0.00243918
155.4 -0.00150953 -0.00238263
155.6 -0.00153345 -0.00232075
155.8 -0.00155408 -0.00225416
156 -0.00157079 -0.00218345
156.2 -0.00158298 -0.00210922
156.4 -0.00159012 -0.00203204
156.6 -0.00159174 -0.0019525
156.8 -0.00158742 -0.00187114
157 -0.00157681 -0.0017885
157.2 -0.00155964 -0.0017051
157.4 -0.00153568 -0.00162144
157.6 -0.00150477 -0.00153797
157.8 -0.00146684 -0.00145516
158 -0.00142185 -0.00137339
158.2 -0.00136985 -0.00129307
158.4 -0.00131095 -0.00121453
158.6 -0.00124529 -0.00113809
158.8 -0.00117311 -0.00106405
159 -0.00109468 -0.000992644
159.2 -0.00101031 -0.000924099
159.4 -0.000920393 -0.000858599
159.6 -0.000825331 -0.000796294
159.8 -0.000725582 -0.000737304
160 -0.000621635 -0.000681716
160.2 -0.000514009 -0.000629587
160.4 -0.00040325 -0.000580946
160.6 -0.000289922 -0.000535791
160.8 -0.000174607 -0.000494094
161 -5.78968e-05 -0.000455803
161.2 5.961e-05 -0.000420843
161.4 0.000177314 -0.000389115
161.6 0.00029462 -0.000360502
161.8 0.000410938 -0.00033487
162 0.000525694 -0.000312069
162.2 0.000638328 -0.000291933
162.4 0.000748301 -0.000274289
162.6 0.000855099 -0.00025895
162.8 0.000958236 -0.000245725
163 0.00105725 -0.000234417
163.2 0.00115173 -0.000224824
163.4 0.00124128 -0.000216744
163.6 0.00132555 -0.000209976
163.8 0.00140424 -0.00020432
164 0.00147708 -0.000199582
164.2 0.00154383 -0.000195571
164.4 0.00160433 -0.000192104
164.6 0.00165843 -0.000189006
164.8 0.00170603 -0.000186114
165 0.00174709 -0.000183273
165.2 0.00178159 -0.000180339
165.4 0.00180956 -0.000177183
165.6 0.00183107 -0.000173688
165.8 0.00184623 -0.00016975
166 0.00185518 -0.000165279
166.2 0.00185811 -0.0001602
166.4 0.00185522 -0.000154452
166.6 0.00184675 -0.000147988
166.8 0.00183297 -0.000140775
167 0.00181416 -0.000132796
167.2 0.00179065 -0.000124044
167.4 0.00176274 -0.000114527
167.6 0.0017308 -0.000104266
167.8 0.00169516 -9.32924e-05
168 0.0016562 -8.16487e-05
168.2 0.00161427 -6.93878e-05
168.4 0.00156976 -5.65719e-05
168.6 0.00152302 -4.32709e-05
168.8 0.00147443 -2.95622e-05
169 0.00142434 -1.55293e-05
169.2 0.0013731 -1.26061e-06
169.4 0.00132105 1.31514e-05
169.6 0.00126851 2.76113e-05
169.8 0.0012158 4.20221e-05
170 0.0011632 5.62858e-05
170.2 0.00111099 7.03048e-05
170.4 0.00105941 8.39829e-05
170.6 0.0010087 9.7226e-05
170.8 0.000959059 0.000109943
171 0.000910676 0.000122048
171.2 0.000863705 0.000133458
171.4 0.000818283 0.000144098
171.6 0.000774518 0.000153896
171.8 0.000732496 0.000162791
172 0.000692279 0.000170725
172.2 0.000653906 0.000177651
172.4 0.000617392 0.000183529
172.6 0.000582732 0.000188327
172.8 0.000549901 0.000192021
173 0.000518854 0.000194599
173.2 0.00048953 0.000196052
173.4 0.000461849 0.000196386
173.6 0.000435719 0.000195609
173.8 0.000411036 0.000193743
174 0.000387683 0.000190814
174.2 0.000365535 0.000186857
174.4 0.000344461 0.000181914
174.6 0.000324323 0.000176035
174.8 0.000304979 0.000169272
175 0.000286288 0.000161688
175.2 0.000268107 0.000153348
175.4 0.000250296 0.00014432
175.6 0.000232717 0.000134679
175.8 0.00021524 0.000124501
176 0.000197738 0.000113865
176.2 0.000180095 0.00010285
176.4 0.000162202 9.15377e-05
176.6 0.00014396 8.00095e-05
176.8 0.000125282 6.8346e-05
177 0.000106094 5.66268e-05
177.2 8.63317e-05 4.49295e-05
177.4 6.5946e-05 3.33295e-05
177.6 4.49004e-05 2.18992e-05
177.8 2.31717e-05 1.07074e-05
178 7.50591e-07 -1.81305e-07
178.2 -2.23591e-05 -1.07065e-05
178.4 -4.61401e-05 -2.08128e-05
178.6 -7.05627e-05 -3.045e-05
178.8 -9.55848e-05 -3.95735e-05
179 -0.000121153 -4.81443e-05
179.2 -0.000147202 -5.61296e-05
179.4 -0.000173657 -6.35024e-05
179.6 -0.000200437 -7.0242e-05
179.8 -0.000227448 -7.63338e-05
180 -0.000254593 -8.17692e-05
180.2 -0.000281767 -8.65459e-05
180.4 -0.000308863 -9.06673e-05
180.6 -0.000335768 -9.41425e-05
180.8 -0.000362369 -9.69859e-05
181 -0.000388552 -9.92174e-05
181.2 -0.000414201 -0.000100861
181.4 -0.000439204 -0.000101947
181.6 -0.000463452 -0.000102507
181.8 -0.00048684 -0.000102578
182 -0.000509266 -0.000102201
182.2 -0.000530636 -0.000101418
182.4 -0.000550862 -0.000100274
182.6 -0.000569864 -9.88161e-05
182.8 -0.000587572 -9.70922e-05
183 -0.000603923 -9.51514e-05
183.2 -0.000618865 -9.3043e-05
183.4 -0.000632356 -9.08162e-05
183.6 -0.000644365 -8.85195e-05
183.8 -0.000654871 -8.62003e-05
184 -0.000663865 -8.39047e-05
184.2 -0.000671348 -8.16767e-05
184.4 -0.000677331 -7.95582e-05
184.6 -0.000681839 -7.75883e-05
184.8 -0.000684903 -7.58031e-05
185 -0.000686568 -7.42357e-05
185.2 -0.000686884 -7.29154e-05
185.4 -0.000685913 -7.18679e-05
185.6 -0.000683724 -7.11152e-05
185.8 -0.000680393 -7.0675e-05
186 -0.000676003 -7.0561e-05
186.2 -0.000670644 -7.07827e-05
186.4 -0.000664407 -7.13456e-05
186.6 -0.00065739 -7.22507e-05
186.8 -0.000649692 -7.34952e-05
187 -0.000641415 -7.50721e-05
187.2 -0.000632662 -7.69706e-05
187.4 -0.000623533 -7.91763e-05
187.6 -0.000614131 -8.16712e-05
187.8 -0.000604553 -8.4434e-05
188 -0.000594896 -8.74403e-05
188.2 -0.00058525 -9.06633e-05
188.4 -0.000575702 -9.40733e-05
188.6 -0.000566334 -9.76389e-05
188.8 -0.00055722 -0.000101327
189 -0.000548428 -0.000105101
189.2 -0.000540018 -0.000108927
189.4 -0.000532042 -0.000112768
189.6 -0.000524544 -0.000116586
189.8 -0.00051756 -0.000120344
190 -0.000511114 -0.000124004
190.2 -0.000505225 -0.000127532
190.4 -0.0004999 -0.000130891
190.6 -0.000495138 -0.000134047
190.8 -0.000490928 -0.000136968
191 -0.000487253 -0.000139622
191.2 -0.000484084 -0.000141982
191.4 -0.000481386 -0.00014402
191.6 -0.000479117 -0.000145713
191.8 -0.000477228 -0.00014704
192 -0.000475661 -0.000147982
192.2 -0.000474355 -0.000148525
192.4 -0.000473243 -0.000148655
192.6 -0.000472255 -0.000148365
192.8 -0.000471316 -0.000147648
193 -0.000470348 -0.000146501
193.2 -0.000469274 -0.000144926
193.4 -0.000468013 -0.000142926
193.6 -0.000466486 -0.000140508
193.8 -0.000464614 -0.000137682
194 -0.000462319 -0.00013446
194.2 -0.000459527 -0.000130859
194.4 -0.000456166 -0.000126896
194.6 -0.000452169 -0.000122593
194.8 -0.000447474 -0.000117972
195 -0.000442021 -0.000113057
195.2 -0.000435762 -0.000107876
195.4 -0.000428649 -0.000102456
195.6 -0.000420647 -9.68272e-05
195.8 -0.000411724 -9.10203e-05
196 -0.000401858 -8.50663e-05
196.2 -0.000391035 -7.89974e-05
196.4 -0.000379248 -7.28457e-05
196.6 -0.000366499 -6.66437e-05
196.8 -0.0003528 -6.04234e-05
197 -0.000338168 -5.42167e-05
197.2 -0.00032263 -4.80546e-05
197.4 -0.000306222 -4.19675e-05
197.6 -0.000288987 -3.59847e-05
197.8 -0.000270973 -3.01342e-05
198 -0.00025224 -2.44425e-05
198.2 -0.000232849 -1.89348e-05
198.4 -0.00021287 -1.36345e-05
198.6 -0.000192379 -8.56319e-06
198.8 -0.000171455 -3.74048e-06
199 -0.000150181 8.15905e-07
199.2 -0.000128645 5.09031e-06
199.4 -0.000106937 9.06915e-06
199.6 -8.51483e-05 1.2741e-05
199.8 -6.33716e-05 1.60964e-05
200 -4.17004e-05 1.91283e-05
