   0.000000e+00   6.098731e+02   6.017781e+02   6.071420e+02   6.051097e+02   5.955546e+02   5.904340e+02  -6.198478e+01   5.285161e+01
   0.000000e+00   6.099166e+02   6.032958e+02   6.102052e+02   6.092727e+02   6.001945e+02   5.898532e+02  -9.512424e+01   7.534241e+01
   0.000000e+00   6.099359e+02   6.032436e+02   6.063773e+02   6.058989e+02   6.009126e+02   5.900692e+02  -1.182654e+02   1.144537e+02
   0.000000e+00   6.099384e+02   6.037518e+02   6.080798e+02   6.078509e+02   6.008358e+02   5.903622e+02  -1.684430e+02   1.638483e+02
   0.000000e+00   6.091385e+02   6.043539e+02   6.098058e+02   6.106204e+02   6.013393e+02   5.905874e+02  -2.087179e+02   2.069033e+02
   0.000000e+00   6.104539e+02   6.031873e+02   6.093509e+02   6.077421e+02   5.979568e+02   5.896226e+02  -2.537639e+02   2.441070e+02
   0.000000e+00   6.100155e+02   6.024386e+02   6.091695e+02   6.092178e+02   5.977343e+02   5.903076e+02  -3.106241e+02   2.976910e+02
   0.000000e+00   6.103983e+02   6.022943e+02   6.069775e+02   6.072953e+02   5.965795e+02   5.900974e+02  -3.944821e+02   3.558589e+02
   0.000000e+00   6.102618e+02   6.029342e+02   6.106649e+02   6.089564e+02   5.969686e+02   5.902230e+02  -4.224340e+02   4.312200e+02
   0.000000e+00   6.097669e+02   6.035555e+02   6.057809e+02   6.071858e+02   6.003107e+02   5.899023e+02  -4.953465e+02   4.745597e+02
   0.000000e+00   6.101104e+02   6.013043e+02   6.064822e+02   6.052491e+02   5.959298e+02   5.900108e+02  -5.202702e+02   5.296840e+02
   0.000000e+00   6.104735e+02   6.016459e+02   6.085466e+02   6.051421e+02   5.959888e+02   5.902954e+02  -5.771373e+02   5.585056e+02
   0.000000e+00   6.096132e+02   6.034639e+02   6.092425e+02   6.055760e+02   5.976671e+02   5.898214e+02  -6.382172e+02   6.255027e+02
   0.000000e+00   6.096096e+02   6.010565e+02   6.073695e+02   6.048568e+02   5.926793e+02   5.904123e+02  -6.756971e+02   6.790634e+02
   0.000000e+00   6.101591e+02   6.033584e+02   6.102226e+02   6.069328e+02   5.987673e+02   5.900946e+02  -7.225337e+02   7.459330e+02
   0.000000e+00   6.098030e+02   6.010214e+02   6.081090e+02   6.047423e+02   5.978781e+02   5.898857e+02  -7.745061e+02   7.641136e+02
   0.000000e+00   6.099161e+02   6.015904e+02   6.050188e+02   6.061984e+02   5.957097e+02   5.900881e+02  -8.298672e+02   8.315081e+02
   0.000000e+00   6.099188e+02   6.031346e+02   6.093324e+02   6.077568e+02   5.967178e+02   5.897803e+02  -9.052385e+02   9.023969e+02
   0.000000e+00   6.104526e+02   6.018233e+02   6.098588e+02   6.042767e+02   5.965562e+02   5.902263e+02  -9.421366e+02   9.462054e+02
   0.000000e+00   6.099631e+02   6.014966e+02   6.081433e+02   6.047172e+02   5.953308e+02   5.901404e+02  -9.945182e+02   1.004811e+03
   0.000000e+00   6.094873e+02   6.034614e+02   6.083738e+02   6.075062e+02   5.985617e+02   5.901289e+02  -1.073933e+03   1.072591e+03
   0.000000e+00   6.097683e+02   6.014624e+02   6.081587e+02   6.048150e+02   5.976138e+02   5.904594e+02  -1.123791e+03   1.119491e+03
   0.000000e+00   6.098116e+02   6.029681e+02   6.081410e+02   6.066343e+02   5.975532e+02   5.901894e+02  -1.165471e+03   1.175599e+03
   0.000000e+00   6.096580e+02   6.011603e+02   6.086849e+02   6.046660e+02   5.950702e+02   5.897338e+02  -1.213770e+03   1.210902e+03
   0.000000e+00   6.101956e+02   6.031419e+02   6.063263e+02   6.056899e+02   6.009164e+02   5.898401e+02  -1.251022e+03   1.253735e+03
   0.000000e+00   6.096159e+02   6.020994e+02   6.083557e+02   6.071496e+02   5.943712e+02   5.902202e+02  -1.322887e+03   1.307691e+03
   0.000000e+00   6.096477e+02   6.014437e+02   6.074995e+02   6.029942e+02   5.944086e+02   5.896439e+02  -1.355353e+03   1.376354e+03
   0.000000e+00   6.093859e+02   6.015944e+02   6.092798e+02   6.065528e+02   5.958005e+02   5.898770e+02  -1.404514e+03   1.407075e+03
   0.000000e+00   6.103526e+02   6.016794e+02   6.086840e+02   6.074207e+02   5.982930e+02   5.899887e+02  -1.465375e+03   1.462209e+03
   0.000000e+00   6.095414e+02   6.005103e+02   6.045298e+02   6.049607e+02   5.964305e+02   5.902834e+02  -1.493417e+03   1.501191e+03
   0.000000e+00   6.103396e+02   6.028111e+02   6.064990e+02   6.079339e+02   5.967996e+02   5.899168e+02  -1.540933e+03   1.544006e+03
   0.000000e+00   6.095700e+02   6.044742e+02   6.105077e+02   6.093744e+02   6.015207e+02   5.898624e+02  -1.599154e+03   1.601864e+03
   0.000000e+00   6.097544e+02   6.011823e+02   6.077555e+02   6.078715e+02   5.953390e+02   5.896397e+02  -1.650793e+03   1.643335e+03
   0.000000e+00   6.095378e+02   6.036231e+02   6.082930e+02   6.076513e+02   5.968608e+02   5.899152e+02  -1.697979e+03   1.688823e+03
   0.000000e+00   6.098425e+02   6.016000e+02   6.074601e+02   6.053645e+02   5.973966e+02   5.900860e+02  -1.759023e+03   1.765280e+03
   0.000000e+00   6.104583e+02   6.041084e+02   6.120033e+02   6.104841e+02   5.990569e+02   5.897526e+02  -1.821283e+03   1.816768e+03
   0.000000e+00   6.094001e+02   6.033396e+02   6.075694e+02   6.081696e+02   5.970522e+02   5.901794e+02  -1.874888e+03   1.898224e+03
   0.000000e+00   6.099878e+02   6.023580e+02   6.106416e+02   6.077783e+02   5.959564e+02   5.903710e+02  -1.944783e+03   1.950057e+03
   0.000000e+00   6.098369e+02   6.016146e+02   6.063213e+02   6.073940e+02   5.980893e+02   5.896527e+02  -1.950908e+03   1.984896e+03
   0.000000e+00   6.098077e+02   6.018234e+02   6.062597e+02   6.057730e+02   5.989959e+02   5.899781e+02  -2.026963e+03   2.015743e+03
   0.000000e+00   6.095186e+02   6.020864e+02   6.108777e+02   6.071769e+02   5.952246e+02   5.903802e+02  -2.078546e+03   2.089247e+03
   0.000000e+00   6.093165e+02   6.006603e+02   6.083843e+02   6.075125e+02   5.939058e+02   5.901281e+02  -2.124096e+03   2.132602e+03
   0.000000e+00   6.103714e+02   6.033703e+02   6.083426e+02   6.071246e+02   5.965602e+02   5.892755e+02  -2.158511e+03   2.165347e+03
   0.000000e+00   6.101248e+02   6.032857e+02   6.075983e+02   6.077848e+02   5.972059e+02   5.899425e+02  -2.204169e+03   2.211454e+03
   0.000000e+00   6.097496e+02   6.026582e+02   6.088349e+02   6.069693e+02   5.989511e+02   5.900527e+02  -2.247762e+03   2.247591e+03
   0.000000e+00   6.102310e+02   6.028137e+02   6.093373e+02   6.095012e+02   5.976403e+02   5.895016e+02  -2.283336e+03   2.290513e+03
   0.000000e+00   6.107696e+02   6.025977e+02   6.073275e+02   6.060095e+02   5.965658e+02   5.900699e+02  -2.329258e+03   2.329515e+03
   0.000000e+00   6.102123e+02   6.032805e+02   6.083424e+02   6.062283e+02   6.036125e+02   5.901244e+02  -2.379968e+03   2.392590e+03
   0.000000e+00   6.098643e+02   6.038254e+02   6.104720e+02   6.077112e+02   5.988161e+02   5.897302e+02  -2.425583e+03   2.455052e+03
   0.000000e+00   6.104456e+02   6.019337e+02   6.062171e+02   6.085301e+02   5.973106e+02   5.898549e+02  -2.479882e+03   2.488313e+03
