      197.631741544297313      -91.014378589226638       69.793898577319752     -167.984758804374422     -191.172505471216994
      169.515694830902476     -148.724675070838231      -30.252955790921721     -210.449782570006562      140.219574944077038
       95.200702113591831       -0.526176930317264      -66.626467549054780     -218.158867041343655       74.405626602953930
      281.683111543396194     -161.039156460891490     -194.975078190490734     -155.011769198577866      147.904298875252266
      -49.362578696538954       -7.923201669791944     -138.359508527390886     -125.805075733803633       55.109927747369113
       -0.367422262076758     -120.377322683946389     -233.549589554578858     -112.619646406645742     -107.252646638320584
      -49.091853303333103      -73.802550018731125     -387.104716538874357     -179.366165110621637     -160.922698775808414
       18.966590003816659     -142.746235678919589      -36.015155789513969     -151.073196508193547     -571.207397149407257
     -113.369062779060968     -161.711708977671009     -111.562648709244186     -132.402647972562164     -343.240743238161372
        1.840801640331786      -56.463976253386392        1.214089757431033     -176.316540854525584     -261.387301351781105
     -149.227616929439193       17.028530175295984     -264.617961191053780        3.864264098687431     -262.324675600584385
     -134.122678074946606      -48.493828970349625      -79.366797874575113      -41.799027018752092     -144.524340430346882
      190.721893784352488      -80.300473750844802       -2.020535464644519       23.045173225183685      -75.264901628309147
      -34.142202896399247     -108.490112287167406      -81.747859012058839       10.839883150482100       -3.154157004038856
     -188.058625772274070      -85.630875426164081      -21.379724375719785       77.268236381143893       62.975026805758020
       64.349818209701027      -43.892901856157089     -166.741715477366881       64.530595924048058      -68.858799664343408
      143.853665428862854     -111.344000081047653       30.555824097665134      -42.732249033554808      -83.957998392705335
      144.435221508883842     -101.194823072242684       74.518586138979231       18.902163777888859     -262.046030425936351
       63.294568080760691      -39.405768619778563     -122.120320698099917       73.568097329196831     -142.577002843508126
      -67.168524516228132       30.654799386971440      -27.393174573664208      -27.127531016078535     -241.871559192693894
      -70.871392671489176      133.246789596250011      154.323908556448998      -28.243934829285600     -208.820393501902146
      -20.776949484061582      -38.060573851969977      281.341609514630534      -95.019500590581984      -15.244172085198841
      -93.500256101970450       10.653104564556804       96.194632197284363      -21.902786122692291     -161.244100525498652
      -70.541346157814260       47.814933574458671       43.443591747446675      -11.268787071325105     -131.229455296211569
      104.216292623096564        3.794724035926991     -105.434075900406867      -49.432913272164242       75.733304633341021
      -12.925705277743184      -26.734590796275100     -229.873091626405341       37.333092567956271      114.261831123574169
      -27.018927885421270     -105.517986618145656     -142.162514741898804       60.501135260050290      142.213032350318684
      -83.211474114640524      -72.812181040140985     -185.783896663637648       -1.822732207885821      167.193548469905693
       15.922522004871851     -102.782966493156522     -169.904248739726683      -47.594828192942927      211.421636985081904
      -27.336727660397877     -168.208015593753544     -206.146462752331843      -44.360427213527501       44.859688782721982
      -25.738550134617753      -75.609765541341019      -36.318714281350033       69.203659067871030      -41.365277451407628
       56.650194894083256       -1.784764587520966      -10.503826007756434      -48.857686864595777      -78.990348429326829
      100.384858169667851      -65.055644465992870       31.644951570092996      -48.652504872685576      -84.642364955072779
      280.684108008548378      -16.999929043258476     -110.279340997459272       62.936154017690662      -25.857446270220727
      174.568487902797415      -98.908329507456912      277.560004026703439       -4.763396073294825      119.421503110454140
      309.847419480952396       24.064278750463032      123.628307308082597       51.525498676661201      191.873989897096862
        5.284170583098703      -46.866407845192334      298.095533231725369      117.888186983521521      201.251642262575274
       79.618593964793760     -154.923767982218806      326.179527488732901      204.202974544322075      254.963684168440210
      229.509421409698689      -96.783748028910281      200.716921551814295      161.787819033777140      380.214019847254804
      359.265258555861408     -151.421360850882081      162.447924354546899       55.947575076459742      503.941595285658025
      477.192225556468088      -67.086676015369207      221.884478028355460      220.391695875945203      469.586687474691075
      415.293744901262926      -74.255732029650474      232.899922386208544      149.566600777952033      341.979360313590178
      184.260462285976871      -81.443214380062841       64.757543499777498      171.440361502171214      113.543784394181714
      433.073606777051054      -45.678995430966992       48.489387859376599      172.489552981174995      300.852460506369084
      206.949026973337851        0.953922390070387      133.208064231880655      -17.223629316063196      124.671034568423025
      213.669503910187785        1.664515028152881      115.809188442207258        7.833542965641217        0.197687127056199
      -10.797097301937036       98.554176445564963      183.977573002280963      -79.476015575507915      -76.952951474676766
       87.016820141533273       65.883472017393530      210.808569270349750       -3.617036052733190     -179.206139214197918
      202.632574225484376      -39.864169502293628      490.100582491040370      -49.291700134765406      -97.395428919471101
     -164.825748810706727       42.075772030390027      687.717586654188153     -154.545664327264205      227.620448986732868
       95.792951538351247      -44.858455519616328      481.794956539645170     -138.667268432161137        8.872207910889335
       -4.896390445362067        3.383477695299553      505.826891804914624       21.050452343526043     -133.173954699217376
      -82.021907015407265      -20.417063684449278      560.882424096743080      -36.650585291462093     -276.146099166801491
      103.518131869440595      161.893876405357162      362.290739778852128     -114.135802435942011     -195.815037483576873
      290.729694933755809      159.080375482398637      399.244595701972287     -116.150276162449941     -156.379443513632935
      169.286720550846553      178.516301617723059      461.556068486140362      -46.933280398387254       16.438328920309516
      128.750114245709796       76.309382679574838      469.791144961713826     -109.922854632936208      -61.242065438176851
      266.496693468514934       79.482288379131148      653.125093768725719      -14.013061394767620     -137.963276584701248
      170.820070261617076       -6.410347847249604      429.507787163431487       88.781338033696940     -160.394279331625427
      270.062171148223342       37.286770718514440      399.227162285466989      -17.482628278617963     -279.792588964023025
      315.530253867969520       41.077628727363752      269.056626299652123       21.781862950768712     -532.873048183774813
      317.980929043505341       76.658611769598195      356.055354201372722      -29.111982190526206     -367.158818619262831
      289.736095476168373       10.283069193740319      305.941242316055821       45.146634953672127     -336.400137732590906
      174.203001559806637       76.525412785874735       74.793969515648499      -30.635995352533577     -128.504292728948826
       86.093570311695899      122.534983078644657        4.434366487929589      -40.896238941932566     -162.080862193322389
      140.094592176882571       49.579324609461324       69.225765110435532       19.222325550627200     -171.824614844169872
       13.968137089491437      195.824827266523471      283.475688040050443      -60.817047759930389      -66.245671142748535
     -152.013027528385322      167.051570679599109       62.536430328037810      -21.454225836050075      213.281359497777970
     -287.805581200088284      183.116997045601380      221.407290010643806     -128.512456008240804      216.182334459272710
     -205.243262424706785      116.800735912321926      231.258469686130184     -153.957965644000353      216.082610738016285
     -257.798800676938299       67.407068038658025       77.482056956217690      -37.894489069234531      316.114628697911712
     -100.001975126972923       11.340401816250866      188.728289146725558      -43.426212824692492      484.924557320713859
      -39.790944899950674       49.231371253459010      170.389809215474457      -38.852357132173822      293.919177136699602
      -78.666162465782364       99.529969209573792      343.964883774055579      -54.664363127275685      244.326035644639688
      -34.360903669881623       91.582950233499488      410.277725923510275      -63.652518351307293      146.251808999112086
      -88.765985862970425       68.537957645924450      214.730996134037895       54.035658257202115       34.828670415717113
     -146.334810656979613      145.137586048621813      169.794363624428286      -37.728360785023803     -134.183070100994456
      -51.842260007573188      102.707322253672046      265.212308900105086      -49.220883304856777     -105.728646320637878
      -36.171975373587685       29.270437241814953      263.802838010573396       23.981944773506513     -151.363051508976213
      -27.071557116350952      -37.351174656861907      127.302768854320504       27.451130289868214      -48.394575782800096
      -45.580409638652398       -8.643417858169142      143.010395025687274       72.044434496593695      -36.988687726688894
      -99.832951679851220        4.284736715145856      212.848803051685252      -47.360770705846782       -8.468477175289252
      -30.206037020836025       20.358425733174624      399.399515984140066       26.288408862142958     -106.231869315128179
      167.927937068551671       79.448477498012480      337.292255641522218       32.225364156850432     -146.812113712072488
      -37.293898529783512      115.983140327170787      193.100890691886946       66.746738633601780      -14.618583631700229
      137.026398514428166       97.686217503937399       96.787881043375165       50.342424530760624      145.476968000875445
        9.268125737506001       25.135841763286123      224.865725940027346      -69.776045290077747       80.180476332434623
      -68.283047569475045       65.189273740440086      295.228406228178358      -87.365484059677698      -45.820333551457146
      -63.558103841700785       41.078599971908574      401.625215133711549      -88.018782753710639      -12.318077876986209
      -24.752305735202555       51.202948782113140      308.953991773591781      -29.307131171884286      -61.368053394442114
       38.647370901650390      -40.262431518952873      206.760253662572921      -24.027608150139038       34.208529678044258
      143.283094539273236      -96.175257050628844       79.852380692992682      -63.188759109206842      117.319792666696387
       44.368287785750596       -6.243550679484798      -12.112774692570618      -14.926963745001038     -199.060704639096002
       21.612560979709997     -111.329024961884528       50.241435475367489      -89.652219564260847       35.168176571787257
      -64.861383854562519     -142.072396506274600      -28.794633055334916      -13.639052049904107      -85.424777514338402
        8.866781209120784     -113.965524304476673     -240.269290049466719      -31.023309515422142       32.433059015017854
     -113.278613322650642      -72.558234629091004     -124.052290571602882      -71.206207908380620      134.873078099884424
     -173.520709953031144     -127.347594125150167      -62.433685540716347     -132.323981597185536       65.554377178863206
       -5.022294693052602     -108.087676357806558      240.853074038793892     -132.738320683065211        5.599694004619131
      175.987034737794289      -56.284867905449687       12.331688189701817     -141.398911654375553      -58.932013712345359
