-0.498 0.000889188 -0.000363092
-0.496 0.00314696 -0.0016109
-0.494 0.00626056 -0.00362831
-0.492 0.00996092 -0.00591675
-0.49 0.0142914 -0.0077744
-0.488 0.0195801 -0.00852719
-0.486 0.0263125 -0.00776261
-0.484 0.0349198 -0.00551801
-0.482 0.045519 -0.00238318
-0.48 0.0576546 0.000506725
-0.478 0.070097 0.00159143
-0.476 0.0807521 -0.000899371
-0.474 0.0867209 -0.00867328
-0.472 0.0845249 -0.0230945
-0.47 0.0704863 -0.0449482
-0.468 0.0412196 -0.0742979
-0.466 -0.00583234 -0.110466
-0.464 -0.0719041 -0.152147
-0.462 -0.156542 -0.197647
-0.46 -0.257445 -0.245194
-0.458 -0.370559 -0.293287
-0.456 -0.490444 -0.341001
-0.454 -0.610887 -0.3882
-0.452 -0.725686 -0.43559
-0.45 -0.829522 -0.484597
-0.448 -0.918789 -0.537054
-0.446 -0.992264 -0.59473
-0.444 -1.0515 -0.658765
-0.442 -1.10086 -0.729094
-0.44 -1.1471 -0.803963
-0.438 -1.19858 -0.879641
-0.436 -1.26398 -0.950404
-0.434 -1.35091 -1.00884
-0.432 -1.46423 -1.04651
-0.43 -1.60462 -1.05479
-0.428 -1.76739 -1.02605
-0.426 -1.94192 -0.9547
-0.424 -2.11179 -0.838285
-0.422 -2.25575 -0.678205
-0.42 -2.34945 -0.480113
-0.418 -2.36787 -0.25382
-0.416 -2.28806 -0.0126952
-0.414 -2.09203 0.2274
-0.412 -1.76921 0.449567
-0.41 -1.31841 0.637552
-0.408 -0.748785 0.777496
-0.406 -0.079849 0.859528
-0.404 0.659652 0.879011
-0.402 1.43378 0.837267
-0.4 2.20223 0.741663
-0.398 2.92372 0.604996
-0.396 3.55955 0.444246
-0.394 4.07706 0.278807
-0.392 4.45257 0.128403
-0.39 4.67358 0.0109644
-0.388 4.73984 -0.059289
-0.386 4.66312 -0.0732786
-0.384 4.46561 -0.0278371
-0.382 4.1771 0.0743002
-0.38 3.83104 0.225277
-0.378 3.46024 0.413566
-0.376 3.09238 0.625878
-0.374 2.74638 0.849268
-0.372 2.42977 1.07314
-0.37 2.13784 1.29088
-0.368 1.85439 1.50084
-0.366 1.55433 1.70661
-0.364 1.20757 1.91637
-0.362 0.783804 2.14148
-0.36 0.25762 2.39441
-0.358 -0.386789 2.68615
-0.356 -1.15175 3.02355
-0.354 -2.0236 3.4069
-0.352 -2.97187 3.82803
-0.35 -3.95033 4.26941
-0.348 -4.89993 4.70432
-0.346 -5.75347 5.09832
-0.344 -6.44166 5.41179
-0.342 -6.90002 5.60353
-0.34 -7.07582 5.63488
-0.338 -6.93439 5.47403
-0.336 -6.46378 5.09995
-0.334 -5.67735 4.50556
-0.332 -4.61359 3.69957
-0.33 -3.33328 2.70691
-0.328 -1.91409 1.56742
-0.326 -0.44344 0.333109
-0.324 0.989815 -0.935962
-0.322 2.30355 -2.17668
-0.32 3.42966 -3.32826
-0.318 4.31949 -4.33755
-0.316 4.94691 -5.16346
-0.314 5.30881 -5.78034
-0.312 5.42302 -6.17964
-0.31 5.32403 -6.3698
-0.308 5.05712 -6.37442
-0.306 4.67168 -6.22889
-0.304 4.21446 -5.97586
-0.302 3.72369 -5.66032
-0.3 3.2247 -5.32459
-0.298 2.7278 -5.00411
-0.296 2.22859 -4.72424
-0.294 1.71082 -4.49865
-0.292 1.15152 -4.32917
-0.29 0.52769 -4.20728
-0.288 -0.176361 -4.11674
-0.286 -0.962021 -4.03707
-0.284 -1.81093 -3.9473
-0.282 -2.68203 -3.82946
-0.28 -3.51177 -3.6714
-0.278 -4.21787 -3.46838
-0.276 -4.7063 -3.22349
-0.274 -4.88109 -2.94667
-0.272 -4.6557 -2.65252
-0.27 -3.96487 -2.35723
-0.268 -2.7753 -2.07498
-0.266 -1.09403 -1.81449
-0.264 1.02704 -1.57606
-0.262 3.49096 -1.34979
-0.26 6.16052 -1.11528
-0.258 8.86773 -0.84298
-0.256 11.4273 -0.497108
-0.254 13.6528 -0.0399775
-0.252 15.3741 0.562877
-0.25 16.4538 1.33729
-0.248 16.801 2.2955
-0.246 16.381 3.4322
-0.244 15.2196 4.72234
-0.242 13.4008 6.12092
-0.24 11.0596 7.56505
-0.238 8.36898 8.97819
-0.236 5.52313 10.2762
-0.234 2.71884 11.3748
-0.232 0.136511 12.1971
-0.23 -2.07695 12.6815
-0.228 -3.82162 12.7877
-0.226 -5.05297 12.5016
-0.224 -5.78426 11.8371
-0.222 -6.08257 10.8355
-0.22 -6.05875 9.56165
-0.218 -5.85236 8.09842
-0.216 -5.6131 6.53824
-0.214 -5.48085 4.97427
-0.212 -5.5665 3.49142
-0.21 -5.93605 2.15841
-0.208 -6.59988 1.02192
-0.206 -7.50871 0.103402
-0.204 -8.55712 -0.600971
-0.202 -9.59437 -1.11733
-0.2 -10.4415 -1.48847
-0.198 -10.9133 -1.7663
-0.196 -10.842 -2.00342
-0.194 -10.1007 -2.24475
-0.192 -8.62375 -2.52061
-0.19 -6.42083 -2.84177
-0.188 -3.5837 -3.19746
-0.186 -0.283734 -3.55632
-0.184 3.2396 -3.87042
-0.182 6.69857 -4.08168
-0.18 9.78363 -4.13008
-0.178 12.1938 -3.96261
-0.176 13.6676 -3.54187
-0.174 14.0121 -2.85338
-0.172 13.1252 -1.91056
-0.17 11.0106 -0.756827
-0.168 7.78192 0.535775
-0.166 3.65625 1.87122
-0.164 -1.06319 3.13728
-0.162 -6.01302 4.21567
-0.16 -10.8023 4.99357
-0.158 -15.0483 5.37539
-0.156 -18.4117 5.29345
-0.154 -20.6282 4.71639
-0.152 -21.5324 3.65423
-0.15 -21.0727 2.15932
-0.148 -19.3154 0.323033
-0.146 -16.437 -1.73168
-0.144 -12.7064 -3.86117
-0.142 -8.45771 -5.91419
-0.14 -4.05777 -7.74589
-0.138 0.129961 -9.23116
-0.136 3.78037 -10.276
-0.134 6.63733 -10.8255
-0.132 8.53687 -10.8684
-0.13 9.42065 -10.4367
-0.128 9.3383 -9.60157
-0.126 8.43849 -8.46608
-0.124 6.95 -7.15446
-0.122 5.15458 -5.80033
-0.12 3.35488 -4.53424
-0.118 1.84075 -3.47207
-0.116 0.857544 -2.70508
-0.114 0.579772 -2.29278
-0.112 1.09281 -2.25893
-0.11 2.38442 -2.59128
-0.108 4.34687 -3.24484
-0.106 6.78921 -4.14839
-0.104 9.45846 -5.21331
-0.102 12.0673 -6.34393
-0.1 14.3253 -7.44781
-0.098 15.9707 -8.44506
-0.096 16.7983 -9.27532
-0.094 16.6824 -9.90187
-0.092 15.5896 -10.3125
-0.09 13.5828 -10.5173
-0.088 10.8143 -10.5438
-0.086 7.50914 -10.4306
-0.084 3.941 -10.2197
-0.082 0.402806 -9.94992
-0.08 -2.82453 -9.64996
-0.078 -5.50194 -9.33445
-0.076 -7.45733 -9.00133
-0.074 -8.60343 -8.63173
-0.072 -8.94633 -8.19217
-0.07 -8.58385 -7.6388
-0.068 -7.69399 -6.92318
-0.066 -6.5144 -5.99925
-0.064 -5.31529 -4.83046
-0.062 -4.36857 -3.3964
-0.06 -3.91644 -1.69798
-0.058 -4.14301 0.239673
-0.056 -5.15182 2.36702
-0.054 -6.95201 4.61278
-0.052 -9.45448 6.88925
-0.05 -12.4788 9.09948
-0.048 -15.7698 11.1455
-0.046 -19.0227 12.9363
-0.044 -21.9133 14.3954
-0.042 -24.1309 15.4657
-0.04 -25.4097 16.1135
-0.038 -25.5555 16.3291
-0.036 -24.4649 16.126
-0.034 -22.1355 15.538
-0.032 -18.6653 14.6158
-0.03 -14.2426 13.4219
-0.028 -9.12693 12.0257
-0.026 -3.62409 10.4985
-0.024 1.94271 8.90862
-0.022 7.26217 7.31738
-0.02 12.0618 5.77574
-0.018 16.1301 4.32239
-0.016 19.3312 2.98336
-0.014 21.6122 1.77329
-0.012 23.0005 0.698192
-0.01 23.5939 -0.240835
-0.008 23.5425 -1.04355
-0.006 23.027 -1.70695
-0.004 22.2337 -2.22282
-0.002 21.3309 -2.57677
0 20.4485 -2.74909
0.002 19.6725 -2.72685
0.004 19.0109 -2.47838
0.006 18.4245 -1.98486
0.008 17.827 -1.23586
0.01 17.1003 -0.2325
0.012 16.114 1.01042
0.014 14.746 2.46366
0.016 12.9022 4.08383
0.018 10.5319 5.81487
0.02 7.63943 7.59032
0.022 4.28806 9.33653
0.024 0.598401 10.9765
0.026 -3.26051 12.4345
0.028 -7.08575 13.641
0.03 -10.6597 14.5384
0.032 -13.7717 15.0849
0.034 -16.2403 15.2587
0.036 -17.9325 15.06
0.038 -18.7797 14.5107
0.04 -18.7863 13.6528
0.042 -18.0306 12.5441
0.044 -16.6585 11.2529
0.046 -14.8686 9.85211
0.048 -12.8918 8.41254
0.05 -10.9667 6.99782
0.052 -9.31462 5.65966
0.054 -8.11584 4.43478
0.056 -7.49057 3.34312
0.058 -7.48651 2.38753
0.06 -8.07401 1.5548
0.062 -9.14924 0.817872
0.064 -10.545 0.139303
0.066 -12.0482 -0.524173
0.068 -13.4218 -1.21632
0.07 -14.4306 -1.97569
0.072 -14.8664 -2.83021
0.074 -14.5714 -3.7928
0.076 -13.4573 -4.85863
0.078 -11.5169 -6.00454
0.08 -8.82732 -7.19079
0.082 -5.5443 -8.36491
0.084 -1.88734 -9.4673
0.086 1.88267 -10.4376
0.088 5.49084 -11.2213
0.09 8.67756 -11.7755
0.092 11.2262 -12.0734
0.094 12.9858 -12.107
0.096 13.8859 -11.8879
0.098 13.9424 -11.4466
0.1 13.2528 -10.8298
0.102 11.9831 -10.0971
0.104 10.347 -9.31572
0.106 8.58011 -8.55502
0.108 6.91274 -7.88053
0.11 5.5435 -7.34765
0.112 4.61676 -6.99605
0.114 4.20624 -6.84511
0.116 4.30653 -6.89123
0.118 4.83336 -7.10736
0.12 5.63305 -7.44496
0.122 6.50013 -7.83846
0.124 7.20161 -8.21175
0.126 7.50536 -8.48606
0.128 7.20951 -8.58842
0.13 6.16944 -8.45969
0.132 4.31912 -8.06132
0.134 1.68409 -7.38005
0.136 -1.61565 -6.42997
0.138 -5.37357 -5.25185
0.14 -9.31467 -3.90982
0.142 -13.1217 -2.48569
0.144 -16.4669 -1.0716
0.146 -19.0452 0.238378
0.148 -20.6063 1.35689
0.15 -20.9809 2.21141
0.152 -20.0992 2.75109
0.154 -17.9999 2.9516
0.156 -14.8273 2.81754
0.158 -10.8194 2.38217
0.16 -6.2858 1.70435
0.162 -1.57899 0.863165
0.164 2.93802 -0.0494132
0.166 6.92522 -0.937054
0.168 10.0964 -1.7079
0.17 12.2444 -2.28289
0.172 13.2586 -2.60274
0.174 13.1324 -2.63287
0.176 11.9609 -2.3657
0.178 9.92765 -1.82031
0.18 7.28362 -1.03927
0.182 4.31955 -0.0832495
0.184 1.33492 0.976027
0.186 -1.3929 2.06351
0.188 -3.63622 3.10846
0.19 -5.2383 4.05105
0.192 -6.12621 4.84742
0.194 -6.31399 5.47252
0.196 -5.89619 5.92088
0.198 -5.03258 6.20508
0.2 -3.92611 6.35245
0.202 -2.79671 6.40031
0.204 -1.8539 6.39052
0.206 -1.27135 6.36375
0.208 -1.16607 6.35429
0.21 -1.58457 6.38579
0.212 -2.49726 6.46845
0.214 -3.80177 6.59789
0.216 -5.33469 6.75575
0.218 -6.89043 6.91203
0.22 -8.24508 7.02887
0.222 -9.18249 7.06532
0.224 -9.5197 6.98256
0.226 -9.12871 6.74889
0.228 -7.95227 6.3439
0.23 -6.01193 5.76122
0.232 -3.40746 5.00961
0.234 -0.307944 4.11224
0.236 3.06456 3.10435
0.238 6.4568 2.02964
0.24 9.60938 0.935978
0.242 12.2822 -0.129092
0.244 14.2777 -1.12245
0.246 15.4594 -2.00875
0.248 15.7643 -2.76275
0.25 15.2067 -3.37057
0.252 13.8752 -3.82973
0.254 11.9214 -4.14829
0.256 9.54307 -4.34309
0.258 6.96316 -4.43731
0.26 4.40722 -4.45773
0.262 2.08154 -4.43172
0.264 0.154485 -4.38443
0.266 -1.25724 -4.33623
0.268 -2.09609 -4.30101
0.27 -2.36463 -4.28519
0.272 -2.12015 -4.28792
0.274 -1.46399 -4.30219
0.276 -0.527042 -4.31673
0.278 0.546802 -4.31839
0.28 1.61736 -4.29461
0.282 2.56326 -4.23546
0.284 3.29391 -4.13512
0.286 3.75713 -3.99243
0.288 3.94192 -3.8106
0.29 3.87607 -3.59613
0.292 3.61922 -3.35729
0.294 3.25233 -3.10232
0.296 2.86483 -2.83793
0.298 2.54127 -2.56812
0.3 2.34904 -2.29364
0.302 2.32879 -2.01206
0.304 2.48875 -1.71846
0.306 2.80361 -1.40642
0.308 3.21798 -1.06945
0.31 3.65381 -0.702244
0.312 4.0208 -0.302078
0.314 4.22817 0.130197
0.316 4.19655 0.589438
0.318 3.86823 1.066
0.32 3.21487 1.54605
0.322 2.24171 2.01243
0.324 0.987983 2.44601
0.326 -0.476457 2.82748
0.328 -2.05768 3.13927
0.33 -3.64676 3.36747
0.332 -5.13027 3.50351
0.334 -6.40125 3.54522
0.336 -7.36929 3.49732
0.338 -7.96895 3.371
0.34 -8.16545 3.18283
0.342 -7.95713 2.95304
0.344 -7.37452 2.70335
0.346 -6.47602 2.45476
0.348 -5.34095 2.22543
0.35 -4.06066 2.02907
0.352 -2.72898 1.87384
0.354 -1.433 1.76197
0.356 -0.245352 1.69006
0.358 0.781316 1.64995
0.36 1.61706 1.63018
0.362 2.25463 1.61767
0.364 2.70687 1.59945
0.366 3.00216 1.56439
0.368 3.17851 1.50449
0.37 3.27728 1.41574
0.372 3.33712 1.29852
0.374 3.38896 1.15732
0.376 3.45249 1.00003
0.378 3.53434 0.836791
0.38 3.62829 0.678576
0.382 3.71711 0.535732
0.384 3.77586 0.416591
0.386 3.77621 0.326409
0.388 3.69106 0.266725
0.39 3.49893 0.235238
0.392 3.1876 0.226196
0.394 2.75638 0.231238
0.396 2.21688 0.240541
0.398 1.59217 0.244131
0.4 0.914496 0.233167
0.402 0.221924 0.201037
0.404 -0.445675 0.144142
0.406 -1.05071 0.0622695
0.408 -1.56157 -0.0414729
0.41 -1.95552 -0.161133
0.412 -2.22048 -0.288724
0.414 -2.35561 -0.415237
0.416 -2.37061 -0.531732
0.418 -2.28404 -0.630352
0.42 -2.1208 -0.705156
0.422 -1.90908 -0.752674
0.424 -1.67731 -0.772145
0.426 -1.45124 -0.765417
0.428 -1.25161 -0.736559
0.43 -1.09258 -0.691237
0.432 -0.981053 -0.635952
0.434 -0.916839 -0.577229
0.436 -0.893674 -0.520881
0.438 -0.900787 -0.471414
0.44 -0.924838 -0.431646
0.442 -0.951933 -0.402572
0.444 -0.969467 -0.383469
0.446 -0.967589 -0.372214
0.448 -0.94014 -0.36575
0.45 -0.885019 -0.360645
0.452 -0.803981 -0.353634
0.454 -0.701974 -0.342096
0.456 -0.586139 -0.324384
0.458 -0.464668 -0.29999
0.46 -0.345658 -0.269511
0.462 -0.236139 -0.234469
0.464 -0.14137 -0.197001
0.466 -0.0644736 -0.159489
0.468 -0.00640622 -0.124196
0.47 0.0337709 -0.0929591
0.472 0.0584088 -0.0669798
0.474 0.0706794 -0.0467406
0.476 0.0739847 -0.0320413
0.478 0.0714605 -0.0221365
0.48 0.0656366 -0.0159403
0.482 0.0582812 -0.0122553
0.484 0.0504213 -0.00998223
0.486 0.0424992 -0.00827778
0.488 0.0346098 -0.00663664
0.49 0.0267529 -0.0048919
0.492 0.019044 -0.0031422
0.494 0.0118379 -0.00162672
0.496 0.00574541 -0.000577965
0.498 0.00154277 -8.539e-05
0.2 -0.0528792 0.0733144
0.4 -0.0541309 0.0727151
0.6 -0.0562175 0.0717197
0.8 -0.0591396 0.0703332
1 -0.062898 0.0685629
1.2 -0.0674935 0.0664179
1.4 -0.0729267 0.0639095
1.6 -0.0791981 0.0610511
1.8 -0.0863075 0.057858
2 -0.0942541 0.0543478
2.2 -0.103036 0.0505401
2.4 -0.112651 0.0464565
2.6 -0.123094 0.0421209
2.8 -0.134359 0.0375592
3 -0.146438 0.0327994
3.2 -0.15932 0.0278716
3.4 -0.172993 0.0228078
3.6 -0.18744 0.0176424
3.8 -0.202641 0.0124113
4 -0.218575 0.00715271
4.2 -0.235214 0.00190664
4.4 -0.252528 -0.0032851
4.6 -0.270482 -0.008379
4.8 -0.289036 -0.0133298
5 -0.308147 -0.0180909
5.2 -0.327766 -0.0226141
5.4 -0.347839 -0.0268501
5.6 -0.368307 -0.0307482
5.8 -0.389108 -0.034257
6 -0.410172 -0.0373243
6.2 -0.431426 -0.0398972
6.4 -0.452792 -0.0419225
6.6 -0.474187 -0.0433469
6.8 -0.495523 -0.0441171
7 -0.516709 -0.04418
7.2 -0.537648 -0.0434834
7.4 -0.558243 -0.0419757
7.6 -0.578389 -0.0396065
7.8 -0.597981 -0.0363267
8 -0.616913 -0.0320889
8.2 -0.635073 -0.0268479
8.4 -0.65235 -0.0205603
8.6 -0.668633 -0.0131855
8.8 -0.68381 -0.00468567
9 -0.697768 0.004974
9.2 -0.710396 0.015825
9.4 -0.721586 0.0278952
9.6 -0.731231 0.0412086
9.8 -0.739228 0.0557854
10 -0.745476 0.0716412
10.2 -0.749879 0.0887873
10.4 -0.752348 0.10723
10.6 -0.752798 0.126973
10.8 -0.75115 0.148011
11 -0.747335 0.170337
11.2 -0.741287 0.193939
11.4 -0.732952 0.218798
11.6 -0.722284 0.244892
11.8 -0.709246 0.272192
12 -0.693809 0.300665
12.2 -0.675958 0.330273
12.4 -0.655684 0.360975
12.6 -0.632992 0.392723
12.8 -0.607898 0.425465
13 -0.580426 0.459145
13.2 -0.550615 0.493706
13.4 -0.518514 0.529083
13.6 -0.484182 0.565211
13.8 -0.44769 0.602021
14 -0.409122 0.639441
14.2 -0.368569 0.677398
14.4 -0.326137 0.715818
14.6 -0.281938 0.754623
14.8 -0.236096 0.793739
15 -0.188744 0.833087
15.2 -0.140023 0.872591
15.4 -0.0900822 0.912177
15.6 -0.0390786 0.951769
15.8 0.0128246 0.991295
16 0.0654581 1.03069
16.2 0.118648 1.06987
16.4 0.172215 1.1088
16.6 0.225977 1.14739
16.8 0.279751 1.18561
17 0.33335 1.22339
17.2 0.386589 1.2607
17.4 0.43928 1.29749
17.6 0.49124 1.33374
17.8 0.542285 1.3694
18 0.592237 1.40447
18.2 0.64092 1.43892
18.4 0.688164 1.47275
18.6 0.733804 1.50596
18.8 0.777684 1.53856
19 0.819651 1.57056
19.2 0.859566 1.60198
19.4 0.897293 1.63285
19.6 0.93271 1.66321
19.8 0.965703 1.69309
20 0.99617 1.72254
20.2 1.02402 1.75162
20.4 1.04917 1.78039
20.6 1.07155 1.80891
20.8 1.09111 1.83725
21 1.10779 1.86549
21.2 1.12158 1.89371
21.4 1.13245 1.92198
21.6 1.14039 1.95039
21.8 1.14541 1.97903
22 1.14751 2.00797
22.2 1.14674 2.03732
22.4 1.14313 2.06714
22.6 1.13673 2.09754
22.8 1.12759 2.12858
23 1.1158 2.16036
23.2 1.10143 2.19293
23.4 1.08456 2.22639
23.6 1.0653 2.26078
23.8 1.04374 2.29617
24 1.02 2.33261
24.2 0.994192 2.37015
24.4 0.966435 2.40881
24.6 0.936854 2.44863
24.8 0.905577 2.48962
25 0.872734 2.53178
25.2 0.838458 2.57511
25.4 0.802881 2.6196
25.6 0.766137 2.6652
25.8 0.728357 2.71188
26 0.689674 2.75958
26.2 0.650216 2.80823
26.4 0.61011 2.85775
26.6 0.569479 2.90805
26.8 0.528443 2.95902
27 0.487117 3.01053
27.2 0.44561 3.06245
27.4 0.40403 3.11464
27.6 0.362475 3.16693
27.8 0.32104 3.21915
28 0.279813 3.27113
28.2 0.238878 3.32266
28.4 0.19831 3.37354
28.6 0.158179 3.42357
28.8 0.118551 3.47252
29 0.0794847 3.52016
29.2 0.0410328 3.56627
29.4 0.00324352 3.61059
29.6 -0.0338399 3.65289
29.8 -0.0701791 3.69291
30 -0.105739 3.73042
30.2 -0.14049 3.76516
30.4 -0.174404 3.79689
30.6 -0.207456 3.82535
30.8 -0.239622 3.85031
31 -0.270881 3.87153
31.2 -0.301213 3.88878
31.4 -0.330597 3.90183
31.6 -0.359011 3.91048
31.8 -0.386434 3.91451
32 -0.412841 3.91373
32.2 -0.438208 3.90797
32.4 -0.462504 3.89706
32.6 -0.485698 3.88085
32.8 -0.507754 3.85921
33 -0.528631 3.83202
33.2 -0.548284 3.79917
33.4 -0.566664 3.76061
33.6 -0.583715 3.71625
33.8 -0.599375 3.66608
34 -0.61358 3.61007
34.2 -0.626255 3.54822
34.4 -0.637323 3.48057
34.6 -0.646699 3.40717
34.8 -0.654295 3.32809
35 -0.660016 3.24342
35.2 -0.663761 3.15329
35.4 -0.665425 3.05785
35.6 -0.664901 2.95724
35.8 -0.662076 2.85167
36 -0.656833 2.74134
36.2 -0.649056 2.62647
36.4 -0.638625 2.50733
36.6 -0.62542 2.38417
36.8 -0.609319 2.25729
37 -0.590205 2.127
37.2 -0.56796 1.9936
37.4 -0.54247 1.85745
37.6 -0.513625 1.71888
37.8 -0.481318 1.57827
38 -0.445452 1.43599
38.2 -0.405935 1.29241
38.4 -0.362683 1.14794
38.6 -0.315623 1.00296
38.8 -0.26469 0.857884
39 -0.209833 0.713111
39.2 -0.151012 0.569047
39.4 -0.0882009 0.426098
39.6 -0.0213883 0.284666
39.8 0.0494226 0.14515
40 0.124212 0.00794238
40.2 0.202945 -0.126572
40.4 0.285568 -0.258016
40.6 0.37201 -0.386025
40.8 0.462181 -0.510246
41 0.555976 -0.63034
41.2 0.653267 -0.745984
41.4 0.753909 -0.856871
41.6 0.857741 -0.962712
41.8 0.964578 -1.06324
42 1.07422 -1.1582
42.2 1.18646 -1.24737
42.4 1.30104 -1.33054
42.6 1.41773 -1.40753
42.8 1.53625 -1.47819
43 1.65633 -1.54238
43.2 1.77765 -1.59999
43.4 1.89993 -1.65094
43.6 2.02283 -1.69517
43.8 2.14602 -1.73265
44 2.26917 -1.76338
44.2 2.39193 -1.78738
44.4 2.51394 -1.80469
44.6 2.63485 -1.81539
44.8 2.75431 -1.81956
45 2.87194 -1.81734
45.2 2.9874 -1.80886
45.4 3.10032 -1.7943
45.6 3.21037 -1.77384
45.8 3.31719 -1.74769
46 3.42047 -1.71608
46.2 3.51986 -1.67926
46.4 3.61507 -1.6375
46.6 3.70581 -1.59108
46.8 3.79178 -1.54029
47 3.87274 -1.48545
47.2 3.94843 -1.42689
47.4 4.01865 -1.36493
47.6 4.08319 -1.29993
47.8 4.14189 -1.23223
48 4.19459 -1.16218
48.2 4.24117 -1.09016
48.4 4.28154 -1.01653
48.6 4.31564 -0.941652
48.8 4.34342 -0.865898
49 4.36487 -0.78963
49.2 4.38002 -0.713214
49.4 4.38892 -0.637006
49.6 4.39165 -0.561359
49.8 4.38832 -0.486619
50 4.37906 -0.413122
50.2 4.36405 -0.341195
50.4 4.34347 -0.271154
50.6 4.31756 -0.203304
50.8 4.28656 -0.137937
51 4.25075 -0.0753275
51.2 4.21042 -0.0157396
51.4 4.16589 0.0405807
51.6 4.1175 0.0934034
51.8 4.06561 0.142515
52 4.01061 0.187721
52.2 3.95286 0.228844
52.4 3.89279 0.265725
52.6 3.83081 0.298223
52.8 3.76734 0.326219
53 3.7028 0.349609
53.2 3.63764 0.368311
53.4 3.57228 0.382262
53.6 3.50716 0.391416
53.8 3.44272 0.395748
54 3.37937 0.39525
54.2 3.31754 0.389932
54.4 3.25762 0.379822
54.6 3.20002 0.364967
54.8 3.14511 0.345429
55 3.09325 0.321285
55.2 3.0448 0.292631
55.4 3.00006 0.259573
55.6 2.95934 0.222235
55.8 2.92291 0.180754
56 2.89102 0.135276
56.2 2.86389 0.0859636
56.4 2.84171 0.0329863
56.6 2.82466 -0.0234747
56.8 2.81284 -0.0832295
57 2.80637 -0.14608
57.2 2.80532 -0.211821
57.4 2.80972 -0.28024
57.6 2.81957 -0.35112
57.8 2.83484 -0.42424
58 2.85548 -0.499374
58.2 2.88139 -0.576293
58.4 2.91243 -0.654768
58.6 2.94847 -0.734567
58.8 2.98932 -0.815457
59 3.03475 -0.897209
59.2 3.08454 -0.97959
59.4 3.13841 -1.06237
59.6 3.19608 -1.14533
59.8 3.25724 -1.22825
60 3.32156 -1.3109
60.2 3.38868 -1.39307
60.4 3.45824 -1.47455
60.6 3.52987 -1.55515
60.8 3.60317 -1.63465
61 3.67773 -1.71288
61.2 3.75317 -1.78965
61.4 3.82906 -1.86477
61.6 3.90499 -1.93809
61.8 3.98055 -2.00944
62 4.05534 -2.07867
62.2 4.12894 -2.14564
62.4 4.20097 -2.2102
62.6 4.27104 -2.27224
62.8 4.33877 -2.33163
63 4.40382 -2.38827
63.2 4.46584 -2.44207
63.4 4.52451 -2.49292
63.6 4.57952 -2.54074
63.8 4.63061 -2.58548
64 4.67751 -2.62706
64.2 4.72 -2.66543
64.4 4.75787 -2.70055
64.6 4.79095 -2.73239
64.8 4.8191 -2.76092
65 4.84219 -2.78612
65.2 4.86015 -2.80799
65.4 4.8729 -2.82652
65.6 4.88044 -2.84173
65.8 4.88275 -2.85364
66 4.87988 -2.86227
66.2 4.87189 -2.86765
66.4 4.85887 -2.86982
66.6 4.84094 -2.86884
66.8 4.81825 -2.86476
67 4.79097 -2.85765
67.2 4.7593 -2.84756
67.4 4.72347 -2.83459
67.6 4.68371 -2.81881
67.8 4.64028 -2.8003
68 4.59347 -2.77917
68.2 4.54358 -2.75551
68.4 4.49092 -2.72943
68.6 4.4358 -2.70103
68.8 4.37856 -2.67042
69 4.31953 -2.63772
69.2 4.25907 -2.60306
69.4 4.19752 -2.56655
69.6 4.13521 -2.52832
69.8 4.07251 -2.4885
70 4.00974 -2.44722
70.2 3.94723 -2.40461
70.4 3.88532 -2.3608
70.6 3.82431 -2.31593
70.8 3.76449 -2.27014
71 3.70616 -2.22354
71.2 3.64957 -2.1763
71.4 3.59497 -2.12852
71.6 3.54259 -2.08035
71.8 3.49262 -2.03193
72 3.44524 -1.98337
72.2 3.40061 -1.9348
72.4 3.35885 -1.88636
72.6 3.32006 -1.83816
72.8 3.2843 -1.79031
73 3.25163 -1.74294
73.2 3.22205 -1.69616
73.4 3.19556 -1.65006
73.6 3.17209 -1.60476
73.8 3.15159 -1.56034
74 3.13394 -1.5169
74.2 3.11902 -1.47452
74.4 3.10667 -1.43329
74.6 3.0967 -1.39327
74.8 3.08892 -1.35454
75 3.08308 -1.31715
75.2 3.07893 -1.28116
75.4 3.0762 -1.24662
75.6 3.0746 -1.21357
75.8 3.0738 -1.18203
76 3.07349 -1.15205
76.2 3.07332 -1.12363
76.4 3.07295 -1.0968
76.6 3.07201 -1.07156
76.8 3.07013 -1.04791
77 3.06696 -1.02584
77.2 3.06211 -1.00535
77.4 3.05522 -0.986402
77.6 3.04591 -0.968984
77.8 3.03383 -0.953063
78 3.01862 -0.938602
78.2 2.99994 -0.92556
78.4 2.97746 -0.913889
78.6 2.95085 -0.90354
78.8 2.91983 -0.894457
79 2.88411 -0.886581
79.2 2.84343 -0.87985
79.4 2.79756 -0.874199
79.6 2.74629 -0.869559
79.8 2.68943 -0.865862
80 2.62683 -0.863036
80.2 2.55837 -0.861009
80.4 2.48394 -0.859707
80.6 2.40348 -0.859056
80.8 2.31697 -0.858985
81 2.2244 -0.859421
81.2 2.1258 -0.860292
81.4 2.02126 -0.861531
81.6 1.91086 -0.863068
81.8 1.79475 -0.864841
82 1.6731 -0.866787
82.2 1.5461 -0.868848
82.4 1.41401 -0.870971
82.6 1.27708 -0.873104
82.8 1.13561 -0.875201
83 0.989938 -0.877222
83.2 0.840415 -0.879131
83.4 0.687425 -0.880896
83.6 0.531379 -0.882492
83.8 0.372708 -0.883899
84 0.211868 -0.885103
84.2 0.0493335 -0.886094
84.4 -0.114404 -0.886871
84.6 -0.278837 -0.887436
84.8 -0.443445 -0.887797
85 -0.607695 -0.88797
85.2 -0.771049 -0.887975
85.4 -0.93296 -0.887836
85.6 -1.09288 -0.887584
85.8 -1.25026 -0.887255
86 -1.40454 -0.886889
86.2 -1.55519 -0.886531
86.4 -1.70166 -0.886229
86.6 -1.84343 -0.886036
86.8 -1.97998 -0.886007
87 -2.1108 -0.886202
87.2 -2.23541 -0.88668
87.4 -2.35333 -0.887506
87.6 -2.46412 -0.888742
87.8 -2.56735 -0.890456
88 -2.66262 -0.892711
88.2 -2.74955 -0.895575
88.4 -2.8278 -0.899111
88.6 -2.89705 -0.903384
88.8 -2.957 -0.908456
89 -3.0074 -0.914387
89.2 -3.04804 -0.921233
89.4 -3.07872 -0.929048
89.6 -3.09929 -0.937883
89.8 -3.10964 -0.947783
90 -3.10968 -0.958788
90.2 -3.09937 -0.970935
90.4 -3.07871 -0.984253
90.6 -3.04771 -0.998767
90.8 -3.00646 -1.01449
91 -2.95504 -1.03145
91.2 -2.89361 -1.04962
91.4 -2.82232 -1.06903
91.6 -2.74139 -1.08965
91.8 -2.65107 -1.11146
92 -2.55161 -1.13444
92.2 -2.44334 -1.15857
92.4 -2.32657 -1.18378
92.6 -2.20167 -1.21004
92.8 -2.06904 -1.23729
93 -1.92908 -1.26546
93.2 -1.78223 -1.29448
93.4 -1.62895 -1.32428
93.6 -1.46971 -1.35476
93.8 -1.30502 -1.38583
94 -1.13538 -1.41739
94.2 -0.96132 -1.44934
94.4 -0.783372 -1.48156
94.6 -0.602083 -1.51395
94.8 -0.418003 -1.54637
95 -0.231689 -1.5787
95.2 -0.043701 -1.61082
95.4 0.145401 -1.64259
95.6 0.33506 -1.67387
95.8 0.52472 -1.70453
96 0.713832 -1.73444
96.2 0.901856 -1.76345
96.4 1.08826 -1.79143
96.6 1.27252 -1.81824
96.8 1.45413 -1.84375
97 1.63261 -1.86781
97.2 1.80747 -1.89031
97.4 1.97825 -1.91111
97.6 2.14453 -1.93008
97.8 2.30588 -1.94712
98 2.46191 -1.9621
98.2 2.61224 -1.97493
98.4 2.75654 -1.98549
98.6 2.89447 -1.9937
98.8 3.02575 -1.99947
99 3.1501 -2.00271
99.2 3.26728 -2.00337
99.4 3.37708 -2.00137
99.6 3.4793 -1.99667
99.8 3.5738 -1.98923
100 3.66043 -1.979
100.2 3.73911 -1.96597
100.4 3.80974 -1.95012
100.6 3.87229 -1.93146
100.8 3.92674 -1.90998
101 3.97308 -1.88571
101.2 4.01136 -1.85867
101.4 4.04164 -1.82891
101.6 4.06399 -1.79646
101.8 4.07852 -1.76139
102 4.08536 -1.72377
102.2 4.08467 -1.68367
102.4 4.07662 -1.64118
102.6 4.06139 -1.5964
102.8 4.03921 -1.54942
103 4.01029 -1.50037
103.2 3.97489 -1.44935
103.4 3.93326 -1.3965
103.6 3.88568 -1.34195
103.8 3.83242 -1.28583
104 3.77379 -1.22829
104.2 3.7101 -1.16948
104.4 3.64164 -1.10955
104.6 3.56875 -1.04866
104.8 3.49175 -0.986962
105 3.41097 -0.924621
105.2 3.32674 -0.8618
105.4 3.23939 -0.798661
105.6 3.14925 -0.735369
105.8 3.05666 -0.672085
106 2.96195 -0.608972
106.2 2.86543 -0.54619
106.4 2.76744 -0.483896
106.6 2.66828 -0.422245
106.8 2.56827 -0.361388
107 2.4677 -0.301471
107.2 2.36687 -0.242636
107.4 2.26606 -0.185019
107.6 2.16554 -0.128753
107.8 2.06557 -0.0739598
108 1.96641 -0.0207588
108.2 1.86829 0.0307396
108.4 1.77144 0.0804319
108.6 1.67606 0.128223
108.8 1.58236 0.174024
109 1.49053 0.217757
109.2 1.40073 0.25935
109.4 1.31313 0.29874
109.6 1.22786 0.335876
109.8 1.14506 0.370711
110 1.06484 0.403209
110.2 0.987305 0.433343
110.4 0.912543 0.461095
110.6 0.840627 0.486456
110.8 0.771619 0.509423
111 0.705566 0.530003
111.2 0.642505 0.548214
111.4 0.582457 0.564077
111.6 0.525435 0.577624
111.8 0.471438 0.588893
112 0.420456 0.597931
112.2 0.372466 0.604789
112.4 0.327439 0.609526
112.6 0.285332 0.612207
112.8 0.246099 0.612904
113 0.20968 0.61169
113.2 0.176013 0.608647
113.4 0.145024 0.60386
113.6 0.116638 0.597417
113.8 0.09077 0.58941
114 0.0673327 0.579934
114.2 0.0462334 0.569086
114.4 0.0273757 0.556965
114.6 0.0106604 0.543672
114.8 -0.0040147 0.52931
115 -0.0167536 0.51398
115.2 -0.027662 0.497784
115.4 -0.0368462 0.480826
115.6 -0.0444134 0.463205
115.8 -0.0504705 0.445024
116 -0.0551241 0.42638
116.2 -0.0584798 0.40737
116.4 -0.060642 0.388088
116.6 -0.0617134 0.368627
116.8 -0.0617949 0.349076
117 -0.0609848 0.32952
117.2 -0.059379 0.310042
117.4 -0.0570706 0.29072
117.6 -0.0541497 0.271628
117.8 -0.0507028 0.252838
118 -0.0468135 0.234414
118.2 -0.0425613 0.21642
118.4 -0.0380226 0.198911
118.6 -0.0332695 0.181941
118.8 -0.0283707 0.165556
119 -0.0233907 0.1498
119.2 -0.0183904 0.134711
119.4 -0.0134267 0.120322
119.6 -0.00855247 0.10666
119.8 -0.00381701 0.0937507
120 0.000734287 0.0816118
120.2 0.00505973 0.0702581
120.4 0.00912126 0.0596992
120.6 0.0128844 0.0499407
120.8 0.016318 0.0409837
121 0.0193944 0.0328255
121.2 0.0220892 0.0254592
121.4 0.0243809 0.0188744
121.6 0.0262512 0.0130568
121.8 0.0276848 0.00798913
122 0.0286688 0.00365069
122.2 0.0291934 1.79496e-05
122.4 0.0292509 -0.00293537
122.6 0.0288365 -0.00523805
122.8 0.0279472 -0.00692116
123 0.0265828 -0.00801784
123.2 0.0247447 -0.00856303
123.4 0.0224368 -0.0085933
123.6 0.0196645 -0.00814661
123.8 0.0164356 -0.00726205
124 0.0127593 -0.00597972
124.2 0.00864682 -0.00434039
124.4 0.00411092 -0.00238543
124.6 -0.000833845 -0.000156494
124.8 -0.00617135 0.00230458
125 -0.0118839 0.00495599
125.2 -0.0179521 0.00775617
125.4 -0.0243551 0.0106639
125.6 -0.0310706 0.0136385
125.8 -0.0380746 0.01664
126 -0.0453417 0.0196291
126.2 -0.052845 0.0225676
126.4 -0.0605559 0.0254183
126.6 -0.0684446 0.0281452
126.8 -0.0764797 0.0307134
127 -0.0846281 0.0330895
127.2 -0.0928557 0.0352413
127.4 -0.101126 0.0371384
127.6 -0.109403 0.0387517
127.8 -0.117647 0.0400537
128 -0.125819 0.0410186
128.2 -0.133876 0.0416222
128.4 -0.141777 0.0418419
128.6 -0.149477 0.0416569
128.8 -0.156933 0.0410481
129 -0.164096 0.039998
129.2 -0.170922 0.0384909
129.4 -0.177362 0.0365127
129.6 -0.183367 0.034051
129.8 -0.188888 0.031095
130 -0.193876 0.0276357
130.2 -0.198281 0.0236656
130.4 -0.202053 0.0191787
130.6 -0.205142 0.0141707
130.8 -0.207497 0.00863862
131 -0.209071 0.00258124
131.2 -0.209814 -0.00400138
131.4 -0.209677 -0.0111077
131.6 -0.208615 -0.0187349
131.8 -0.206582 -0.0268786
132 -0.203534 -0.0355333
132.2 -0.199428 -0.044692
132.4 -0.194224 -0.0543467
132.6 -0.187885 -0.064488
132.8 -0.180375 -0.0751052
133 -0.17166 -0.0861867
133.2 -0.161712 -0.0977195
133.4 -0.150503 -0.10969
133.6 -0.138011 -0.122082
133.8 -0.124214 -0.13488
134 -0.109098 -0.148068
134.2 -0.0926514 -0.161625
134.4 -0.0748653 -0.175534
134.6 -0.0557368 -0.189774
134.8 -0.0352669 -0.204324
135 -0.0134613 -0.219162
135.2 0.00966959 -0.234264
135.4 0.0341107 -0.249606
135.6 0.0598419 -0.265164
135.8 0.0868385 -0.280913
136 0.115071 -0.296824
136.2 0.144504 -0.312872
136.4 0.175098 -0.329027
136.6 0.20681 -0.345262
136.8 0.239589 -0.361546
137 0.273383 -0.377849
137.2 0.308133 -0.394141
137.4 0.343777 -0.41039
137.6 0.380249 -0.426564
137.8 0.417477 -0.44263
138 0.455388 -0.458556
138.2 0.493904 -0.474309
138.4 0.532943 -0.489854
138.6 0.572423 -0.505159
138.8 0.612257 -0.520189
139 0.652356 -0.53491
139.2 0.692629 -0.549289
139.4 0.732985 -0.56329
139.6 0.77333 -0.576882
139.8 0.813568 -0.590029
140 0.853607 -0.602699
140.2 0.893349 -0.614859
140.4 0.932701 -0.626477
140.6 0.971568 -0.637521
140.8 1.00986 -0.647961
141 1.04747 -0.657766
141.2 1.08433 -0.666908
141.4 1.12034 -0.675358
141.6 1.15541 -0.68309
141.8 1.18946 -0.690077
142 1.22242 -0.696297
142.2 1.25419 -0.701725
142.4 1.28471 -0.706342
142.6 1.31392 -0.710126
142.8 1.34173 -0.713061
143 1.36809 -0.715129
143.2 1.39294 -0.716318
143.4 1.41623 -0.716614
143.6 1.4379 -0.716008
143.8 1.45791 -0.714491
144 1.47623 -0.712057
144.2 1.49281 -0.708703
144.4 1.50762 -0.704426
144.6 1.52064 -0.699228
144.8 1.53184 -0.693111
145 1.5412 -0.68608
145.2 1.54871 -0.678143
145.4 1.55436 -0.66931
145.6 1.55814 -0.659591
145.8 1.56005 -0.649002
146 1.56009 -0.637559
146.2 1.55825 -0.625279
146.4 1.55456 -0.612184
146.6 1.54901 -0.598296
146.8 1.54161 -0.583639
147 1.53238 -0.568239
147.2 1.52134 -0.552124
147.4 1.50849 -0.535324
147.6 1.49385 -0.51787
147.8 1.47744 -0.499794
148 1.45928 -0.48113
148.2 1.43939 -0.461912
148.4 1.41778 -0.442177
148.6 1.39446 -0.42196
148.8 1.36946 -0.401299
149 1.34279 -0.380232
149.2 1.31445 -0.358797
149.4 1.28447 -0.337032
149.6 1.25285 -0.314976
149.8 1.21961 -0.292667
150 1.18474 -0.270143
150.2 1.14825 -0.247442
150.4 1.11014 -0.2246
150.6 1.07042 -0.201654
150.8 1.02907 -0.178639
151 0.986098 -0.155591
151.2 0.941495 -0.132541
151.4 0.89525 -0.109521
151.6 0.847354 -0.0865636
151.8 0.797794 -0.0636962
152 0.746555 -0.0409466
152.2 0.693624 -0.0183405
152.4 0.638984 0.00409826
152.6 0.582617 0.0263476
152.8 0.524509 0.0483874
153 0.46464 0.0701995
153.2 0.402996 0.0917679
153.4 0.339561 0.113078
153.6 0.274319 0.134119
153.8 0.207259 0.154879
154 0.13837 0.175351
154.2 0.0676448 0.195529
154.4 -0.0049216 0.215409
154.6 -0.07933 0.234988
154.8 -0.155577 0.254267
155 -0.233656 0.273245
155.2 -0.313553 0.291927
155.4 -0.395249 0.310316
155.6 -0.478722 0.328418
155.8 -0.56394 0.346241
156 -0.650866 0.363792
156.2 -0.739456 0.381081
156.4 -0.829657 0.398118
156.6 -0.921409 0.414914
156.8 -1.01464 0.43148
157 -1.10929 0.447828
157.2 -1.20525 0.463969
157.4 -1.30245 0.479916
157.6 -1.40077 0.49568
157.8 -1.50011 0.511272
158 -1.60034 0.526704
158.2 -1.70135 0.541986
158.4 -1.80298 0.557126
158.6 -1.90509 0.572134
158.8 -2.00754 0.587016
159 -2.11015 0.601778
159.2 -2.21276 0.616425
159.4 -2.3152 0.63096
159.6 -2.41726 0.645383
159.8 -2.51878 0.659693
160 -2.61954 0.673889
160.2 -2.71935 0.687966
160.4 -2.81799 0.701916
160.6 -2.91527 0.715731
160.8 -3.01097 0.729399
161 -3.10486 0.742908
161.2 -3.19673 0.756242
161.4 -3.28636 0.769383
161.6 -3.37354 0.782311
161.8 -3.45803 0.795004
162 -3.53964 0.807437
162.2 -3.61813 0.819585
162.4 -3.69331 0.831419
162.6 -3.76495 0.842909
162.8 -3.83287 0.854024
163 -3.89687 0.864728
163.2 -3.95675 0.874989
163.4 -4.01234 0.884769
163.6 -4.06347 0.894032
163.8 -4.10998 0.902738
164 -4.1517 0.91085
164.2 -4.18851 0.918327
164.4 -4.22027 0.925129
164.6 -4.24688 0.931218
164.8 -4.26822 0.936552
165 -4.28421 0.941093
165.2 -4.29477 0.944801
165.4 -4.29985 0.947639
165.6 -4.2994 0.949571
165.8 -4.2934 0.950559
166 -4.28183 0.950572
166.2 -4.26469 0.949576
166.4 -4.24201 0.947542
166.6 -4.21382 0.944442
166.8 -4.18018 0.94025
167 -4.14116 0.934945
167.2 -4.09684 0.928508
167.4 -4.04732 0.92092
167.6 -3.99272 0.91217
167.8 -3.93317 0.902248
168 -3.86883 0.891148
168.2 -3.79984 0.878867
168.4 -3.7264 0.865407
168.6 -3.64869 0.850773
168.8 -3.5669 0.834975
169 -3.48126 0.818026
169.2 -3.39198 0.799944
169.4 -3.29931 0.780751
169.6 -3.20348 0.760472
169.8 -3.10475 0.739137
170 -3.00338 0.716781
170.2 -2.89964 0.693441
170.4 -2.79379 0.669159
170.6 -2.68611 0.64398
170.8 -2.57689 0.617954
171 -2.46639 0.591133
171.2 -2.35491 0.563574
171.4 -2.24274 0.535335
171.6 -2.13014 0.506478
171.8 -2.0174 0.477069
172 -1.9048 0.447174
172.2 -1.79261 0.416862
172.4 -1.68109 0.386206
172.6 -1.57051 0.355278
172.8 -1.46113 0.324152
173 -1.35319 0.292905
173.2 -1.24692 0.261612
173.4 -1.14256 0.23035
173.6 -1.04033 0.199195
173.8 -0.940421 0.168226
174 -0.843042 0.137518
174.2 -0.748373 0.107147
174.4 -0.656584 0.0771878
174.6 -0.567833 0.0477127
174.8 -0.482262 0.0187935
175 -0.400002 -0.00950022
175.2 -0.321168 -0.0371014
175.4 -0.24586 -0.0639453
175.6 -0.174167 -0.0899701
175.8 -0.106159 -0.115117
176 -0.0418936 -0.139331
176.2 0.0185858 -0.162559
176.4 0.0752509 -0.184753
176.6 0.128087 -0.20587
176.8 0.177095 -0.225868
177 0.222287 -0.244711
177.2 0.263689 -0.262369
177.4 0.301342 -0.278813
177.6 0.335295 -0.29402
177.8 0.365614 -0.307973
178 0.392371 -0.320658
178.2 0.415653 -0.332066
178.4 0.435555 -0.342193
178.6 0.45218 -0.351038
178.8 0.465643 -0.358608
179 0.476062 -0.36491
179.2 0.483568 -0.36996
179.4 0.488293 -0.373775
179.6 0.490378 -0.376378
179.8 0.489967 -0.377794
180 0.487209 -0.378055
180.2 0.482256 -0.377193
180.4 0.475261 -0.375247
180.6 0.466381 -0.372256
180.8 0.455772 -0.368265
181 0.443592 -0.36332
181.2 0.429996 -0.35747
181.4 0.415141 -0.350766
181.6 0.399178 -0.343261
181.8 0.382258 -0.335011
182 0.36453 -0.326073
182.2 0.346137 -0.316503
182.4 0.327217 -0.306361
182.6 0.307906 -0.295705
182.8 0.288333 -0.284597
183 0.268622 -0.273095
183.2 0.24889 -0.261259
183.4 0.22925 -0.249148
183.6 0.209804 -0.236821
183.8 0.190652 -0.224335
184 0.171884 -0.211747
184.2 0.153583 -0.199111
184.4 0.135826 -0.18648
184.6 0.118681 -0.173907
184.8 0.10221 -0.161439
185 0.0864661 -0.149125
185.2 0.0714968 -0.137008
185.4 0.057341 -0.125131
185.6 0.0440309 -0.113534
185.8 0.0315919 -0.102252
186 0.0200424 -0.0913202
186.2 0.0093944 -0.0807689
186.4 -0.000346332 -0.070626
186.6 -0.00918005 -0.0609161
186.8 -0.0171127 -0.0516608
187 -0.0241555 -0.0428787
187.2 -0.0303247 -0.0345852
187.4 -0.0356414 -0.0267927
187.6 -0.0401306 -0.0195103
187.8 -0.0438215 -0.0127445
188 -0.0467466 -0.00649871
188.2 -0.0489418 -0.000773455
188.4 -0.0504454 0.00443337
188.6 -0.0512983 0.00912652
188.8 -0.0515431 0.0133133
189 -0.0512243 0.0170032
189.2 -0.0503872 0.0202082
189.4 -0.0490782 0.0229423
189.6 -0.047344 0.0252211
189.8 -0.0452315 0.0270624
190 -0.0427874 0.0284854
190.2 -0.040058 0.0295107
190.4 -0.0370884 0.0301601
190.6 -0.0339231 0.0304565
190.8 -0.030605 0.0304239
191 -0.0271755 0.0300868
191.2 -0.0236742 0.0294701
191.4 -0.0201387 0.0285995
191.6 -0.0166047 0.0275004
191.8 -0.0131052 0.0261987
192 -0.0096713 0.0247199
192.2 -0.00633126 0.0230892
192.4 -0.00311093 0.0213316
192.6 -3.34996e-05 0.0194713
192.8 0.00288049 0.0175319
193 0.00561314 0.0155363
193.2 0.00814922 0.0135063
193.4 0.0104761 0.0114628
193.6 0.0125838 0.00942561
193.8 0.0144648 0.00741317
194 0.016114 0.00544283
194.2 0.0175286 0.00353053
194.4 0.0187082 0.00169089
194.6 0.0196545 -6.29166e-05
194.8 0.0203709 -0.00171913
195 0.0208631 -0.00326746
195.2 0.0211382 -0.00469904
195.4 0.021205 -0.0060065
195.6 0.0210735 -0.00718388
195.8 0.0207553 -0.00822662
196 0.0202628 -0.00913158
196.2 0.0196094 -0.00989694
196.4 0.0188092 -0.0105222
196.6 0.017877 -0.0110079
196.8 0.016828 -0.0113562
197 0.0156777 -0.0115699
197.2 0.0144416 -0.011653
197.4 0.0131354 -0.0116106
197.6 0.0117746 -0.0114484
197.8 0.0103743 -0.0111731
198 0.00894928 -0.010792
198.2 0.00751389 -0.010313
198.4 0.0060818 -0.00974467
198.6 0.004666 -0.00909576
198.8 0.0032787 -0.00837551
199 0.00193127 -0.00759338
199.2 0.000634145 -0.00675899
199.4 -0.000603176 -0.00588201
199.6 -0.00177221 -0.00497213
199.8 -0.0028655 -0.00403892
200 -0.00387665 -0.00309181
