   0.000000e+00   9.098421e+02   9.036409e+02   9.084937e+02   9.062453e+02   9.029307e+02   8.910004e+02  -2.112991e+01   2.901270e+01
   0.000000e+00   9.095432e+02   9.028091e+02   9.062803e+02   9.081836e+02   9.001956e+02   8.905526e+02  -1.071590e+01   2.381393e+01
   0.000000e+00   9.102580e+02   9.027933e+02   9.096197e+02   9.066326e+02   8.980064e+02   8.901038e+02  -4.983720e+01   9.068366e+01
   0.000000e+00   9.102154e+02   9.012617e+02   9.066443e+02   9.077220e+02   8.985167e+02   8.897540e+02  -1.028545e+02   1.299989e+02
   0.000000e+00   9.100789e+02   9.029120e+02   9.124315e+02   9.077091e+02   8.954655e+02   8.900292e+02  -1.527347e+02   1.303618e+02
   0.000000e+00   9.093280e+02   8.991681e+02   9.028463e+02   8.998809e+02   8.967264e+02   8.898510e+02  -1.644708e+02   2.189141e+02
   0.000000e+00   9.098063e+02   9.019815e+02   9.075766e+02   9.078182e+02   8.979370e+02   8.901335e+02  -2.214304e+02   2.489503e+02
   0.000000e+00   9.098707e+02   8.990085e+02   9.074396e+02   9.022856e+02   8.879756e+02   8.910082e+02  -2.191131e+02   2.683162e+02
   0.000000e+00   9.093186e+02   8.984925e+02   9.073882e+02   9.040352e+02   8.906389e+02   8.895429e+02  -2.690715e+02   2.880593e+02
   0.000000e+00   9.101037e+02   9.003210e+02   9.086194e+02   9.046980e+02   8.936190e+02   8.906484e+02  -2.913720e+02   3.454874e+02
   0.000000e+00   9.104030e+02   9.022007e+02   9.074053e+02   9.058904e+02   8.970505e+02   8.900599e+02  -3.809113e+02   3.713560e+02
   0.000000e+00   9.092844e+02   9.032189e+02   9.102540e+02   9.095570e+02   8.990662e+02   8.904390e+02  -4.386604e+02   4.376118e+02
   0.000000e+00   9.099575e+02   9.007932e+02   9.073249e+02   9.048286e+02   9.011025e+02   8.901146e+02  -4.629585e+02   4.745555e+02
   0.000000e+00   9.092183e+02   9.036852e+02   9.067574e+02   9.044773e+02   9.002507e+02   8.903026e+02  -5.372753e+02   5.451810e+02
   0.000000e+00   9.097362e+02   9.052863e+02   9.086985e+02   9.109034e+02   8.987854e+02   8.908072e+02  -5.653610e+02   5.881024e+02
   0.000000e+00   9.101891e+02   9.008361e+02   9.074457e+02   9.018340e+02   8.990047e+02   8.903364e+02  -5.793362e+02   6.075577e+02
   0.000000e+00   9.093383e+02   9.043806e+02   9.062628e+02   9.069954e+02   9.031846e+02   8.903197e+02  -6.522773e+02   6.632706e+02
   0.000000e+00   9.099612e+02   8.998812e+02   9.068363e+02   9.066287e+02   8.887825e+02   8.901851e+02  -6.882710e+02   7.348187e+02
   0.000000e+00   9.108796e+02   8.995302e+02   9.043408e+02   8.998365e+02   8.912412e+02   8.905174e+02  -7.959243e+02   8.284898e+02
   0.000000e+00   9.094059e+02   8.999668e+02   9.083680e+02   9.027557e+02   8.960854e+02   8.897777e+02  -8.281725e+02   9.049437e+02
   0.000000e+00   9.098228e+02   8.986360e+02   9.081482e+02   9.031749e+02   8.910986e+02   8.895090e+02  -9.035489e+02   9.436398e+02
   0.000000e+00   9.107245e+02   9.032576e+02   9.095532e+02   9.083141e+02   8.965181e+02   8.902331e+02  -9.524631e+02   9.705973e+02
   0.000000e+00   9.090355e+02   9.027850e+02   9.113021e+02   9.083101e+02   8.968331e+02   8.899965e+02  -9.439701e+02   9.915796e+02
   0.000000e+00   9.098044e+02   9.021537e+02   9.080235e+02   9.050960e+02   9.009381e+02   8.901182e+02  -9.964302e+02   1.040504e+03
   0.000000e+00   9.099464e+02   8.997716e+02   9.076927e+02   9.053488e+02   8.941026e+02   8.899814e+02  -1.069916e+03   1.107231e+03
   0.000000e+00   9.095720e+02   9.019466e+02   9.042979e+02   9.070759e+02   9.018096e+02   8.897863e+02  -1.132229e+03   1.186766e+03
   0.000000e+00   9.094810e+02   9.029593e+02   9.043797e+02   9.064587e+02   8.997180e+02   8.898472e+02  -1.205691e+03   1.247783e+03
   0.000000e+00   9.093745e+02   9.044754e+02   9.050464e+02   9.091228e+02   9.037268e+02   8.890653e+02  -1.222560e+03   1.243836e+03
   0.000000e+00   9.107744e+02   9.019652e+02   9.087598e+02   9.061391e+02   8.944972e+02   8.898244e+02  -1.280673e+03   1.313751e+03
   0.000000e+00   9.098719e+02   8.986901e+02   9.035613e+02   9.019692e+02   8.950232e+02   8.899680e+02  -1.345130e+03   1.386578e+03
   0.000000e+00   9.101692e+02   9.020251e+02   9.074053e+02   9.061230e+02   8.978330e+02   8.903220e+02  -1.419525e+03   1.447778e+03
   0.000000e+00   9.102861e+02   9.043881e+02   9.084592e+02   9.092329e+02   9.012649e+02   8.901186e+02  -1.455094e+03   1.494690e+03
   0.000000e+00   9.102860e+02   9.001289e+02   9.033739e+02   9.049118e+02   8.950251e+02   8.907536e+02  -1.467813e+03   1.519774e+03
   0.000000e+00   9.090952e+02   8.977942e+02   9.002986e+02   9.019297e+02   8.950678e+02   8.901961e+02  -1.513089e+03   1.585287e+03
   0.000000e+00   9.092203e+02   9.003052e+02   9.038018e+02   9.038905e+02   8.927964e+02   8.896396e+02  -1.553751e+03   1.604429e+03
   0.000000e+00   9.105855e+02   9.051962e+02   9.131790e+02   9.120459e+02   9.013493e+02   8.899675e+02  -1.597693e+03   1.649870e+03
   0.000000e+00   9.103432e+02   9.043243e+02   9.082422e+02   9.078222e+02   9.022765e+02   8.902663e+02  -1.662439e+03   1.693565e+03
   0.000000e+00   9.093757e+02   9.046355e+02   9.073675e+02   9.096221e+02   9.087488e+02   8.907471e+02  -1.695759e+03   1.697832e+03
   0.000000e+00   9.103741e+02   9.027596e+02   9.083485e+02   9.049581e+02   8.958777e+02   8.900348e+02  -1.734983e+03   1.761954e+03
   0.000000e+00   9.098861e+02   9.031810e+02   9.085053e+02   9.100827e+02   8.951652e+02   8.905268e+02  -1.764474e+03   1.805097e+03
   0.000000e+00   9.093790e+02   9.000291e+02   9.037548e+02   9.044497e+02   8.943845e+02   8.899107e+02  -1.842981e+03   1.885546e+03
   0.000000e+00   9.103043e+02   9.027988e+02   9.074940e+02   9.084385e+02   9.005036e+02   8.901120e+02  -1.893768e+03   1.916122e+03
   0.000000e+00   9.100304e+02   9.053730e+02   9.095506e+02   9.132260e+02   9.027548e+02   8.901213e+02  -1.947648e+03   1.970613e+03
   0.000000e+00   9.100664e+02   9.022262e+02   9.046492e+02   9.082641e+02   9.028315e+02   8.897133e+02  -1.962877e+03   2.017862e+03
   0.000000e+00   9.098063e+02   9.020553e+02   9.074804e+02   9.067401e+02   8.950150e+02   8.905756e+02  -2.033337e+03   2.063082e+03
   0.000000e+00   9.098069e+02   9.031870e+02   9.053791e+02   9.060857e+02   8.972378e+02   8.902132e+02  -2.068610e+03   2.110144e+03
   0.000000e+00   9.093073e+02   9.033872e+02   9.081867e+02   9.066525e+02   8.979714e+02   8.900176e+02  -2.103195e+03   2.158802e+03
   0.000000e+00   9.099466e+02   9.028958e+02   9.089062e+02   9.098142e+02   8.996939e+02   8.898799e+02  -2.171010e+03   2.225961e+03
   0.000000e+00   9.095843e+02   8.992525e+02   9.046595e+02   9.032059e+02   8.931514e+02   8.892405e+02  -2.194898e+03   2.263873e+03
   0.000000e+00   9.093097e+02   9.003900e+02   9.060937e+02   9.036383e+02   8.938302e+02   8.893689e+02  -2.246790e+03   2.298017e+03
