   0.000000e+00   6.103047e+02   6.029826e+02   6.058065e+02   6.060221e+02   5.966909e+02   5.899281e+02   1.116020e+01   3.902279e+01
   0.000000e+00   6.098312e+02   6.036576e+02   6.114016e+02   6.046291e+02   6.006199e+02   5.902174e+02  -4.678168e+01   5.655787e+01
   0.000000e+00   6.100634e+02   6.038531e+02   6.100045e+02   6.053191e+02   5.958307e+02   5.902501e+02  -5.996271e+01   1.101268e+02
   0.000000e+00   6.103822e+02   6.029653e+02   6.080958e+02   6.039425e+02   5.944073e+02   5.897580e+02  -1.099332e+02   1.342196e+02
   0.000000e+00   6.100830e+02   6.008878e+02   6.065537e+02   6.018851e+02   5.985811e+02   5.903133e+02  -1.233012e+02   1.721062e+02
   0.000000e+00   6.094803e+02   6.026886e+02   6.086348e+02   6.075472e+02   5.926096e+02   5.905596e+02  -1.803415e+02   2.104314e+02
   0.000000e+00   6.102564e+02   6.032759e+02   6.082370e+02   6.064772e+02   5.973597e+02   5.897359e+02  -2.248378e+02   2.543047e+02
   0.000000e+00   6.100080e+02   6.040564e+02   6.121954e+02   6.049965e+02   5.984766e+02   5.900036e+02  -2.657326e+02   2.781873e+02
   0.000000e+00   6.096985e+02   6.031678e+02   6.089790e+02   6.044234e+02   5.960956e+02   5.907895e+02  -2.907931e+02   3.149924e+02
   0.000000e+00   6.096812e+02   6.016958e+02   6.071387e+02   6.063279e+02   5.903927e+02   5.907019e+02  -3.131635e+02   3.598640e+02
   0.000000e+00   6.099685e+02   6.033333e+02   6.075934e+02   6.069539e+02   5.988689e+02   5.901743e+02  -3.860783e+02   3.911662e+02
   0.000000e+00   6.101720e+02   6.026141e+02   6.077168e+02   6.041621e+02   5.940064e+02   5.901972e+02  -3.985490e+02   4.308607e+02
   0.000000e+00   6.093345e+02   6.049930e+02   6.060509e+02   6.077530e+02   5.990655e+02   5.899992e+02  -4.669530e+02   4.872079e+02
   0.000000e+00   6.105679e+02   6.032076e+02   6.095566e+02   6.048343e+02   5.946757e+02   5.899828e+02  -4.883299e+02   5.344707e+02
   0.000000e+00   6.099389e+02   6.020066e+02   6.102860e+02   6.026632e+02   5.969961e+02   5.898483e+02  -5.535077e+02   5.517167e+02
   0.000000e+00   6.103012e+02   6.039472e+02   6.080301e+02   6.061486e+02   5.967264e+02   5.901098e+02  -5.741833e+02   5.916984e+02
   0.000000e+00   6.097514e+02   6.034977e+02   6.085112e+02   6.066833e+02   5.971156e+02   5.903158e+02  -5.780638e+02   6.116191e+02
   0.000000e+00   6.100264e+02   6.036578e+02   6.089958e+02   6.071023e+02   5.979317e+02   5.901164e+02  -6.349795e+02   6.335999e+02
   0.000000e+00   6.094920e+02   6.050154e+02   6.101684e+02   6.081013e+02   6.001357e+02   5.893901e+02  -6.385494e+02   6.867070e+02
   0.000000e+00   6.102396e+02   6.026396e+02   6.068261e+02   6.042119e+02   5.972257e+02   5.899984e+02  -6.697212e+02   6.920599e+02
   0.000000e+00   6.099525e+02   6.011704e+02   6.052344e+02   6.033348e+02   5.951621e+02   5.908003e+02  -7.120146e+02   7.365048e+02
   0.000000e+00   6.096412e+02   6.034161e+02   6.084639e+02   6.053674e+02   5.955497e+02   5.895675e+02  -7.531709e+02   7.940899e+02
   0.000000e+00   6.098158e+02   6.010702e+02   6.086361e+02   6.052143e+02   5.965829e+02   5.903227e+02  -7.758542e+02   8.146132e+02
   0.000000e+00   6.101938e+02   6.023872e+02   6.043590e+02   6.031092e+02   5.968201e+02   5.902768e+02  -7.980161e+02   8.333696e+02
   0.000000e+00   6.092077e+02   6.025095e+02   6.084575e+02   6.089927e+02   5.961676e+02   5.900324e+02  -8.266509e+02   8.610606e+02
   0.000000e+00   6.098261e+02   6.018661e+02   6.090685e+02   6.031927e+02   5.971264e+02   5.899854e+02  -8.548571e+02   8.861997e+02
   0.000000e+00   6.098143e+02   6.025642e+02   6.082527e+02   6.042940e+02   5.986205e+02   5.900828e+02  -8.999642e+02   9.170261e+02
   0.000000e+00   6.098744e+02   6.034946e+02   6.068190e+02   6.052296e+02   5.979866e+02   5.902349e+02  -9.229259e+02   9.831195e+02
   0.000000e+00   6.107018e+02   6.029076e+02   6.107251e+02   6.059661e+02   5.950017e+02   5.897251e+02  -9.851394e+02   1.001995e+03
   0.000000e+00   6.097591e+02   6.034771e+02   6.121772e+02   6.057735e+02   5.956568e+02   5.898994e+02  -9.979594e+02   1.059800e+03
   0.000000e+00   6.096029e+02   6.042571e+02   6.120077e+02   6.073368e+02   5.993744e+02   5.898542e+02  -1.043905e+03   1.084039e+03
   0.000000e+00   6.099533e+02   6.039724e+02   6.067725e+02   6.081967e+02   5.977618e+02   5.899440e+02  -1.099548e+03   1.114149e+03
   0.000000e+00   6.092650e+02   6.054005e+02   6.100065e+02   6.066424e+02   6.011914e+02   5.897475e+02  -1.118909e+03   1.123589e+03
   0.000000e+00   6.097093e+02   6.059049e+02   6.100348e+02   6.094501e+02   6.005827e+02   5.894043e+02  -1.147556e+03   1.161377e+03
   0.000000e+00   6.097396e+02   6.019746e+02   6.094424e+02   6.047768e+02   5.966372e+02   5.902283e+02  -1.138026e+03   1.215460e+03
   0.000000e+00   6.094695e+02   6.019210e+02   6.083038e+02   6.066886e+02   5.963959e+02   5.892066e+02  -1.187243e+03   1.234711e+03
   0.000000e+00   6.099652e+02   6.015882e+02   6.046044e+02   6.041046e+02   5.937842e+02   5.899323e+02  -1.225008e+03   1.253977e+03
   0.000000e+00   6.101853e+02   6.020514e+02   6.096584e+02   6.045459e+02   5.959968e+02   5.904719e+02  -1.270011e+03   1.301195e+03
   0.000000e+00   6.094656e+02   6.041893e+02   6.111324e+02   6.079622e+02   5.965490e+02   5.902714e+02  -1.307772e+03   1.329209e+03
   0.000000e+00   6.097003e+02   6.055767e+02   6.087696e+02   6.086032e+02   6.002780e+02   5.901972e+02  -1.322207e+03   1.345224e+03
   0.000000e+00   6.097397e+02   6.051585e+02   6.051095e+02   6.077064e+02   6.027306e+02   5.902227e+02  -1.385310e+03   1.393365e+03
   0.000000e+00   6.101090e+02   6.057737e+02   6.099363e+02   6.107908e+02   6.016582e+02   5.892749e+02  -1.401152e+03   1.425261e+03
   0.000000e+00   6.094255e+02   6.033752e+02   6.066142e+02   6.057150e+02   6.000721e+02   5.901829e+02  -1.407164e+03   1.428287e+03
   0.000000e+00   6.099763e+02   6.019536e+02   6.076303e+02   6.057275e+02   5.958619e+02   5.896791e+02  -1.421536e+03   1.469148e+03
   0.000000e+00   6.099487e+02   6.029773e+02   6.086393e+02   6.039160e+02   5.991068e+02   5.912124e+02  -1.463049e+03   1.515838e+03
   0.000000e+00   6.094456e+02   5.997138e+02   6.063782e+02   5.989016e+02   5.965873e+02   5.898586e+02  -1.503787e+03   1.540449e+03
   0.000000e+00   6.098121e+02   6.001494e+02   6.080709e+02   6.033782e+02   5.924451e+02   5.900809e+02  -1.518824e+03   1.572207e+03
   0.000000e+00   6.099775e+02   6.020505e+02   6.080915e+02   6.064325e+02   5.944036e+02   5.904308e+02  -1.553497e+03   1.590449e+03
   0.000000e+00   6.098769e+02   6.037078e+02   6.093613e+02   6.066970e+02   5.972269e+02   5.907778e+02  -1.564273e+03   1.611198e+03
   0.000000e+00   6.095493e+02   6.015516e+02   6.038291e+02   6.029972e+02   5.961116e+02   5.903101e+02  -1.612430e+03   1.652513e+03
   0.000000e+00   6.099023e+02   6.031463e+02   6.027461e+02   6.028959e+02   5.988861e+02   5.905826e+02  -1.644824e+03   1.689335e+03
   0.000000e+00   6.106686e+02   6.040206e+02   6.108678e+02   6.095878e+02   5.964915e+02   5.905595e+02  -1.683514e+03   1.705744e+03
   0.000000e+00   6.092244e+02   6.034159e+02   6.052986e+02   6.045610e+02   5.992283e+02   5.893276e+02  -1.705341e+03   1.766026e+03
   0.000000e+00   6.094591e+02   6.026215e+02   6.078565e+02   6.039003e+02   5.971564e+02   5.912951e+02  -1.740221e+03   1.779216e+03
   0.000000e+00   6.103124e+02   6.013750e+02   6.058721e+02   6.029181e+02   5.978533e+02   5.899149e+02  -1.779387e+03   1.802972e+03
   0.000000e+00   6.092162e+02   6.048823e+02   6.070250e+02   6.092896e+02   6.007348e+02   5.897129e+02  -1.832501e+03   1.849359e+03
   0.000000e+00   6.095360e+02   6.048252e+02   6.123430e+02   6.080630e+02   5.967872e+02   5.905254e+02  -1.854834e+03   1.886997e+03
   0.000000e+00   6.094337e+02   6.029673e+02   6.089535e+02   6.063905e+02   5.964222e+02   5.899596e+02  -1.878747e+03   1.909988e+03
   0.000000e+00   6.102299e+02   6.056662e+02   6.128157e+02   6.097591e+02   5.982773e+02   5.899531e+02  -1.923207e+03   1.960649e+03
   0.000000e+00   6.105726e+02   6.048431e+02   6.096854e+02   6.109343e+02   5.986756e+02   5.899846e+02  -1.941804e+03   1.976370e+03
