
=== Logging to logs/bulk_bar_log_20260310_195716.log ===

Loaded structure from: rotated_longx_Ga2O3_out.xyz
Number of atoms: 6000
Parsed lattice from XYZ header:
[[65.85581845  0.          0.        ]
 [ 0.         36.9083298   0.        ]
 [ 0.          0.         37.29080975]]
x range: [15.245042, 61.217799]  (Lx = 45.972757 Å)
Region bounds along x (Å):
  xmin       : 15.245042
  fixL_end   : 20.245042   -> end of left fixed (group 0)
  hot_end    : 30.245042   -> end of hot (group 1)
  center_beg : 33.231421   -> start of center (group 3)
  xmid       : 38.231421   -> center of group 3
  center_end : 43.231421   -> end of center (group 3)
  cold_beg   : 46.217799   -> start of cold (group 5)
  fixR_beg   : 56.217799   -> start of right fixed (group 0)
  xmax       : 61.217799

Group counts:
  group 0: 1500
  group 1: 1260
  group 2: 360
  group 3: 1200
  group 4: 480
  group 5: 1200

Wrote GPUMD model XYZ to: model.xyz
Wrote group plot PNG to: group_regions.png

✅ model.xyz written successfully.
Group meaning:
  0 = fixed ends
  1 = hot
  2 = left dump
  3 = center
  4 = right dump
  5 = cold
