   0.000000e+00   9.092002e+02   9.010768e+02   9.079843e+02   9.069810e+02   8.920403e+02   8.906779e+02  -3.860207e+01   6.284544e+01
   0.000000e+00   9.098095e+02   9.013618e+02   9.072742e+02   9.079687e+02   8.968236e+02   8.895763e+02  -9.351715e+01   9.898010e+01
   0.000000e+00   9.098991e+02   9.065220e+02   9.144917e+02   9.109603e+02   9.037246e+02   8.895067e+02  -1.403575e+02   1.239598e+02
   0.000000e+00   9.106421e+02   9.036194e+02   9.076250e+02   9.066301e+02   8.961348e+02   8.897731e+02  -1.933239e+02   1.735759e+02
   0.000000e+00   9.099215e+02   9.034892e+02   9.078654e+02   9.062780e+02   9.010762e+02   8.902134e+02  -1.627660e+02   2.071474e+02
   0.000000e+00   9.097052e+02   8.969604e+02   9.067740e+02   9.047388e+02   8.860338e+02   8.897714e+02  -2.615626e+02   2.654477e+02
   0.000000e+00   9.095817e+02   9.043397e+02   9.091267e+02   9.057314e+02   9.003145e+02   8.900760e+02  -2.573455e+02   2.669034e+02
   0.000000e+00   9.105031e+02   9.056316e+02   9.095055e+02   9.062163e+02   9.021846e+02   8.906671e+02  -2.969518e+02   3.203360e+02
   0.000000e+00   9.099754e+02   9.012118e+02   9.024864e+02   9.037164e+02   8.989655e+02   8.899730e+02  -3.347829e+02   3.982202e+02
   0.000000e+00   9.097665e+02   9.007900e+02   9.034587e+02   9.051471e+02   9.022983e+02   8.900373e+02  -3.908350e+02   4.362025e+02
   0.000000e+00   9.099219e+02   9.021428e+02   9.049264e+02   9.032069e+02   8.993601e+02   8.891831e+02  -4.969542e+02   5.295336e+02
   0.000000e+00   9.099511e+02   9.043573e+02   9.121957e+02   9.058831e+02   8.988464e+02   8.906095e+02  -5.525660e+02   5.549019e+02
   0.000000e+00   9.097694e+02   9.015556e+02   9.081570e+02   9.051156e+02   8.968264e+02   8.905761e+02  -5.626907e+02   5.593187e+02
   0.000000e+00   9.101001e+02   9.045417e+02   9.104533e+02   9.085304e+02   8.957649e+02   8.894147e+02  -6.028700e+02   6.163945e+02
   0.000000e+00   9.097905e+02   9.045322e+02   9.079835e+02   9.085763e+02   9.026540e+02   8.898991e+02  -6.378487e+02   6.476990e+02
   0.000000e+00   9.095756e+02   9.037383e+02   9.100384e+02   9.040987e+02   9.020342e+02   8.904375e+02  -7.014839e+02   7.151960e+02
   0.000000e+00   9.106255e+02   9.041085e+02   9.112951e+02   9.082388e+02   8.945868e+02   8.909621e+02  -7.371580e+02   7.786755e+02
   0.000000e+00   9.093031e+02   9.005665e+02   9.054206e+02   9.052635e+02   8.945577e+02   8.900728e+02  -8.011332e+02   8.273237e+02
   0.000000e+00   9.104486e+02   8.988774e+02   9.048321e+02   9.054544e+02   8.947655e+02   8.896290e+02  -8.260262e+02   8.867303e+02
   0.000000e+00   9.093929e+02   8.980680e+02   9.059787e+02   9.022896e+02   8.932176e+02   8.907416e+02  -8.647674e+02   9.121254e+02
   0.000000e+00   9.095908e+02   9.015753e+02   9.090181e+02   9.059266e+02   8.947899e+02   8.900778e+02  -9.071258e+02   9.809656e+02
   0.000000e+00   9.096056e+02   8.986831e+02   9.065339e+02   9.042305e+02   8.946181e+02   8.899145e+02  -1.006650e+03   1.049162e+03
   0.000000e+00   9.095989e+02   9.034642e+02   9.084363e+02   9.096848e+02   8.972862e+02   8.907065e+02  -1.012968e+03   1.105004e+03
   0.000000e+00   9.096101e+02   9.028793e+02   9.076475e+02   9.071922e+02   8.987673e+02   8.897638e+02  -1.133458e+03   1.118670e+03
   0.000000e+00   9.095712e+02   9.066708e+02   9.105989e+02   9.118028e+02   9.041482e+02   8.902083e+02  -1.134488e+03   1.172925e+03
   0.000000e+00   9.099717e+02   9.040891e+02   9.080639e+02   9.060963e+02   9.025299e+02   8.903827e+02  -1.199045e+03   1.229955e+03
   0.000000e+00   9.106463e+02   9.030448e+02   9.066129e+02   9.045698e+02   8.978475e+02   8.905239e+02  -1.251035e+03   1.295032e+03
   0.000000e+00   9.090306e+02   9.034249e+02   9.069701e+02   9.093933e+02   8.984250e+02   8.905345e+02  -1.289334e+03   1.335755e+03
   0.000000e+00   9.098336e+02   9.018132e+02   9.046357e+02   9.041852e+02   8.989572e+02   8.895175e+02  -1.306519e+03   1.384227e+03
   0.000000e+00   9.101656e+02   8.990910e+02   9.042701e+02   9.059265e+02   8.925311e+02   8.894434e+02  -1.324384e+03   1.401255e+03
   0.000000e+00   9.100677e+02   9.034365e+02   9.059463e+02   9.053197e+02   8.996721e+02   8.902774e+02  -1.408552e+03   1.452200e+03
   0.000000e+00   9.100672e+02   9.025506e+02   9.100022e+02   9.057147e+02   8.976547e+02   8.907496e+02  -1.422005e+03   1.444120e+03
   0.000000e+00   9.102248e+02   9.009315e+02   9.084090e+02   9.060584e+02   8.957830e+02   8.906597e+02  -1.447816e+03   1.509569e+03
   0.000000e+00   9.089624e+02   9.019448e+02   9.049888e+02   9.057405e+02   9.023906e+02   8.903936e+02  -1.491417e+03   1.551567e+03
   0.000000e+00   9.105835e+02   8.992287e+02   9.065898e+02   9.055005e+02   8.933386e+02   8.899803e+02  -1.537621e+03   1.595302e+03
   0.000000e+00   9.102623e+02   8.986394e+02   9.052662e+02   9.050154e+02   8.924739e+02   8.902901e+02  -1.588449e+03   1.651915e+03
   0.000000e+00   9.093188e+02   9.039988e+02   9.075155e+02   9.097222e+02   8.987068e+02   8.893367e+02  -1.611750e+03   1.650036e+03
   0.000000e+00   9.098824e+02   9.052593e+02   9.122319e+02   9.081719e+02   9.049046e+02   8.898079e+02  -1.689550e+03   1.707080e+03
   0.000000e+00   9.102840e+02   9.040661e+02   9.133872e+02   9.087509e+02   8.946139e+02   8.901577e+02  -1.739483e+03   1.783323e+03
   0.000000e+00   9.099000e+02   9.041909e+02   9.071122e+02   9.068631e+02   9.052192e+02   8.903635e+02  -1.767737e+03   1.811480e+03
   0.000000e+00   9.098932e+02   8.988406e+02   9.007640e+02   9.018845e+02   8.958011e+02   8.902861e+02  -1.843401e+03   1.881677e+03
   0.000000e+00   9.090952e+02   9.036410e+02   9.084362e+02   9.086095e+02   9.019431e+02   8.898104e+02  -1.860825e+03   1.930000e+03
   0.000000e+00   9.097466e+02   9.035435e+02   9.086897e+02   9.084542e+02   8.933362e+02   8.895317e+02  -1.901593e+03   1.935396e+03
   0.000000e+00   9.096794e+02   9.017320e+02   9.104372e+02   9.061756e+02   8.970891e+02   8.895250e+02  -1.921261e+03   1.993723e+03
   0.000000e+00   9.099834e+02   9.030704e+02   9.091241e+02   9.078810e+02   8.975425e+02   8.900060e+02  -1.968988e+03   2.024682e+03
   0.000000e+00   9.101124e+02   9.022419e+02   9.075016e+02   9.073747e+02   8.964354e+02   8.892947e+02  -2.021655e+03   2.074336e+03
   0.000000e+00   9.094188e+02   9.040838e+02   9.091181e+02   9.076510e+02   9.035509e+02   8.901330e+02  -2.075197e+03   2.123855e+03
   0.000000e+00   9.100994e+02   9.001625e+02   9.066491e+02   9.036189e+02   8.984568e+02   8.899776e+02  -2.132642e+03   2.189119e+03
   0.000000e+00   9.104892e+02   9.052099e+02   9.092171e+02   9.125290e+02   8.998325e+02   8.900123e+02  -2.197641e+03   2.243850e+03
   0.000000e+00   9.095586e+02   9.039421e+02   9.104223e+02   9.078540e+02   8.972295e+02   8.899756e+02  -2.229147e+03   2.311398e+03
