-0.498 -0.0110603 0.00338023
-0.496 0.0272103 -0.00767102
-0.494 0.223143 -0.0661078
-0.492 0.658875 -0.194851
-0.49 1.35782 -0.392874
-0.488 2.26056 -0.62497
-0.486 3.21518 -0.818285
-0.484 3.98613 -0.867679
-0.482 4.2828 -0.650544
-0.48 3.80567 -0.0499888
-0.478 2.30429 1.01643
-0.476 -0.361147 2.56667
-0.474 -4.16505 4.52808
-0.472 -8.87853 6.72072
-0.47 -14.0573 8.85501
-0.468 -19.061 10.5473
-0.466 -23.1065 11.3549
-0.464 -25.3507 10.8284
-0.462 -24.9983 8.57803
-0.46 -21.4202 4.34608
-0.458 -14.2716 -1.92463
-0.456 -3.59181 -10.0359
-0.454 10.1285 -19.5042
-0.452 25.9267 -29.5642
-0.45 42.4046 -39.2106
-0.448 57.8255 -47.2791
-0.446 70.2703 -52.5616
-0.444 77.8395 -53.9451
-0.442 78.8835 -50.5589
-0.44 72.2341 -41.9133
-0.438 57.4072 -28.0102
-0.436 34.7486 -9.40973
-0.434 5.49552 12.7602
-0.432 -28.2596 36.8582
-0.43 -63.7089 60.8458
-0.428 -97.5631 82.4611
-0.426 -126.359 99.4322
-0.424 -146.81 109.714
-0.422 -156.166 111.722
-0.42 -152.54 104.544
-0.418 -135.176 88.0988
-0.416 -104.617 63.2247
-0.414 -62.7533 31.6783
-0.412 -12.7456 -3.96398
-0.41 41.1937 -40.5037
-0.408 94.1436 -74.406
-0.406 140.922 -102.149
-0.404 176.599 -120.606
-0.402 197.033 -127.412
-0.4 199.359 -121.279
-0.398 182.384 -102.212
-0.396 146.823 -71.589
-0.394 95.3427 -32.1037
-0.392 32.3889 12.4524
-0.39 -36.1839 57.5292
-0.388 -103.659 98.2579
-0.386 -163.115 129.941
-0.384 -208.127 148.543
-0.382 -233.435 151.14
-0.38 -235.517 136.273
-0.378 -213.004 104.18
-0.376 -166.897 56.88
-0.374 -100.571 -1.9061
-0.372 -19.5549 -67.0022
-0.37 68.8926 -132.181
-0.368 156.391 -190.701
-0.366 234.184 -235.946
-0.364 293.958 -262.097
-0.362 328.685 -264.792
-0.36 333.375 -241.681
-0.358 305.691 -192.816
-0.356 246.322 -120.813
-0.354 159.076 -30.7604
-0.352 50.6564 70.1479
-0.35 -69.8688 173.203
-0.348 -191.854 268.954
-0.346 -304.048 348.072
-0.344 -395.637 402.226
-0.342 -457.267 424.869
-0.34 -481.93 411.888
-0.338 -465.636 362.036
-0.336 -407.821 277.141
-0.334 -311.464 162.074
-0.332 -182.904 24.4752
-0.33 -31.3946 -125.737
-0.328 131.575 -277.053
-0.326 293.15 -417.214
-0.324 440.103 -534.175
-0.322 559.89 -617.098
-0.32 641.695 -657.325
-0.318 677.376 -649.223
-0.316 662.232 -590.807
-0.314 595.503 -484.082
-0.312 480.558 -335.021
-0.31 324.72 -153.193
-0.308 138.739 48.9554
-0.306 -64.051 257.085
-0.304 -268.803 456.12
-0.302 -460.365 631.457
-0.3 -624.496 770.112
-0.298 -748.991 861.709
-0.296 -824.602 899.233
-0.294 -845.702 879.506
-0.292 -810.65 803.375
-0.29 -721.843 675.622
-0.288 -585.488 504.6
-0.286 -411.106 301.655
-0.284 -210.83 80.3265
-0.282 1.47019 -144.595
-0.28 211.173 -358.125
-0.278 403.954 -546.193
-0.276 566.817 -696.697
-0.274 689.06 -800.448
-0.272 763.071 -851.883
-0.27 784.909 -849.484
-0.268 754.593 -795.843
-0.266 676.06 -697.357
-0.264 556.788 -563.58
-0.262 407.119 -406.305
-0.26 239.326 -238.469
-0.258 66.5394 -72.9958
-0.256 -98.3785 78.29
-0.254 -243.885 205.603
-0.252 -360.646 301.896
-0.25 -442.189 363.286
-0.248 -485.269 389.193
-0.246 -489.953 382.206
-0.244 -459.424 347.692
-0.242 -399.553 293.208
-0.24 -318.276 227.743
-0.238 -224.845 160.844
-0.236 -128.995 101.704
-0.234 -40.0925 58.2544
-0.232 33.6803 36.3551
-0.23 86.0431 39.1636
-0.228 113.177 66.7454
-0.226 114.068 115.988
-0.224 90.5996 180.842
-0.222 47.3575 252.884
-0.22 -8.83137 322.134
-0.218 -69.5942 378.064
-0.216 -125.867 410.672
-0.214 -168.816 411.506
-0.212 -190.724 374.541
-0.21 -185.746 296.816
-0.208 -150.456 178.789
-0.206 -84.1641 24.4083
-0.204 11.0321 -159.097
-0.202 130.405 -361.646
-0.2 266.937 -570.91
-0.198 411.78 -773.051
-0.196 554.792 -953.526
-0.194 685.119 -1097.97
-0.192 791.794 -1193.05
-0.19 864.366 -1227.43
-0.188 893.541 -1192.52
-0.186 871.832 -1083.34
-0.184 794.2 -899.098
-0.182 658.634 -643.636
-0.18 466.627 -325.58
-0.178 223.471 41.8054
-0.176 -61.6594 441.094
-0.174 -375.897 851.497
-0.172 -703.147 1249.94
-0.17 -1024.81 1612.32
-0.168 -1320.74 1914.93
-0.166 -1570.37 2135.84
-0.164 -1753.92 2256.31
-0.162 -1853.76 2262.03
-0.16 -1855.62 2144.2
-0.158 -1749.88 1900.48
-0.156 -1532.68 1535.6
-0.154 -1206.89 1061.82
-0.152 -782.781 498.96
-0.15 -278.371 -125.977
-0.148 280.774 -779.657
-0.146 862.334 -1423.87
-0.144 1428.74 -2017.57
-0.142 1939.38 -2519.53
-0.14 2353.5 -2891.34
-0.138 2633.56 -3100.71
-0.136 2748.8 -3124.64
-0.134 2678.58 -2952.12
-0.132 2415.27 -2586.11
-0.13 1966.09 -2044.3
-0.128 1353.7 -1358.74
-0.126 615.438 -573.949
-0.124 -198.978 256.019
-0.122 -1030.96 1071.61
-0.12 -1817.58 1812.37
-0.118 -2496.6 2421.75
-0.116 -3011.71 2851.71
-0.114 -3317.36 3066.8
-0.112 -3382.9 3047.26
-0.11 -3195.66 2791.11
-0.108 -2762.66 2314.96
-0.106 -2110.95 1653.36
-0.104 -1286.24 856.826
-0.102 -350.017 -11.5723
-0.1 624.971 -880.929
-0.098 1560.45 -1678.21
-0.096 2379.37 -2334.6
-0.094 3012.95 -2791.97
-0.092 3407.51 -3008.69
-0.09 3530.15 -2964.23
-0.088 3372.63 -2661.8
-0.086 2952.78 -2128.68
-0.084 2313.32 -1413.91
-0.082 1517.82 -583.719
-0.08 644.447 284.997
-0.078 -221.903 1112.33
-0.076 -998.221 1823.26
-0.074 -1611.72 2355.02
-0.072 -2007.04 2663.05
-0.07 -2151.65 2725.16
-0.068 -2038.98 2543.51
-0.066 -1689.11 2144.36
-0.064 -1146.99 1575.66
-0.062 -478.394 902.808
-0.06 236.068 202.591
-0.058 908.606 -443.99
-0.056 1452.91 -959.768
-0.054 1793.2 -1279.58
-0.052 1872.86 -1357.85
-0.05 1661.65 -1174.66
-0.048 1160.61 -739.572
-0.046 403.775 -92.3471
-0.044 -543.657 699.685
-0.042 -1590.92 1547.63
-0.04 -2630.42 2349.82
-0.038 -3548.69 3002.43
-0.036 -4238.38 3410.65
-0.034 -4609.71 3499.1
-0.032 -4600.17 3220.2
-0.03 -4181.42 2559.83
-0.028 -3362.76 1539.61
-0.026 -2191.14 216.038
-0.024 -747.665 -1323.54
-0.022 858.661 -2967.34
-0.02 2499.62 -4587.67
-0.018 4038.15 -6050.78
-0.016 5339.78 -7227.7
-0.014 6284.46 -8005.26
-0.012 6777.84 -8296.64
-0.01 6761.14 -8050.52
-0.008 6218.3 -7257.78
-0.006 5179.57 -5954.65
-0.004 3720.57 -4221.71
-0.002 1956.5 -2178.19
0 31.9417 28.0756
0.002 -1892.89 2233.98
0.004 -3657.75 4276.46
0.006 -5118.05 6007.67
0.008 -6158.52 7308.46
0.01 -6703.49 8098.31
0.012 -6722.63 8341.05
0.014 -6231.92 8045.9
0.016 -5290.09 7264.27
0.018 -3991.4 6083.06
0.02 -2455.85 4615.53
0.022 -817.87 2990.74
0.024 785.5 1342.49
0.026 2226.06 -201.432
0.028 3394.81 -1529.2
0.03 4210.62 -2553.4
0.032 4626.56 -3217.51
0.034 4633.3 -3499.86
0.036 4259.17 -3414.55
0.038 3566.68 -3009.12
0.04 2645.62 -2358.95
0.042 1603.37 -1558.84
0.044 553.412 -712.605
0.046 -396.613 78.09
0.048 -1155.89 724.336
0.05 -1659.19 1158.79
0.052 -1872.42 1341.66
0.054 -1794.51 1263.36
0.056 -1455.67 943.753
0.058 -912.511 428.383
0.06 -240.81 -217.641
0.062 473.099 -917.202
0.064 1141.39 -1589.35
0.066 1683.43 -2157.34
0.068 2033.38 -2555.84
0.07 2146.23 -2736.91
0.072 2001.85 -2674.32
0.074 1606.78 -2365.92
0.076 993.489 -1833.93
0.078 217.321 -1122.87
0.08 -648.951 -295.529
0.082 -1522.32 573.12
0.084 -2317.89 1403.19
0.086 -2957.46 2117.8
0.088 -3377.44 2650.76
0.09 -3535.1 2953.05
0.092 -3412.55 2997.42
0.094 -3018.02 2780.66
0.096 -2384.42 2323.33
0.098 -1565.41 1667.04
0.1 -629.775 869.948
0.102 345.419 0.850699
0.104 1281.88 -867.222
0.106 2106.81 -1663.37
0.108 2758.73 -2324.54
0.11 3191.88 -2800.21
0.112 3379.2 -3055.84
0.114 3313.63 -3074.84
0.116 3007.86 -2859.19
0.118 2492.53 -2428.64
0.12 1813.21 -1818.68
0.122 1026.24 -1077.33
0.124 193.857 -261.163
0.126 -620.959 569.354
0.128 -1359.59 1354.65
0.13 -1972.3 2040.67
0.132 -2421.72 2582.85
0.134 -2685.17 2949.16
0.136 -2755.43 3121.87
0.138 -2640.14 3098.03
0.14 -2359.93 2888.64
0.142 -1945.59 2516.71
0.144 -1434.69 2014.55
0.146 -868.007 1420.58
0.148 -286.168 776.059
0.15 273.23 122.068
0.152 777.852 -503.154
0.154 1202.12 -1066.24
0.156 1528.03 -1540.15
0.158 1745.29 -1905.05
0.16 1851.05 -2148.67
0.162 1849.2 -2266.26
0.164 1749.36 -2260.18
0.166 1565.82 -2139.23
0.168 1316.24 -1917.76
0.17 1020.41 -1614.54
0.172 698.886 -1251.54
0.174 371.83 -852.498
0.176 57.8316 -441.555
0.178 -227.027 -41.8165
0.18 -469.896 325.909
0.182 -661.62 644.187
0.184 -796.924 899.751
0.186 -874.333 1083.99
0.188 -895.871 1193.08
0.19 -866.586 1227.85
0.192 -793.963 1193.32
0.194 -687.294 1098.09
0.196 -557.017 953.56
0.198 -414.083 773.066
0.2 -269.328 571
0.202 -132.872 361.91
0.204 -13.5428 159.634
0.206 81.6589 -23.5175
0.208 148.019 -177.484
0.21 183.446 -295.066
0.212 188.633 -372.348
0.214 167 -408.903
0.216 124.38 -407.721
0.218 68.4771 -374.851
0.22 8.10448 -318.757
0.222 -47.6936 -249.447
0.224 -90.5639 -177.44
0.226 -113.697 -112.702
0.228 -112.521 -63.6348
0.23 -85.1621 -36.2607
0.232 -32.638 -33.6642
0.234 41.2329 -55.7545
0.236 130.175 -99.3538
0.238 226.016 -158.588
0.24 319.399 -225.524
0.242 400.602 -290.977
0.244 460.384 -345.413
0.246 490.816 -379.87
0.248 486.037 -386.821
0.25 442.865 -360.93
0.252 361.236 -299.643
0.254 244.388 -203.565
0.256 98.7921 -76.5976
0.258 -66.2268 74.2022
0.26 -239.133 239.052
0.262 -407.072 406.146
0.264 -556.918 562.583
0.266 -676.401 695.467
0.268 -755.18 793.047
0.27 -785.772 845.817
0.272 -764.234 847.425
0.274 -690.538 795.323
0.276 -568.615 691.063
0.278 -406.062 540.231
0.28 -213.573 352.03
0.282 -4.12901 138.557
0.284 207.951 -86.1261
0.286 408.054 -307.062
0.288 582.311 -509.493
0.29 718.591 -679.917
0.292 807.367 -807.032
0.294 842.427 -882.523
0.296 821.366 -901.646
0.298 745.816 -863.584
0.3 621.393 -771.537
0.302 457.337 -632.53
0.304 265.847 -456.944
0.306 61.1549 -257.755
0.308 -141.589 -49.5535
0.31 -327.541 152.604
0.312 -483.363 334.399
0.314 -598.306 483.408
0.316 -665.041 590.084
0.318 -680.198 648.468
0.32 -644.528 656.571
0.322 -562.732 616.382
0.324 -442.947 533.536
0.326 -295.989 416.689
0.328 -134.401 276.667
0.33 28.5897 125.509
0.332 180.126 -24.5406
0.334 308.716 -161.984
0.336 405.104 -276.911
0.338 462.948 -361.69
0.34 479.269 -411.454
0.342 454.629 -424.376
0.344 393.018 -401.698
0.346 301.445 -347.53
0.348 189.268 -268.409
0.35 67.3011 -172.658
0.352 -53.1993 -69.598
0.354 -161.585 31.3276
0.356 -248.784 121.415
0.358 -308.092 193.473
0.36 -335.699 242.415
0.362 -330.915 265.62
0.364 -296.081 263.031
0.366 -236.187 236.993
0.368 -158.267 191.86
0.37 -70.6358 133.442
0.372 17.9433 68.3491
0.374 99.086 3.31576
0.376 165.53 -55.4352
0.378 211.742 -102.73
0.38 234.346 -134.848
0.382 232.339 -149.769
0.384 207.09 -147.249
0.386 162.123 -128.743
0.388 102.698 -97.1703
0.39 35.2431 -56.5576
0.392 -33.3171 -11.597
0.394 -96.2634 32.8481
0.396 -147.739 72.232
0.398 -183.295 102.765
0.4 -200.264 121.758
0.402 -197.93 127.829
0.404 -177.485 120.975
0.406 -141.794 102.482
0.408 -95.0003 74.7114
0.41 -42.0341 40.789
0.412 11.9216 4.23386
0.414 61.9448 -31.4212
0.416 103.823 -62.9795
0.418 134.395 -87.8657
0.42 151.769 -104.324
0.422 155.405 -111.516
0.424 146.06 -109.523
0.426 125.62 -99.2583
0.428 96.8382 -82.3038
0.43 63.0011 -60.7047
0.432 27.5733 -36.7325
0.434 -6.15553 -12.649
0.436 -35.3772 9.50801
0.438 -57.9996 28.0968
0.44 -72.786 41.9894
0.442 -79.3916 50.6257
0.444 -78.3014 54.0034
0.446 -70.6851 52.6121
0.448 -58.1936 47.3225
0.45 -42.7276 39.2477
0.452 -26.2073 29.5958
0.454 -10.37 19.5311
0.456 3.38528 10.0592
0.458 14.0958 1.94554
0.46 21.2709 -4.32638
0.462 24.8714 -8.55841
0.464 25.2427 -10.8079
0.466 23.0143 -11.3329
0.468 18.9821 -10.5234
0.47 13.9896 -8.82922
0.472 8.82051 -6.6935
0.474 4.11553 -4.50015
0.476 0.319194 -2.53898
0.478 -2.33942 -0.990016
0.48 -3.83463 0.0741207
0.482 -4.30622 0.671555
0.484 -4.0046 0.885
0.486 -3.22932 0.831688
0.488 -2.27098 0.634578
0.49 -1.36511 0.399126
0.492 -0.663611 0.198422
0.494 -0.225869 0.0677908
0.496 -0.0284611 0.00824225
0.498 0.0107344 -0.00328765
0.2 1.58292 -0.0602272
0.4 1.58886 -0.0594072
0.6 1.59872 -0.0580378
0.8 1.61248 -0.0561147
1 1.63007 -0.0536323
1.2 1.65143 -0.0505831
1.4 1.67646 -0.0469585
1.6 1.70505 -0.0427483
1.8 1.7371 -0.0379409
2 1.77248 -0.0325239
2.2 1.81103 -0.0264837
2.4 1.85261 -0.0198058
2.6 1.89704 -0.0124751
2.8 1.94415 -0.00447586
3 1.99375 0.00420797
3.2 2.04564 0.0135926
3.4 2.09962 0.0236942
3.6 2.15547 0.0345288
3.8 2.21299 0.0461119
4 2.27193 0.0584586
4.2 2.33209 0.071583
4.4 2.39323 0.0854981
4.6 2.45513 0.100216
4.8 2.51755 0.115747
5 2.58026 0.132101
5.2 2.64304 0.149284
5.4 2.70567 0.167301
5.6 2.76793 0.186157
5.8 2.82959 0.205851
6 2.89047 0.226383
6.2 2.95034 0.247749
6.4 3.00903 0.269942
6.6 3.06634 0.292954
6.8 3.12211 0.316772
7 3.17616 0.341382
7.2 3.22836 0.366766
7.4 3.27855 0.392905
7.6 3.32661 0.419776
7.8 3.37242 0.447352
8 3.41588 0.475606
8.2 3.45691 0.504506
8.4 3.49542 0.534018
8.6 3.53136 0.564107
8.8 3.56467 0.594734
9 3.59533 0.625858
9.2 3.62331 0.657436
9.4 3.64862 0.689424
9.6 3.67125 0.721776
9.8 3.69123 0.754444
10 3.7086 0.787379
10.2 3.72339 0.820531
10.4 3.73568 0.853849
10.6 3.74554 0.887282
10.8 3.75303 0.920779
11 3.75826 0.954289
11.2 3.76134 0.987759
11.4 3.76236 1.02114
11.6 3.76144 1.05438
11.8 3.75873 1.08744
12 3.75434 1.12026
12.2 3.74842 1.15279
12.4 3.74111 1.18501
12.6 3.73256 1.21686
12.8 3.72292 1.2483
13 3.71234 1.2793
13.2 3.70097 1.30983
13.4 3.68897 1.33986
13.6 3.6765 1.36935
13.8 3.66369 1.39828
14 3.65072 1.42664
14.2 3.63771 1.45441
14.4 3.62481 1.48157
14.6 3.61217 1.50812
14.8 3.59991 1.53404
15 3.58817 1.55935
15.2 3.57705 1.58404
15.4 3.56668 1.60813
15.6 3.55716 1.63162
15.8 3.54858 1.65452
16 3.54104 1.67687
16.2 3.53462 1.69867
16.4 3.52937 1.71996
16.6 3.52538 1.74077
16.8 3.52268 1.76114
17 3.52131 1.78109
17.2 3.52131 1.80067
17.4 3.5227 1.81992
17.6 3.5255 1.83889
17.8 3.52969 1.85763
18 3.53527 1.87617
18.2 3.54223 1.89458
18.4 3.55054 1.91291
18.6 3.56016 1.93121
18.8 3.57104 1.94953
19 3.58314 1.96793
19.2 3.5964 1.98646
19.4 3.61074 2.00518
19.6 3.62609 2.02413
19.8 3.64237 2.04337
20 3.65949 2.06296
20.2 3.67736 2.08293
20.4 3.69589 2.10334
20.6 3.71498 2.12423
20.8 3.73451 2.14565
21 3.75438 2.16762
21.2 3.77449 2.19018
21.4 3.79473 2.21337
21.6 3.81497 2.23721
21.8 3.83511 2.26172
22 3.85505 2.28693
22.2 3.87465 2.31285
22.4 3.89383 2.33948
22.6 3.91247 2.36683
22.8 3.93046 2.3949
23 3.94771 2.42369
23.2 3.96411 2.45317
23.4 3.97958 2.48334
23.6 3.99401 2.51418
23.8 4.00732 2.54564
24 4.01944 2.57771
24.2 4.03029 2.61035
24.4 4.0398 2.6435
24.6 4.0479 2.67713
24.8 4.05453 2.71118
25 4.05965 2.74559
25.2 4.06321 2.78029
25.4 4.06517 2.81523
25.6 4.06549 2.85034
25.8 4.06416 2.88553
26 4.06115 2.92073
26.2 4.05644 2.95586
26.4 4.05004 2.99083
26.6 4.04194 3.02556
26.8 4.03215 3.05997
27 4.02068 3.09395
27.2 4.00754 3.12742
27.4 3.99277 3.16029
27.6 3.97638 3.19246
27.8 3.95841 3.22384
28 3.93891 3.25434
28.2 3.91791 3.28386
28.4 3.89546 3.31232
28.6 3.87162 3.33963
28.8 3.84643 3.36569
29 3.81996 3.39043
29.2 3.79227 3.41376
29.4 3.76343 3.43561
29.6 3.73349 3.45589
29.8 3.70254 3.47455
30 3.67063 3.4915
30.2 3.63785 3.50669
30.4 3.60427 3.52007
30.6 3.56996 3.53158
30.8 3.53499 3.54117
31 3.49944 3.54881
31.2 3.4634 3.55446
31.4 3.42692 3.55809
31.6 3.39009 3.55967
31.8 3.35299 3.55921
32 3.31567 3.55668
32.2 3.27823 3.55208
32.4 3.24072 3.54542
32.6 3.20321 3.53671
32.8 3.16578 3.52597
33 3.12849 3.51322
33.2 3.0914 3.4985
33.4 3.05458 3.48184
33.6 3.01808 3.4633
33.8 2.98196 3.44291
34 2.94628 3.42073
34.2 2.91109 3.39684
34.4 2.87643 3.3713
34.6 2.84237 3.34418
34.8 2.80894 3.31557
35 2.77618 3.28554
35.2 2.74413 3.25419
35.4 2.71284 3.22161
35.6 2.68234 3.1879
35.8 2.65266 3.15316
36 2.62382 3.1175
36.2 2.59587 3.08101
36.4 2.56881 3.04382
36.6 2.54268 3.00602
36.8 2.51749 2.96774
37 2.49326 2.92908
37.2 2.47001 2.89017
37.4 2.44774 2.85111
37.6 2.42648 2.81203
37.8 2.40622 2.77302
38 2.38697 2.73422
38.2 2.36874 2.69572
38.4 2.35152 2.65765
38.6 2.33532 2.62009
38.8 2.32013 2.58317
39 2.30594 2.54698
39.2 2.29276 2.51162
39.4 2.28056 2.47718
39.6 2.26935 2.44376
39.8 2.2591 2.41144
40 2.2498 2.3803
40.2 2.24143 2.35042
40.4 2.23397 2.32186
40.6 2.22741 2.29471
40.8 2.22172 2.26901
41 2.21687 2.24482
41.2 2.21284 2.22218
41.4 2.2096 2.20115
41.6 2.20712 2.18176
41.8 2.20538 2.16404
42 2.20433 2.14801
42.2 2.20394 2.13369
42.4 2.20418 2.12109
42.6 2.20501 2.11021
42.8 2.2064 2.10107
43 2.2083 2.09364
43.2 2.21067 2.08791
43.4 2.21348 2.08387
43.6 2.21667 2.08149
43.8 2.22021 2.08074
44 2.22405 2.08158
44.2 2.22816 2.08397
44.4 2.23247 2.08787
44.6 2.23696 2.09323
44.8 2.24156 2.09998
45 2.24625 2.10807
45.2 2.25096 2.11743
45.4 2.25566 2.128
45.6 2.26031 2.1397
45.8 2.26485 2.15247
46 2.26924 2.16621
46.2 2.27344 2.18086
46.4 2.27741 2.19633
46.6 2.28111 2.21254
46.8 2.28449 2.2294
47 2.28751 2.24682
47.2 2.29015 2.26473
47.4 2.29235 2.28302
47.6 2.2941 2.30162
47.8 2.29535 2.32043
48 2.29607 2.33937
48.2 2.29624 2.35835
48.4 2.29584 2.37728
48.6 2.29482 2.39609
48.8 2.29318 2.41468
49 2.29089 2.43298
49.2 2.28794 2.45091
49.4 2.28431 2.46839
49.6 2.27998 2.48536
49.8 2.27496 2.50173
50 2.26923 2.51743
50.2 2.26279 2.53242
50.4 2.25563 2.54662
50.6 2.24776 2.55997
50.8 2.23918 2.57243
51 2.22989 2.58394
51.2 2.21991 2.59445
51.4 2.20925 2.60392
51.6 2.19791 2.61232
51.8 2.18591 2.61961
52 2.17328 2.62575
52.2 2.16002 2.63072
52.4 2.14617 2.63451
52.6 2.13174 2.63708
52.8 2.11676 2.63843
53 2.10126 2.63854
53.2 2.08527 2.63742
53.4 2.06881 2.63505
53.6 2.05191 2.63144
53.8 2.03461 2.62659
54 2.01694 2.62051
54.2 1.99893 2.61321
54.4 1.98062 2.60471
54.6 1.96204 2.59503
54.8 1.94322 2.58419
55 1.9242 2.57221
55.2 1.90501 2.55912
55.4 1.88569 2.54495
55.6 1.86626 2.52974
55.8 1.84677 2.51351
56 1.82725 2.4963
56.2 1.80771 2.47816
56.4 1.78821 2.45913
56.6 1.76875 2.43924
56.8 1.74938 2.41854
57 1.73012 2.39707
57.2 1.711 2.37489
57.4 1.69203 2.35203
57.6 1.67324 2.32854
57.8 1.65466 2.30449
58 1.63629 2.2799
58.2 1.61816 2.25484
58.4 1.60029 2.22934
58.6 1.58268 2.20347
58.8 1.56535 2.17727
59 1.54832 2.15078
59.2 1.53158 2.12406
59.4 1.51515 2.09716
59.6 1.49903 2.07012
59.8 1.48324 2.04299
60 1.46776 2.01582
60.2 1.4526 1.98865
60.4 1.43776 1.96152
60.6 1.42324 1.93448
60.8 1.40904 1.90758
61 1.39515 1.88084
61.2 1.38158 1.85432
61.4 1.3683 1.82804
61.6 1.35532 1.80206
61.8 1.34263 1.7764
62 1.33022 1.75109
62.2 1.31808 1.72618
62.4 1.30621 1.70169
62.6 1.29459 1.67766
62.8 1.28321 1.6541
63 1.27207 1.63106
63.2 1.26116 1.60855
63.4 1.25046 1.5866
63.6 1.23997 1.56523
63.8 1.22968 1.54447
64 1.21957 1.52433
64.2 1.20965 1.50483
64.4 1.1999 1.48599
64.6 1.19031 1.46783
64.8 1.18087 1.45036
65 1.17159 1.43359
65.2 1.16245 1.41753
65.4 1.15345 1.4022
65.6 1.14458 1.38759
65.8 1.13583 1.37373
66 1.12721 1.36061
66.2 1.11871 1.34824
66.4 1.11033 1.33662
66.6 1.10207 1.32576
66.8 1.09391 1.31564
67 1.08587 1.30628
67.2 1.07794 1.29768
67.4 1.07012 1.28981
67.6 1.06242 1.28269
67.8 1.05482 1.27631
68 1.04733 1.27065
68.2 1.03995 1.26571
68.4 1.03269 1.26148
68.6 1.02553 1.25794
68.8 1.01849 1.25509
69 1.01156 1.25292
69.2 1.00474 1.25139
69.4 0.998025 1.25051
69.6 0.991426 1.25024
69.8 0.984935 1.25058
70 0.978551 1.2515
70.2 0.972272 1.25298
70.4 0.966094 1.255
70.6 0.960015 1.25754
70.8 0.954031 1.26057
71 0.948135 1.26406
71.2 0.942322 1.26799
71.4 0.936587 1.27233
71.6 0.930921 1.27705
71.8 0.925316 1.28212
72 0.919764 1.28752
72.2 0.914255 1.2932
72.4 0.908778 1.29915
72.6 0.903322 1.30532
72.8 0.897875 1.31168
73 0.892424 1.3182
73.2 0.886956 1.32484
73.4 0.881458 1.33158
73.6 0.875913 1.33836
73.8 0.870308 1.34517
74 0.864628 1.35196
74.2 0.858855 1.35869
74.4 0.852975 1.36533
74.6 0.846971 1.37185
74.8 0.840827 1.37821
75 0.834526 1.38437
75.2 0.828053 1.39031
75.4 0.821392 1.39597
75.6 0.814527 1.40134
75.8 0.807443 1.40638
76 0.800126 1.41105
76.2 0.79256 1.41532
76.4 0.784735 1.41917
76.6 0.776636 1.42256
76.8 0.768252 1.42547
77 0.759573 1.42787
77.2 0.75059 1.42974
77.4 0.741294 1.43104
77.6 0.731678 1.43176
77.8 0.721737 1.43188
78 0.711467 1.43138
78.2 0.700864 1.43024
78.4 0.689928 1.42845
78.6 0.678659 1.426
78.8 0.66706 1.42287
79 0.655132 1.41905
79.2 0.642883 1.41454
79.4 0.630318 1.40934
79.6 0.617447 1.40344
79.8 0.604279 1.39684
80 0.590826 1.38955
80.2 0.577102 1.38157
80.4 0.563121 1.37291
80.6 0.5489 1.36357
80.8 0.534457 1.35357
81 0.519812 1.34293
81.2 0.504984 1.33166
81.4 0.489996 1.31977
81.6 0.47487 1.30729
81.8 0.459632 1.29425
82 0.444306 1.28066
82.2 0.428917 1.26656
82.4 0.413493 1.25197
82.6 0.398061 1.23692
82.8 0.382649 1.22145
83 0.367285 1.2056
83.2 0.351997 1.18938
83.4 0.336815 1.17285
83.6 0.321766 1.15604
83.8 0.30688 1.13899
84 0.292184 1.12174
84.2 0.277707 1.10433
84.4 0.263476 1.0868
84.6 0.249517 1.0692
84.8 0.235858 1.05156
85 0.222522 1.03394
85.2 0.209534 1.01637
85.4 0.196918 0.998896
85.6 0.184695 0.981562
85.8 0.172885 0.964411
86 0.161509 0.947483
86.2 0.150584 0.93082
86.4 0.140126 0.914462
86.6 0.13015 0.898449
86.8 0.120669 0.882818
87 0.111694 0.867607
87.2 0.103235 0.852851
87.4 0.0953 0.838583
87.6 0.0878946 0.824836
87.8 0.0810231 0.811641
88 0.0746878 0.799025
88.2 0.0688894 0.787014
88.4 0.0636264 0.775634
88.6 0.0588958 0.764906
88.8 0.0546928 0.75485
89 0.0510108 0.745482
89.2 0.0478416 0.736817
89.4 0.0451752 0.728868
89.6 0.0430002 0.721644
89.8 0.0413037 0.715152
90 0.0400712 0.709396
90.2 0.0392871 0.704378
90.4 0.0389343 0.700097
90.6 0.0389947 0.696548
90.8 0.0394491 0.693726
91 0.0402771 0.691621
91.2 0.0414577 0.690221
91.4 0.042969 0.689512
91.6 0.0447884 0.689477
91.8 0.0468929 0.690097
92 0.0492588 0.691349
92.2 0.0518623 0.69321
92.4 0.0546792 0.695653
92.6 0.0576852 0.698649
92.8 0.0608561 0.702169
93 0.0641676 0.706179
93.2 0.0675959 0.710645
93.4 0.071117 0.715531
93.6 0.0747077 0.7208
93.8 0.0783452 0.726413
94 0.0820071 0.732329
94.2 0.0856719 0.738508
94.4 0.0893185 0.744906
94.6 0.0929269 0.751481
94.8 0.0964779 0.758189
95 0.099953 0.764985
95.2 0.103335 0.771826
95.4 0.106608 0.778665
95.6 0.109756 0.78546
95.8 0.112765 0.792164
96 0.115623 0.798735
96.2 0.118317 0.805127
96.4 0.120837 0.811298
96.6 0.123173 0.817206
96.8 0.125318 0.822809
97 0.127265 0.828066
97.2 0.129006 0.83294
97.4 0.130539 0.837392
97.6 0.131859 0.841385
97.8 0.132964 0.844886
98 0.133854 0.847862
98.2 0.134527 0.850282
98.4 0.134984 0.852116
98.6 0.135229 0.853339
98.8 0.135263 0.853925
99 0.13509 0.853851
99.2 0.134715 0.853099
99.4 0.134143 0.851649
99.6 0.133381 0.849487
99.8 0.132435 0.846599
100 0.131313 0.842976
100.2 0.130022 0.838609
100.4 0.128572 0.833493
100.6 0.126971 0.827626
100.8 0.125229 0.821006
101 0.123355 0.813637
101.2 0.121359 0.805523
101.4 0.119252 0.796671
101.6 0.117042 0.787091
101.8 0.114742 0.776796
102 0.11236 0.765798
102.2 0.109908 0.754116
102.4 0.107395 0.741768
102.6 0.104832 0.728775
102.8 0.102228 0.71516
103 0.0995933 0.700947
103.2 0.096937 0.686163
103.4 0.0942682 0.670838
103.6 0.0915956 0.654999
103.8 0.0889277 0.63868
104 0.0862724 0.621912
104.2 0.0836373 0.60473
104.4 0.0810295 0.587169
104.6 0.0784558 0.569264
104.8 0.0759223 0.551053
105 0.0734347 0.532573
105.2 0.0709984 0.513862
105.4 0.0686179 0.494959
105.6 0.0662977 0.475902
105.8 0.0640414 0.45673
106 0.0618524 0.437483
106.2 0.0597333 0.418198
106.4 0.0576866 0.398914
106.6 0.0557141 0.37967
106.8 0.0538171 0.360503
107 0.0519967 0.341449
107.2 0.0502534 0.322546
107.4 0.0485873 0.303828
107.6 0.0469982 0.285329
107.8 0.0454854 0.267083
108 0.0440482 0.249122
108.2 0.0426851 0.231476
108.4 0.0413946 0.214176
108.6 0.040175 0.197247
108.8 0.0390241 0.180719
109 0.0379397 0.164614
109.2 0.0369193 0.148956
109.4 0.0359601 0.133767
109.6 0.0350595 0.119067
109.8 0.0342144 0.104873
110 0.0334218 0.0912021
110.2 0.0326786 0.0780683
110.4 0.0319816 0.0654842
110.6 0.0313276 0.0534606
110.8 0.0307132 0.0420064
111 0.0301352 0.0311286
111.2 0.0295905 0.0208325
111.4 0.0290757 0.0111215
111.6 0.0285877 0.00199739
111.8 0.0281235 -0.00654
112 0.0276799 -0.0144924
112.2 0.0272541 -0.0218632
112.4 0.0268431 -0.0286575
112.6 0.0264443 -0.0348817
112.8 0.0260551 -0.0405441
113 0.0256729 -0.045654
113.2 0.0252954 -0.0502223
113.4 0.0249204 -0.0542612
113.6 0.0245457 -0.057784
113.8 0.0241696 -0.0608052
114 0.0237901 -0.0633405
114.2 0.0234057 -0.0654063
114.4 0.0230149 -0.0670201
114.6 0.0226164 -0.0682001
114.8 0.022209 -0.0689654
115 0.0217918 -0.0693357
115.2 0.0213638 -0.0693311
115.4 0.0209244 -0.0689723
115.6 0.020473 -0.0682804
115.8 0.0200093 -0.0672769
116 0.019533 -0.0659834
116.2 0.019044 -0.0644218
116.4 0.0185423 -0.0626138
116.6 0.0180281 -0.0605814
116.8 0.0175016 -0.0583464
117 0.0169634 -0.0559306
117.2 0.016414 -0.0533554
117.4 0.0158539 -0.050642
117.6 0.0152841 -0.0478113
117.8 0.0147055 -0.0448839
118 0.0141189 -0.0418798
118.2 0.0135255 -0.0388186
118.4 0.0129265 -0.0357193
118.6 0.0123231 -0.0326005
118.8 0.0117168 -0.0294799
119 0.0111089 -0.0263747
119.2 0.0105011 -0.0233016
119.4 0.00989472 -0.0202762
119.6 0.00929159 -0.0173136
119.8 0.00869333 -0.0144281
120 0.00810171 -0.0116332
120.2 0.00751851 -0.0089417
120.4 0.00694555 -0.00636541
120.6 0.00638469 -0.00391544
120.8 0.00583781 -0.00160206
121 0.00530679 0.000565284
121.2 0.00479356 0.00257799
121.4 0.00430001 0.00442828
121.6 0.00382805 0.00610918
121.8 0.00337958 0.00761456
122 0.00295648 0.00893908
122.2 0.00256059 0.0100782
122.4 0.00219373 0.0110282
122.6 0.00185769 0.0117861
122.8 0.00155418 0.0123497
123 0.00128487 0.0127176
123.2 0.00105138 0.012889
123.4 0.000855244 0.012864
123.6 0.000697907 0.0126433
123.8 0.000580741 0.0122281
124 0.00050502 0.0116207
124.2 0.000471915 0.0108238
124.4 0.000482487 0.00984055
124.6 0.000537683 0.00867505
124.8 0.000638328 0.00733182
125 0.000785115 0.00581597
125.2 0.000978608 0.00413318
125.4 0.00121923 0.00228968
125.6 0.00150725 0.000292212
125.8 0.00184281 -0.00185199
126 0.00222587 -0.00413521
126.2 0.00265626 -0.00654925
126.4 0.00313364 -0.00908547
126.6 0.00365752 -0.0117348
126.8 0.00422722 -0.0144878
127 0.00484194 -0.0173346
127.2 0.00550068 -0.0202649
127.4 0.0062023 -0.0232682
127.6 0.00694551 -0.0263335
127.8 0.00772884 -0.0294497
128 0.00855068 -0.0326052
128.2 0.00940927 -0.0357882
128.4 0.0103027 -0.0389867
128.6 0.011229 -0.0421884
128.8 0.0121859 -0.0453809
129 0.0131712 -0.0485515
129.2 0.0141824 -0.0516876
129.4 0.015217 -0.0547761
129.6 0.0162725 -0.0578042
129.8 0.0173461 -0.0607587
130 0.018435 -0.0636266
130.2 0.0195365 -0.0663948
130.4 0.0206476 -0.0690502
130.6 0.0217655 -0.07158
130.8 0.0228871 -0.0739712
131 0.0240094 -0.076211
131.2 0.0251296 -0.078287
131.4 0.0262446 -0.0801868
131.6 0.0273515 -0.0818984
131.8 0.0284474 -0.0834099
132 0.0295294 -0.0847099
132.2 0.0305948 -0.0857874
132.4 0.0316408 -0.0866317
132.6 0.0326647 -0.0872328
132.8 0.0336641 -0.0875809
133 0.0346366 -0.087667
133.2 0.0355797 -0.0874825
133.4 0.0364914 -0.0870198
133.6 0.0373696 -0.0862715
133.8 0.0382124 -0.0852314
134 0.0390181 -0.0838937
134.2 0.039785 -0.0822536
134.4 0.0405118 -0.0803071
134.6 0.0411973 -0.0780512
134.8 0.0418403 -0.0754836
135 0.0424401 -0.0726031
135.2 0.0429959 -0.0694095
135.4 0.0435072 -0.0659035
135.6 0.0439736 -0.0620869
135.8 0.0443951 -0.0579627
136 0.0447716 -0.0535347
136.2 0.0451035 -0.0488079
136.4 0.0453909 -0.0437885
136.6 0.0456347 -0.0384838
136.8 0.0458353 -0.032902
137 0.0459938 -0.0270527
137.2 0.0461111 -0.0209464
137.4 0.0461885 -0.0145947
137.6 0.0462272 -0.00801052
137.8 0.0462287 -0.00120757
138 0.0461945 0.00579927
138.2 0.0461263 0.0129941
138.4 0.0460258 0.0203602
138.6 0.0458949 0.0278796
138.8 0.0457355 0.0355338
139 0.0455496 0.0433031
139.2 0.0453391 0.0511672
139.4 0.0451063 0.059105
139.6 0.0448532 0.0670948
139.8 0.0445819 0.0751141
140 0.0442947 0.08314
140.2 0.0439935 0.0911491
140.4 0.0436806 0.0991174
140.6 0.0433582 0.107021
140.8 0.0430283 0.114835
141 0.042693 0.122535
141.2 0.0423544 0.130097
141.4 0.0420145 0.137495
141.6 0.0416752 0.144706
141.8 0.0413385 0.151705
142 0.0410063 0.158467
142.2 0.0406802 0.164969
142.4 0.0403622 0.171187
142.6 0.0400539 0.1771
142.8 0.0397569 0.182684
143 0.0394729 0.187919
143.2 0.0392033 0.192784
143.4 0.0389497 0.197259
143.6 0.0387136 0.201325
143.8 0.0384962 0.204966
144 0.0382991 0.208164
144.2 0.0381235 0.210905
144.4 0.0379707 0.213174
144.6 0.0378421 0.214959
144.8 0.037739 0.216248
145 0.0376626 0.217033
145.2 0.0376141 0.217305
145.4 0.037595 0.217057
145.6 0.0376066 0.216284
145.8 0.0376501 0.214984
146 0.0377269 0.213154
146.2 0.0378385 0.210794
146.4 0.0379864 0.207907
146.6 0.038172 0.204496
146.8 0.0383969 0.200565
147 0.0386628 0.196123
147.2 0.0389713 0.191177
147.4 0.0393242 0.185739
147.6 0.0397233 0.179819
147.8 0.0401707 0.173432
148 0.0406681 0.166594
148.2 0.0412177 0.15932
148.4 0.0418216 0.151629
148.6 0.0424819 0.143542
148.8 0.0432009 0.135079
149 0.0439809 0.126262
149.2 0.0448243 0.117117
149.4 0.0457332 0.107667
149.6 0.0467103 0.0979382
149.8 0.0477579 0.0879585
150 0.0488783 0.0777556
150.2 0.0500741 0.0673582
150.4 0.0513476 0.0567959
150.6 0.0527011 0.0460989
150.8 0.0541369 0.0352979
151 0.0556573 0.0244239
151.2 0.0572644 0.0135084
151.4 0.0589601 0.00258297
151.6 0.0607465 -0.00832065
151.8 0.0626251 -0.0191708
152 0.0645977 -0.029936
152.2 0.0666656 -0.0405848
152.4 0.06883 -0.0510863
152.6 0.0710919 -0.06141
152.8 0.0734519 -0.0715259
153 0.0759106 -0.0814048
153.2 0.0784681 -0.0910181
153.4 0.0811243 -0.100338
153.6 0.0838786 -0.109338
153.8 0.0867305 -0.117993
154 0.0896787 -0.126277
154.2 0.0927218 -0.134168
154.4 0.0958578 -0.141643
154.6 0.0990846 -0.148683
154.8 0.102399 -0.155266
155 0.105799 -0.161377
155.2 0.109281 -0.166998
155.4 0.112841 -0.172115
155.6 0.116473 -0.176716
155.8 0.120175 -0.180788
156 0.123941 -0.184322
156.2 0.127765 -0.18731
156.4 0.131641 -0.189746
156.6 0.135564 -0.191627
156.8 0.139526 -0.192948
157 0.14352 -0.19371
157.2 0.14754 -0.193913
157.4 0.151578 -0.193559
157.6 0.155625 -0.192654
157.8 0.159673 -0.191204
158 0.163714 -0.189215
158.2 0.167739 -0.186698
158.4 0.171739 -0.183664
158.6 0.175705 -0.180124
158.8 0.179628 -0.176092
159 0.183498 -0.171585
159.2 0.187306 -0.166619
159.4 0.191042 -0.161211
159.6 0.194696 -0.155381
159.8 0.19826 -0.149149
160 0.201724 -0.142536
160.2 0.205078 -0.135565
160.4 0.208314 -0.128259
160.6 0.211421 -0.120642
160.8 0.214392 -0.112739
161 0.217217 -0.104574
161.2 0.219889 -0.0961743
161.4 0.2224 -0.0875651
161.6 0.224741 -0.0787734
161.8 0.226906 -0.0698259
162 0.228887 -0.0607495
162.2 0.230679 -0.0515712
162.4 0.232276 -0.042318
162.6 0.233671 -0.0330165
162.8 0.23486 -0.0236935
163 0.23584 -0.0143751
163.2 0.236605 -0.00508721
163.4 0.237154 0.00414479
163.6 0.237482 0.0132961
163.8 0.23759 0.0223425
164 0.237474 0.0312606
164.2 0.237134 0.0400277
164.4 0.236571 0.0486219
164.6 0.235785 0.0570222
164.8 0.234776 0.0652089
165 0.233548 0.0731628
165.2 0.232102 0.0808661
165.4 0.230442 0.088302
165.6 0.228571 0.0954549
165.8 0.226493 0.10231
166 0.224214 0.108855
166.2 0.221739 0.115077
166.4 0.219074 0.120966
166.6 0.216225 0.126512
166.8 0.213199 0.131707
167 0.210004 0.136543
167.2 0.206648 0.141017
167.4 0.203138 0.145122
167.6 0.199484 0.148856
167.8 0.195694 0.152217
168 0.191778 0.155205
168.2 0.187745 0.15782
168.4 0.183605 0.160063
168.6 0.179367 0.161939
168.8 0.175042 0.16345
169 0.17064 0.164602
169.2 0.166171 0.165402
169.4 0.161645 0.165855
169.6 0.157072 0.165971
169.8 0.152463 0.165758
170 0.147828 0.165226
170.2 0.143176 0.164385
170.4 0.138518 0.163248
170.6 0.133862 0.161825
170.8 0.129219 0.160129
171 0.124597 0.158174
171.2 0.120005 0.155973
171.4 0.115452 0.153539
171.6 0.110946 0.150888
171.8 0.106494 0.148034
172 0.102105 0.144991
172.2 0.0977845 0.141776
172.4 0.0935398 0.138402
172.6 0.0893768 0.134885
172.8 0.0853015 0.13124
173 0.081319 0.127482
173.2 0.0774341 0.123626
173.4 0.0736511 0.119688
173.6 0.069974 0.115681
173.8 0.066406 0.11162
174 0.0629501 0.107518
174.2 0.0596087 0.10339
174.4 0.0563839 0.099248
174.6 0.053277 0.0951055
174.8 0.0502891 0.0909744
175 0.047421 0.0868665
175.2 0.0446727 0.082793
175.4 0.0420441 0.0787645
175.6 0.0395345 0.074791
175.8 0.0371431 0.070882
176 0.0348684 0.0670462
176.2 0.0327089 0.0632919
176.4 0.0306624 0.0596264
176.6 0.0287267 0.0560568
176.8 0.0268993 0.052589
177 0.0251774 0.0492287
177.2 0.0235579 0.0459808
177.4 0.0220375 0.0428494
177.6 0.020613 0.0398381
177.8 0.0192806 0.0369499
178 0.0180368 0.0341871
178.2 0.0168777 0.0315514
178.4 0.0157994 0.0290439
178.6 0.014798 0.0266651
178.8 0.0138694 0.0244151
179 0.0130097 0.0222934
179.2 0.0122148 0.020299
179.4 0.0114808 0.0184303
179.6 0.0108037 0.0166855
179.8 0.0101796 0.0150622
180 0.00960473 0.0135578
180.2 0.00907532 0.012169
180.4 0.00858777 0.0108927
180.6 0.00813856 0.00972496
180.8 0.00772431 0.00866199
181 0.00734179 0.00769957
181.2 0.00698791 0.00683337
181.4 0.00665972 0.00605883
181.6 0.00635445 0.00537132
181.8 0.00606949 0.00476605
182 0.00580241 0.00423821
182.2 0.00555094 0.00378291
182.4 0.00531299 0.00339524
182.6 0.00508664 0.00307033
182.8 0.00487016 0.0028033
183 0.00466197 0.00258937
183.2 0.00446069 0.00242382
183.4 0.00426506 0.00230202
183.6 0.00407403 0.00221948
183.8 0.00388667 0.00217184
184 0.00370222 0.0021549
184.2 0.00352004 0.00216463
184.4 0.00333965 0.00219716
184.6 0.00316067 0.00224883
184.8 0.00298287 0.0023162
185 0.00280611 0.00239601
185.2 0.00263033 0.00248523
185.4 0.00245561 0.00258105
185.6 0.00228207 0.00268089
185.8 0.00210992 0.00278238
186 0.00193942 0.00288339
186.2 0.00177091 0.00298201
186.4 0.00160475 0.00307655
186.6 0.00144134 0.00316553
186.8 0.00128112 0.00324769
187 0.00112452 0.00332197
187.2 0.000972025 0.00338752
187.4 0.000824079 0.00344365
187.6 0.000681147 0.00348989
187.8 0.000543676 0.00352591
188 0.000412097 0.00355154
188.2 0.00028682 0.00356677
188.4 0.000168225 0.00357173
188.6 5.66627e-05 0.00356666
188.8 -4.7554e-05 0.00355192
189 -0.000144151 0.00352797
189.2 -0.000232894 0.00349535
189.4 -0.000313597 0.0034547
189.6 -0.000386116 0.0034067
189.8 -0.000450355 0.00335209
190 -0.000506268 0.00329165
190.2 -0.000553853 0.00322618
190.4 -0.000593158 0.00315651
190.6 -0.000624275 0.00308347
190.8 -0.000647344 0.0030079
191 -0.000662547 0.00293062
191.2 -0.000670106 0.00285242
191.4 -0.000670285 0.00277408
191.6 -0.000663383 0.00269634
191.8 -0.000649732 0.00261989
192 -0.000629697 0.00254538
192.2 -0.000603667 0.00247341
192.4 -0.000572057 0.00240453
192.6 -0.000535302 0.00233921
192.8 -0.000493852 0.00227788
193 -0.000448174 0.0022209
193.2 -0.000398739 0.00216856
193.4 -0.000346029 0.00212109
193.6 -0.000290524 0.00207864
193.8 -0.000232705 0.00204133
194 -0.000173049 0.00200919
194.2 -0.000112023 0.00198219
194.4 -5.00863e-05 0.00196026
194.6 1.23181e-05 0.00194326
194.8 7.47622e-05 0.001931
195 0.000136837 0.00192325
195.2 0.000198153 0.00191973
195.4 0.000258347 0.00192014
195.6 0.000317076 0.00192411
195.8 0.000374025 0.00193128
196 0.000428906 0.00194125
196.2 0.000481459 0.00195359
196.4 0.000531453 0.00196787
196.6 0.000578685 0.00198365
196.8 0.000622982 0.00200049
197 0.0006642 0.00201793
197.2 0.000702223 0.00203555
197.4 0.000736966 0.00205291
197.6 0.000768369 0.0020696
197.8 0.000796399 0.00208522
198 0.00082105 0.00209941
198.2 0.000842339 0.00211181
198.4 0.000860307 0.00212211
198.6 0.000875014 0.00213001
198.8 0.000886544 0.00213527
199 0.000894995 0.00213765
199.2 0.000900484 0.00213698
199.4 0.000903142 0.00213311
199.6 0.00090311 0.00212593
199.8 0.000900544 0.00211536
200 0.000895606 0.00210138
