Preparing 4 NEW job directories...
Existing max job index: 4
Creating jobs: job_05 .. job_08
Job directory preparation done.
Scheduling 4 NEW job directories:
  job_05
  job_06
  job_07
  job_08
Launching 4 jobs on GPUs: 4
(Ignoring external GPU usage)
Launched job_05 on GPU 4 (PID 1525208)
GPU 4: starting job_05
GPU 4: job_05 finished
GPU 4: internal job PID 1525208 finished.
Launched job_06 on GPU 4 (PID 1636256)
GPU 4: starting job_06
GPU 4: job_06 finished
GPU 4: internal job PID 1636256 finished.
Launched job_07 on GPU 4 (PID 1751065)
GPU 4: starting job_07
GPU 4: job_07 finished
GPU 4: internal job PID 1751065 finished.
Launched job_08 on GPU 4 (PID 1848867)
GPU 4: starting job_08
GPU 4: job_08 finished
GPU 4: internal job PID 1848867 finished.
All jobs finished.
