   2.963070e+02   3.097872e+02   3.030608e+02   3.087557e+02   3.049654e+02   2.960709e+02   2.900479e+02  -7.640850e+01  -1.540262e+00
   2.973145e+02   3.096572e+02   3.013949e+02   3.066583e+02   3.051730e+02   2.945589e+02   2.897817e+02  -1.106535e+02   3.476819e+01
   2.987469e+02   3.099285e+02   3.027694e+02   3.089199e+02   3.047438e+02   2.958797e+02   2.903360e+02  -1.629120e+02   7.571234e+01
   2.978123e+02   3.098599e+02   3.039925e+02   3.095392e+02   3.061875e+02   2.992035e+02   2.900312e+02  -2.001627e+02   1.157938e+02
   2.984974e+02   3.100191e+02   3.023007e+02   3.073339e+02   3.062621e+02   2.959248e+02   2.900697e+02  -2.229906e+02   1.515719e+02
   2.985359e+02   3.096527e+02   3.012136e+02   3.066348e+02   3.044138e+02   2.939107e+02   2.897778e+02  -2.585360e+02   1.757665e+02
   2.986281e+02   3.102512e+02   3.045115e+02   3.099248e+02   3.076728e+02   2.980534e+02   2.901492e+02  -3.163912e+02   2.101658e+02
   2.984446e+02   3.100592e+02   3.034452e+02   3.070030e+02   3.052591e+02   2.958764e+02   2.903014e+02  -3.348612e+02   2.496975e+02
   2.975181e+02   3.096321e+02   3.033624e+02   3.067203e+02   3.054233e+02   2.970565e+02   2.900801e+02  -3.634783e+02   2.975798e+02
   2.992850e+02   3.094701e+02   3.036034e+02   3.089353e+02   3.074202e+02   2.982922e+02   2.903510e+02  -4.117789e+02   3.385424e+02
   2.988198e+02   3.100856e+02   3.033115e+02   3.082272e+02   3.080759e+02   2.955087e+02   2.901476e+02  -4.708307e+02   3.913416e+02
   2.991165e+02   3.100710e+02   3.042851e+02   3.082496e+02   3.082908e+02   2.993852e+02   2.902068e+02  -5.002916e+02   4.332565e+02
   2.983518e+02   3.102941e+02   3.039646e+02   3.093104e+02   3.074071e+02   2.967777e+02   2.903224e+02  -5.503645e+02   4.717673e+02
   2.982793e+02   3.095983e+02   3.039371e+02   3.097170e+02   3.069371e+02   2.982113e+02   2.900783e+02  -5.773444e+02   5.007852e+02
   2.981323e+02   3.101548e+02   3.035941e+02   3.084701e+02   3.064801e+02   2.985066e+02   2.897802e+02  -6.286604e+02   5.536127e+02
   2.978480e+02   3.101655e+02   3.039112e+02   3.109853e+02   3.080698e+02   2.965632e+02   2.902226e+02  -6.508824e+02   5.932429e+02
   2.977667e+02   3.097722e+02   3.035541e+02   3.089718e+02   3.063584e+02   2.971362e+02   2.904419e+02  -6.861143e+02   6.315585e+02
   2.972779e+02   3.100407e+02   3.030536e+02   3.089236e+02   3.071831e+02   2.954576e+02   2.900409e+02  -7.362821e+02   6.711002e+02
   2.995155e+02   3.099991e+02   3.023844e+02   3.062186e+02   3.042718e+02   2.987297e+02   2.902105e+02  -7.628876e+02   7.097619e+02
   2.980143e+02   3.099456e+02   3.033708e+02   3.078712e+02   3.048399e+02   2.983696e+02   2.903789e+02  -8.113314e+02   7.509145e+02
   2.988284e+02   3.096440e+02   3.033134e+02   3.095163e+02   3.050958e+02   2.974520e+02   2.900802e+02  -8.410962e+02   7.982848e+02
   2.986238e+02   3.098102e+02   3.030861e+02   3.089944e+02   3.047513e+02   2.964045e+02   2.901776e+02  -9.001925e+02   8.327477e+02
   2.984764e+02   3.098255e+02   3.026765e+02   3.070246e+02   3.066909e+02   2.958029e+02   2.900269e+02  -9.093103e+02   8.642154e+02
   2.975100e+02   3.098942e+02   3.026524e+02   3.072055e+02   3.048061e+02   2.969659e+02   2.901717e+02  -9.582068e+02   9.001542e+02
   2.994664e+02   3.098868e+02   3.027170e+02   3.088136e+02   3.056054e+02   2.956307e+02   2.899731e+02  -1.002064e+03   9.420446e+02
   2.988193e+02   3.098060e+02   3.029485e+02   3.089969e+02   3.061922e+02   2.967937e+02   2.905937e+02  -1.056789e+03   9.872078e+02
   2.983363e+02   3.097782e+02   3.032375e+02   3.091419e+02   3.058553e+02   2.979135e+02   2.899857e+02  -1.085884e+03   1.033872e+03
   2.968954e+02   3.098412e+02   3.013970e+02   3.055583e+02   3.043362e+02   2.947778e+02   2.902440e+02  -1.131173e+03   1.078089e+03
   2.974099e+02   3.097054e+02   3.025736e+02   3.076796e+02   3.051396e+02   2.963584e+02   2.901240e+02  -1.182438e+03   1.123340e+03
   2.990927e+02   3.099789e+02   3.039823e+02   3.083502e+02   3.066466e+02   2.956192e+02   2.900239e+02  -1.217702e+03   1.157638e+03
   2.993603e+02   3.100541e+02   3.041166e+02   3.085265e+02   3.061249e+02   2.998823e+02   2.902713e+02  -1.265766e+03   1.196056e+03
   2.974892e+02   3.099064e+02   3.028582e+02   3.081668e+02   3.058347e+02   2.957739e+02   2.897015e+02  -1.288547e+03   1.237992e+03
   2.986145e+02   3.097925e+02   3.028597e+02   3.073185e+02   3.063588e+02   2.959157e+02   2.899427e+02  -1.324029e+03   1.268816e+03
   2.989674e+02   3.104551e+02   3.031189e+02   3.095890e+02   3.050963e+02   2.975059e+02   2.901797e+02  -1.376052e+03   1.302373e+03
   2.990706e+02   3.097415e+02   3.024611e+02   3.078370e+02   3.063707e+02   2.946538e+02   2.901139e+02  -1.399193e+03   1.351450e+03
   2.994104e+02   3.100002e+02   3.027419e+02   3.083813e+02   3.059432e+02   2.961368e+02   2.896950e+02  -1.443057e+03   1.376639e+03
   2.974147e+02   3.098990e+02   3.035160e+02   3.089403e+02   3.074826e+02   2.972032e+02   2.899137e+02  -1.471404e+03   1.409572e+03
   2.997070e+02   3.099642e+02   3.041106e+02   3.092470e+02   3.061085e+02   2.986510e+02   2.903167e+02  -1.514470e+03   1.444807e+03
   2.972035e+02   3.096895e+02   3.035486e+02   3.084465e+02   3.072471e+02   2.988670e+02   2.903138e+02  -1.552076e+03   1.493930e+03
   2.983271e+02   3.102164e+02   3.034856e+02   3.099875e+02   3.074445e+02   2.964752e+02   2.908364e+02  -1.592753e+03   1.529148e+03
