=== Testing 100-168-dis ===
  -> RMSE: E=0.0012929052556161576, F=0.07783758629869321, V=0.005612615983764702
=== Testing 100-168-md300k ===
  -> RMSE: E=0.0018059828349128691, F=0.12416550687251228, V=0.012385131817034406
=== Testing 100-168-md600k ===
  -> RMSE: E=0.0018089391919022687, F=0.13491618360766175, V=0.012786695815471899
=== Testing 100-168-md900k ===
  -> RMSE: E=0.0027344367460561338, F=0.25949142475742654, V=0.02615701509054711
=== Testing 100-84-md300k ===
  -> RMSE: E=0.0025941523607121196, F=0.1325966348757971, V=0.01986628103170062
=== Testing 100-84-md450k ===
  -> RMSE: E=0.00428862114054492, F=0.13418828723186008, V=0.02308747691532098
=== Testing 100-84-md600k ===
  -> RMSE: E=0.0024596163565399945, F=0.18748387024758797, V=0.023946158051029256
=== Testing 100-84-md900k ===
  -> RMSE: E=0.003221740017112561, F=0.21965984281925768, V=0.03243123170430955
=== Testing 100-84-melt ===
  -> RMSE: E=0.03144106871593266, F=0.7083039713901308, V=0.10171349041049461
=== Testing 100-84-random ===
  -> RMSE: E=0.0026860319910869783, F=0.10905220320566318, V=0.024756464614245934
=== Testing 201_106-dis ===
  -> RMSE: E=0.0003021787550441972, F=0.04839979713712441, V=0.012147878019027347
=== Testing 201-106-md300k ===
  -> RMSE: E=0.003346080244106559, F=0.08453093953706607, V=0.014680460286611793
=== Testing 201-106-md600k ===
  -> RMSE: E=0.0015114935895620084, F=0.12566787161584184, V=0.014818949128583008
=== Testing 201-106-md900k ===
  -> RMSE: E=0.002694256112547633, F=0.1637607612495698, V=0.02214252021563251
=== Testing 201_106-melt ===
  -> RMSE: E=0.026787747609681545, F=0.6915567250779475, V=0.0893663518720243
=== Testing 201-69-md300k ===
  -> RMSE: E=0.0012874746945508756, F=0.074748331228261, V=0.013108453492643704
=== Testing 201-69-md450k ===
  -> RMSE: E=0.0020715453169072007, F=0.09081531044880702, V=0.015414780005603593
=== Testing 201-69-md600k ===
  -> RMSE: E=0.004070857772018014, F=0.12420027285054491, V=0.01652906102617462
=== Testing 201-69-md900k ===
  -> RMSE: E=0.0021573757206383454, F=0.14647569729034945, V=0.023584417297387472
=== Testing 201-69-random ===
  -> RMSE: E=0.0008605832739650609, F=0.07048401081566463, V=0.025086506894935547
=== Testing Ga2O3-md300-1000k ===
  -> RMSE: E=0.0006721383786096781, F=0.07567769226248662, V=0.012828526185033757
=== Testing Ga2O3-md300k ===
  -> RMSE: E=0.00033911211966388327, F=0.05220423890943059, V=0.010332287880935327
=== Testing Ga2O3-md600k ===
  -> RMSE: E=0.0004807522982547268, F=0.07198865470569746, V=0.012183696002062585
=== Testing Ga2O3-md900k ===
  -> RMSE: E=0.0008893100006340504, F=0.09144616823353295, V=0.015628504231285867
=== Testing Ga2O3-scale ===
  -> RMSE: E=0.0013449958127309785, F=0.038843945553874416, V=0.020484709976444953
=== Testing SiC-md300-1000k ===
  -> RMSE: E=0.0006913949667157835, F=0.050841638645457765, V=0.00675039920718848
=== Testing SiC-md300k ===
  -> RMSE: E=0.00041406802047658735, F=0.0291562484878733, V=0.003178866881711149
=== Testing SiC-md600k ===
  -> RMSE: E=0.0007016218834434648, F=0.0483661730572852, V=0.0046889835534511684
=== Testing SiC-md900k ===
  -> RMSE: E=0.0007468183338419154, F=0.06233194402861159, V=0.009479149396511934
=== Testing SiC-scale ===
  -> RMSE: E=0.0006402532122716354, F=0.02450685971619915, V=0.014485396141348587
Done. Summary in tests/rmse_summary.csv
[OK] Saved parity_energy.png
[OK] Saved parity_force.png
[OK] Saved parity_virial.png
[OK] Saved bar_E_RMSE.png
[OK] Saved bar_F_RMSE.png
[OK] Saved bar_V_RMSE.png
All parity and bar plots generated.
