-0.498 -1.74336e-05 -1.61995e-05
-0.496 -6.33186e-05 -6.16799e-05
-0.494 -0.000135191 -0.000132053
-0.492 -0.000241191 -0.000225289
-0.49 -0.000400322 -0.000343844
-0.488 -0.000641422 -0.000496053
-0.486 -0.00100091 -0.000696491
-0.484 -0.00151951 -0.000965096
-0.482 -0.00223822 -0.00132498
-0.48 -0.00319391 -0.00179909
-0.478 -0.00441494 -0.00240593
-0.476 -0.00591707 -0.00315486
-0.474 -0.00770035 -0.00404163
-0.472 -0.00974691 -0.00504454
-0.47 -0.0120203 -0.00612216
-0.468 -0.0144664 -0.00721283
-0.466 -0.0170158 -0.00823653
-0.464 -0.019588 -0.00909897
-0.462 -0.0220967 -0.00969793
-0.46 -0.0244569 -0.00993134
-0.458 -0.0265912 -0.00970646
-0.456 -0.0284379 -0.00894935
-0.454 -0.0299566 -0.00761372
-0.452 -0.031134 -0.00568837
-0.45 -0.0319864 -0.00320218
-0.448 -0.0325606 -0.000226272
-0.446 -0.0329317 0.00312733
-0.444 -0.0331974 0.00671066
-0.442 -0.0334704 0.0103483
-0.44 -0.0338682 0.013849
-0.438 -0.0345015 0.0170198
-0.436 -0.0354629 0.019682
-0.434 -0.0368156 0.0216869
-0.432 -0.0385845 0.0229309
-0.43 -0.0407502 0.0233683
-0.428 -0.0432452 0.0230199
-0.426 -0.0459552 0.0219774
-0.424 -0.0487226 0.0204014
-0.422 -0.051354 0.0185133
-0.42 -0.0536298 0.0165822
-0.418 -0.055317 0.0149055
-0.416 -0.0561827 0.0137858
-0.414 -0.056009 0.013506
-0.412 -0.0546081 0.0143029
-0.41 -0.0518375 0.0163437
-0.408 -0.0476131 0.0197047
-0.406 -0.0419212 0.0243566
-0.404 -0.034827 0.0301559
-0.402 -0.0264785 0.0368442
-0.4 -0.0171068 0.0440559
-0.398 -0.00701928 0.0513344
-0.396 0.00341171 0.0581546
-0.394 0.0137664 0.0639532
-0.392 0.0235993 0.0681623
-0.39 0.0324645 0.0702462
-0.388 0.0399426 0.0697381
-0.386 0.0456662 0.0662735
-0.384 0.0493446 0.0596198
-0.382 0.0507831 0.0496971
-0.38 0.0498972 0.0365898
-0.378 0.0467208 0.020547
-0.376 0.0414072 0.00197155
-0.374 0.034224 -0.0186029
-0.372 0.0255416 -0.0405445
-0.37 0.0158164 -0.0631638
-0.368 0.0055685 -0.0857587
-0.366 -0.0046438 -0.10766
-0.364 -0.0142531 -0.128276
-0.362 -0.0227142 -0.147127
-0.36 -0.0295353 -0.163872
-0.358 -0.0343097 -0.178327
-0.356 -0.0367425 -0.190464
-0.354 -0.0366742 -0.200405
-0.352 -0.0340959 -0.208399
-0.35 -0.0291558 -0.214797
-0.348 -0.022155 -0.220013
-0.346 -0.0135328 -0.224489
-0.344 -0.00384021 -0.228655
-0.342 0.00629451 -0.232895
-0.34 0.0162085 -0.237517
-0.338 0.0252503 -0.242729
-0.336 0.032826 -0.248623
-0.334 0.0384429 -0.255173
-0.332 0.0417468 -0.262234
-0.33 0.0425498 -0.269562
-0.328 0.0408482 -0.27683
-0.326 0.0368277 -0.283661
-0.324 0.0308569 -0.289655
-0.322 0.0234688 -0.294429
-0.32 0.0153314 -0.297643
-0.318 0.00720911 -0.299032
-0.316 -8.42111e-05 -0.298427
-0.314 -0.00573712 -0.295765
-0.312 -0.00899556 -0.291093
-0.31 -0.00921732 -0.284561
-0.308 -0.0059222 -0.2764
-0.306 0.00116602 -0.266902
-0.304 0.0120899 -0.256382
-0.302 0.0266446 -0.24515
-0.3 0.0443825 -0.233477
-0.298 0.0646385 -0.221563
-0.296 0.0865736 -0.209522
-0.294 0.109237 -0.197369
-0.292 0.131641 -0.185024
-0.29 0.152844 -0.172319
-0.288 0.172032 -0.159028
-0.286 0.188597 -0.144895
-0.284 0.2022 -0.129672
-0.282 0.212816 -0.11316
-0.28 0.220751 -0.0952469
-0.278 0.226636 -0.0759436
-0.276 0.231401 -0.0554068
-0.274 0.236211 -0.033955
-0.272 0.242397 -0.0120682
-0.27 0.251361 0.00962561
-0.268 0.264484 0.0303798
-0.266 0.283019 0.0493716
-0.264 0.307996 0.0657565
-0.262 0.340127 0.0787299
-0.26 0.379733 0.0875926
-0.258 0.426676 0.0918155
-0.256 0.480329 0.0910965
-0.254 0.53956 0.0854056
-0.252 0.602752 0.0750127
-0.25 0.667862 0.0604936
-0.248 0.732497 0.0427122
-0.246 0.794033 0.0227785
-0.244 0.849752 0.00198186
-0.242 0.896993 -0.0182931
-0.24 0.933315 -0.0366658
-0.238 0.956654 -0.0518639
-0.236 0.965466 -0.0628248
-0.234 0.958855 -0.0687854
-0.232 0.936655 -0.0693524
-0.23 0.899486 -0.0645445
-0.228 0.848758 -0.0548047
-0.226 0.786627 -0.0409781
-0.224 0.715901 -0.0242585
-0.222 0.63991 -0.00610484
-0.22 0.56233 0.0118641
-0.218 0.48699 0.0279909
-0.216 0.417663 0.0407067
-0.214 0.357849 0.0486561
-0.212 0.310586 0.0508093
-0.21 0.278271 0.0465545
-0.208 0.262522 0.0357632
-0.206 0.264083 0.0188222
-0.204 0.282776 -0.00337028
-0.202 0.317503 -0.0294465
-0.2 0.366303 -0.0576474
-0.198 0.426456 -0.0859341
-0.196 0.494631 -0.112126
-0.194 0.567063 -0.134059
-0.192 0.639755 -0.149746
-0.19 0.708689 -0.15754
-0.188 0.770033 -0.156272
-0.186 0.820334 -0.145363
-0.184 0.856685 -0.124898
-0.182 0.876869 -0.0956402
-0.18 0.879456 -0.0590091
-0.178 0.863858 -0.0169936
-0.176 0.830348 0.0279742
-0.174 0.780018 0.0731847
-0.172 0.714702 0.115841
-0.17 0.636855 0.153262
-0.168 0.549402 0.183075
-0.166 0.455567 0.203398
-0.164 0.358687 0.212981
-0.162 0.262037 0.211306
-0.16 0.168657 0.198634
-0.158 0.0812103 0.175999
-0.156 0.00186721 0.145142
-0.154 -0.0677746 0.108393
-0.152 -0.126728 0.0685183
-0.15 -0.174616 0.0285235
-0.148 -0.211625 -0.0085528
-0.146 -0.238429 -0.0398532
-0.144 -0.256078 -0.0629043
-0.142 -0.265876 -0.0757943
-0.14 -0.269244 -0.0773126
-0.138 -0.267597 -0.0670418
-0.136 -0.262231 -0.045393
-0.134 -0.254243 -0.0135813
-0.132 -0.244478 0.0264574
-0.13 -0.233511 0.0722059
-0.128 -0.221654 0.120749
-0.126 -0.208997 0.168991
-0.124 -0.195452 0.213888
-0.122 -0.180807 0.252676
-0.12 -0.164775 0.283088
-0.118 -0.147034 0.30353
-0.116 -0.127248 0.313204
-0.114 -0.105075 0.312181
-0.112 -0.080172 0.301397
-0.11 -0.052189 0.282594
-0.108 -0.020771 0.258184
-0.106 0.0144318 0.231067
-0.104 0.0537437 0.204409
-0.102 0.0974354 0.181385
-0.1 0.145693 0.164931
-0.098 0.198592 0.157501
-0.096 0.256085 0.160858
-0.094 0.317997 0.175923
-0.092 0.384043 0.202671
-0.09 0.45385 0.240112
-0.088 0.526977 0.28633
-0.086 0.60293 0.338597
-0.084 0.681156 0.393548
-0.082 0.761022 0.447407
-0.08 0.84176 0.496247
-0.078 0.922413 0.536268
-0.076 1.00177 0.564079
-0.074 1.07831 0.576955
-0.072 1.15017 0.573054
-0.07 1.21518 0.551581
-0.068 1.27092 0.512878
-0.066 1.31484 0.458435
-0.064 1.34446 0.390813
-0.062 1.35753 0.313494
-0.06 1.35232 0.230653
-0.058 1.32784 0.146877
-0.056 1.28397 0.0668428
-0.054 1.22165 -0.00501018
-0.052 1.14289 -0.0648016
-0.05 1.05076 -0.109493
-0.048 0.949251 -0.137109
-0.046 0.843108 -0.146893
-0.044 0.737579 -0.139361
-0.042 0.638154 -0.116275
-0.04 0.550282 -0.0805204
-0.038 0.479091 -0.0359023
-0.036 0.429132 0.0131262
-0.034 0.404126 0.0617868
-0.032 0.406762 0.105326
-0.03 0.438511 0.139368
-0.028 0.499497 0.160249
-0.026 0.588421 0.165296
-0.024 0.702545 0.153052
-0.022 0.83776 0.123402
-0.02 0.988734 0.0776083
-0.018 1.14913 0.0182413
-0.016 1.31194 -0.0509893
-0.014 1.46981 -0.125491
-0.012 1.61551 -0.200113
-0.01 1.74231 -0.269524
-0.008 1.84445 -0.328595
-0.006 1.91748 -0.372783
-0.004 1.95853 -0.398464
-0.002 1.96649 -0.403205
0 1.94209 -0.385949
0.002 1.8878 -0.347318
0.004 1.80746 -0.288978
0.006 1.70622 -0.214091
0.008 1.5901 -0.12693
0.01 1.46555 -0.0325867
0.012 1.33911 0.0633704
0.014 1.21699 0.155272
0.016 1.10474 0.23773
0.018 1.00697 0.305998
0.02 0.927117 0.356291
0.022 0.867336 0.386037
0.024 0.828373 0.394056
0.026 0.809598 0.380637
0.028 0.809076 0.347521
0.03 0.823722 0.29778
0.032 0.849528 0.235612
0.034 0.881841 0.166046
0.036 0.915696 0.0945853
0.038 0.946171 0.0268245
0.04 0.968745 -0.0319569
0.042 0.979637 -0.0771737
0.044 0.976093 -0.105267
0.046 0.956599 -0.113965
0.048 0.920996 -0.102441
0.05 0.870471 -0.0713775
0.052 0.807446 -0.0229023
0.054 0.735353 0.0395721
0.056 0.658326 0.11161
0.058 0.580852 0.188089
0.06 0.507399 0.263578
0.062 0.442074 0.332743
0.064 0.388319 0.390732
0.066 0.348688 0.433523
0.068 0.324696 0.458199
0.07 0.31675 0.463146
0.072 0.324167 0.448147
0.074 0.345251 0.414375
0.076 0.37744 0.364292
0.078 0.417492 0.301454
0.08 0.461706 0.230245
0.082 0.506159 0.155558
0.084 0.546954 0.0824533
0.086 0.580458 0.0158043
0.088 0.60352 -0.0400315
0.09 0.613663 -0.0814984
0.092 0.609242 -0.106068
0.094 0.589545 -0.11239
0.096 0.554842 -0.100355
0.098 0.506374 -0.0710768
0.1 0.446269 -0.0267854
0.102 0.377399 0.0293499
0.104 0.303173 0.0934592
0.106 0.227289 0.161252
0.108 0.153467 0.228321
0.11 0.0851735 0.290441
0.112 0.0253803 0.343855
0.114 -0.0236352 0.385512
0.116 -0.0604197 0.413254
0.118 -0.0844011 0.425932
0.12 -0.0958659 0.423445
0.122 -0.0958669 0.406712
0.124 -0.0860705 0.377561
0.126 -0.0685629 0.338569
0.128 -0.0456356 0.292844
0.13 -0.01957 0.243789
0.132 0.00755981 0.194846
0.134 0.0340494 0.149251
0.136 0.0586819 0.109813
0.138 0.0807937 0.0787276
0.14 0.100288 0.0574479
0.142 0.1176 0.0466035
0.144 0.133612 0.0459865
0.146 0.149546 0.0545958
0.148 0.166817 0.0707369
0.15 0.186884 0.0921694
0.152 0.211087 0.11629
0.154 0.240499 0.140337
0.156 0.275796 0.161605
0.158 0.317149 0.177643
0.16 0.364166 0.186439
0.162 0.415865 0.186561
0.164 0.470707 0.177256
0.166 0.526665 0.158493
0.168 0.581348 0.130956
0.17 0.632148 0.0959822
0.172 0.676426 0.05545
0.174 0.711701 0.0116335
0.176 0.735849 -0.032972
0.178 0.747274 -0.0758355
0.18 0.745059 -0.114574
0.182 0.729069 -0.14712
0.184 0.699999 -0.171859
0.186 0.659369 -0.18773
0.188 0.609444 -0.194284
0.19 0.553116 -0.19169
0.192 0.493724 -0.180702
0.194 0.434845 -0.162578
0.196 0.380069 -0.13897
0.198 0.332771 -0.111787
0.2 0.295894 -0.0830398
0.202 0.271766 -0.0546932
0.204 0.261953 -0.0285198
0.206 0.267171 -0.00598054
0.208 0.287241 0.0118671
0.21 0.321107 0.024423
0.212 0.366911 0.0315593
0.214 0.422107 0.0335962
0.216 0.483622 0.031242
0.218 0.548047 0.0255061
0.22 0.611843 0.01759
0.222 0.671556 0.00877096
0.224 0.724019 0.000284768
0.226 0.766536 -0.00678049
0.228 0.797031 -0.0115721
0.23 0.814158 -0.0135356
0.232 0.817357 -0.0124492
0.234 0.806858 -0.00842806
0.236 0.78364 -0.00189953
0.238 0.749338 0.00644677
0.24 0.706112 0.0157295
0.242 0.65649 0.0249599
0.244 0.603197 0.0331326
0.246 0.548971 0.0393142
0.248 0.496399 0.0427244
0.25 0.447763 0.0428006
0.252 0.40492 0.0392432
0.254 0.36921 0.0320366
0.256 0.341407 0.0214459
0.258 0.321709 0.00798946
0.26 0.309757 -0.00760966
0.262 0.304706 -0.0244884
0.264 0.305307 -0.0417195
0.266 0.310032 -0.0583909
0.268 0.317194 -0.0736825
0.27 0.325093 -0.0869338
0.272 0.332139 -0.0976971
0.274 0.336968 -0.105771
0.276 0.338539 -0.111215
0.278 0.336186 -0.114335
0.28 0.329649 -0.11566
0.282 0.31906 -0.115883
0.284 0.304904 -0.115807
0.286 0.287947 -0.116263
0.288 0.269148 -0.11804
0.29 0.249565 -0.12181
0.292 0.23025 -0.128065
0.294 0.212162 -0.137072
0.296 0.196086 -0.148843
0.298 0.182574 -0.163129
0.3 0.171912 -0.179434
0.302 0.164102 -0.197055
0.304 0.158876 -0.215134
0.306 0.155723 -0.232726
0.308 0.153942 -0.248875
0.31 0.152695 -0.262691
0.312 0.151084 -0.27342
0.314 0.148221 -0.280504
0.316 0.1433 -0.283625
0.318 0.135664 -0.282729
0.32 0.124866 -0.278027
0.322 0.110707 -0.269977
0.324 0.0932625 -0.259244
0.326 0.0728884 -0.246648
0.328 0.0501988 -0.233095
0.33 0.0260295 -0.21951
0.332 0.00137925 -0.206767
0.334 -0.0226606 -0.195625
0.336 -0.044985 -0.186673
0.338 -0.0645539 -0.180296
0.34 -0.0804652 -0.176645
0.342 -0.0920167 -0.175636
0.344 -0.0987514 -0.176959
0.346 -0.100485 -0.180104
0.348 -0.097314 -0.184407
0.35 -0.0896053 -0.189094
0.352 -0.0779684 -0.193343
0.354 -0.0632138 -0.196347
0.356 -0.046301 -0.197369
0.358 -0.028279 -0.195799
0.36 -0.0102238 -0.191194
0.362 0.00682314 -0.183318
0.364 0.0219134 -0.172147
0.366 0.0342432 -0.157879
0.368 0.0431955 -0.140911
0.37 0.0483705 -0.121814
0.372 0.049603 -0.101288
0.374 0.0469646 -0.0801109
0.376 0.040751 -0.0590876
0.378 0.031455 -0.038992
0.38 0.0197262 -0.0205188
0.382 0.00632253 -0.00424195
0.384 -0.00794555 0.00941692
0.386 -0.0222706 0.0202066
0.388 -0.0359014 0.0280515
0.39 -0.0481879 0.033045
0.392 -0.0586164 0.0354301
0.394 -0.0668323 0.0355725
0.396 -0.072649 0.0339262
0.398 -0.0760452 0.0309963
0.4 -0.0771508 0.0273005
0.402 -0.0762237 0.0233328
0.404 -0.0736207 0.0195325
0.406 -0.069764 0.0162584
0.408 -0.0651064 0.013772
0.41 -0.0600982 0.012228
0.412 -0.0551562 0.0116741
0.414 -0.0506382 0.0120582
0.416 -0.0468229 0.0132428
0.418 -0.0438975 0.0150244
0.42 -0.0419515 0.0171566
0.422 -0.0409794 0.0193747
0.424 -0.0408886 0.02142
0.426 -0.0415146 0.0230616
0.428 -0.0426405 0.0241143
0.43 -0.0440183 0.0244511
0.432 -0.0453926 0.0240107
0.434 -0.0465222 0.0227973
0.436 -0.0471987 0.0208764
0.438 -0.0472619 0.0183646
0.44 -0.0466083 0.0154167
0.442 -0.0451954 0.0122102
0.444 -0.0430403 0.00892907
0.446 -0.0402129 0.00574895
0.448 -0.0368265 0.00282397
0.45 -0.0330259 0.0002767
0.452 -0.0289736 -0.0018082
0.454 -0.024837 -0.00338658
0.456 -0.0207759 -0.00445371
0.458 -0.0169324 -0.00503994
0.46 -0.0134226 -0.00520387
0.462 -0.0103313 -0.00502394
0.464 -0.00770981 -0.00458935
0.466 -0.00557613 -0.00399115
0.468 -0.00391773 -0.0033144
0.47 -0.00269649 -0.00263192
0.472 -0.00185488 -0.00200009
0.474 -0.00132302 -0.0014568
0.476 -0.0010258 -0.00102151
0.478 -0.000889434 -0.000697255
0.48 -0.000847107 -0.000473947
0.482 -0.000843193 -0.00033268
0.484 -0.000835945 -0.000250275
0.486 -0.000798613 -0.00020357
0.488 -0.00071912 -0.000172937
0.49 -0.00059854 -0.000144656
0.492 -0.000448692 -0.000111976
0.494 -0.000289191 -7.48304e-05
0.496 -0.000144283 -3.838e-05
0.498 -3.97343e-05 -1.06988e-05
0.2 0.62316 0.0123076
0.4 0.622379 0.0126983
0.6 0.621078 0.0133476
0.8 0.619259 0.0142524
1 0.616925 0.0154088
1.2 0.614078 0.0168116
1.4 0.610722 0.0184544
1.6 0.606863 0.0203299
1.8 0.602504 0.0224297
2 0.597653 0.0247443
2.2 0.592315 0.0272632
2.4 0.586498 0.0299751
2.6 0.580211 0.0328677
2.8 0.573462 0.035928
3 0.56626 0.0391419
3.2 0.558618 0.0424949
3.4 0.550545 0.0459716
3.6 0.542054 0.0495562
3.8 0.533157 0.0532321
4 0.523869 0.0569824
4.2 0.514204 0.0607898
4.4 0.504177 0.0646365
4.6 0.493804 0.0685045
4.8 0.483102 0.0723758
5 0.472089 0.076232
5.2 0.460784 0.0800549
5.4 0.449205 0.083826
5.6 0.437373 0.0875273
5.8 0.425308 0.0911407
6 0.413032 0.0946484
6.2 0.400566 0.0980332
6.4 0.387934 0.101278
6.6 0.375159 0.104366
6.8 0.362265 0.107281
7 0.349276 0.110009
7.2 0.336217 0.112534
7.4 0.323114 0.114842
7.6 0.309991 0.11692
7.8 0.296876 0.118756
8 0.283794 0.120339
8.2 0.270771 0.121657
8.4 0.257835 0.122701
8.6 0.245011 0.123464
8.8 0.232327 0.123937
9 0.219807 0.124115
9.2 0.207479 0.123992
9.4 0.195369 0.123564
9.6 0.183501 0.122828
9.8 0.1719 0.121784
10 0.160592 0.12043
10.2 0.1496 0.118767
10.4 0.138946 0.116798
10.6 0.128654 0.114525
10.8 0.118745 0.111954
11 0.109239 0.109089
11.2 0.100156 0.105938
11.4 0.0915137 0.102509
11.6 0.0833297 0.0988094
11.8 0.0756199 0.094851
12 0.0683988 0.0906442
12.2 0.0616798 0.0862013
12.4 0.0554746 0.0815354
12.6 0.0497937 0.0766604
12.8 0.0446458 0.071591
13 0.0400383 0.0663429
13.2 0.0359767 0.0609324
13.4 0.0324653 0.0553764
13.6 0.0295064 0.0496924
13.8 0.0271008 0.0438985
14 0.0252476 0.0380131
14.2 0.0239444 0.0320552
14.4 0.0231868 0.0260438
14.6 0.0229692 0.0199983
14.8 0.0232839 0.0139383
15 0.0241221 0.00788314
15.2 0.0254731 0.00185247
15.4 0.0273248 -0.00413433
15.6 0.0296635 -0.010058
15.8 0.0324744 -0.0158997
16 0.0357409 -0.0216406
16.2 0.0394455 -0.0272627
16.4 0.0435692 -0.0327482
16.6 0.048092 -0.03808
16.8 0.0529928 -0.0432415
17 0.0582495 -0.0482171
17.2 0.0638391 -0.0529916
17.4 0.0697377 -0.0575508
17.6 0.0759208 -0.0618816
17.8 0.0823633 -0.0659715
18 0.0890394 -0.0698092
18.2 0.0959232 -0.0733844
18.4 0.102988 -0.0766879
18.6 0.110208 -0.0797116
18.8 0.117555 -0.0824487
19 0.125003 -0.0848933
19.2 0.132526 -0.0870411
19.4 0.140096 -0.0888886
19.6 0.147688 -0.0904339
19.8 0.155275 -0.0916762
20 0.162833 -0.0926159
20.2 0.170336 -0.0932548
20.4 0.17776 -0.0935959
20.6 0.185082 -0.0936432
20.8 0.192278 -0.0934022
21 0.199327 -0.0928795
21.2 0.206209 -0.0920827
21.4 0.212902 -0.0910208
21.6 0.219388 -0.0897035
21.8 0.225648 -0.088142
22 0.231667 -0.086348
22.2 0.237429 -0.0843344
22.4 0.242918 -0.0821149
22.6 0.248122 -0.079704
22.8 0.253029 -0.077117
23 0.257628 -0.0743697
23.2 0.26191 -0.0714788
23.4 0.265865 -0.0684611
23.6 0.269487 -0.0653343
23.8 0.27277 -0.0621161
24 0.27571 -0.0588246
24.2 0.278303 -0.0554782
24.4 0.280547 -0.0520954
24.6 0.28244 -0.0486945
24.8 0.283983 -0.045294
25 0.285176 -0.0419123
25.2 0.286021 -0.0385673
25.4 0.286522 -0.0352768
25.6 0.286682 -0.0320582
25.8 0.286506 -0.0289285
26 0.286 -0.025904
26.2 0.285169 -0.0230005
26.4 0.284021 -0.0202331
26.6 0.282563 -0.0176161
26.8 0.280804 -0.015163
27 0.278752 -0.0128866
27.2 0.276417 -0.0107984
27.4 0.273808 -0.00890927
27.6 0.270934 -0.00722881
27.8 0.267807 -0.00576564
28 0.264437 -0.00452725
28.2 0.260833 -0.00351996
28.4 0.257008 -0.00274893
28.6 0.252972 -0.0022181
28.8 0.248736 -0.00193023
29 0.244311 -0.00188683
29.2 0.239707 -0.00208816
29.4 0.234936 -0.0025333
29.6 0.230008 -0.00322006
29.8 0.224934 -0.00414507
30 0.219725 -0.00530376
30.2 0.21439 -0.0066904
30.4 0.208939 -0.00829812
30.6 0.203383 -0.0101189
30.8 0.19773 -0.0121438
31 0.191991 -0.0143627
31.2 0.186175 -0.0167647
31.4 0.180289 -0.0193377
31.6 0.174343 -0.0220691
31.8 0.168345 -0.0249453
32 0.162302 -0.0279519
32.2 0.156224 -0.0310742
32.4 0.150117 -0.0342966
32.6 0.143988 -0.037603
32.8 0.137846 -0.0409771
33 0.131695 -0.0444022
33.2 0.125544 -0.0478612
33.4 0.119399 -0.0513369
33.6 0.113265 -0.054812
33.8 0.10715 -0.0582693
34 0.101059 -0.0616915
34.2 0.0949975 -0.0650616
34.4 0.0889722 -0.0683627
34.6 0.0829884 -0.0715784
34.8 0.0770517 -0.0746926
35 0.0711676 -0.0776896
35.2 0.0653416 -0.0805544
35.4 0.059579 -0.0832725
35.6 0.0538852 -0.0858303
35.8 0.0482655 -0.0882146
36 0.0427251 -0.0904133
36.2 0.0372693 -0.0924151
36.4 0.0319033 -0.0942096
36.6 0.0266323 -0.0957874
36.8 0.0214612 -0.0971401
37 0.0163953 -0.0982604
37.2 0.0114395 -0.099142
37.4 0.00659886 -0.0997797
37.6 0.00187817 -0.10017
37.8 -0.00271774 -0.100309
38 -0.00718416 -0.100195
38.2 -0.0115165 -0.0998288
38.4 -0.0157103 -0.0992099
38.6 -0.0197613 -0.0983404
38.8 -0.0236652 -0.097223
39 -0.0274183 -0.0958618
39.2 -0.0310166 -0.0942619
39.4 -0.0344567 -0.0924294
39.6 -0.0377354 -0.0903715
39.8 -0.0408496 -0.0880965
40 -0.0437967 -0.0856133
40.2 -0.0465742 -0.082932
40.4 -0.0491801 -0.0800636
40.6 -0.0516127 -0.0770196
40.8 -0.0538707 -0.0738123
41 -0.0559532 -0.070455
41.2 -0.0578596 -0.0669611
41.4 -0.0595898 -0.0633449
41.6 -0.0611442 -0.0596209
41.8 -0.0625234 -0.0558042
42 -0.0637288 -0.0519101
42.2 -0.0647619 -0.0479542
42.4 -0.065625 -0.0439522
42.6 -0.0663205 -0.0399199
42.8 -0.0668515 -0.035873
43 -0.0672216 -0.0318274
43.2 -0.0674346 -0.0277987
43.4 -0.067495 -0.0238022
43.6 -0.0674076 -0.019853
43.8 -0.0671776 -0.015966
44 -0.0668106 -0.0121555
44.2 -0.0663127 -0.00843524
44.4 -0.0656901 -0.00481866
44.6 -0.0649495 -0.00131843
44.8 -0.064098 0.00205338
45 -0.0631428 0.00528543
45.2 -0.0620913 0.00836709
45.4 -0.0609514 0.0112886
45.6 -0.0597309 0.0140409
45.8 -0.0584378 0.0166159
46 -0.0570802 0.0190064
46.2 -0.0556664 0.021206
46.4 -0.0542047 0.0232095
46.6 -0.0527031 0.0250122
46.8 -0.0511699 0.0266109
47 -0.0496132 0.0280028
47.2 -0.048041 0.0291866
47.4 -0.046461 0.0301614
47.6 -0.0448809 0.0309277
47.8 -0.043308 0.0314867
48 -0.0417494 0.0318406
48.2 -0.040212 0.0319923
48.4 -0.0387021 0.0319457
48.6 -0.0372258 0.0317056
48.8 -0.0357889 0.0312774
49 -0.0343966 0.0306673
49.2 -0.0330537 0.0298822
49.4 -0.0317646 0.0289298
49.6 -0.0305332 0.0278181
49.8 -0.0293628 0.026556
50 -0.0282562 0.0251527
50.2 -0.027216 0.0236178
50.4 -0.0262438 0.0219614
50.6 -0.0253409 0.020194
50.8 -0.0245082 0.0183262
51 -0.0237458 0.016369
51.2 -0.0230534 0.0143334
51.4 -0.0224302 0.0122306
51.6 -0.021875 0.0100719
51.8 -0.0213859 0.00786837
52 -0.0209606 0.00563129
52.2 -0.0205965 0.00337165
52.4 -0.0202904 0.00110032
52.6 -0.0200388 -0.00117206
52.8 -0.0198377 -0.00343513
53 -0.0196829 -0.00567882
53.2 -0.0195698 -0.00789345
53.4 -0.0194936 -0.0100697
53.6 -0.0194491 -0.0121987
53.8 -0.019431 -0.0142722
54 -0.0194338 -0.0162821
54.2 -0.0194519 -0.0182212
54.4 -0.0194795 -0.0200826
54.6 -0.0195108 -0.0218601
54.8 -0.01954 -0.0235482
55 -0.0195612 -0.0251416
55.2 -0.0195687 -0.0266362
55.4 -0.0195566 -0.0280279
55.6 -0.0195194 -0.0293137
55.8 -0.0194516 -0.0304911
56 -0.019348 -0.0315581
56.2 -0.0192034 -0.0325133
56.4 -0.019013 -0.0333561
56.6 -0.0187723 -0.0340863
56.8 -0.0184768 -0.0347045
57 -0.0181228 -0.0352114
57.2 -0.0177064 -0.0356088
57.4 -0.0172244 -0.0358986
57.6 -0.0166738 -0.0360833
57.8 -0.0160521 -0.0361659
58 -0.0153571 -0.0361497
58.2 -0.0145871 -0.0360384
58.4 -0.0137405 -0.0358363
58.6 -0.0128165 -0.0355477
58.8 -0.0118144 -0.0351773
59 -0.010734 -0.0347301
59.2 -0.00957566 -0.0342112
59.4 -0.00833981 -0.033626
59.6 -0.00702747 -0.0329799
59.8 -0.00563994 -0.0322786
60 -0.0041789 -0.0315276
60.2 -0.00264635 -0.0307327
60.4 -0.00104459 -0.0298995
60.6 0.000623765 -0.0290336
60.8 0.00235585 -0.0281406
61 0.00414854 -0.0272259
61.2 0.0059985 -0.0262949
61.4 0.00790218 -0.0253528
61.6 0.00985586 -0.0244044
61.8 0.0118557 -0.0234546
62 0.0138977 -0.022508
62.2 0.0159777 -0.0215688
62.4 0.0180917 -0.0206411
62.6 0.0202354 -0.0197286
62.8 0.0224047 -0.0188348
63 0.0245954 -0.0179628
63.2 0.0268033 -0.0171155
63.4 0.0290243 -0.0162953
63.6 0.0312544 -0.0155046
63.8 0.0334898 -0.0147451
64 0.0357266 -0.0140183
64.2 0.0379612 -0.0133256
64.4 0.0401902 -0.0126679
64.6 0.0424103 -0.0120456
64.8 0.0446183 -0.0114591
65 0.0468114 -0.0109084
65.2 0.0489868 -0.0103932
65.4 0.0511422 -0.00991297
65.6 0.0532752 -0.00946686
65.8 0.055384 -0.00905383
66 0.0574666 -0.00867263
66.2 0.0595216 -0.00832176
66.4 0.0615477 -0.00799959
66.6 0.0635437 -0.00770428
66.8 0.0655089 -0.00743387
67 0.0674425 -0.00718626
67.2 0.0693442 -0.00695927
67.4 0.0712137 -0.0067506
67.6 0.073051 -0.00655792
67.8 0.0748562 -0.00637884
68 0.0766295 -0.00621096
68.2 0.0783713 -0.00605185
68.4 0.0800823 -0.00589914
68.6 0.081763 -0.00575045
68.8 0.0834141 -0.00560349
69 0.0850365 -0.00545602
69.2 0.0866311 -0.00530589
69.4 0.0881985 -0.00515104
69.6 0.0897399 -0.00498954
69.8 0.091256 -0.00481959
70 0.0927477 -0.00463952
70.2 0.0942157 -0.00444779
70.4 0.0956609 -0.00424305
70.6 0.0970839 -0.0040241
70.8 0.0984852 -0.0037899
71 0.0998653 -0.00353961
71.2 0.101224 -0.00327255
71.4 0.102563 -0.00298823
71.6 0.10388 -0.00268634
71.8 0.105177 -0.00236674
72 0.106453 -0.00202949
72.2 0.107706 -0.00167481
72.4 0.108937 -0.00130312
72.6 0.110145 -0.000914961
72.8 0.111328 -0.000511078
73 0.112485 -9.2349e-05
73.2 0.113615 0.000340196
73.4 0.114716 0.000785393
73.6 0.115786 0.00124195
73.8 0.116822 0.00170845
74 0.117823 0.00218339
74.2 0.118786 0.00266516
74.4 0.119709 0.00315206
74.6 0.120588 0.00364233
74.8 0.12142 0.00413416
75 0.122203 0.00462568
75.2 0.122934 0.005115
75.4 0.123608 0.00560019
75.6 0.124224 0.00607936
75.8 0.124776 0.00655056
76 0.125262 0.00701192
76.2 0.125679 0.00746157
76.4 0.126022 0.00789767
76.6 0.126288 0.00831847
76.8 0.126474 0.00872224
77 0.126577 0.00910737
77.2 0.126592 0.0094723
77.4 0.126517 0.00981557
77.6 0.12635 0.0101358
77.8 0.126085 0.0104318
78 0.125722 0.0107024
78.2 0.125257 0.0109466
78.4 0.124689 0.0111635
78.6 0.124014 0.0113524
78.8 0.123231 0.0115126
79 0.122338 0.0116436
79.2 0.121335 0.0117452
79.4 0.120219 0.011817
79.6 0.11899 0.0118591
79.8 0.117648 0.0118715
80 0.116192 0.0118544
80.2 0.114623 0.0118082
80.4 0.112941 0.0117333
80.6 0.111147 0.0116305
80.8 0.109242 0.0115003
81 0.107229 0.0113438
81.2 0.105108 0.0111618
81.4 0.102882 0.0109555
81.6 0.100554 0.010726
81.8 0.0981272 0.0104747
82 0.0956044 0.010203
82.2 0.0929897 0.00991227
82.4 0.0902871 0.0096041
82.6 0.087501 0.00928011
82.8 0.0846361 0.00894195
83 0.0816974 0.00859134
83.2 0.0786902 0.00823004
83.4 0.0756203 0.00785984
83.6 0.0724933 0.00748254
83.8 0.0693154 0.00709996
84 0.066093 0.00671393
84.2 0.0628325 0.00632626
84.4 0.0595408 0.00593874
84.6 0.0562247 0.00555316
84.8 0.0528912 0.00517126
85 0.0495475 0.00479474
85.2 0.0462009 0.00442524
85.4 0.0428588 0.00406436
85.6 0.0395285 0.00371361
85.8 0.0362174 0.00337446
86 0.0329331 0.00304827
86.2 0.0296829 0.00273632
86.4 0.0264743 0.0024398
86.6 0.0233145 0.0021598
86.8 0.0202108 0.0018973
87 0.0171704 0.00165318
87.2 0.0142002 0.00142819
87.4 0.0113071 0.00122298
87.6 0.0084977 0.00103808
87.8 0.00577857 0.000873875
88 0.00315592 0.000730646
88.2 0.000635778 0.00060854
88.4 -0.0017761 0.000507579
88.6 -0.00407421 0.000427654
88.8 -0.00625337 0.000368533
89 -0.00830867 0.000329857
89.2 -0.0102355 0.000311142
89.4 -0.0120297 0.000311783
89.6 -0.0136874 0.000331056
89.8 -0.0152049 0.000368121
90 -0.0165792 0.000422029
90.2 -0.0178074 0.000491722
90.4 -0.0188872 0.000576042
90.6 -0.0198165 0.000673735
90.8 -0.0205936 0.000783457
91 -0.0212175 0.000903782
91.2 -0.0216872 0.00103321
91.4 -0.0220024 0.00117017
91.6 -0.022163 0.00131304
91.8 -0.0221694 0.00146014
92 -0.0220223 0.00160974
92.2 -0.0217231 0.00176009
92.4 -0.0212731 0.00190942
92.6 -0.0206744 0.00205594
92.8 -0.0199292 0.00219784
93 -0.0190403 0.00233334
93.2 -0.0180106 0.00246067
93.4 -0.0168435 0.00257808
93.6 -0.0155428 0.00268387
93.8 -0.0141123 0.00277636
94 -0.0125565 0.00285395
94.2 -0.0108799 0.0029151
94.4 -0.00908738 0.00295835
94.6 -0.00718406 0.00298232
94.8 -0.00517529 0.00298572
95 -0.00306663 0.00296738
95.2 -0.000863852 0.00292623
95.4 0.0014271 0.00286131
95.6 0.00380012 0.00277181
95.8 0.00624898 0.00265703
96 0.0087673 0.00251643
96.2 0.0113486 0.0023496
96.4 0.0139864 0.0021563
96.6 0.0166741 0.00193642
96.8 0.0194049 0.00169002
97 0.0221724 0.00141732
97.2 0.0249698 0.0011187
97.4 0.0277905 0.000794702
97.6 0.0306279 0.000446038
97.8 0.0334755 7.35714e-05
98 0.0363268 -0.00032167
98.2 0.0391755 -0.000738503
98.4 0.0420155 -0.00117559
98.6 0.0448405 -0.00163144
98.8 0.0476446 -0.00210444
99 0.050422 -0.00259281
99.2 0.0531672 -0.00309466
99.4 0.0558747 -0.00360797
99.6 0.0585393 -0.00413062
99.8 0.061156 -0.00466038
100 0.06372 -0.00519493
100.2 0.0662269 -0.00573187
100.4 0.0686722 -0.00626873
100.6 0.0710519 -0.00680298
100.8 0.0733623 -0.00733206
101 0.0755998 -0.00785337
101.2 0.0777612 -0.0083643
101.4 0.0798435 -0.00886225
101.6 0.0818438 -0.00934461
101.8 0.0837599 -0.00980882
102 0.0855894 -0.0102524
102.2 0.0873305 -0.0106727
102.4 0.0889815 -0.0110676
102.6 0.090541 -0.0114346
102.8 0.0920078 -0.0117716
103 0.0933811 -0.0120765
103.2 0.0946601 -0.0123474
103.4 0.0958445 -0.0125824
103.6 0.096934 -0.0127798
103.8 0.0979287 -0.0129383
104 0.0988287 -0.0130565
104.2 0.0996346 -0.0131333
104.4 0.100347 -0.0131679
104.6 0.100966 -0.0131594
104.8 0.101494 -0.0131075
105 0.10193 -0.0130119
105.2 0.102277 -0.0128725
105.4 0.102536 -0.0126897
105.6 0.102707 -0.0124638
105.8 0.102794 -0.0121955
106 0.102796 -0.0118857
106.2 0.102717 -0.0115357
106.4 0.102558 -0.0111468
106.6 0.102319 -0.0107206
106.8 0.102005 -0.0102591
107 0.101615 -0.00976431
107.2 0.101153 -0.0092385
107.4 0.100619 -0.0086842
107.6 0.100017 -0.00810412
107.8 0.099347 -0.00750114
108 0.0986117 -0.00687832
108.2 0.0978128 -0.00623888
108.4 0.096952 -0.00558617
108.6 0.0960311 -0.00492369
108.8 0.0950518 -0.00425504
109 0.0940156 -0.00358393
109.2 0.0929243 -0.00291412
109.4 0.0917793 -0.00224947
109.6 0.0905822 -0.00159383
109.8 0.0893343 -0.000951119
110 0.0880371 -0.000325233
110.2 0.0866918 0.000279943
110.4 0.0852999 0.000860562
110.6 0.0838624 0.00141284
110.8 0.0823807 0.00193305
111 0.0808559 0.00241758
111.2 0.0792892 0.00286294
111.4 0.0776816 0.00326575
111.6 0.0760343 0.00362278
111.8 0.0743484 0.003931
112 0.072625 0.00418753
112.2 0.0708652 0.00438971
112.4 0.0690702 0.00453507
112.6 0.0672411 0.0046214
112.8 0.0653792 0.0046467
113 0.0634857 0.00460924
113.2 0.061562 0.00450752
113.4 0.0596093 0.00434034
113.6 0.0576293 0.00410675
113.8 0.0556233 0.00380609
114 0.0535931 0.00343797
114.2 0.0515404 0.00300228
114.4 0.049467 0.00249921
114.6 0.0473749 0.00192923
114.8 0.0452662 0.00129307
115 0.0431431 0.000591746
115.2 0.0410078 -0.000173455
115.4 0.0388629 -0.00100099
115.6 0.036711 -0.00188906
115.8 0.0345549 -0.00283564
116 0.0323973 -0.00383845
116.2 0.0302413 -0.00489502
116.4 0.0280901 -0.00600265
116.6 0.025947 -0.00715848
116.8 0.0238153 -0.00835947
117 0.0216987 -0.00960242
117.2 0.0196007 -0.010884
117.4 0.0175252 -0.0122008
117.6 0.015476 -0.0135492
117.8 0.0134571 -0.0149257
118 0.0114726 -0.0163265
118.2 0.0095265 -0.017748
118.4 0.00762306 -0.0191864
118.6 0.00576648 -0.0206381
118.8 0.00396103 -0.0220992
119 0.00221098 -0.0235663
119.2 0.000520586 -0.0250356
119.4 -0.00110589 -0.0265038
119.6 -0.00266422 -0.0279675
119.8 -0.00415025 -0.0294233
120 -0.00555988 -0.0308681
120.2 -0.0068891 -0.032299
120.4 -0.008134 -0.0337132
120.6 -0.00929082 -0.0351081
120.8 -0.0103559 -0.0364811
121 -0.0113258 -0.0378303
121.2 -0.0121972 -0.0391534
121.4 -0.0129671 -0.0404488
121.6 -0.0136325 -0.0417149
121.8 -0.0141908 -0.0429504
122 -0.0146396 -0.0441542
122.2 -0.0149768 -0.0453256
122.4 -0.0152005 -0.0464639
122.6 -0.0153091 -0.0475687
122.8 -0.0153015 -0.0486401
123 -0.0151766 -0.0496781
123.2 -0.0149339 -0.050683
123.4 -0.014573 -0.0516555
123.6 -0.0140941 -0.0525963
123.8 -0.0134975 -0.0535064
124 -0.012784 -0.054387
124.2 -0.0119548 -0.0552394
124.4 -0.0110112 -0.0560652
124.6 -0.00995521 -0.0568659
124.8 -0.00878894 -0.0576434
125 -0.00751496 -0.0583996
125.2 -0.00613617 -0.0591364
125.4 -0.00465582 -0.0598559
125.6 -0.00307747 -0.0605602
125.8 -0.00140503 -0.0612515
126 0.00035728 -0.061932
126.2 0.00220494 -0.0626038
126.4 0.00413313 -0.0632691
126.6 0.00613678 -0.06393
126.8 0.00821054 -0.0645886
127 0.0103488 -0.0652467
127.2 0.0125458 -0.0659064
127.4 0.0147956 -0.0665693
127.6 0.0170919 -0.0672372
127.8 0.0194283 -0.0679114
128 0.0217985 -0.0685933
128.2 0.0241958 -0.069284
128.4 0.0266136 -0.0699846
128.6 0.0290451 -0.0706958
128.8 0.0314834 -0.071418
129 0.0339219 -0.0721518
129.2 0.0363536 -0.0728971
129.4 0.0387719 -0.0736539
129.6 0.0411701 -0.0744217
129.8 0.0435414 -0.0752001
130 0.0458794 -0.0759881
130.2 0.0481778 -0.0767848
130.4 0.0504302 -0.0775887
130.6 0.0526307 -0.0783985
130.8 0.0547733 -0.0792123
131 0.0568524 -0.0800281
131.2 0.0588625 -0.0808438
131.4 0.0607987 -0.081657
131.6 0.0626558 -0.0824652
131.8 0.0644294 -0.0832656
132 0.0661152 -0.0840552
132.2 0.0677091 -0.0848311
132.4 0.0692076 -0.0855902
132.6 0.0706072 -0.086329
132.8 0.0719051 -0.0870443
133 0.0730986 -0.0877325
133.2 0.0741854 -0.0883903
133.4 0.0751637 -0.089014
133.6 0.0760319 -0.0896002
133.8 0.0767889 -0.0901452
134 0.0774339 -0.0906455
134.2 0.0779664 -0.0910978
134.4 0.0783864 -0.0914985
134.6 0.0786942 -0.0918445
134.8 0.0788904 -0.0921324
135 0.078976 -0.0923593
135.2 0.0789524 -0.0925221
135.4 0.0788211 -0.0926182
135.6 0.078584 -0.092645
135.8 0.0782436 -0.0926001
136 0.0778022 -0.0924814
136.2 0.0772627 -0.0922869
136.4 0.0766281 -0.0920149
136.6 0.0759018 -0.0916641
136.8 0.0750872 -0.0912332
137 0.0741881 -0.0907215
137.2 0.0732084 -0.0901281
137.4 0.0721521 -0.089453
137.6 0.0710234 -0.0886959
137.8 0.0698267 -0.0878573
138 0.0685664 -0.0869375
138.2 0.0672471 -0.0859376
138.4 0.0658734 -0.0848587
138.6 0.0644499 -0.0837021
138.8 0.0629812 -0.0824697
139 0.0614722 -0.0811634
139.2 0.0599275 -0.0797855
139.4 0.0583517 -0.0783386
139.6 0.0567496 -0.0768254
139.8 0.0551256 -0.0752491
140 0.0534842 -0.0736127
140.2 0.0518299 -0.0719199
140.4 0.0501669 -0.0701742
140.6 0.0484995 -0.0683796
140.8 0.0468317 -0.06654
141 0.0451674 -0.0646596
141.2 0.0435104 -0.0627426
141.4 0.0418643 -0.0607936
141.6 0.0402325 -0.0588169
141.8 0.0386183 -0.0568171
142 0.0370247 -0.0547988
142.2 0.0354547 -0.0527667
142.4 0.033911 -0.0507253
142.6 0.032396 -0.0486794
142.8 0.030912 -0.0466334
143 0.0294611 -0.0445921
143.2 0.0280453 -0.0425598
143.4 0.0266662 -0.0405409
143.6 0.0253253 -0.0385397
143.8 0.0240239 -0.0365605
144 0.0227631 -0.0346072
144.2 0.0215439 -0.0326838
144.4 0.0203669 -0.0307939
144.6 0.0192328 -0.028941
144.8 0.0181419 -0.0271286
145 0.0170943 -0.0253597
145.2 0.0160902 -0.0236373
145.4 0.0151295 -0.0219641
145.6 0.0142118 -0.0203426
145.8 0.0133368 -0.018775
146 0.0125041 -0.0172633
146.2 0.0117129 -0.0158093
146.4 0.0109625 -0.0144144
146.6 0.0102521 -0.01308
146.8 0.00958078 -0.0118071
147 0.00894744 -0.0105964
147.2 0.00835102 -0.0094484
147.4 0.00779038 -0.0083635
147.6 0.00726429 -0.00734171
147.8 0.0067715 -0.00638285
148 0.00631071 -0.00548653
148.2 0.0058806 -0.00465215
148.4 0.0054798 -0.00387888
148.6 0.00510697 -0.00316573
148.8 0.00476073 -0.0025115
149 0.00443971 -0.00191482
149.2 0.00414255 -0.00137416
149.4 0.00386791 -0.000887856
149.6 0.00361443 -0.000454081
149.8 0.00338084 -7.08974e-05
150 0.00316583 0.000263747
150.2 0.00296818 0.000552001
150.4 0.00278666 0.000796099
150.6 0.00262013 0.000998346
150.8 0.00246744 0.0011611
151 0.00232753 0.00128678
151.2 0.00219936 0.00137781
151.4 0.00208195 0.00143665
151.6 0.00197439 0.00146576
151.8 0.00187579 0.0014676
152 0.00178532 0.0014446
152.2 0.00170222 0.00139916
152.4 0.00162577 0.00133366
152.6 0.0015553 0.0012504
152.8 0.0014902 0.00115164
153 0.00142989 0.00103956
153.2 0.00137387 0.000916288
153.4 0.00132165 0.000783835
153.6 0.00127282 0.000644138
153.8 0.00122699 0.000499038
154 0.00118382 0.00035027
154.2 0.001143 0.000199467
154.4 0.00110427 4.81526e-05
154.6 0.00106739 -0.000102263
154.8 0.00103216 -0.000250482
155 0.00099842 -0.000395321
155.2 0.000966007 -0.000535713
155.4 0.000934806 -0.000670704
155.6 0.000904716 -0.000799454
155.8 0.000875654 -0.000921238
156 0.000847557 -0.00103544
156.2 0.000820374 -0.00114154
156.4 0.000794068 -0.00123915
156.6 0.000768614 -0.00132795
156.8 0.000743991 -0.00140774
157 0.000720188 -0.00147839
157.2 0.0006972 -0.00153987
157.4 0.000675023 -0.00159224
157.6 0.000653657 -0.0016356
157.8 0.000633102 -0.00167016
158 0.000613357 -0.00169618
158.2 0.000594423 -0.00171395
158.4 0.000576296 -0.00172385
158.6 0.00055897 -0.00172628
158.8 0.000542438 -0.00172168
159 0.000526687 -0.00171055
159.2 0.000511701 -0.00169337
159.4 0.000497459 -0.00167068
159.6 0.000483939 -0.00164301
159.8 0.000471112 -0.00161091
160 0.000458946 -0.00157493
160.2 0.000447406 -0.00153563
160.4 0.000436452 -0.00149354
160.6 0.000426043 -0.0014492
160.8 0.000416135 -0.00140312
161 0.00040668 -0.00135581
161.2 0.000397631 -0.00130774
161.4 0.000388937 -0.00125937
161.6 0.00038055 -0.00121111
161.8 0.000372418 -0.00116337
162 0.000364493 -0.00111649
162.2 0.000356725 -0.00107083
162.4 0.000349069 -0.00102666
162.6 0.000341478 -0.000984241
162.8 0.00033391 -0.000943802
163 0.000326327 -0.000905526
163.2 0.000318691 -0.000869563
163.4 0.00031097 -0.000836028
163.6 0.000303136 -0.000804999
163.8 0.000295163 -0.000776525
164 0.000287033 -0.000750618
164.2 0.00027873 -0.000727262
164.4 0.000270243 -0.000706412
164.6 0.000261566 -0.000687996
164.8 0.000252697 -0.000671915
165 0.000243639 -0.00065805
165.2 0.000234401 -0.000646261
165.4 0.000224993 -0.00063639
165.6 0.000215433 -0.000628263
165.8 0.000205739 -0.000621693
166 0.000195934 -0.000616484
166.2 0.000186046 -0.000612432
166.4 0.000176102 -0.000609326
166.6 0.000166136 -0.000606953
166.8 0.00015618 -0.0006051
167 0.000146269 -0.000603556
167.2 0.00013644 -0.000602111
167.4 0.00012673 -0.000600563
167.6 0.000117176 -0.000598719
167.8 0.000107814 -0.000596393
168 9.86828e-05 -0.000593411
168.2 8.98162e-05 -0.000589612
168.4 8.12486e-05 -0.000584848
168.6 7.30123e-05 -0.000578985
168.8 6.51372e-05 -0.000571908
169 5.76509e-05 -0.000563515
169.2 5.05783e-05 -0.000553722
169.4 4.39409e-05 -0.000542462
169.6 3.77574e-05 -0.000529687
169.8 3.20427e-05 -0.000515364
170 2.68083e-05 -0.00049948
170.2 2.20617e-05 -0.000482036
170.4 1.78068e-05 -0.000463052
170.6 1.40438e-05 -0.000442563
170.8 1.07689e-05 -0.000420619
171 7.97449e-06 -0.000397284
171.2 5.64952e-06 -0.000372635
171.4 3.77921e-06 -0.000346764
171.6 2.34543e-06 -0.00031977
171.8 1.32685e-06 -0.000291765
172 6.99173e-07 -0.000262867
172.2 4.3534e-07 -0.000233204
172.4 5.05842e-07 -0.000202909
172.6 8.78999e-07 -0.000172118
172.8 1.52127e-06 -0.000140972
173 2.39757e-06 -0.000109614
173.2 3.47163e-06 -7.81871e-05
173.4 4.70632e-06 -4.68326e-05
173.6 6.06398e-06 -1.56913e-05
173.8 7.50682e-06 1.50998e-05
174 8.99722e-06 4.54077e-05
174.2 1.04981e-05 7.51052e-05
174.4 1.19731e-05 0.000104071
174.6 1.33873e-05 0.000132192
174.8 1.4707e-05 0.000159361
175 1.59004e-05 0.000185482
175.2 1.69374e-05 0.000210467
175.4 1.77907e-05 0.000234239
175.6 1.84349e-05 0.000256729
175.8 1.88476e-05 0.000277881
176 1.9009e-05 0.000297649
176.2 1.89024e-05 0.000315997
176.4 1.8514e-05 0.000332901
176.6 1.78331e-05 0.000348347
176.8 1.68523e-05 0.000362332
177 1.55671e-05 0.000374863
177.2 1.39762e-05 0.000385957
177.4 1.20816e-05 0.000395641
177.6 9.88792e-06 0.00040395
177.8 7.40294e-06 0.000410928
178 4.63706e-06 0.000416626
178.2 1.60334e-06 0.000421103
178.4 -1.68278e-06 0.000424423
178.6 -5.20361e-06 0.000426657
178.8 -8.93945e-06 0.000427879
179 -1.28689e-05 0.000428169
179.2 -1.69688e-05 0.000427608
179.4 -2.1215e-05 0.000426281
179.6 -2.55821e-05 0.000424273
179.8 -3.0044e-05 0.000421671
180 -3.45742e-05 0.000418561
180.2 -3.91459e-05 0.000415028
180.4 -4.37321e-05 0.000411155
180.6 -4.83065e-05 0.000407024
180.8 -5.2843e-05 0.000402713
181 -5.73165e-05 0.000398297
181.2 -6.17027e-05 0.000393846
181.4 -6.59787e-05 0.000389427
181.6 -7.01228e-05 0.0003851
181.8 -7.41149e-05 0.000380922
182 -7.79369e-05 0.000376941
182.2 -8.15723e-05 0.000373201
182.4 -8.50067e-05 0.000369742
182.6 -8.82277e-05 0.000366593
182.8 -9.12251e-05 0.000363781
183 -9.3991e-05 0.000361324
183.2 -9.65197e-05 0.000359235
183.4 -9.88075e-05 0.000357521
183.6 -0.000100853 0.000356182
183.8 -0.000102658 0.000355215
184 -0.000104224 0.000354607
184.2 -0.000105557 0.000354345
184.4 -0.000106664 0.000354408
184.6 -0.000107554 0.000354771
184.8 -0.000108236 0.000355408
185 -0.000108723 0.000356285
185.2 -0.000109029 0.000357369
185.4 -0.000109167 0.000358623
185.6 -0.000109154 0.000360008
185.8 -0.000109006 0.000361483
186 -0.00010874 0.000363008
186.2 -0.000108374 0.000364539
186.4 -0.000107925 0.000366037
186.6 -0.000107411 0.000367459
186.8 -0.00010685 0.000368766
187 -0.00010626 0.000369917
187.2 -0.000105657 0.000370878
187.4 -0.000105059 0.000371611
187.6 -0.00010448 0.000372086
187.8 -0.000103935 0.000372272
188 -0.000103438 0.000372142
188.2 -0.000103002 0.000371674
188.4 -0.000102637 0.000370848
188.6 -0.000102353 0.000369647
188.8 -0.000102158 0.000368059
189 -0.000102059 0.000366076
189.2 -0.000102062 0.000363692
189.4 -0.00010217 0.000360907
189.6 -0.000102385 0.000357723
189.8 -0.000102707 0.000354147
190 -0.000103137 0.000350189
190.2 -0.00010367 0.000345862
190.4 -0.000104304 0.000341182
190.6 -0.000105033 0.00033617
190.8 -0.00010585 0.000330846
191 -0.000106749 0.000325237
191.2 -0.00010772 0.000319368
191.4 -0.000108755 0.000313269
191.6 -0.000109842 0.000306969
191.8 -0.000110971 0.000300499
192 -0.00011213 0.000293893
192.2 -0.000113309 0.000287182
192.4 -0.000114494 0.000280399
192.6 -0.000115673 0.000273578
192.8 -0.000116836 0.00026675
193 -0.00011797 0.000259947
193.2 -0.000119063 0.000253201
193.4 -0.000120106 0.000246539
193.6 -0.000121088 0.00023999
193.8 -0.000121999 0.000233579
194 -0.000122831 0.00022733
194.2 -0.000123576 0.000221265
194.4 -0.000124229 0.000215403
194.6 -0.000124783 0.00020976
194.8 -0.000125234 0.000204351
195 -0.000125579 0.000199186
195.2 -0.000125816 0.000194275
195.4 -0.000125946 0.000189622
195.6 -0.000125968 0.000185232
195.8 -0.000125884 0.000181104
196 -0.000125699 0.000177235
196.2 -0.000125416 0.000173622
196.4 -0.00012504 0.000170256
196.6 -0.000124579 0.000167128
196.8 -0.00012404 0.000164227
197 -0.000123431 0.000161537
197.2 -0.000122762 0.000159045
197.4 -0.000122043 0.000156732
197.6 -0.000121284 0.000154581
197.8 -0.000120496 0.000152572
198 -0.000119691 0.000150685
198.2 -0.00011888 0.000148899
198.4 -0.000118074 0.000147194
198.6 -0.000117286 0.000145547
198.8 -0.000116525 0.000143938
199 -0.000115804 0.000142346
199.2 -0.000115132 0.000140751
199.4 -0.000114519 0.000139136
199.6 -0.000113974 0.00013748
199.8 -0.000113505 0.000135769
200 -0.000113119 0.000133987
