-0.498 -0.000123356 0.00015347
-0.496 -0.000613589 0.000601006
-0.494 -0.00163341 0.00130582
-0.492 -0.00328523 0.00219157
-0.49 -0.00557231 0.00312706
-0.488 -0.00837509 0.00392183
-0.486 -0.011448 0.00433648
-0.484 -0.0144391 0.00410875
-0.482 -0.0169293 0.00299308
-0.48 -0.0184877 0.000807872
-0.478 -0.0187317 -0.0025177
-0.476 -0.0173845 -0.00690667
-0.474 -0.0143188 -0.0121164
-0.472 -0.00957922 -0.0177467
-0.47 -0.0033794 -0.0232771
-0.468 0.00392656 -0.0281329
-0.466 0.0118946 -0.0317721
-0.464 0.0200548 -0.0337824
-0.462 0.0279792 -0.0339743
-0.46 0.0353416 -0.0324525
-0.458 0.0419594 -0.0296521
-0.456 0.04781 -0.0263274
-0.454 0.0530182 -0.0234895
-0.452 0.0578143 -0.0222935
-0.45 0.0624709 -0.0238892
-0.448 0.0672252 -0.0292505
-0.446 0.0722001 -0.0390093
-0.444 0.0773377 -0.0533183
-0.442 0.0823564 -0.0717676
-0.44 0.0867427 -0.0933735
-0.438 0.0897833 -0.116649
-0.436 0.090637 -0.139753
-0.434 0.088441 -0.160711
-0.432 0.0824391 -0.177675
-0.43 0.0721151 -0.189197
-0.428 0.057312 -0.194472
-0.426 0.0383171 -0.193532
-0.424 0.0158961 -0.187324
-0.422 -0.0087335 -0.177693
-0.42 -0.0339934 -0.167225
-0.418 -0.0580902 -0.158974
-0.416 -0.0791999 -0.156097
-0.414 -0.0956645 -0.161439
-0.412 -0.106172 -0.177105
-0.41 -0.109888 -0.204097
-0.408 -0.106524 -0.242057
-0.406 -0.0963132 -0.289169
-0.404 -0.0799145 -0.342243
-0.402 -0.0582398 -0.396996
-0.4 -0.0322429 -0.448505
-0.398 -0.00269617 -0.491784
-0.396 0.0300088 -0.522431
-0.394 0.0660032 -0.537257
-0.392 0.106003 -0.534806
-0.39 0.151276 -0.515715
-0.388 0.20351 -0.482828
-0.386 0.264597 -0.441052
-0.384 0.336347 -0.396949
-0.382 0.420163 -0.358095
-0.38 0.516725 -0.332275
-0.378 0.625701 -0.326593
-0.376 0.745557 -0.346606
-0.374 0.873477 -0.395582
-0.372 1.00544 -0.473975
-0.37 1.13649 -0.579207
-0.368 1.2611 -0.705781
-0.366 1.37375 -0.845743
-0.364 1.46951 -0.989453
-0.362 1.54467 -1.12659
-0.36 1.59724 -1.24727
-0.358 1.62731 -1.3432
-0.356 1.63713 -1.40862
-0.354 1.63099 -1.44108
-0.352 1.61475 -1.44175
-0.35 1.59523 -1.41539
-0.348 1.57934 -1.36986
-0.346 1.57325 -1.31525
-0.344 1.58148 -1.2627
-0.342 1.60624 -1.22312
-0.34 1.64691 -1.20581
-0.338 1.69979 -1.21741
-0.336 1.75823 -1.26093
-0.334 1.81298 -1.33544
-0.332 1.8529 -1.43604
-0.33 1.86591 -1.55448
-0.328 1.84007 -1.68008
-0.326 1.76473 -1.80111
-0.324 1.63176 -1.90625
-0.322 1.43644 -1.98611
-0.32 1.17824 -2.03454
-0.318 0.861068 -2.04953
-0.316 0.493239 -2.03375
-0.314 0.0868183 -1.99437
-0.312 -0.343362 -1.94244
-0.31 -0.781037 -1.89166
-0.308 -1.21002 -1.85683
-0.306 -1.6157 -1.8521
-0.304 -1.98636 -1.88915
-0.302 -2.31416 -1.97574
-0.3 -2.59565 -2.11452
-0.298 -2.83179 -2.30253
-0.296 -3.02746 -2.53129
-0.294 -3.19061 -2.78756
-0.292 -3.33098 -3.05467
-0.29 -3.45878 -3.31426
-0.288 -3.58329 -3.5483
-0.286 -3.71167 -3.74106
-0.284 -3.84793 -3.88089
-0.282 -3.99237 -3.96149
-0.28 -4.14138 -3.98261
-0.278 -4.28762 -3.95005
-0.276 -4.42072 -3.87481
-0.274 -4.52819 -3.77177
-0.272 -4.59676 -3.65775
-0.27 -4.61366 -3.54936
-0.268 -4.56809 -3.46084
-0.266 -4.45237 -3.40219
-0.264 -4.26294 -3.37776
-0.262 -4.00084 -3.38565
-0.26 -3.67166 -3.41773
-0.258 -3.28512 -3.4606
-0.256 -2.85401 -3.49719
-0.254 -2.39293 -3.50883
-0.252 -1.91681 -3.47761
-0.25 -1.43948 -3.38878
-0.248 -0.972466 -3.2327
-0.246 -0.524149 -3.00638
-0.244 -0.0994319 -2.71411
-0.242 0.300164 -2.36735
-0.24 0.67597 -1.98369
-0.238 1.03134 -1.58502
-0.236 1.37064 -1.19516
-0.234 1.69825 -0.837121
-0.232 2.01767 -0.530446
-0.23 2.33076 -0.288816
-0.228 2.63736 -0.11835
-0.226 2.9351 -0.0167619
-0.224 3.2195 0.026474
-0.222 3.48443 0.0289404
-0.22 3.7226 0.0132064
-0.218 3.92631 0.00409715
-0.216 4.08822 0.0256265
-0.214 4.20209 0.0979561
-0.212 4.26336 0.234747
-0.21 4.26948 0.441229
-0.208 4.21999 0.713219
-0.206 4.1162 1.03724
-0.204 3.96067 1.39172
-0.202 3.75637 1.74922
-0.2 3.50596 2.07931
-0.198 3.21101 2.35203
-0.196 2.8717 2.54124
-0.194 2.48674 2.62774
-0.192 2.05383 2.60165
-0.19 1.57049 2.46377
-0.188 1.03514 2.22575
-0.186 0.448201 1.90908
-0.184 -0.186852 1.54285
-0.182 -0.862854 1.16069
-0.18 -1.56872 0.797042
-0.178 -2.28972 0.483371
-0.176 -3.00823 0.244637
-0.174 -3.70483 0.0964715
-0.172 -4.35965 0.0433994
-0.17 -4.95386 0.0782995
-0.168 -5.47102 0.183165
-0.166 -5.89843 0.331078
-0.164 -6.22809 0.489186
-0.162 -6.45741 0.622329
-0.16 -6.58943 0.696946
-0.158 -6.63253 0.684806
-0.156 -6.59964 0.566176
-0.154 -6.50689 0.332074
-0.152 -6.3719 -0.0146542
-0.15 -6.2118 -0.459544
-0.148 -6.04116 -0.977999
-0.146 -5.87029 -1.5379
-0.144 -5.7039 -2.10306
-0.142 -5.54053 -2.63707
-0.14 -5.37291 -3.10728
-0.138 -5.18903 -3.48819
-0.136 -4.97413 -3.76417
-0.134 -4.71309 -3.93089
-0.132 -4.39303 -3.99565
-0.13 -4.00584 -3.97621
-0.128 -3.55009 -3.89864
-0.126 -3.03226 -3.79407
-0.124 -2.46701 -3.69512
-0.122 -1.87651 -3.63205
-0.12 -1.28883 -3.62928
-0.118 -0.735606 -3.70261
-0.116 -0.249332 -3.8574
-0.114 0.139606 -4.0879
-0.112 0.405629 -4.37783
-0.11 0.53021 -4.70212
-0.108 0.503371 -5.02956
-0.106 0.324252 -5.32614
-0.104 0.000665527 -5.55861
-0.102 -0.452335 -5.69797
-0.1 -1.01477 -5.72247
-0.098 -1.66465 -5.6197
-0.096 -2.38124 -5.38778
-0.094 -3.14808 -5.03524
-0.092 -3.95567 -4.57995
-0.09 -4.80299 -4.04695
-0.088 -5.69804 -3.46562
-0.086 -6.65688 -2.86649
-0.084 -7.70139 -2.27803
-0.082 -8.85592 -1.72384
-0.08 -10.1431 -1.22039
-0.078 -11.5797 -0.775804
-0.076 -13.1718 -0.389493
-0.074 -14.9122 -0.052798
-0.072 -16.7775 0.249531
-0.07 -18.7278 0.537247
-0.068 -20.7072 0.832151
-0.066 -22.6465 1.15557
-0.064 -24.4669 1.52602
-0.062 -26.0849 1.95738
-0.06 -27.4175 2.45755
-0.058 -28.3877 3.02799
-0.056 -28.9298 3.66389
-0.054 -28.9925 4.35503
-0.052 -28.5427 5.08722
-0.05 -27.5656 5.84408
-0.048 -26.0644 6.60894
-0.046 -24.0584 7.36671
-0.044 -21.5795 8.10545
-0.042 -18.6678 8.81742
-0.04 -15.3674 9.49956
-0.038 -11.7225 10.1534
-0.036 -7.7738 10.7841
-0.034 -3.55637 11.3994
-0.032 0.900613 12.0079
-0.03 5.57311 12.6175
-0.028 10.4398 13.2339
-0.026 15.4783 13.8594
-0.024 20.6614 14.492
-0.022 25.9526 15.1258
-0.02 31.302 15.751
-0.018 36.6444 16.3545
-0.016 41.8976 16.9216
-0.014 46.9638 17.4369
-0.012 51.7321 17.8856
-0.01 56.0835 18.255
-0.008 59.8971 18.5352
-0.006 63.0572 18.72
-0.004 65.4607 18.8072
-0.002 67.024 18.799
0 67.6889 18.7013
0.002 67.4266 18.5236
0.004 66.2399 18.2775
0.006 64.163 17.9763
0.008 61.2598 17.6334
0.01 57.6195 17.2613
0.012 53.3515 16.8704
0.014 48.578 16.4685
0.016 43.4276 16.0605
0.018 38.0271 15.648
0.02 32.4957 15.2303
0.022 26.9394 14.8045
0.024 21.4474 14.3662
0.026 16.0906 13.9105
0.028 10.9221 13.4325
0.03 5.97905 12.928
0.032 1.28635 12.3939
0.034 -3.13899 11.8284
0.036 -7.28361 11.2311
0.038 -11.1338 10.6033
0.04 -14.6729 9.94811
0.042 -17.8795 9.26982
0.044 -20.7277 8.57414
0.046 -23.1889 7.86762
0.048 -25.2335 7.15719
0.05 -26.8348 6.44955
0.052 -27.9726 5.75052
0.054 -28.6358 5.06452
0.056 -28.826 4.39419
0.058 -28.5588 3.74021
0.06 -27.8648 3.10137
0.062 -26.7892 2.47498
0.064 -25.3899 1.85732
0.066 -23.7347 1.24429
0.068 -21.8973 0.632099
0.07 -19.953 0.0179082
0.072 -17.9743 -0.599606
0.074 -16.0261 -1.21979
0.076 -14.1624 -1.83966
0.078 -12.424 -2.45377
0.08 -10.837 -3.05419
0.082 -9.41313 -3.6307
0.084 -8.15141 -4.17128
0.086 -7.04029 -4.6628
0.088 -6.06091 -5.09193
0.09 -5.19038 -5.44631
0.092 -4.40505 -5.71573
0.094 -3.68332 -5.89332
0.096 -3.00792 -5.97655
0.098 -2.36738 -5.96784
0.1 -1.75682 -5.87479
0.102 -1.17789 -5.70985
0.104 -0.638051 -5.48953
0.106 -0.149292 -5.23316
0.108 0.273573 -4.96128
0.11 0.614781 -4.6939
0.112 0.859496 -4.44875
0.114 0.995467 -4.23962
0.116 1.01432 -4.07518
0.118 0.912343 -3.95812
0.12 0.690804 -3.88493
0.122 0.355696 -3.84634
0.124 -0.0828705 -3.82827
0.126 -0.611559 -3.81333
0.128 -1.2148 -3.78271
0.13 -1.87569 -3.7182
0.132 -2.57674 -3.60423
0.134 -3.30033 -3.42957
0.136 -4.02889 -3.18869
0.138 -4.7449 -2.88238
0.14 -5.43081 -2.51779
0.142 -6.06897 -2.10771
0.144 -6.64164 -1.6693
0.146 -7.13137 -1.22227
0.148 -7.52146 -0.786854
0.15 -7.7968 -0.381656
0.152 -7.94482 -0.021785
0.154 -7.95654 0.282685
0.156 -7.82753 0.527638
0.158 -7.55874 0.715167
0.16 -7.15692 0.853095
0.162 -6.63469 0.953821
0.164 -6.0101 1.03262
0.166 -5.30569 1.10561
0.168 -4.54715 1.18756
0.17 -3.76157 1.28992
0.172 -2.97557 1.4192
0.174 -2.21339 1.576
0.176 -1.49521 1.75474
0.178 -0.835825 1.94418
0.18 -0.244005 2.12868
0.182 0.27762 2.29001
0.184 0.731925 2.40948
0.186 1.12611 2.47031
0.188 1.47013 2.45968
0.19 1.77487 2.37049
0.192 2.05047 2.20247
0.194 2.30484 1.96256
0.196 2.54263 1.66448
0.198 2.7648 1.32753
0.2 2.9687 0.97475
0.202 3.1487 0.630611
0.204 3.29719 0.318445
0.206 3.40588 0.0579698
0.208 3.46717 -0.136878
0.21 3.47542 -0.259502
0.212 3.42803 -0.311429
0.214 3.3261 -0.302177
0.216 3.17471 -0.248237
0.218 2.98267 -0.171246
0.22 2.7618 -0.0955738
0.222 2.52572 -0.0456049
0.224 2.28839 -0.0430152
0.226 2.06241 -0.104371
0.228 1.85742 -0.239308
0.23 1.67877 -0.449498
0.232 1.52657 -0.728494
0.234 1.39547 -1.06247
0.236 1.27503 -1.43174
0.238 1.1508 -1.81294
0.24 1.00593 -2.18149
0.242 0.82318 -2.51431
0.244 0.586954 -2.79219
0.246 0.285325 -3.00179
0.248 -0.0883569 -3.13698
0.25 -0.534366 -3.19929
0.252 -1.04615 -3.19757
0.254 -1.61055 -3.1467
0.256 -2.20874 -3.06577
0.258 -2.81762 -2.97566
0.26 -3.41177 -2.89655
0.262 -3.96551 -2.8455
0.264 -4.4551 -2.83447
0.266 -4.86068 -2.869
0.268 -5.16782 -2.94766
0.27 -5.36861 -3.06235
0.272 -5.46199 -3.19939
0.274 -5.45346 -3.34124
0.276 -5.35408 -3.46869
0.278 -5.17902 -3.56317
0.28 -4.94574 -3.60897
0.282 -4.67207 -3.59516
0.284 -4.37442 -3.51688
0.286 -4.0664 -3.37599
0.288 -3.75782 -3.18092
0.29 -3.45437 -2.94586
0.292 -3.15779 -2.68918
0.294 -2.86657 -2.43156
0.296 -2.577 -2.19372
0.298 -2.28436 -1.99424
0.3 -1.98426 -1.8476
0.302 -1.67369 -1.76272
0.304 -1.35187 -1.74206
0.306 -1.02075 -1.78151
0.308 -0.685043 -1.87094
0.31 -0.351873 -1.99541
0.312 -0.0301041 -2.13687
0.314 0.270635 -2.27614
0.316 0.541055 -2.39497
0.318 0.773327 -2.47786
0.32 0.962075 -2.51362
0.322 1.10511 -2.4963
0.324 1.20384 -2.42558
0.326 1.26317 -2.30651
0.328 1.2911 -2.14871
0.33 1.29783 -1.96512
0.332 1.29466 -1.77044
0.334 1.29267 -1.57953
0.336 1.30153 -1.40583
0.338 1.32836 -1.26007
0.34 1.37698 -1.14933
0.342 1.44754 -1.07653
0.344 1.53657 -1.0405
0.346 1.63744 -1.03637
0.348 1.74122 -1.05639
0.35 1.83774 -1.0911
0.352 1.91671 -1.13046
0.354 1.9689 -1.16507
0.356 1.98703 -1.18721
0.358 1.96653 -1.1916
0.36 1.90593 -1.17579
0.362 1.8069 -1.14027
0.364 1.67407 -1.08808
0.366 1.51446 -1.02427
0.368 1.33678 -0.955092
0.37 1.15059 -0.88704
0.372 0.965393 -0.826032
0.374 0.789786 -0.776641
0.376 0.630739 -0.74157
0.378 0.493093 -0.721397
0.38 0.379307 -0.714601
0.382 0.289475 -0.71785
0.384 0.221614 -0.72651
0.386 0.172158 -0.735286
0.388 0.136593 -0.738916
0.39 0.11015 -0.732827
0.392 0.0884434 -0.713682
0.394 0.0679978 -0.679745
0.396 0.0465842 -0.631041
0.398 0.0233507 -0.569296
0.4 -0.00125314 -0.497685
0.402 -0.0257241 -0.420415
0.404 -0.0478748 -0.342215
0.406 -0.0652631 -0.267786
0.408 -0.0756207 -0.201293
0.41 -0.0772279 -0.145943
0.412 -0.0691937 -0.103704
0.414 -0.0516135 -0.0751834
0.416 -0.025595 -0.0596759
0.418 0.00684585 -0.0553571
0.42 0.0430006 -0.0595896
0.422 0.0797664 -0.0692964
0.424 0.113988 -0.081349
0.426 0.142802 -0.0929222
0.428 0.163939 -0.101775
0.43 0.175947 -0.106432
0.432 0.178315 -0.106251
0.434 0.171473 -0.10138
0.436 0.156687 -0.0926272
0.438 0.135863 -0.0812543
0.44 0.111286 -0.0687465
0.442 0.0853407 -0.0565755
0.444 0.0602467 -0.0459961
0.446 0.0378405 -0.0378943
0.448 0.0194269 -0.032705
0.45 0.00571052 -0.0304008
0.452 -0.00319451 -0.0305463
0.454 -0.00768851 -0.0324055
0.456 -0.00856087 -0.0350799
0.458 -0.00683739 -0.0376556
0.46 -0.00362164 -0.0393381
0.462 4.98646e-05 -0.0395557
0.464 0.00332318 -0.0380196
0.466 0.00560253 -0.0347366
0.468 0.00658152 -0.0299767
0.47 0.00623149 -0.0242055
0.472 0.00475396 -0.0179949
0.474 0.00250829 -0.0119279
0.476 -7.18108e-05 -0.00651325
0.478 -0.00255944 -0.00212086
0.48 -0.00460148 0.00105327
0.482 -0.00596336 0.00299117
0.484 -0.00654787 0.00382873
0.486 -0.00638929 0.00381067
0.488 -0.00562761 0.0032345
0.49 -0.00447057 0.00239447
0.492 -0.0031518 0.00153516
0.494 -0.00189289 0.000822259
0.496 -0.00087491 0.000334206
0.498 -0.000222461 7.44021e-05
0.2 -0.0359433 0.774803
0.4 -0.0341178 0.782243
0.6 -0.0310714 0.794611
0.8 -0.0267984 0.811859
1 -0.0212909 0.83392
1.2 -0.0145389 0.860711
1.4 -0.0065303 0.892127
1.6 0.00274869 0.928048
1.8 0.0133137 0.968335
2 0.0251819 1.01284
2.2 0.0383718 1.06138
2.4 0.0529028 1.11378
2.6 0.0687956 1.16983
2.8 0.0860712 1.22933
3 0.104751 1.29205
3.2 0.124857 1.35774
3.4 0.14641 1.42617
3.6 0.169432 1.49708
3.8 0.193942 1.57019
4 0.21996 1.64524
4.2 0.247504 1.72195
4.4 0.276589 1.80004
4.6 0.30723 1.87921
4.8 0.339439 1.95918
5 0.373224 2.03966
5.2 0.408593 2.12035
5.4 0.445549 2.20097
5.6 0.484093 2.28123
5.8 0.524219 2.36084
6 0.565922 2.43954
6.2 0.60919 2.51703
6.4 0.654008 2.59306
6.6 0.700355 2.66738
6.8 0.748208 2.73972
7 0.797537 2.80986
7.2 0.84831 2.87756
7.4 0.900488 2.94262
7.6 0.954027 3.00482
7.8 1.00888 3.06397
8 1.065 3.11991
8.2 1.12232 3.17247
8.4 1.18078 3.2215
8.6 1.24032 3.26687
8.8 1.30087 3.30848
9 1.36235 3.34622
9.2 1.42468 3.38001
9.4 1.48779 3.40979
9.6 1.55158 3.43551
9.8 1.61597 3.45714
10 1.68087 3.47467
10.2 1.74618 3.4881
10.4 1.81181 3.49745
10.6 1.87766 3.50276
10.8 1.94363 3.50409
11 2.00962 3.50149
11.2 2.07553 3.49506
11.4 2.14127 3.48489
11.6 2.20672 3.47109
11.8 2.27179 3.45379
12 2.33639 3.43313
12.2 2.40041 3.40926
12.4 2.46377 3.38234
12.6 2.52637 3.35253
12.8 2.58813 3.32003
13 2.64896 3.28502
13.2 2.70877 3.2477
13.4 2.7675 3.20827
13.6 2.82507 3.16695
13.8 2.88142 3.12395
14 2.93649 3.07948
14.2 2.99022 3.03377
14.4 3.04256 2.98705
14.6 3.09347 2.93953
14.8 3.14292 2.89145
15 3.19088 2.84302
15.2 3.23733 2.79447
15.4 3.28225 2.74602
15.6 3.32565 2.69788
15.8 3.36751 2.65027
16 3.40786 2.60339
16.2 3.4467 2.55744
16.4 3.48407 2.51261
16.6 3.51998 2.4691
16.8 3.5545 2.42707
17 3.58765 2.3867
17.2 3.61951 2.34815
17.4 3.65011 2.31157
17.6 3.67955 2.27709
17.8 3.70788 2.24485
18 3.73519 2.21496
18.2 3.76157 2.18753
18.4 3.7871 2.16266
18.6 3.81189 2.14043
18.8 3.83604 2.12091
19 3.85964 2.10416
19.2 3.88281 2.09023
19.4 3.90566 2.07915
19.6 3.9283 2.07096
19.8 3.95085 2.06565
20 3.97343 2.06323
20.2 3.99615 2.0637
20.4 4.01913 2.06702
20.6 4.04249 2.07317
20.8 4.06634 2.0821
21 4.09079 2.09376
21.2 4.11597 2.10808
21.4 4.14197 2.12499
21.6 4.16891 2.14441
21.8 4.19688 2.16625
22 4.22598 2.19042
22.2 4.2563 2.21679
22.4 4.28793 2.24527
22.6 4.32094 2.27574
22.8 4.35541 2.30806
23 4.3914 2.34212
23.2 4.42897 2.37777
23.4 4.46817 2.41488
23.6 4.50903 2.4533
23.8 4.55159 2.4929
24 4.59586 2.53353
24.2 4.64187 2.57503
24.4 4.68962 2.61727
24.6 4.73909 2.66008
24.8 4.79028 2.70332
25 4.84315 2.74685
25.2 4.89767 2.7905
25.4 4.9538 2.83414
25.6 5.01146 2.87763
25.8 5.07061 2.92081
26 5.13116 2.96355
26.2 5.19303 3.00571
26.4 5.25612 3.04717
26.6 5.32034 3.08778
26.8 5.38555 3.12744
27 5.45166 3.16601
27.2 5.51852 3.20338
27.4 5.58601 3.23945
27.6 5.65398 3.27411
27.8 5.72227 3.30725
28 5.79075 3.33879
28.2 5.85924 3.36864
28.4 5.92759 3.39672
28.6 5.99562 3.42294
28.8 6.06316 3.44725
29 6.13004 3.46957
29.2 6.19608 3.48984
29.4 6.26112 3.50803
29.6 6.32496 3.52407
29.8 6.38743 3.53794
30 6.44836 3.54959
30.2 6.50757 3.559
30.4 6.56489 3.56614
30.6 6.62016 3.571
30.8 6.6732 3.57357
31 6.72387 3.57384
31.2 6.77201 3.57181
31.4 6.81746 3.56748
31.6 6.8601 3.56086
31.8 6.89979 3.55197
32 6.9364 3.54082
32.2 6.96982 3.52744
32.4 6.99994 3.51185
32.6 7.02667 3.49409
32.8 7.04992 3.47418
33 7.06962 3.45216
33.2 7.0857 3.42808
33.4 7.09811 3.40197
33.6 7.10682 3.37389
33.8 7.11179 3.34388
34 7.11301 3.312
34.2 7.11048 3.2783
34.4 7.10421 3.24283
34.6 7.09423 3.20566
34.8 7.08056 3.16684
35 7.06326 3.12644
35.2 7.04239 3.08452
35.4 7.01803 3.04114
35.6 6.99027 2.99637
35.8 6.9592 2.95027
36 6.92495 2.90292
36.2 6.88762 2.85438
36.4 6.84737 2.80471
36.6 6.80434 2.754
36.8 6.75868 2.7023
37 6.71056 2.6497
37.2 6.66016 2.59625
37.4 6.60767 2.54203
37.6 6.55328 2.4871
37.8 6.49719 2.43154
38 6.43962 2.37542
38.2 6.38078 2.31881
38.4 6.32089 2.26176
38.6 6.26018 2.20436
38.8 6.19887 2.14667
39 6.1372 2.08876
39.2 6.07542 2.03069
39.4 6.01375 1.97253
39.6 5.95243 1.91434
39.8 5.8917 1.85618
40 5.8318 1.79813
40.2 5.77297 1.74024
40.4 5.71543 1.68257
40.6 5.65942 1.62518
40.8 5.60516 1.56813
41 5.55287 1.51148
41.2 5.50276 1.45529
41.4 5.45505 1.3996
41.6 5.40993 1.34447
41.8 5.36759 1.28996
42 5.32822 1.23611
42.2 5.29199 1.18297
42.4 5.25906 1.1306
42.6 5.22959 1.07902
42.8 5.20371 1.0283
43 5.18155 0.978474
43.2 5.16324 0.929578
43.4 5.14887 0.881653
43.6 5.13854 0.834737
43.8 5.13232 0.788864
44 5.13028 0.744067
44.2 5.13246 0.700379
44.4 5.13891 0.657827
44.6 5.14963 0.616439
44.8 5.16465 0.57624
45 5.18395 0.537252
45.2 5.20751 0.499498
45.4 5.2353 0.462995
45.6 5.26726 0.427759
45.8 5.30332 0.393806
46 5.34342 0.361147
46.2 5.38745 0.329792
46.4 5.43531 0.299748
46.6 5.48689 0.271022
46.8 5.54206 0.243615
47 5.60066 0.21753
47.2 5.66256 0.192764
47.4 5.72757 0.169315
47.6 5.79554 0.147176
47.8 5.86627 0.126341
48 5.93956 0.106798
48.2 6.01523 0.0885359
48.4 6.09305 0.0715406
48.6 6.17281 0.0557959
48.8 6.25429 0.0412835
49 6.33726 0.0279836
49.2 6.42149 0.015874
49.4 6.50673 0.00493126
49.6 6.59275 -0.0048703
49.8 6.67931 -0.0135578
50 6.76616 -0.02116
50.2 6.85306 -0.0277071
50.4 6.93977 -0.0332311
50.6 7.02603 -0.0377649
50.8 7.11162 -0.0413429
51 7.19629 -0.0440009
51.2 7.27981 -0.0457755
51.4 7.36195 -0.0467044
51.6 7.44248 -0.0468262
51.8 7.52118 -0.0461804
52 7.59783 -0.0448071
52.2 7.67224 -0.0427471
52.4 7.7442 -0.0400416
52.6 7.81352 -0.0367324
52.8 7.88001 -0.0328614
53 7.94351 -0.0284707
53.2 8.00385 -0.0236027
53.4 8.06089 -0.0182996
53.6 8.11446 -0.0126034
53.8 8.16445 -0.00655617
54 8.21074 -0.000199432
54.2 8.25321 0.00642563
54.4 8.29177 0.0132784
54.6 8.32634 0.0203187
54.8 8.35683 0.0275074
55 8.3832 0.0348058
55.2 8.40539 0.0421762
55.4 8.42336 0.049582
55.6 8.4371 0.0569876
55.8 8.44658 0.0643583
56 8.45182 0.0716608
56.2 8.45281 0.0788631
56.4 8.44959 0.0859344
56.6 8.44218 0.0928454
56.8 8.43064 0.099568
57 8.41501 0.106076
57.2 8.39537 0.112344
57.4 8.37179 0.118349
57.6 8.34435 0.12407
57.8 8.31315 0.129486
58 8.27829 0.134578
58.2 8.23987 0.139331
58.4 8.19803 0.143729
58.6 8.15288 0.147758
58.8 8.10455 0.151408
59 8.05317 0.154668
59.2 7.9989 0.15753
59.4 7.94187 0.159988
59.6 7.88223 0.162036
59.8 7.82014 0.163672
60 7.75575 0.164894
60.2 7.68921 0.165703
60.4 7.62069 0.166099
60.6 7.55035 0.166086
60.8 7.47833 0.165669
61 7.40481 0.164854
61.2 7.32994 0.163648
61.4 7.25388 0.162059
61.6 7.17678 0.160099
61.8 7.09879 0.157778
62 7.02006 0.155109
62.2 6.94073 0.152104
62.4 6.86096 0.14878
62.6 6.78087 0.14515
62.8 6.7006 0.141232
63 6.62028 0.137042
63.2 6.54002 0.132597
63.4 6.45995 0.127918
63.6 6.38018 0.123021
63.8 6.3008 0.117928
64 6.22193 0.112657
64.2 6.14365 0.107228
64.4 6.06605 0.101663
64.6 5.9892 0.095981
64.8 5.91319 0.0902033
65 5.83807 0.0843504
65.2 5.76391 0.0784428
65.4 5.69076 0.0725009
65.6 5.61867 0.066545
65.8 5.54767 0.0605949
66 5.4778 0.0546702
66.2 5.40909 0.0487902
66.4 5.34156 0.0429736
66.6 5.27523 0.0372385
66.8 5.2101 0.0316026
67 5.14618 0.0260829
67.2 5.08348 0.0206957
67.4 5.02198 0.0154566
67.6 4.96167 0.0103806
67.8 4.90255 0.00548154
68 4.84459 0.000772792
68.2 4.78778 -0.00373332
68.4 4.73209 -0.00802531
68.6 4.67749 -0.0120926
68.8 4.62395 -0.0159255
69 4.57144 -0.0195154
69.2 4.51993 -0.0228544
69.4 4.46937 -0.0259358
69.6 4.41973 -0.0287538
69.8 4.37097 -0.0313033
70 4.32306 -0.0335805
70.2 4.27594 -0.0355824
70.4 4.22958 -0.037307
70.6 4.18395 -0.0387531
70.8 4.13899 -0.0399205
71 4.09466 -0.0408098
71.2 4.05094 -0.0414227
71.4 4.00778 -0.0417614
71.6 3.96514 -0.0418293
71.8 3.92299 -0.0416302
72 3.88129 -0.0411689
72.2 3.84001 -0.0404508
72.4 3.79912 -0.0394821
72.6 3.75859 -0.0382696
72.8 3.71839 -0.0368206
73 3.67849 -0.0351433
73.2 3.63888 -0.033246
73.4 3.59953 -0.0311378
73.6 3.56042 -0.0288282
73.8 3.52153 -0.0263271
74 3.48285 -0.0236448
74.2 3.44437 -0.0207918
74.4 3.40607 -0.0177792
74.6 3.36795 -0.014618
74.8 3.32999 -0.0113197
75 3.2922 -0.00789574
75.2 3.25456 -0.00435799
75.4 3.21709 -0.000718203
75.6 3.17976 0.00301171
75.8 3.1426 0.00681982
76 3.10559 0.0106942
76.2 3.06875 0.0146229
76.4 3.03207 0.0185941
76.6 2.99556 0.0225961
76.8 2.95924 0.0266172
77 2.9231 0.030646
77.2 2.88715 0.034671
77.4 2.85141 0.0386812
77.6 2.81587 0.0426657
77.8 2.78056 0.0466138
78 2.74547 0.0505151
78.2 2.71062 0.0543595
78.4 2.67601 0.0581371
78.6 2.64167 0.0618385
78.8 2.60758 0.0654545
79 2.57377 0.0689761
79.2 2.54023 0.072395
79.4 2.50698 0.0757031
79.6 2.47403 0.0788925
79.8 2.44138 0.081956
80 2.40903 0.0848865
80.2 2.37699 0.0876777
80.4 2.34527 0.0903232
80.6 2.31388 0.0928175
80.8 2.2828 0.0951553
81 2.25205 0.0973317
81.2 2.22163 0.0993424
81.4 2.19154 0.101183
81.6 2.16178 0.102851
81.8 2.13235 0.104343
82 2.10326 0.105655
82.2 2.0745 0.106787
82.4 2.04607 0.107736
82.6 2.01797 0.108502
82.8 1.9902 0.109083
83 1.96276 0.109479
83.2 1.93565 0.109691
83.4 1.90886 0.109719
83.6 1.8824 0.109564
83.8 1.85626 0.109228
84 1.83045 0.108714
84.2 1.80495 0.108023
84.4 1.77978 0.107159
84.6 1.75493 0.106126
84.8 1.7304 0.104927
85 1.70619 0.103567
85.2 1.6823 0.10205
85.4 1.65873 0.100383
85.6 1.63549 0.0985707
85.8 1.61258 0.0966196
86 1.59001 0.0945363
86.2 1.56776 0.092328
86.4 1.54586 0.090002
86.6 1.5243 0.0875664
86.8 1.50309 0.0850292
87 1.48223 0.0823992
87.2 1.46174 0.0796851
87.4 1.44162 0.0768963
87.6 1.42187 0.0740423
87.8 1.4025 0.0711329
88 1.38353 0.0681782
88.2 1.36496 0.0651884
88.4 1.34679 0.0621741
88.6 1.32904 0.0591458
88.8 1.31172 0.0561144
89 1.29484 0.0530907
89.2 1.27839 0.0500858
89.4 1.2624 0.0471106
89.6 1.24687 0.0441761
89.8 1.2318 0.0412934
90 1.21721 0.0384733
90.2 1.2031 0.0357266
90.4 1.18947 0.0330641
90.6 1.17634 0.0304962
90.8 1.1637 0.0280331
91 1.15156 0.025685
91.2 1.13993 0.0234614
91.4 1.12879 0.0213719
91.6 1.11816 0.0194253
91.8 1.10804 0.0176303
92 1.09841 0.015995
92.2 1.08927 0.0145271
92.4 1.08063 0.0132337
92.6 1.07248 0.0121214
92.8 1.06479 0.0111963
93 1.05758 0.0104636
93.2 1.05082 0.00992808
93.4 1.0445 0.0095939
93.6 1.03861 0.00946441
93.8 1.03313 0.00954226
94 1.02805 0.00982939
94.2 1.02334 0.010327
94.4 1.01899 0.0110355
94.6 1.01497 0.0119545
94.8 1.01127 0.0130829
95 1.00785 0.0144189
95.2 1.00469 0.0159596
95.4 1.00177 0.0177017
95.6 0.999054 0.0196408
95.8 0.996517 0.0217721
96 0.99413 0.0240896
96.2 0.991861 0.0265869
96.4 0.98968 0.0292568
96.6 0.987557 0.0320913
96.8 0.985458 0.0350819
97 0.983353 0.0382194
97.2 0.981209 0.0414939
97.4 0.978994 0.0448951
97.6 0.976677 0.048412
97.8 0.974225 0.0520332
98 0.971608 0.0557468
98.2 0.968795 0.0595405
98.4 0.965757 0.0634018
98.6 0.962463 0.0673176
98.8 0.958887 0.0712749
99 0.955001 0.0752601
99.2 0.950779 0.0792598
99.4 0.946198 0.0832603
99.6 0.941233 0.0872478
99.8 0.935864 0.0912088
100 0.930071 0.0951297
100.2 0.923835 0.0989968
100.4 0.917141 0.102797
100.6 0.909974 0.106517
100.8 0.902321 0.110144
101 0.894172 0.113667
101.2 0.88552 0.117071
101.4 0.876357 0.120347
101.6 0.866679 0.123483
101.8 0.856485 0.126467
102 0.845775 0.129291
102.2 0.834551 0.131945
102.4 0.822817 0.13442
102.6 0.81058 0.136707
102.8 0.797849 0.1388
103 0.784634 0.140692
103.2 0.770948 0.142377
103.4 0.756806 0.143849
103.6 0.742224 0.145104
103.8 0.72722 0.14614
104 0.711814 0.146952
104.2 0.696028 0.14754
104.4 0.679885 0.147901
104.6 0.66341 0.148037
104.8 0.646627 0.147947
105 0.629564 0.147632
105.2 0.61225 0.147096
105.4 0.594712 0.14634
105.6 0.576981 0.145369
105.8 0.559087 0.144187
106 0.541061 0.142799
106.2 0.522934 0.141211
106.4 0.504738 0.13943
106.6 0.486505 0.137462
106.8 0.468266 0.135315
107 0.450054 0.132998
107.2 0.431899 0.130518
107.4 0.413833 0.127886
107.6 0.395886 0.12511
107.8 0.378089 0.122201
108 0.36047 0.119169
108.2 0.343057 0.116024
108.4 0.32588 0.112777
108.6 0.308963 0.109439
108.8 0.292332 0.10602
109 0.276011 0.102533
109.2 0.260024 0.0989871
109.4 0.244391 0.0953946
109.6 0.229133 0.091766
109.8 0.214268 0.0881124
110 0.199814 0.0844443
110.2 0.185785 0.0807724
110.4 0.172197 0.0771068
110.6 0.159061 0.0734577
110.8 0.146388 0.0698346
111 0.134187 0.0662469
111.2 0.122466 0.0627036
111.4 0.11123 0.0592131
111.6 0.100484 0.0557837
111.8 0.0902302 0.0524228
112 0.0804701 0.0491377
112.2 0.071203 0.045935
112.4 0.0624271 0.0428208
112.6 0.0541392 0.0398006
112.8 0.0463345 0.0368796
113 0.039007 0.0340622
113.2 0.0321495 0.0313522
113.4 0.0257536 0.0287532
113.6 0.0198098 0.0262679
113.8 0.0143074 0.0238984
114 0.00923486 0.0216466
114.2 0.0045799 0.0195136
114.4 0.000329245 0.0174999
114.6 -0.003531 0.0156058
114.8 -0.00701537 0.0138307
115 -0.010139 0.0121738
115.2 -0.0129173 0.0106337
115.4 -0.0153662 0.0092087
115.6 -0.017502 0.00789644
115.8 -0.019341 0.00669433
116 -0.0208997 0.00559935
116.2 -0.0221946 0.00460814
116.4 -0.0232423 0.003717
116.6 -0.0240592 0.00292196
116.8 -0.0246613 0.00221874
117 -0.0250648 0.00160285
117.2 -0.0252853 0.00106959
117.4 -0.0253379 0.000614047
117.6 -0.0252376 0.000231185
117.8 -0.0249986 -8.41746e-05
118 -0.0246348 -0.000337306
118.2 -0.0241594 -0.000533555
118.4 -0.023585 -0.000678309
118.6 -0.0229235 -0.000776976
118.8 -0.0221862 -0.000834955
119 -0.0213837 -0.000857615
119.2 -0.0205258 -0.000850269
119.4 -0.0196216 -0.000818155
119.6 -0.0186794 -0.000766413
119.8 -0.0177069 -0.000700067
120 -0.0167109 -0.000624008
120.2 -0.0156974 -0.000542974
120.4 -0.0146718 -0.000461539
120.6 -0.0136387 -0.000384097
120.8 -0.012602 -0.000314852
121 -0.0115648 -0.000257806
121.2 -0.0105296 -0.00021675
121.4 -0.00949826 -0.000195258
121.6 -0.00847204 -0.000196678
121.8 -0.00745153 -0.000224132
122 -0.00643683 -0.000280511
122.2 -0.00542748 -0.00036847
122.4 -0.00442255 -0.000490432
122.6 -0.00342067 -0.000648589
122.8 -0.00242008 -0.000844901
123 -0.00141863 -0.0010811
123.2 -0.000413889 -0.00135869
123.4 0.000596859 -0.00167897
123.6 0.00161656 -0.00204301
123.8 0.00264833 -0.00245169
124 0.00369543 -0.00290568
124.2 0.00476123 -0.00340546
124.4 0.00584913 -0.00395134
124.6 0.00696253 -0.00454344
124.8 0.00810484 -0.00518173
125 0.00927937 -0.00586603
125.2 0.0104893 -0.00659599
125.4 0.0117378 -0.00737116
125.6 0.0130276 -0.00819092
125.8 0.0143614 -0.00905458
126 0.0157418 -0.00996132
126.2 0.0171708 -0.0109102
126.4 0.0186503 -0.0119003
126.6 0.020182 -0.0129304
126.8 0.021767 -0.0139994
127 0.0234061 -0.0151061
127.2 0.0251 -0.0162491
127.4 0.0268488 -0.0174272
127.6 0.0286522 -0.018639
127.8 0.0305096 -0.019883
128 0.0324199 -0.0211577
128.2 0.0343818 -0.0224617
128.4 0.0363934 -0.0237934
128.6 0.0384526 -0.0251513
128.8 0.0405566 -0.0265337
129 0.0427027 -0.027939
129.2 0.0448875 -0.0293655
129.4 0.0471074 -0.0308117
129.6 0.0493584 -0.0322757
129.8 0.0516362 -0.0337559
130 0.0539363 -0.0352506
130.2 0.0562539 -0.0367578
130.4 0.0585839 -0.0382758
130.6 0.0609211 -0.0398027
130.8 0.0632601 -0.0413367
131 0.0655952 -0.0428758
131.2 0.0679207 -0.044418
131.4 0.0702309 -0.0459613
131.6 0.07252 -0.0475037
131.8 0.0747819 -0.049043
132 0.0770108 -0.0505771
132.2 0.0792009 -0.0521037
132.4 0.0813463 -0.0536206
132.6 0.0834415 -0.0551254
132.8 0.0854808 -0.0566158
133 0.0874589 -0.0580894
133.2 0.0893706 -0.0595436
133.4 0.0912109 -0.060976
133.6 0.0929752 -0.0623839
133.8 0.094659 -0.0637647
134 0.0962583 -0.0651158
134.2 0.0977692 -0.0664345
134.4 0.0991885 -0.067718
134.6 0.100513 -0.0689635
134.8 0.10174 -0.0701684
135 0.102868 -0.0713299
135.2 0.103894 -0.0724451
135.4 0.104818 -0.0735114
135.6 0.105639 -0.0745259
135.8 0.106357 -0.075486
136 0.106971 -0.0763891
136.2 0.107482 -0.0772326
136.4 0.107892 -0.0780139
136.6 0.108203 -0.0787307
136.8 0.108416 -0.0793805
137 0.108535 -0.0799613
137.2 0.108562 -0.080471
137.4 0.108502 -0.0809076
137.6 0.108359 -0.0812694
137.8 0.108138 -0.0815549
138 0.107844 -0.0817627
138.2 0.107482 -0.0818915
138.4 0.107059 -0.0819405
138.6 0.106582 -0.081909
138.8 0.106057 -0.0817966
139 0.105492 -0.081603
139.2 0.104895 -0.0813284
139.4 0.104274 -0.0809731
139.6 0.103636 -0.0805378
139.8 0.102992 -0.0800236
140 0.102349 -0.0794316
140.2 0.101717 -0.0787636
140.4 0.101105 -0.0780213
140.6 0.100522 -0.0772071
140.8 0.0999779 -0.0763235
141 0.0994824 -0.0753734
141.2 0.0990449 -0.07436
141.4 0.098675 -0.0732867
141.6 0.0983819 -0.0721573
141.8 0.0981753 -0.0709758
142 0.0980642 -0.0697467
142.2 0.0980577 -0.0684744
142.4 0.0981647 -0.0671638
142.6 0.0983936 -0.0658199
142.8 0.0987527 -0.0644479
143 0.0992499 -0.0630532
143.2 0.0998926 -0.0616413
143.4 0.100688 -0.0602179
143.6 0.101642 -0.0587886
143.8 0.102762 -0.0573593
144 0.104053 -0.0559357
144.2 0.10552 -0.0545236
144.4 0.107166 -0.0531287
144.6 0.108997 -0.0517565
144.8 0.111015 -0.0504127
145 0.113222 -0.0491023
145.2 0.11562 -0.0478307
145.4 0.11821 -0.0466024
145.6 0.120993 -0.0454222
145.8 0.123967 -0.0442942
146 0.127132 -0.0432222
146.2 0.130484 -0.0422096
146.4 0.134022 -0.0412594
146.6 0.137741 -0.040374
146.8 0.141638 -0.0395553
147 0.145705 -0.0388048
147.2 0.149938 -0.0381231
147.4 0.154329 -0.0375105
147.6 0.158871 -0.0369664
147.8 0.163555 -0.0364896
148 0.168372 -0.0360784
148.2 0.173312 -0.03573
148.4 0.178363 -0.0354412
148.6 0.183516 -0.0352079
148.8 0.188757 -0.0350254
149 0.194075 -0.0348881
149.2 0.199455 -0.0347896
149.4 0.204885 -0.0347231
149.6 0.21035 -0.0346807
149.8 0.215836 -0.0346539
150 0.221327 -0.0346337
150.2 0.226808 -0.0346102
150.4 0.232264 -0.0345729
150.6 0.237679 -0.0345108
150.8 0.243036 -0.0344122
151 0.24832 -0.0342651
151.2 0.253515 -0.0340568
151.4 0.258604 -0.0337743
151.6 0.263572 -0.0334042
151.8 0.268402 -0.0329328
152 0.273079 -0.0323463
152.2 0.277587 -0.0316306
152.4 0.281913 -0.0307714
152.6 0.28604 -0.0297547
152.8 0.289955 -0.0285662
153 0.293644 -0.0271921
153.2 0.297094 -0.0256185
153.4 0.300294 -0.0238321
153.6 0.303231 -0.0218197
153.8 0.305895 -0.0195689
154 0.308276 -0.0170675
154.2 0.310365 -0.0143042
154.4 0.312153 -0.0112684
154.6 0.313635 -0.00795029
154.8 0.314803 -0.00434092
155 0.315653 -0.000432364
155.2 0.316181 0.00378226
155.4 0.316384 0.00830871
155.6 0.316261 0.0131516
155.8 0.315812 0.0183141
156 0.315037 0.0237982
156.2 0.313939 0.0296046
156.4 0.312521 0.0357324
156.6 0.310788 0.0421793
156.8 0.308746 0.0489413
157 0.306401 0.0560132
157.2 0.303762 0.063388
157.4 0.300839 0.071057
157.6 0.297641 0.0790102
157.8 0.294182 0.0872358
158 0.290474 0.0957204
158.2 0.286531 0.104449
158.4 0.282369 0.113405
158.6 0.278002 0.122571
158.8 0.273448 0.131926
159 0.268725 0.141451
159.2 0.263851 0.151122
159.4 0.258845 0.160916
159.6 0.253728 0.170807
159.8 0.248521 0.18077
160 0.243243 0.190777
160.2 0.237916 0.2008
160.4 0.232562 0.21081
160.6 0.227203 0.220776
160.8 0.221862 0.230668
161 0.216559 0.240454
161.2 0.211317 0.250104
161.4 0.206159 0.259584
161.6 0.201105 0.268862
161.8 0.196177 0.277905
162 0.191396 0.286683
162.2 0.186782 0.295162
162.4 0.182356 0.30331
162.6 0.178135 0.311097
162.8 0.174139 0.318491
163 0.170385 0.325463
163.2 0.166889 0.331983
163.4 0.163667 0.338024
163.6 0.160733 0.343559
163.8 0.158099 0.348562
164 0.155779 0.353009
164.2 0.153782 0.356878
164.4 0.152118 0.360148
164.6 0.150794 0.362798
164.8 0.149817 0.364814
165 0.149192 0.366178
165.2 0.148922 0.366878
165.4 0.149009 0.366902
165.6 0.149453 0.366242
165.8 0.150252 0.36489
166 0.151405 0.362844
166.2 0.152906 0.360099
166.4 0.15475 0.356658
166.6 0.156928 0.352521
166.8 0.159433 0.347696
167 0.162253 0.342189
167.2 0.165376 0.33601
167.4 0.16879 0.329171
167.6 0.172479 0.321687
167.8 0.176429 0.313576
168 0.18062 0.304855
168.2 0.185037 0.295547
168.4 0.189658 0.285675
168.6 0.194464 0.275264
168.8 0.199434 0.264342
169 0.204545 0.252938
169.2 0.209776 0.241083
169.4 0.215102 0.228809
169.6 0.220501 0.21615
169.8 0.225947 0.203142
170 0.231417 0.18982
170.2 0.236886 0.176222
170.4 0.242329 0.162387
170.6 0.247721 0.148353
170.8 0.253038 0.134161
171 0.258256 0.11985
171.2 0.26335 0.10546
171.4 0.268297 0.0910331
171.6 0.273074 0.0766081
171.8 0.277659 0.0622257
172 0.28203 0.0479255
172.2 0.286167 0.0337468
172.4 0.290049 0.0197282
172.6 0.293659 0.00590723
172.8 0.296977 -0.00767938
173 0.299988 -0.0209961
173.2 0.302676 -0.0340086
173.4 0.305028 -0.046684
173.6 0.307031 -0.058991
173.8 0.308673 -0.0708997
174 0.309944 -0.0823822
174.2 0.310837 -0.0934123
174.4 0.311344 -0.103966
174.6 0.31146 -0.11402
174.8 0.311182 -0.123555
175 0.310506 -0.132553
175.2 0.309433 -0.140998
175.4 0.307963 -0.148876
175.6 0.306098 -0.156175
175.8 0.303843 -0.162887
176 0.301202 -0.169004
176.2 0.298183 -0.174522
176.4 0.294793 -0.179438
176.6 0.291042 -0.183751
176.8 0.286941 -0.187465
177 0.282502 -0.190583
177.2 0.277737 -0.19311
177.4 0.272661 -0.195056
177.6 0.26729 -0.196431
177.8 0.261639 -0.197245
178 0.255725 -0.197514
178.2 0.249567 -0.197252
178.4 0.243183 -0.196477
178.6 0.236592 -0.195207
178.8 0.229813 -0.193463
179 0.222867 -0.191265
179.2 0.215774 -0.188636
179.4 0.208555 -0.185599
179.6 0.20123 -0.182178
179.8 0.19382 -0.1784
180 0.186346 -0.174288
180.2 0.178828 -0.169871
180.4 0.171288 -0.165173
180.6 0.163743 -0.160223
180.8 0.156216 -0.155048
181 0.148724 -0.149673
181.2 0.141287 -0.144128
181.4 0.133922 -0.138437
181.6 0.126646 -0.132628
181.8 0.119478 -0.126727
182 0.112431 -0.120759
182.2 0.105522 -0.114748
182.4 0.0987641 -0.10872
182.6 0.0921708 -0.102697
182.8 0.0857541 -0.0967023
183 0.0795252 -0.0907561
183.2 0.0734944 -0.0848794
183.4 0.0676706 -0.0790912
183.6 0.062062 -0.0734096
183.8 0.0566755 -0.0678515
184 0.0515169 -0.0624324
184.2 0.0465912 -0.0571668
184.4 0.041902 -0.0520675
184.6 0.0374522 -0.0471464
184.8 0.0332433 -0.0424138
185 0.0292762 -0.0378787
185.2 0.0255505 -0.0335489
185.4 0.022065 -0.0294308
185.6 0.0188175 -0.0255296
185.8 0.0158051 -0.021849
186 0.013024 -0.0183918
186.2 0.0104695 -0.0151593
186.4 0.00813628 -0.0121519
186.6 0.00601841 -0.00936869
186.8 0.00410924 -0.00680779
187 0.00240155 -0.00446631
187.2 0.000887659 -0.0023404
187.4 -0.000440607 -0.000425322
187.6 -0.0015918 0.00128446
187.8 -0.00257483 0.00279526
188 -0.00339885 0.00411407
188.2 -0.00407327 0.00524849
188.4 -0.00460765 0.00620669
188.6 -0.00501167 0.00699727
188.8 -0.00529504 0.00762929
189 -0.0054675 0.00811211
189.2 -0.00553872 0.00845536
189.4 -0.0055183 0.00866887
189.6 -0.00541565 0.0087626
189.8 -0.00524002 0.00874659
190 -0.00500044 0.00863085
190.2 -0.00470564 0.00842537
190.4 -0.00436408 0.00813999
190.6 -0.00398386 0.00778443
190.8 -0.00357272 0.00736815
191 -0.00313801 0.00690036
191.2 -0.00268667 0.00638998
191.4 -0.00222521 0.00584555
191.6 -0.0017597 0.00527525
191.8 -0.00129574 0.00468686
192 -0.000838462 0.00408769
192.2 -0.000392533 0.00348459
192.4 3.78553e-05 0.00288396
192.6 0.000448986 0.00229165
192.8 0.000837612 0.00171305
193 0.00120095 0.00115301
193.2 0.00153666 0.000615854
193.4 0.00184285 0.000105406
193.6 0.00211807 -0.000375038
193.8 0.00236125 -0.000822686
194 0.00257173 -0.00123524
194.2 0.00274922 -0.0016109
194.4 0.00289378 -0.00194832
194.6 0.00300578 -0.00224661
194.8 0.00308592 -0.0025053
195 0.00313515 -0.00272434
195.2 0.00315469 -0.00290404
195.4 0.00314596 -0.0030451
195.6 0.00311061 -0.00314851
195.8 0.00305044 -0.00321558
196 0.00296739 -0.00324788
196.2 0.00286352 -0.00324721
196.4 0.00274099 -0.00321561
196.6 0.00260201 -0.00315527
196.8 0.00244886 -0.00306853
197 0.00228379 -0.00295786
197.2 0.0021091 -0.00282582
197.4 0.00192702 -0.00267501
197.6 0.00173975 -0.0025081
197.8 0.00154943 -0.00232772
198 0.00135811 -0.00213653
198.2 0.00116775 -0.00193711
198.4 0.000980192 -0.00173201
198.6 0.000797154 -0.00152367
198.8 0.000620226 -0.00131444
199 0.000450853 -0.00110654
199.2 0.000290331 -0.000902087
199.4 0.000139799 -0.000703011
199.6 2.39667e-07 -0.00051111
199.8 -0.000127525 -0.000328007
200 -0.000242835 -0.000155151
