-0.498 -1.53029e-05 -3.44511e-06
-0.496 -5.29032e-05 -1.8649e-05
-0.494 -9.52394e-05 -5.10884e-05
-0.492 -0.000118776 -0.000103923
-0.49 -9.57919e-05 -0.000178393
-0.488 3.02535e-06 -0.000274439
-0.486 0.000205416 -0.000391458
-0.484 0.000534114 -0.000529058
-0.482 0.00100352 -0.000687678
-0.48 0.00161684 -0.000868969
-0.478 0.00236415 -0.00107583
-0.476 0.00322149 -0.00131207
-0.474 0.00415153 -0.00158163
-0.472 0.00510554 -0.00188756
-0.47 0.00602699 -0.00223065
-0.468 0.00685632 -0.00260808
-0.466 0.0075367 -0.00301203
-0.464 0.00802031 -0.0034286
-0.462 0.00827455 -0.00383712
-0.46 0.00828747 -0.00420983
-0.458 0.00807197 -0.00451234
-0.456 0.00766807 -0.00470448
-0.454 0.00714279 -0.0047418
-0.452 0.00658763 -0.00457763
-0.45 0.00611346 -0.00416536
-0.448 0.00584329 -0.00346115
-0.446 0.00590331 -0.00242671
-0.444 0.00641307 -0.00103206
-0.442 0.00747537 0.000741786
-0.44 0.00916688 0.00290049
-0.438 0.0115301 0.00543444
-0.436 0.0145675 0.00831747
-0.434 0.0182377 0.0115063
-0.432 0.0224557 0.0149409
-0.43 0.0270945 0.0185461
-0.428 0.0319917 0.0222337
-0.426 0.0369573 0.0259065
-0.424 0.0417853 0.0294629
-0.422 0.0462661 0.032802
-0.42 0.0502008 0.0358301
-0.418 0.0534149 0.0384667
-0.416 0.0557721 0.0406505
-0.414 0.0571849 0.0423451
-0.412 0.0576234 0.0435433
-0.41 0.0571196 0.0442697
-0.408 0.0557674 0.0445828
-0.406 0.0537177 0.0445732
-0.404 0.0511687 0.0443618
-0.402 0.048351 0.0440952
-0.4 0.0455093 0.0439391
-0.398 0.0428814 0.0440708
-0.396 0.0406759 0.0446701
-0.394 0.0390507 0.0459095
-0.392 0.0380939 0.0479445
-0.39 0.0378088 0.050903
-0.388 0.0381043 0.0548772
-0.386 0.0387917 0.0599158
-0.384 0.0395875 0.0660199
-0.382 0.0401237 0.0731406
-0.38 0.0399637 0.0811807
-0.378 0.0386234 0.0899994
-0.376 0.0355975 0.0994195
-0.374 0.0303891 0.109237
-0.372 0.0225413 0.119232
-0.37 0.0116691 0.12918
-0.368 -0.00250994 0.138863
-0.366 -0.020149 0.148075
-0.364 -0.0412514 0.156636
-0.362 -0.0656573 0.164391
-0.36 -0.0930404 0.171215
-0.358 -0.122914 0.177018
-0.356 -0.15465 0.181742
-0.354 -0.187501 0.18536
-0.352 -0.220638 0.187878
-0.35 -0.253194 0.189335
-0.348 -0.284304 0.189796
-0.346 -0.313154 0.189352
-0.344 -0.339029 0.188115
-0.342 -0.361349 0.186209
-0.34 -0.379707 0.183764
-0.338 -0.393891 0.180907
-0.336 -0.403904 0.177752
-0.334 -0.409961 0.174393
-0.332 -0.412489 0.170896
-0.33 -0.412107 0.167301
-0.328 -0.409595 0.163622
-0.326 -0.405864 0.159849
-0.324 -0.401908 0.155959
-0.322 -0.398754 0.15192
-0.32 -0.397404 0.147699
-0.318 -0.398776 0.14327
-0.316 -0.403652 0.138614
-0.314 -0.412616 0.133718
-0.312 -0.426017 0.12857
-0.31 -0.443938 0.123154
-0.308 -0.466179 0.11744
-0.306 -0.492265 0.111383
-0.304 -0.521472 0.10491
-0.302 -0.552865 0.0979279
-0.3 -0.585363 0.0903211
-0.298 -0.617807 0.0819616
-0.296 -0.649034 0.0727196
-0.294 -0.677956 0.0624784
-0.292 -0.703631 0.05115
-0.29 -0.725317 0.0386931
-0.288 -0.742524 0.0251294
-0.286 -0.755034 0.0105593
-0.284 -0.762912 -0.00482615
-0.282 -0.766497 -0.0207371
-0.28 -0.766373 -0.036783
-0.278 -0.763331 -0.0524775
-0.276 -0.758315 -0.0672525
-0.274 -0.752365 -0.0804816
-0.272 -0.746545 -0.0915122
-0.27 -0.741879 -0.0997068
-0.268 -0.739281 -0.104489
-0.266 -0.739489 -0.105395
-0.264 -0.743011 -0.102117
-0.262 -0.750078 -0.094549
-0.26 -0.760617 -0.0828159
-0.258 -0.774246 -0.0672869
-0.256 -0.790277 -0.0485758
-0.254 -0.807763 -0.0275195
-0.252 -0.825541 -0.00514093
-0.25 -0.842314 0.0174043
-0.248 -0.856727 0.0388923
-0.246 -0.867459 0.0581027
-0.244 -0.87331 0.0738922
-0.242 -0.873279 0.0852657
-0.24 -0.866626 0.091441
-0.238 -0.852917 0.0919025
-0.236 -0.832055 0.0864412
-0.234 -0.804281 0.0751789
-0.232 -0.770167 0.0585746
-0.23 -0.730585 0.0374112
-0.228 -0.686675 0.0127636
-0.226 -0.639794 -0.0140535
-0.224 -0.591459 -0.0415545
-0.222 -0.543291 -0.068167
-0.22 -0.496947 -0.0923267
-0.218 -0.454052 -0.112576
-0.216 -0.416125 -0.127661
-0.214 -0.384517 -0.136621
-0.212 -0.360334 -0.138856
-0.21 -0.34439 -0.13418
-0.208 -0.337158 -0.122845
-0.206 -0.338749 -0.105529
-0.204 -0.34891 -0.0833115
-0.202 -0.36705 -0.057607
-0.2 -0.392285 -0.030086
-0.198 -0.423506 -0.00257537
-0.196 -0.459454 0.0230523
-0.194 -0.49881 0.0449937
-0.192 -0.540273 0.0616281
-0.19 -0.582632 0.0716226
-0.188 -0.624826 0.0740217
-0.186 -0.665976 0.0683172
-0.184 -0.705403 0.054492
-0.182 -0.742624 0.0330351
-0.18 -0.777322 0.00492509
-0.178 -0.809303 -0.0284184
-0.176 -0.838446 -0.065213
-0.174 -0.864632 -0.103419
-0.172 -0.887687 -0.140864
-0.17 -0.907318 -0.175382
-0.168 -0.923061 -0.204954
-0.166 -0.934247 -0.227843
-0.164 -0.939988 -0.242716
-0.162 -0.939178 -0.24873
-0.16 -0.930531 -0.245602
-0.158 -0.912635 -0.233628
-0.156 -0.884039 -0.213669
-0.154 -0.843354 -0.1871
-0.152 -0.789379 -0.155722
-0.15 -0.721223 -0.121649
-0.148 -0.638434 -0.0871682
-0.146 -0.541105 -0.0545959
-0.144 -0.42995 -0.026127
-0.142 -0.306354 -0.00369486
-0.14 -0.17237 0.0111505
-0.138 -0.0306749 0.0173387
-0.136 0.115523 0.0143414
-0.134 0.262607 0.00219881
-0.132 0.406722 -0.0184926
-0.13 0.543951 -0.0466292
-0.128 0.670524 -0.0806815
-0.126 0.783011 -0.118803
-0.124 0.878527 -0.158955
-0.122 0.954895 -0.199046
-0.12 1.0108 -0.237068
-0.118 1.04588 -0.27122
-0.116 1.06079 -0.300023
-0.114 1.05717 -0.322398
-0.112 1.03761 -0.337725
-0.11 1.00549 -0.345859
-0.108 0.96483 -0.347109
-0.106 0.920063 -0.34219
-0.104 0.875804 -0.33214
-0.102 0.836594 -0.318209
-0.1 0.806667 -0.301743
-0.098 0.789724 -0.284058
-0.096 0.788753 -0.266318
-0.094 0.805883 -0.249438
-0.092 0.842298 -0.23401
-0.09 0.8982 -0.220266
-0.088 0.972829 -0.208079
-0.086 1.06454 -0.197007
-0.084 1.1709 -0.186368
-0.082 1.28887 -0.175344
-0.08 1.41497 -0.163111
-0.078 1.54546 -0.148957
-0.076 1.67659 -0.132406
-0.074 1.80477 -0.113312
-0.072 1.92673 -0.0919289
-0.07 2.03975 -0.0689351
-0.068 2.14175 -0.0454244
-0.066 2.23139 -0.0228532
-0.064 2.30813 -0.00295521
-0.062 2.37217 0.0123734
-0.06 2.42446 0.0212069
-0.058 2.46655 0.0217323
-0.056 2.50044 0.0123927
-0.054 2.52844 -0.00797967
-0.052 2.55297 -0.0400473
-0.05 2.5764 -0.083877
-0.048 2.60089 -0.138883
-0.046 2.62828 -0.20381
-0.044 2.66002 -0.276763
-0.042 2.6971 -0.355278
-0.04 2.74002 -0.43645
-0.038 2.78888 -0.51709
-0.036 2.84335 -0.593918
-0.034 2.90275 -0.663771
-0.032 2.96616 -0.72381
-0.03 3.03244 -0.77171
-0.028 3.10034 -0.80582
-0.026 3.16852 -0.825275
-0.024 3.23567 -0.830057
-0.022 3.30052 -0.821
-0.02 3.36191 -0.799727
-0.018 3.4188 -0.768545
-0.016 3.47034 -0.730292
-0.014 3.51583 -0.688142
-0.012 3.55481 -0.645406
-0.01 3.58696 -0.605309
-0.008 3.61214 -0.570792
-0.006 3.63033 -0.544321
-0.004 3.64158 -0.527738
-0.002 3.64598 -0.522146
0 3.64365 -0.527844
0.002 3.63481 -0.54428
0.004 3.61943 -0.570189
0.006 3.59764 -0.603585
0.008 3.56967 -0.641934
0.01 3.53582 -0.682326
0.012 3.4966 -0.721681
0.014 3.45267 -0.756962
0.016 3.40493 -0.785394
0.018 3.3545 -0.804661
0.02 3.3027 -0.813074
0.022 3.25095 -0.809695
0.024 3.20078 -0.794408
0.026 3.15364 -0.767925
0.028 3.11087 -0.731739
0.03 3.0735 -0.68801
0.032 3.0422 -0.639412
0.034 3.01716 -0.588937
0.036 2.99801 -0.53968
0.038 2.9838 -0.494615
0.04 2.97295 -0.456394
0.042 2.9633 -0.427157
0.044 2.95219 -0.408396
0.046 2.93658 -0.400859
0.048 2.91323 -0.404504
0.05 2.87885 -0.418516
0.052 2.83039 -0.441364
0.054 2.76524 -0.470916
0.056 2.68145 -0.504579
0.058 2.57794 -0.539477
0.06 2.45461 -0.572641
0.062 2.31249 -0.601202
0.064 2.15365 -0.622578
0.066 1.98121 -0.634635
0.068 1.79919 -0.635817
0.07 1.61231 -0.625238
0.072 1.42573 -0.602728
0.074 1.24484 -0.568826
0.076 1.07493 -0.524731
0.078 0.920939 -0.472214
0.08 0.787181 -0.413481
0.082 0.677151 -0.351026
0.084 0.59333 -0.287455
0.086 0.537061 -0.225315
0.088 0.508484 -0.166924
0.09 0.506517 -0.114229
0.092 0.528902 -0.0686844
0.094 0.572307 -0.0311783
0.096 0.63248 -0.00199683
0.098 0.704454 0.0191646
0.1 0.782793 0.0331458
0.102 0.861873 0.0412274
0.104 0.936175 0.0450063
0.106 1.00057 0.0462507
0.108 1.0506 0.0467465
0.11 1.08267 0.0481493
0.112 1.09424 0.0518513
0.114 1.08389 0.0588765
0.116 1.05138 0.0698083
0.118 0.99755 0.0847566
0.12 0.924231 0.103364
0.122 0.834081 0.124851
0.124 0.730385 0.148086
0.126 0.616829 0.171693
0.128 0.49728 0.19416
0.13 0.375565 0.213969
0.132 0.255276 0.229711
0.134 0.139601 0.240204
0.136 0.0311941 0.24458
0.138 -0.0679154 0.242358
0.14 -0.156372 0.233483
0.142 -0.233505 0.218337
0.144 -0.299296 0.197716
0.146 -0.354325 0.172773
0.148 -0.399675 0.144934
0.15 -0.43682 0.115799
0.152 -0.467491 0.0870138
0.154 -0.493531 0.0601493
0.156 -0.516748 0.0365806
0.158 -0.538775 0.0173819
0.16 -0.560942 0.00324654
0.162 -0.584186 -0.00556156
0.164 -0.608989 -0.00921988
0.166 -0.635363 -0.0083229
0.168 -0.662871 -0.00382339
0.17 -0.690699 0.00305481
0.172 -0.717748 0.0109243
0.174 -0.74276 0.0183524
0.176 -0.764447 0.0239802
0.178 -0.781614 0.026632
0.18 -0.793278 0.0254075
0.182 -0.798747 0.0197486
0.184 -0.79768 0.0094762
0.186 -0.790103 -0.0052047
0.188 -0.776404 -0.023732
0.19 -0.757288 -0.0452416
0.192 -0.733722 -0.0686465
0.194 -0.706862 -0.0927315
0.196 -0.677975 -0.116257
0.198 -0.648363 -0.13806
0.2 -0.619297 -0.15715
0.202 -0.591961 -0.172785
0.204 -0.567398 -0.184533
0.206 -0.546485 -0.192295
0.208 -0.529902 -0.196316
0.21 -0.518118 -0.197158
0.212 -0.511389 -0.195648
0.214 -0.509758 -0.192811
0.216 -0.51307 -0.189778
0.218 -0.52099 -0.187691
0.22 -0.533039 -0.187603
0.222 -0.548627 -0.190386
0.224 -0.567095 -0.196648
0.226 -0.587759 -0.206677
0.228 -0.609949 -0.220399
0.23 -0.633036 -0.237372
0.232 -0.65645 -0.256804
0.234 -0.679694 -0.277596
0.236 -0.702331 -0.298416
0.238 -0.723976 -0.317781
0.24 -0.744282 -0.334161
0.242 -0.762916 -0.34608
0.244 -0.779554 -0.352223
0.246 -0.793873 -0.351523
0.248 -0.805555 -0.343242
0.25 -0.814301 -0.327026
0.252 -0.819845 -0.302931
0.254 -0.821983 -0.271436
0.256 -0.820585 -0.233417
0.258 -0.81562 -0.190104
0.26 -0.807161 -0.143014
0.262 -0.795396 -0.0938666
0.264 -0.780618 -0.0444893
0.266 -0.76322 0.00328672
0.268 -0.743676 0.0477304
0.27 -0.722531 0.0873089
0.272 -0.700374 0.120774
0.274 -0.67783 0.147232
0.276 -0.655532 0.166191
0.278 -0.634106 0.177579
0.28 -0.614147 0.181746
0.282 -0.596188 0.179428
0.284 -0.580675 0.171691
0.286 -0.567933 0.159861
0.288 -0.558131 0.145427
0.29 -0.551264 0.129948
0.292 -0.547132 0.114955
0.294 -0.545347 0.101852
0.296 -0.545344 0.0918375
0.298 -0.546422 0.0858411
0.3 -0.547791 0.0844753
0.302 -0.548631 0.0880152
0.304 -0.548164 0.0963982
0.306 -0.545706 0.109245
0.308 -0.540733 0.125902
0.31 -0.532907 0.145493
0.312 -0.522109 0.166989
0.314 -0.508436 0.189278
0.316 -0.492186 0.211236
0.318 -0.473825 0.231798
0.32 -0.453946 0.250021
0.322 -0.43322 0.265127
0.324 -0.412339 0.276544
0.326 -0.39197 0.283929
0.328 -0.372705 0.287167
0.33 -0.355029 0.286368
0.332 -0.339285 0.281837
0.334 -0.325657 0.274047
0.336 -0.314164 0.263589
0.338 -0.304656 0.251128
0.34 -0.29683 0.237355
0.342 -0.29025 0.222939
0.344 -0.284379 0.208488
0.346 -0.278616 0.194516
0.348 -0.272339 0.181422
0.35 -0.26495 0.169477
0.352 -0.25592 0.158822
0.354 -0.244823 0.149479
0.356 -0.231375 0.141365
0.358 -0.215451 0.134313
0.36 -0.197101 0.1281
0.362 -0.176544 0.122471
0.364 -0.15416 0.117167
0.366 -0.130463 0.111945
0.368 -0.106069 0.106602
0.37 -0.0816554 0.100982
0.372 -0.0579163 0.0949921
0.374 -0.0355179 0.0886012
0.376 -0.0150568 0.0818412
0.378 0.00297571 0.0748
0.38 0.0182209 0.0676114
0.382 0.0304689 0.0604424
0.384 0.0396645 0.0534781
0.386 0.0459015 0.0469057
0.388 0.0494084 0.0408991
0.39 0.0505249 0.0356057
0.392 0.0496737 0.0311342
0.394 0.0473282 0.0275484
0.396 0.0439799 0.0248623
0.398 0.0401061 0.0230419
0.4 0.0361422 0.0220087
0.402 0.0324574 0.0216483
0.404 0.0293376 0.0218198
0.406 0.0269751 0.0223678
0.408 0.0254658 0.0231342
0.41 0.0248132 0.0239684
0.412 0.0249395 0.024737
0.414 0.0257015 0.0253303
0.416 0.02691 0.0256662
0.418 0.0283515 0.0256917
0.42 0.0298098 0.0253818
0.422 0.031085 0.0247369
0.424 0.0320101 0.0237782
0.426 0.0324625 0.0225428
0.428 0.0323707 0.0210784
0.43 0.0317154 0.0194385
0.432 0.0305259 0.0176782
0.434 0.0288723 0.0158501
0.436 0.0268551 0.0140023
0.438 0.0245929 0.0121762
0.44 0.0222105 0.0104062
0.442 0.0198272 0.00871934
0.444 0.0175477 0.00713592
0.446 0.0154552 0.00567059
0.448 0.0136071 0.00433339
0.45 0.0120343 0.00313096
0.452 0.0107412 0.00206742
0.454 0.00971013 0.00114509
0.456 0.00890503 0.000364777
0.458 0.00827773 -0.00027433
0.46 0.00777385 -0.000774912
0.462 0.00733885 -0.00114199
0.464 0.0069234 -0.00138336
0.466 0.00648778 -0.00150984
0.468 0.00600489 -0.00153529
0.47 0.00546163 -0.0014763
0.472 0.0048588 -0.00135145
0.474 0.00420936 -0.0011804
0.476 0.00353561 -0.000982738
0.478 0.00286535 -0.000776779
0.48 0.00222787 -0.000578458
0.482 0.00165002 -0.000400431
0.484 0.0011529 -0.00025149
0.486 0.000749566 -0.000136324
0.488 0.000444028 -5.56587e-05
0.49 0.00023139 -6.71971e-06
0.492 9.92265e-05 1.60324e-05
0.494 2.9808e-05 1.99863e-05
0.496 2.87075e-06 1.33837e-05
0.498 -1.46654e-06 4.34277e-06
0.2 0.558747 -0.149956
0.4 0.560341 -0.150282
0.6 0.56299 -0.150823
0.8 0.566688 -0.151576
1 0.571424 -0.152537
1.2 0.577181 -0.153698
1.4 0.583944 -0.155054
1.6 0.59169 -0.156595
1.8 0.600397 -0.158312
2 0.610036 -0.160194
2.2 0.620579 -0.162229
2.4 0.631993 -0.164405
2.6 0.644242 -0.166708
2.8 0.657289 -0.169123
3 0.671094 -0.171635
3.2 0.685613 -0.174227
3.4 0.700801 -0.176884
3.6 0.716613 -0.179587
3.8 0.732998 -0.18232
4 0.749905 -0.185063
4.2 0.767283 -0.1878
4.4 0.785077 -0.190511
4.6 0.803231 -0.193179
4.8 0.821689 -0.195785
5 0.840394 -0.198311
5.2 0.859287 -0.200739
5.4 0.878308 -0.203051
5.6 0.897399 -0.20523
5.8 0.916499 -0.207261
6 0.935548 -0.209127
6.2 0.954487 -0.210812
6.4 0.973255 -0.212303
6.6 0.991793 -0.213586
6.8 1.01004 -0.214649
7 1.02795 -0.21548
7.2 1.04545 -0.216068
7.4 1.06249 -0.216405
7.6 1.07902 -0.216483
7.8 1.09498 -0.216294
8 1.11032 -0.215834
8.2 1.12499 -0.215097
8.4 1.13895 -0.214082
8.6 1.15215 -0.212787
8.8 1.16455 -0.211212
9 1.1761 -0.209357
9.2 1.18677 -0.207226
9.4 1.19652 -0.204824
9.6 1.20532 -0.202154
9.8 1.21313 -0.199224
10 1.21994 -0.196043
10.2 1.22571 -0.192618
10.4 1.23043 -0.188962
10.6 1.23408 -0.185085
10.8 1.23664 -0.181001
11 1.2381 -0.176722
11.2 1.23845 -0.172265
11.4 1.23769 -0.167644
11.6 1.23581 -0.162877
11.8 1.23283 -0.15798
12 1.22873 -0.152972
12.2 1.22353 -0.147872
12.4 1.21725 -0.142697
12.6 1.20988 -0.137468
12.8 1.20146 -0.132205
13 1.19201 -0.126927
13.2 1.18154 -0.121654
13.4 1.17008 -0.116407
13.6 1.15766 -0.111206
13.8 1.14431 -0.10607
14 1.13007 -0.101019
14.2 1.11497 -0.0960719
14.4 1.09906 -0.0912478
14.6 1.08236 -0.0865645
14.8 1.06492 -0.0820396
15 1.0468 -0.0776898
15.2 1.02803 -0.0735313
15.4 1.00866 -0.0695789
15.6 0.988735 -0.0658469
15.8 0.968313 -0.0623483
16 0.947441 -0.0590953
16.2 0.926169 -0.0560987
16.4 0.90455 -0.0533683
16.6 0.882636 -0.0509125
16.8 0.860479 -0.0487387
17 0.838131 -0.0468527
17.2 0.815644 -0.0452592
17.4 0.793071 -0.0439616
17.6 0.770461 -0.0429618
17.8 0.747865 -0.0422603
18 0.725333 -0.0418565
18.2 0.702913 -0.0417482
18.4 0.680652 -0.0419321
18.6 0.658595 -0.0424035
18.8 0.636786 -0.0431563
19 0.615269 -0.0441834
19.2 0.594082 -0.0454762
19.4 0.573266 -0.0470253
19.6 0.552856 -0.0488199
19.8 0.532886 -0.0508483
20 0.51339 -0.0530977
20.2 0.494395 -0.0555544
20.4 0.475931 -0.0582038
20.6 0.45802 -0.0610307
20.8 0.440686 -0.064019
21 0.423949 -0.067152
21.2 0.407825 -0.0704125
21.4 0.392328 -0.0737827
21.6 0.37747 -0.0772445
21.8 0.363261 -0.0807795
22 0.349706 -0.0843691
22.2 0.336811 -0.0879944
22.4 0.324575 -0.0916368
22.6 0.312997 -0.0952773
22.8 0.302075 -0.0988973
23 0.291801 -0.102478
23.2 0.282168 -0.106002
23.4 0.273164 -0.109452
23.6 0.264777 -0.112809
23.8 0.256993 -0.116056
24 0.249793 -0.119179
24.2 0.24316 -0.122161
24.4 0.237074 -0.124987
24.6 0.231512 -0.127643
24.8 0.226451 -0.130116
25 0.221867 -0.132393
25.2 0.217734 -0.134464
25.4 0.214025 -0.136318
25.6 0.210713 -0.137944
25.8 0.207769 -0.139336
26 0.205165 -0.140485
26.2 0.20287 -0.141386
26.4 0.200857 -0.142033
26.6 0.199094 -0.142422
26.8 0.197552 -0.14255
27 0.196202 -0.142417
27.2 0.195015 -0.14202
27.4 0.193961 -0.14136
27.6 0.193013 -0.140439
27.8 0.192143 -0.13926
28 0.191324 -0.137826
28.2 0.19053 -0.136143
28.4 0.189737 -0.134214
28.6 0.188921 -0.132048
28.8 0.18806 -0.129652
29 0.187131 -0.127034
29.2 0.186116 -0.124203
29.4 0.184997 -0.121169
29.6 0.183755 -0.117943
29.8 0.182377 -0.114536
30 0.180847 -0.11096
30.2 0.179155 -0.107228
30.4 0.177289 -0.103353
30.6 0.175241 -0.0993466
30.8 0.173004 -0.0952239
31 0.170572 -0.0909985
31.2 0.167941 -0.0866847
31.4 0.165109 -0.0822966
31.6 0.162076 -0.0778488
31.8 0.158842 -0.0733556
32 0.15541 -0.0688315
32.2 0.151784 -0.0642908
32.4 0.147969 -0.0597477
32.6 0.143972 -0.0552161
32.8 0.139801 -0.0507099
33 0.135465 -0.0462423
33.2 0.130974 -0.0418264
33.4 0.126341 -0.0374749
33.6 0.121576 -0.0331999
33.8 0.116694 -0.0290132
34 0.111709 -0.0249258
34.2 0.106635 -0.0209483
34.4 0.101487 -0.0170908
34.6 0.0962818 -0.0133625
34.8 0.0910349 -0.00977213
35 0.085763 -0.00632774
35.2 0.0804826 -0.00303663
35.4 0.0752106 9.46066e-05
35.6 0.0699638 0.0030601
35.8 0.0647587 0.0058547
36 0.059612 0.008474
36.2 0.0545397 0.0109143
36.4 0.0495579 0.0131728
36.6 0.0446818 0.0152471
36.8 0.0399265 0.0171359
37 0.0353063 0.0188383
37.2 0.0308348 0.0203543
37.4 0.026525 0.0216846
37.6 0.0223891 0.0228304
37.8 0.0184384 0.0237936
38 0.0146834 0.0245768
38.2 0.0111338 0.0251832
38.4 0.00779804 0.0256164
38.6 0.00468385 0.0258808
38.8 0.00179785 0.025981
39 -0.000854331 0.0259224
39.2 -0.00326811 0.0257105
39.4 -0.00543993 0.0253515
39.6 -0.00736728 0.0248519
39.8 -0.00904867 0.0242185
40 -0.0104836 0.0234583
40.2 -0.0116727 0.0225788
40.4 -0.0126173 0.0215875
40.6 -0.01332 0.0204923
40.8 -0.0137842 0.0193011
41 -0.014014 0.018022
41.2 -0.0140147 0.0166632
41.4 -0.0137921 0.0152329
41.6 -0.013353 0.0137393
41.8 -0.0127046 0.0121907
42 -0.0118551 0.0105953
42.2 -0.010813 0.00896113
42.4 -0.00958748 0.00729629
42.6 -0.00818828 0.00560862
42.8 -0.00662543 0.00390584
43 -0.00490939 0.00219548
43.2 -0.00305089 0.000484869
43.4 -0.00106094 -0.00121891
43.6 0.00104931 -0.00290901
43.8 0.00326855 -0.00457887
44 0.00558543 -0.00622221
44.2 0.00798858 -0.00783305
44.4 0.0104667 -0.00940574
44.6 0.0130086 -0.010935
44.8 0.0156032 -0.0124157
45 0.0182397 -0.0138434
45.2 0.0209074 -0.0152137
45.4 0.0235962 -0.0165227
45.6 0.0262961 -0.017767
45.8 0.0289975 -0.0189433
46 0.0316912 -0.0200488
46.2 0.0343687 -0.0210812
46.4 0.0370216 -0.0220383
46.6 0.0396422 -0.0229186
46.8 0.0422234 -0.0237207
47 0.0447584 -0.0244436
47.2 0.0472412 -0.0250869
47.4 0.0496662 -0.0256501
47.6 0.0520284 -0.0261335
47.8 0.0543234 -0.0265374
48 0.0565474 -0.0268626
48.2 0.058697 -0.02711
48.4 0.0607695 -0.0272812
48.6 0.0627627 -0.0273775
48.8 0.0646749 -0.027401
49 0.066505 -0.0273538
49.2 0.0682524 -0.0272382
49.4 0.0699167 -0.0270568
49.6 0.0714982 -0.0268125
49.8 0.0729976 -0.0265081
50 0.0744159 -0.0261469
50.2 0.0757545 -0.0257322
50.4 0.0770151 -0.0252674
50.6 0.0781998 -0.0247562
50.8 0.0793106 -0.0242021
51 0.0803502 -0.023609
51.2 0.0813212 -0.0229807
51.4 0.0822263 -0.0223211
51.6 0.0830685 -0.0216342
51.8 0.0838508 -0.0209239
52 0.0845762 -0.0201941
52.2 0.0852478 -0.0194489
52.4 0.0858684 -0.0186922
52.6 0.0864412 -0.0179278
52.8 0.0869689 -0.0171596
53 0.0874543 -0.0163913
53.2 0.0878999 -0.0156266
53.4 0.0883081 -0.0148691
53.6 0.0886812 -0.0141223
53.8 0.0890211 -0.0133895
54 0.0893296 -0.0126739
54.2 0.0896081 -0.0119785
54.4 0.0898579 -0.0113063
54.6 0.0900797 -0.0106601
54.8 0.0902743 -0.0100423
55 0.0904419 -0.00945539
55.2 0.0905825 -0.00890153
55.4 0.0906957 -0.00838272
55.6 0.0907808 -0.00790077
55.8 0.0908369 -0.00745725
56 0.0908626 -0.00705357
56.2 0.0908564 -0.00669087
56.4 0.0908162 -0.00637011
56.6 0.09074 -0.00609204
56.8 0.0906252 -0.00585716
57 0.090469 -0.0056658
57.2 0.0902685 -0.00551803
57.4 0.0900205 -0.00541373
57.6 0.0897216 -0.00535259
57.8 0.089368 -0.00533406
58 0.0889562 -0.00535741
58.2 0.0884821 -0.00542172
58.4 0.0879419 -0.00552587
58.6 0.0873314 -0.00566858
58.8 0.0866465 -0.00584838
59 0.085883 -0.00606364
59.2 0.0850368 -0.0063126
59.4 0.0841039 -0.00659334
59.6 0.0830801 -0.0069038
59.8 0.0819615 -0.00724182
60 0.0807443 -0.00760511
60.2 0.0794248 -0.00799132
60.4 0.0779996 -0.00839798
60.6 0.0764653 -0.00882257
60.8 0.0748188 -0.00926251
61 0.0730575 -0.00971518
61.2 0.0711787 -0.0101779
61.4 0.0691803 -0.0106481
61.6 0.0670605 -0.011123
61.8 0.0648176 -0.0116
62 0.0624505 -0.0120765
62.2 0.0599584 -0.0125499
62.4 0.057341 -0.0130176
62.6 0.0545983 -0.0134772
62.8 0.0517307 -0.0139263
63 0.0487391 -0.0143626
63.2 0.0456248 -0.014784
63.4 0.0423896 -0.0151883
63.6 0.0390357 -0.0155736
63.8 0.0355658 -0.015938
64 0.0319828 -0.01628
64.2 0.0282904 -0.0165979
64.4 0.0244925 -0.0168905
64.6 0.0205936 -0.0171565
64.8 0.0165983 -0.0173948
65 0.0125119 -0.0176047
65.2 0.00834011 -0.0177855
65.4 0.00408877 -0.0179366
65.6 -0.000235747 -0.0180578
65.8 -0.00462678 -0.0181489
66 -0.00907734 -0.0182099
66.2 -0.0135802 -0.0182412
66.4 -0.0181277 -0.0182431
66.6 -0.0227121 -0.0182163
66.8 -0.0273254 -0.0181614
67 -0.0319594 -0.0180793
67.2 -0.0366056 -0.0179713
67.4 -0.0412557 -0.0178384
67.6 -0.0459009 -0.0176821
67.8 -0.0505326 -0.0175039
68 -0.0551419 -0.0173053
68.2 -0.0597203 -0.0170881
68.4 -0.0642588 -0.0168541
68.6 -0.0687488 -0.0166053
68.8 -0.0731817 -0.0163436
69 -0.0775488 -0.0160711
69.2 -0.0818419 -0.0157898
69.4 -0.0860526 -0.0155019
69.6 -0.0901729 -0.0152096
69.8 -0.094195 -0.014915
70 -0.0981112 -0.0146202
70.2 -0.101914 -0.0143273
70.4 -0.105597 -0.0140385
70.6 -0.109153 -0.0137557
70.8 -0.112576 -0.013481
71 -0.115859 -0.0132162
71.2 -0.118997 -0.012963
71.4 -0.121985 -0.0127233
71.6 -0.124818 -0.0124986
71.8 -0.127491 -0.0122903
72 -0.13 -0.0120998
72.2 -0.132342 -0.0119282
72.4 -0.134513 -0.0117765
72.6 -0.136512 -0.0116457
72.8 -0.138335 -0.0115363
73 -0.139981 -0.011449
73.2 -0.141449 -0.011384
73.4 -0.142737 -0.0113415
73.6 -0.143846 -0.0113216
73.8 -0.144775 -0.0113239
74 -0.145525 -0.0113482
74.2 -0.146096 -0.0113938
74.4 -0.146491 -0.01146
74.6 -0.146711 -0.0115458
74.8 -0.146758 -0.0116503
75 -0.146635 -0.011772
75.2 -0.146345 -0.0119097
75.4 -0.14589 -0.0120616
75.6 -0.145275 -0.0122262
75.8 -0.144504 -0.0124015
76 -0.14358 -0.0125856
76.2 -0.142509 -0.0127765
76.4 -0.141296 -0.0129718
76.6 -0.139944 -0.0131694
76.8 -0.13846 -0.0133669
77 -0.136849 -0.013562
77.2 -0.135117 -0.0137521
77.4 -0.133268 -0.0139348
77.6 -0.131311 -0.0141076
77.8 -0.129249 -0.0142681
78 -0.12709 -0.0144137
78.2 -0.124839 -0.014542
78.4 -0.122502 -0.0146506
78.6 -0.120086 -0.0147372
78.8 -0.117597 -0.0147994
79 -0.115041 -0.0148352
79.2 -0.112423 -0.0148424
79.4 -0.10975 -0.014819
79.6 -0.107028 -0.0147632
79.8 -0.104262 -0.0146733
80 -0.101458 -0.0145477
80.2 -0.0986206 -0.014385
80.4 -0.0957563 -0.014184
80.6 -0.0928695 -0.0139437
80.8 -0.0899653 -0.0136631
81 -0.0870482 -0.0133415
81.2 -0.0841229 -0.0129785
81.4 -0.0811934 -0.0125737
81.6 -0.0782639 -0.012127
81.8 -0.075338 -0.0116386
82 -0.0724195 -0.0111087
82.2 -0.0695115 -0.0105378
82.4 -0.066617 -0.0099266
82.6 -0.063739 -0.00927601
82.8 -0.06088 -0.00858708
83 -0.0580421 -0.00786109
83.2 -0.0552277 -0.00709948
83.4 -0.0524383 -0.00630386
83.6 -0.0496757 -0.00547601
83.8 -0.0469411 -0.00461787
84 -0.0442358 -0.00373151
84.2 -0.0415607 -0.00281915
84.4 -0.0389164 -0.00188311
84.6 -0.0363035 -0.00092585
84.8 -0.0337223 5.00942e-05
85 -0.031173 0.0010421
85.2 -0.0286555 0.00204746
85.4 -0.0261699 0.00306342
85.6 -0.0237156 0.00408719
85.8 -0.0212924 0.00511594
86 -0.0188996 0.00614683
86.2 -0.0165368 0.00717702
86.4 -0.014203 0.00820368
86.6 -0.0118977 0.00922402
86.8 -0.00961983 0.0102353
87 -0.00736861 0.0112347
87.2 -0.00514309 0.0122198
87.4 -0.00294233 0.0131879
87.6 -0.000765373 0.0141366
87.8 0.00138872 0.0150634
88 0.00352089 0.0159663
88.2 0.00563203 0.016843
88.4 0.00772301 0.0176917
88.6 0.00979464 0.0185103
88.8 0.0118477 0.0192973
89 0.0138828 0.0200512
89.2 0.0159007 0.0207705
89.4 0.0179018 0.021454
89.6 0.0198866 0.0221007
89.8 0.0218555 0.0227098
90 0.0238086 0.0232805
90.2 0.0257463 0.0238123
90.4 0.0276684 0.0243049
90.6 0.029575 0.0247581
90.8 0.0314659 0.0251719
91 0.0333408 0.0255464
91.2 0.0351992 0.0258821
91.4 0.0370409 0.0261792
91.6 0.038865 0.0264386
91.8 0.0406709 0.0266609
92 0.0424579 0.0268471
92.2 0.044225 0.0269982
92.4 0.0459712 0.0271153
92.6 0.0476954 0.0271999
92.8 0.0493965 0.0272531
93 0.0510733 0.0272766
93.2 0.0527245 0.0272719
93.4 0.0543486 0.0272405
93.6 0.0559444 0.0271843
93.8 0.0575104 0.0271048
94 0.059045 0.027004
94.2 0.0605469 0.0268835
94.4 0.0620144 0.0267453
94.6 0.0634461 0.0265912
94.8 0.0648405 0.026423
95 0.066196 0.0262426
95.2 0.0675112 0.0260516
95.4 0.0687846 0.025852
95.6 0.0700149 0.0256453
95.8 0.0712007 0.0254334
96 0.0723406 0.0252178
96.2 0.0734336 0.0250001
96.4 0.0744784 0.0247817
96.6 0.0754739 0.0245641
96.8 0.0764192 0.0243486
97 0.0773135 0.0241364
97.2 0.078156 0.0239286
97.4 0.078946 0.0237264
97.6 0.079683 0.0235306
97.8 0.0803666 0.0233421
98 0.0809965 0.0231616
98.2 0.0815726 0.0229898
98.4 0.0820949 0.0228271
98.6 0.0825634 0.0226742
98.8 0.0829785 0.0225311
99 0.0833405 0.0223983
99.2 0.08365 0.0222758
99.4 0.0839077 0.0221636
99.6 0.0841143 0.0220618
99.8 0.0842709 0.0219701
100 0.0843785 0.0218883
100.2 0.0844384 0.0218161
100.4 0.0844519 0.0217531
100.6 0.0844205 0.021699
100.8 0.0843458 0.0216531
101 0.0842294 0.0216149
101.2 0.0840733 0.0215838
101.4 0.0838793 0.0215591
101.6 0.0836494 0.0215402
101.8 0.0833857 0.0215262
102 0.0830905 0.0215164
102.2 0.0827659 0.0215101
102.4 0.0824142 0.0215064
102.6 0.0820378 0.0215045
102.8 0.0816391 0.0215036
103 0.0812205 0.021503
103.2 0.0807845 0.0215018
103.4 0.0803335 0.0214992
103.6 0.0798699 0.0214945
103.8 0.0793962 0.0214869
104 0.0789149 0.0214757
104.2 0.0784283 0.0214602
104.4 0.0779388 0.0214398
104.6 0.0774486 0.0214138
104.8 0.07696 0.0213817
105 0.0764752 0.0213428
105.2 0.0759963 0.0212968
105.4 0.0755252 0.0212432
105.6 0.0750638 0.0211814
105.8 0.0746139 0.0211113
106 0.0741773 0.0210324
106.2 0.0737553 0.0209444
106.4 0.0733494 0.0208472
106.6 0.072961 0.0207406
106.8 0.072591 0.0206243
107 0.0722405 0.0204983
107.2 0.0719103 0.0203625
107.4 0.071601 0.0202169
107.6 0.0713132 0.0200615
107.8 0.071047 0.0198963
108 0.0708028 0.0197214
108.2 0.0705805 0.0195369
108.4 0.0703798 0.019343
108.6 0.0702005 0.0191397
108.8 0.0700419 0.0189272
109 0.0699034 0.0187058
109.2 0.0697841 0.0184756
109.4 0.069683 0.018237
109.6 0.0695989 0.01799
109.8 0.0695305 0.017735
110 0.0694761 0.0174722
110.2 0.0694343 0.017202
110.4 0.0694032 0.0169245
110.6 0.0693809 0.01664
110.8 0.0693654 0.0163489
111 0.0693546 0.0160515
111.2 0.0693461 0.0157479
111.4 0.0693378 0.0154386
111.6 0.069327 0.0151238
111.8 0.0693115 0.0148038
112 0.0692885 0.0144789
112.2 0.0692556 0.0141495
112.4 0.06921 0.0138158
112.6 0.0691491 0.0134782
112.8 0.0690702 0.013137
113 0.0689707 0.0127924
113.2 0.0688479 0.012445
113.4 0.068699 0.012095
113.6 0.0685217 0.0117427
113.8 0.0683131 0.0113887
114 0.068071 0.0110332
114.2 0.0677928 0.0106767
114.4 0.0674763 0.0103197
114.6 0.0671192 0.00996264
114.8 0.0667193 0.00960596
115 0.0662747 0.00925021
115.2 0.0657834 0.00889595
115.4 0.0652438 0.00854375
115.6 0.0646543 0.00819424
115.8 0.0640135 0.00784806
116 0.06332 0.0075059
116.2 0.0625727 0.00716847
116.4 0.0617709 0.00683654
116.6 0.0609137 0.00651091
116.8 0.0600007 0.0061924
117 0.0590314 0.00588189
117.2 0.0580058 0.00558028
117.4 0.0569239 0.00528853
117.6 0.0557859 0.00500761
117.8 0.0545924 0.00473853
118 0.053344 0.00448235
118.2 0.0520416 0.00424014
118.4 0.0506861 0.004013
118.6 0.049279 0.00380205
118.8 0.0478216 0.00360846
119 0.0463156 0.00343337
119.2 0.0447628 0.00327798
119.4 0.0431652 0.00314347
119.6 0.0415249 0.00303102
119.8 0.0398443 0.00294184
120 0.0381259 0.00287711
120.2 0.0363721 0.00283801
120.4 0.0345859 0.00282569
120.6 0.03277 0.00284129
120.8 0.0309274 0.00288593
121 0.0290612 0.00296067
121.2 0.0271745 0.00306655
121.4 0.0252705 0.00320456
121.6 0.0233525 0.00337563
121.8 0.0214239 0.00358064
122 0.019488 0.0038204
122.2 0.0175481 0.00409565
122.4 0.0156077 0.00440706
122.6 0.0136701 0.0047552
122.8 0.0117387 0.00514057
123 0.0098168 0.00556357
123.2 0.00790769 0.0060245
123.4 0.00601457 0.00652355
123.6 0.0041406 0.00706081
123.8 0.00228884 0.00763626
124 0.000462265 0.00824976
124.2 -0.00133627 0.00890107
124.4 -0.003104 0.00958979
124.6 -0.0048383 0.0103154
124.8 -0.00653668 0.0110774
125 -0.00819678 0.0118748
125.2 -0.0098164 0.012707
125.4 -0.0113935 0.0135728
125.6 -0.0129261 0.0144711
125.8 -0.0144126 0.0154007
126 -0.0158514 0.0163601
126.2 -0.0172411 0.017348
126.4 -0.0185805 0.0183626
126.6 -0.0198686 0.0194022
126.8 -0.0211045 0.020465
127 -0.0222874 0.021549
127.2 -0.0234171 0.0226522
127.4 -0.024493 0.0237723
127.6 -0.025515 0.0249072
127.8 -0.0264832 0.0260545
128 -0.0273977 0.0272118
128.2 -0.0282588 0.0283767
128.4 -0.029067 0.0295465
128.6 -0.029823 0.0307186
128.8 -0.0305274 0.0318905
129 -0.0311812 0.0330595
129.2 -0.0317853 0.0342228
129.4 -0.032341 0.0353777
129.6 -0.0328494 0.0365214
129.8 -0.0333118 0.0376513
130 -0.0337296 0.0387646
130.2 -0.0341044 0.0398585
130.4 -0.0344376 0.0409304
130.6 -0.0347309 0.0419776
130.8 -0.0349859 0.0429975
131 -0.0352042 0.0439876
131.2 -0.0353876 0.0449453
131.4 -0.0355378 0.0458684
131.6 -0.0356564 0.0467543
131.8 -0.0357453 0.0476009
132 -0.035806 0.048406
132.2 -0.0358403 0.0491676
132.4 -0.0358498 0.0498838
132.6 -0.035836 0.0505527
132.8 -0.0358007 0.0511727
133 -0.0357451 0.0517422
133.2 -0.0356709 0.0522599
133.4 -0.0355793 0.0527243
133.6 -0.0354716 0.0531344
133.8 -0.0353492 0.0534893
134 -0.035213 0.0537881
134.2 -0.0350642 0.05403
134.4 -0.0349037 0.0542147
134.6 -0.0347325 0.0543417
134.8 -0.0345513 0.0544109
135 -0.0343609 0.0544222
135.2 -0.0341618 0.0543756
135.4 -0.0339547 0.0542716
135.6 -0.0337399 0.0541105
135.8 -0.0335178 0.0538929
136 -0.0332886 0.0536196
136.2 -0.0330527 0.0532913
136.4 -0.0328102 0.0529091
136.6 -0.032561 0.0524743
136.8 -0.0323052 0.0519879
137 -0.0320428 0.0514516
137.2 -0.0317736 0.0508667
137.4 -0.0314974 0.050235
137.6 -0.031214 0.0495582
137.8 -0.0309233 0.0488382
138 -0.0306248 0.0480768
138.2 -0.0303184 0.0472763
138.4 -0.0300037 0.0464385
138.6 -0.0296803 0.0455659
138.8 -0.029348 0.0446605
139 -0.0290064 0.0437246
139.2 -0.0286552 0.0427608
139.4 -0.028294 0.0417712
139.6 -0.0279227 0.0407583
139.8 -0.0275409 0.0397246
140 -0.0271483 0.0386725
140.2 -0.026745 0.0376044
140.4 -0.0263305 0.0365227
140.6 -0.025905 0.03543
140.8 -0.0254682 0.0343286
141 -0.0250202 0.0332208
141.2 -0.0245612 0.032109
141.4 -0.024091 0.0309955
141.6 -0.02361 0.0298826
141.8 -0.0231184 0.0287724
142 -0.0226165 0.0276671
142.2 -0.0221046 0.0265688
142.4 -0.0215831 0.0254793
142.6 -0.0210525 0.0244007
142.8 -0.0205134 0.0233347
143 -0.0199663 0.0222832
143.2 -0.019412 0.0212477
143.4 -0.0188511 0.0202297
143.6 -0.0182843 0.0192309
143.8 -0.0177126 0.0182524
144 -0.0171366 0.0172956
144.2 -0.0165574 0.0163617
144.4 -0.0159759 0.0154517
144.6 -0.0153929 0.0145664
144.8 -0.0148096 0.0137069
145 -0.0142268 0.0128738
145.2 -0.0136456 0.0120678
145.4 -0.013067 0.0112893
145.6 -0.0124921 0.0105389
145.8 -0.0119218 0.00981682
146 -0.0113573 0.00912336
146.2 -0.0107995 0.00845866
146.4 -0.0102493 0.00782275
146.6 -0.00970782 0.00721561
146.8 -0.00917592 0.00663711
147 -0.00865453 0.00608704
147.2 -0.0081445 0.00556514
147.4 -0.00764666 0.00507103
147.6 -0.00716178 0.0046043
147.8 -0.0066906 0.00416445
148 -0.00623378 0.00375092
148.2 -0.00579194 0.00336312
148.4 -0.00536562 0.00300038
148.6 -0.00495534 0.00266198
148.8 -0.0045615 0.00234718
149 -0.00418447 0.00205519
149.2 -0.00382454 0.00178517
149.4 -0.00348194 0.00153629
149.6 -0.00315683 0.00130766
149.8 -0.00284928 0.00109839
150 -0.00255933 0.000907558
150.2 -0.00228692 0.000734254
150.4 -0.00203193 0.000577544
150.6 -0.0017942 0.000436499
150.8 -0.00157348 0.000310188
151 -0.00136947 0.000197687
151.2 -0.00118182 9.80813e-05
151.4 -0.00101011 1.04663e-05
151.6 -0.00085388 -6.60454e-05
151.8 -0.000712629 -0.000132324
152 -0.000585801 -0.000189217
152.2 -0.000472807 -0.00023755
152.4 -0.000373019 -0.000278121
152.6 -0.000285782 -0.000311702
152.8 -0.000210413 -0.000339032
153 -0.000146206 -0.000360822
153.2 -9.24402e-05 -0.000377747
153.4 -4.83793e-05 -0.000390449
153.6 -1.32805e-05 -0.000399534
153.8 1.36036e-05 -0.000405573
154 3.30195e-05 -0.0004091
154.2 4.57088e-05 -0.000410612
154.4 5.24045e-05 -0.00041057
154.6 5.38261e-05 -0.000409396
154.8 5.06765e-05 -0.000407478
155 4.36383e-05 -0.000405166
155.2 3.33699e-05 -0.000402774
155.4 2.05032e-05 -0.000400584
155.6 5.63988e-06 -0.000398839
155.8 -1.06506e-05 -0.000397753
156 -2.78334e-05 -0.000397508
156.2 -4.54107e-05 -0.000398253
156.4 -6.2923e-05 -0.000400109
156.6 -7.99506e-05 -0.000403169
156.8 -9.61148e-05 -0.000407501
157 -0.000111079 -0.000413146
157.2 -0.000124547 -0.000420124
157.4 -0.000136268 -0.000428431
157.6 -0.00014603 -0.000438046
157.8 -0.000153666 -0.000448928
158 -0.000159047 -0.00046102
158.2 -0.000162086 -0.000474251
158.4 -0.000162734 -0.000488537
158.6 -0.000160979 -0.000503783
158.8 -0.000156846 -0.000519882
159 -0.000150392 -0.000536722
159.2 -0.000141706 -0.000554184
159.4 -0.000130906 -0.000572142
159.6 -0.000118138 -0.000590468
159.8 -0.000103571 -0.000609033
160 -8.7397e-05 -0.000627704
160.2 -6.98249e-05 -0.000646352
160.4 -5.10814e-05 -0.000664847
160.6 -3.14061e-05 -0.000683063
160.8 -1.10489e-05 -0.000700876
161 9.73237e-06 -0.000718168
161.2 3.06751e-05 -0.000734825
161.4 5.15145e-05 -0.000750741
161.6 7.19862e-05 -0.000765815
161.8 9.1829e-05 -0.000779953
162 0.000110787 -0.000793069
162.2 0.000128613 -0.000805086
162.4 0.000145069 -0.000815932
162.6 0.000159929 -0.000825548
162.8 0.000172982 -0.00083388
163 0.000184033 -0.000840884
163.2 0.000192902 -0.000846524
163.4 0.00019943 -0.000850773
163.6 0.000203477 -0.000853613
163.8 0.000204924 -0.000855032
164 0.000203673 -0.000855028
164.2 0.000199649 -0.000853606
164.4 0.000192799 -0.000850777
164.6 0.000183091 -0.00084656
164.8 0.000170519 -0.000840981
165 0.000155096 -0.000834071
165.2 0.000136859 -0.000825865
165.4 0.000115865 -0.000816406
165.6 9.21927e-05 -0.00080574
165.8 6.59397e-05 -0.000793916
166 3.72227e-05 -0.000780989
166.2 6.17559e-06 -0.000767015
166.4 -2.70514e-05 -0.000752053
166.6 -6.22933e-05 -0.000736164
166.8 -9.93718e-05 -0.000719409
167 -0.000138097 -0.000701854
167.2 -0.000178268 -0.000683562
167.4 -0.000219678 -0.000664596
167.6 -0.000262109 -0.000645022
167.8 -0.000305343 -0.000624902
168 -0.000349155 -0.0006043
168.2 -0.000393319 -0.000583275
168.4 -0.000437611 -0.000561889
168.6 -0.000481806 -0.000540198
168.8 -0.000525685 -0.000518259
169 -0.000569031 -0.000496125
169.2 -0.000611635 -0.000473847
169.4 -0.000653296 -0.000451475
169.6 -0.00069382 -0.000429054
169.8 -0.000733025 -0.000406628
170 -0.000770738 -0.000384238
170.2 -0.000806801 -0.000361922
170.4 -0.000841067 -0.000339716
170.6 -0.000873402 -0.000317653
170.8 -0.000903688 -0.000295763
171 -0.00093182 -0.000274075
171.2 -0.000957709 -0.000252613
171.4 -0.000981282 -0.000231402
171.6 -0.00100248 -0.000210463
171.8 -0.00102126 -0.000189815
172 -0.00103759 -0.000169476
172.2 -0.00105146 -0.000149462
172.4 -0.00106287 -0.000129788
172.6 -0.00107184 -0.000110467
172.8 -0.00107839 -9.15114e-05
173 -0.00108257 -7.29332e-05
173.2 -0.00108442 -5.47427e-05
173.4 -0.00108402 -3.69501e-05
173.6 -0.00108144 -1.9565e-05
173.8 -0.00107676 -2.59695e-06
174 -0.00107007 1.39448e-05
174.2 -0.00106148 3.0051e-05
174.4 -0.00105109 4.57122e-05
174.6 -0.00103902 6.09189e-05
174.8 -0.00102537 7.56614e-05
175 -0.00101027 8.99294e-05
175.2 -0.000993844 0.000103712
175.4 -0.000976209 0.000117
175.6 -0.00095749 0.00012978
175.8 -0.00093781 0.000142041
176 -0.000917289 0.00015377
176.2 -0.000896044 0.000164956
176.4 -0.000874192 0.000175586
176.6 -0.000851843 0.000185646
176.8 -0.000829102 0.000195123
177 -0.000806071 0.000204003
177.2 -0.000782844 0.000212274
177.4 -0.00075951 0.000219923
177.6 -0.00073615 0.000226935
177.8 -0.00071284 0.000233299
178 -0.000689647 0.000239002
178.2 -0.000666631 0.000244034
178.4 -0.000643845 0.000248383
178.6 -0.000621334 0.00025204
178.8 -0.000599135 0.000254996
179 -0.000577279 0.000257244
179.2 -0.00055579 0.000258779
179.4 -0.000534684 0.000259595
179.6 -0.000513971 0.00025969
179.8 -0.000493655 0.000259062
180 -0.000473735 0.000257714
180.2 -0.000454204 0.000255647
180.4 -0.00043505 0.000252868
180.6 -0.000416258 0.000249381
180.8 -0.000397807 0.000245199
181 -0.000379676 0.000240331
181.2 -0.000361838 0.000234792
181.4 -0.000344268 0.000228598
181.6 -0.000326937 0.000221768
181.8 -0.000309815 0.000214323
182 -0.000292873 0.000206287
182.2 -0.000276083 0.000197685
182.4 -0.000259415 0.000188545
182.6 -0.000242843 0.000178898
182.8 -0.000226342 0.000168775
183 -0.000209888 0.00015821
183.2 -0.000193462 0.000147241
183.4 -0.000177045 0.000135904
183.6 -0.000160624 0.000124239
183.8 -0.000144189 0.000112287
184 -0.000127731 0.00010009
184.2 -0.000111249 8.76905e-05
184.4 -9.47419e-05 7.51335e-05
184.6 -7.82158e-05 6.24636e-05
184.8 -6.16794e-05 4.97261e-05
185 -4.51455e-05 3.69666e-05
185.2 -2.86311e-05 2.42308e-05
185.4 -1.21569e-05 1.15646e-05
185.6 4.25289e-06 -9.86799e-07
185.8 2.05705e-05 -1.33785e-05
186 3.6765e-05 -2.55664e-05
186.2 5.28027e-05 -3.75074e-05
186.4 6.86471e-05 -4.91593e-05
186.6 8.42595e-05 -6.04814e-05
186.8 9.95996e-05 -7.14345e-05
187 0.000114625 -8.19811e-05
187.2 0.000129293 -9.20856e-05
187.4 0.000143559 -0.000101714
187.6 0.00015738 -0.000110835
187.8 0.000170711 -0.00011942
188 0.000183508 -0.000127442
188.2 0.00019573 -0.000134876
188.4 0.000207334 -0.000141701
188.6 0.000218282 -0.000147898
188.8 0.000228535 -0.00015345
189 0.000238058 -0.000158346
189.2 0.00024682 -0.000162574
189.4 0.00025479 -0.000166126
189.6 0.000261943 -0.000168998
189.8 0.000268256 -0.000171189
190 0.00027371 -0.000172698
190.2 0.000278291 -0.000173531
190.4 0.000281987 -0.000173693
190.6 0.000284792 -0.000173193
190.8 0.000286703 -0.000172045
191 0.000287723 -0.000170261
191.2 0.000287857 -0.000167859
191.4 0.000287116 -0.000164858
191.6 0.000285513 -0.000161279
191.8 0.000283067 -0.000157144
192 0.0002798 -0.00015248
192.2 0.000275739 -0.000147312
192.4 0.000270912 -0.000141669
192.6 0.000265352 -0.000135582
192.8 0.000259096 -0.000129079
193 0.00025218 -0.000122195
193.2 0.000244646 -0.000114961
193.4 0.000236538 -0.000107411
193.6 0.000227899 -9.95792e-05
193.8 0.000218777 -9.15004e-05
194 0.00020922 -8.3209e-05
194.2 0.000199275 -7.474e-05
194.4 0.000188991 -6.61279e-05
194.6 0.000178418 -5.74071e-05
194.8 0.000167606 -4.86115e-05
195 0.000156602 -3.97747e-05
195.2 0.000145455 -3.09291e-05
195.4 0.000134212 -2.21068e-05
195.6 0.000122919 -1.33384e-05
195.8 0.000111619 -4.6539e-06
196 0.000100356 3.91818e-06
196.2 8.91693e-05 1.23505e-05
196.4 7.80974e-05 2.0617e-05
196.6 6.71764e-05 2.86933e-05
196.8 5.64397e-05 3.65563e-05
197 4.59182e-05 4.41845e-05
197.2 3.564e-05 5.15581e-05
197.4 2.56305e-05 5.86589e-05
197.6 1.59124e-05 6.54704e-05
197.8 6.50556e-06 7.19777e-05
198 -2.57311e-06 7.81679e-05
198.2 -1.13093e-05 8.40294e-05
198.4 -1.96914e-05 8.95526e-05
198.6 -2.77105e-05 9.47294e-05
198.8 -3.53602e-05 9.95536e-05
199 -4.26365e-05 0.00010402
199.2 -4.95376e-05 0.000108127
199.4 -5.60638e-05 0.000111871
199.6 -6.22176e-05 0.000115253
199.8 -6.80031e-05 0.000118274
200 -7.34259e-05 0.000120937
