   0.000000e+00   3.099541e+02   3.009211e+02   3.074450e+02   3.054537e+02   2.953750e+02   2.899967e+02  -5.352201e+01   5.593593e+01
   0.000000e+00   3.099651e+02   3.026578e+02   3.084839e+02   3.067297e+02   2.981551e+02   2.901101e+02  -1.144498e+02   1.086400e+02
   0.000000e+00   3.098362e+02   3.031303e+02   3.087300e+02   3.087660e+02   2.983677e+02   2.902002e+02  -1.686628e+02   1.618005e+02
   0.000000e+00   3.098386e+02   3.024367e+02   3.088528e+02   3.064941e+02   2.981035e+02   2.900950e+02  -2.100423e+02   2.201285e+02
   0.000000e+00   3.100183e+02   3.024477e+02   3.077610e+02   3.075742e+02   2.976470e+02   2.901495e+02  -2.897873e+02   2.920118e+02
   0.000000e+00   3.096182e+02   3.014631e+02   3.078163e+02   3.043577e+02   2.963997e+02   2.898478e+02  -3.381622e+02   3.417734e+02
   0.000000e+00   3.098487e+02   3.015265e+02   3.093168e+02   3.055007e+02   2.947522e+02   2.901092e+02  -3.933847e+02   3.965331e+02
   0.000000e+00   3.099321e+02   3.026147e+02   3.086415e+02   3.056922e+02   2.981781e+02   2.901425e+02  -4.561166e+02   4.519028e+02
   0.000000e+00   3.098322e+02   3.024371e+02   3.081451e+02   3.074148e+02   2.973097e+02   2.900749e+02  -5.212136e+02   5.073634e+02
   0.000000e+00   3.102898e+02   3.024368e+02   3.101874e+02   3.074999e+02   2.972285e+02   2.901819e+02  -5.646146e+02   5.670938e+02
   0.000000e+00   3.097609e+02   3.023364e+02   3.091287e+02   3.066369e+02   2.969776e+02   2.900926e+02  -6.078966e+02   6.142299e+02
   0.000000e+00   3.099098e+02   3.025900e+02   3.087172e+02   3.059493e+02   2.970354e+02   2.902323e+02  -6.873541e+02   6.752081e+02
   0.000000e+00   3.099893e+02   3.024565e+02   3.088745e+02   3.072533e+02   2.988576e+02   2.902432e+02  -7.380293e+02   7.363453e+02
   0.000000e+00   3.098508e+02   3.021711e+02   3.088430e+02   3.075841e+02   2.952010e+02   2.897287e+02  -7.897442e+02   7.848697e+02
   0.000000e+00   3.098966e+02   3.023721e+02   3.086888e+02   3.062511e+02   2.974233e+02   2.902386e+02  -8.377626e+02   8.446541e+02
   0.000000e+00   3.100502e+02   3.027295e+02   3.082594e+02   3.063677e+02   2.978917e+02   2.900498e+02  -8.968156e+02   8.942152e+02
   0.000000e+00   3.096373e+02   3.018952e+02   3.079202e+02   3.060844e+02   2.973740e+02   2.895657e+02  -9.463502e+02   9.499577e+02
   0.000000e+00   3.101404e+02   3.027701e+02   3.101007e+02   3.079657e+02   2.975024e+02   2.902862e+02  -1.002809e+03   1.008042e+03
   0.000000e+00   3.098742e+02   3.022169e+02   3.089295e+02   3.055125e+02   2.973313e+02   2.901383e+02  -1.063074e+03   1.075423e+03
   0.000000e+00   3.099026e+02   3.025877e+02   3.100332e+02   3.065319e+02   2.973056e+02   2.901712e+02  -1.123379e+03   1.118419e+03
