[LOG] Writing to <PATH_TO_DATA>/qe_jobs/nep_training/NEMD/0217/post/210-300k/20+10/shc/600k-fix/results/spec_thermal_multi_20260409_112659.log
[INFO] Root directory: <PATH_TO_DATA>/qe_jobs/nep_training/NEMD/0217/post/210-300k/20+10/shc/600k-fix
[INFO] Results directory: <PATH_TO_DATA>/qe_jobs/nep_training/NEMD/0217/post/210-300k/20+10/shc/600k-fix/results
[INFO] Groups to process: [3, 4, 5]

===== Processing group 3 in <PATH_TO_DATA>/qe_jobs/nep_training/NEMD/0217/post/210-300k/20+10/shc/600k-fix/shc_g3 =====
Steady-state group temperatures (K):
  g1: 0.000000
  g2: 609.898788
  g3: 603.242660
  g4: 608.551587
  g5: 606.522527
  g6: 596.940496
  g7: 590.119817
DeltaT = <Tg2> - <Tg6> = 12.958292 K

===== Processing group 4 in <PATH_TO_DATA>/qe_jobs/nep_training/NEMD/0217/post/210-300k/20+10/shc/600k-fix/shc_g4 =====
Steady-state group temperatures (K):
  g1: 0.000000
  g2: 609.831467
  g3: 603.225808
  g4: 608.301569
  g5: 605.975860
  g6: 597.496146
  g7: 590.078985
DeltaT = <Tg2> - <Tg6> = 12.335321 K

===== Processing group 5 in <PATH_TO_DATA>/qe_jobs/nep_training/NEMD/0217/post/210-300k/20+10/shc/600k-fix/shc_g5 =====
Steady-state group temperatures (K):
  g1: 0.000000
  g2: 609.833883
  g3: 603.324952
  g4: 608.004615
  g5: 606.119948
  g6: 597.857602
  g7: 589.965385
DeltaT = <Tg2> - <Tg6> = 11.976281 K

Saved per-group figures:
  group_3_shc_Jsum_S71.png
  group_3_shc_Glike_S71.png
  group_3_shc_Glike_cum_S71.png
  group_3_summary.txt
  group_3_spectral_data.txt
  group_4_shc_Jsum_S71.png
  group_4_shc_Glike_S71.png
  group_4_shc_Glike_cum_S71.png
  group_4_summary.txt
  group_4_spectral_data.txt
  group_5_shc_Jsum_S71.png
  group_5_shc_Glike_S71.png
  group_5_shc_Glike_cum_S71.png
  group_5_summary.txt
  group_5_spectral_data.txt

Saved combined figures:
  combined_shc_Jsum_S71.png
  combined_shc_Glike_S71.png
  combined_shc_Glike_cum_S71.png
  combined_group_summary.txt
