-0.498 -6.13334e-06 -1.03197e-06
-0.496 -3.18656e-05 -5.51803e-06
-0.494 -8.7973e-05 -1.48254e-05
-0.492 -0.000185309 -2.90159e-05
-0.49 -0.000335163 -4.6649e-05
-0.488 -0.000549382 -6.48874e-05
-0.486 -0.000840139 -7.98985e-05
-0.484 -0.00121927 -8.7513e-05
-0.482 -0.00169719 -8.40757e-05
-0.48 -0.00228147 -6.73946e-05
-0.478 -0.00297518 -3.76716e-05
-0.476 -0.00377531 1.71668e-06
-0.474 -0.00467143 4.37255e-05
-0.472 -0.00564489 7.75551e-05
-0.47 -0.00666875 8.90581e-05
-0.468 -0.00770859 6.16705e-05
-0.466 -0.00872417 -2.21726e-05
-0.464 -0.009672 -0.000179254
-0.462 -0.0105085 -0.000423611
-0.46 -0.0111935 -0.000764626
-0.458 -0.0116942 -0.00120544
-0.456 -0.0119884 -0.00174189
-0.454 -0.0120679 -0.00236225
-0.452 -0.0119406 -0.00304779
-0.45 -0.0116328 -0.00377416
-0.448 -0.0111893 -0.00451367
-0.446 -0.0106735 -0.00523806
-0.444 -0.0101659 -0.00592166
-0.442 -0.0097614 -0.00654466
-0.44 -0.0095654 -0.00709609
-0.438 -0.0096888 -0.00757643
-0.436 -0.0102421 -0.0079995
-0.434 -0.0113289 -0.00839349
-0.432 -0.0130395 -0.00880101
-0.43 -0.015445 -0.0092781
-0.428 -0.0185919 -0.00989204
-0.426 -0.0224987 -0.0107181
-0.424 -0.0271534 -0.011835
-0.422 -0.0325133 -0.0133201
-0.42 -0.0385055 -0.0152432
-0.418 -0.0450302 -0.017661
-0.416 -0.0519639 -0.0206115
-0.414 -0.0591649 -0.02411
-0.412 -0.0664787 -0.0281459
-0.41 -0.0737441 -0.0326831
-0.408 -0.0807995 -0.0376614
-0.406 -0.0874892 -0.0430012
-0.404 -0.0936689 -0.0486103
-0.402 -0.0992114 -0.0543923
-0.4 -0.104012 -0.0602559
-0.398 -0.107994 -0.0661244
-0.396 -0.11111 -0.0719431
-0.394 -0.113349 -0.0776864
-0.392 -0.114734 -0.0833604
-0.39 -0.115326 -0.0890043
-0.388 -0.115219 -0.0946874
-0.386 -0.114537 -0.100504
-0.384 -0.113428 -0.106565
-0.382 -0.112055 -0.112991
-0.38 -0.110592 -0.119898
-0.378 -0.10921 -0.127389
-0.376 -0.108077 -0.135542
-0.374 -0.107342 -0.144399
-0.372 -0.107138 -0.153956
-0.37 -0.107573 -0.164158
-0.368 -0.108729 -0.174885
-0.366 -0.110661 -0.185959
-0.364 -0.113393 -0.197134
-0.362 -0.116924 -0.208105
-0.36 -0.121222 -0.218517
-0.358 -0.126232 -0.22798
-0.356 -0.131878 -0.236089
-0.354 -0.138061 -0.242447
-0.352 -0.14467 -0.246696
-0.35 -0.151586 -0.248542
-0.348 -0.158683 -0.247786
-0.346 -0.165845 -0.24434
-0.344 -0.172961 -0.238249
-0.342 -0.179943 -0.229696
-0.34 -0.186722 -0.218997
-0.338 -0.193255 -0.206594
-0.336 -0.199522 -0.193028
-0.334 -0.205523 -0.178919
-0.332 -0.211269 -0.164923
-0.33 -0.216777 -0.151703
-0.328 -0.222053 -0.139887
-0.326 -0.227084 -0.130035
-0.324 -0.231833 -0.122608
-0.322 -0.236226 -0.117942
-0.32 -0.240154 -0.116225
-0.318 -0.243471 -0.117495
-0.316 -0.245997 -0.121628
-0.314 -0.247522 -0.128353
-0.312 -0.247808 -0.137264
-0.31 -0.246591 -0.147846
-0.308 -0.243584 -0.159509
-0.306 -0.238475 -0.17163
-0.304 -0.230927 -0.183593
-0.302 -0.220584 -0.194831
-0.3 -0.207074 -0.204872
-0.298 -0.19003 -0.213363
-0.296 -0.16911 -0.220102
-0.294 -0.144031 -0.225039
-0.292 -0.114606 -0.228281
-0.29 -0.0807852 -0.230067
-0.288 -0.0426989 -0.23075
-0.286 -0.000688986 -0.230752
-0.284 0.0446692 -0.230531
-0.282 0.0925618 -0.230534
-0.28 0.141951 -0.231159
-0.278 0.191609 -0.232721
-0.276 0.240172 -0.235419
-0.274 0.286206 -0.239324
-0.272 0.328282 -0.244361
-0.27 0.365058 -0.250311
-0.268 0.395347 -0.256813
-0.266 0.418188 -0.263385
-0.264 0.432894 -0.269435
-0.262 0.439086 -0.274297
-0.26 0.436713 -0.277262
-0.258 0.426054 -0.277615
-0.256 0.407702 -0.274685
-0.254 0.382535 -0.267886
-0.252 0.351672 -0.256765
-0.25 0.316419 -0.241047
-0.248 0.2782 -0.220661
-0.246 0.238489 -0.195767
-0.244 0.198731 -0.166763
-0.242 0.160266 -0.134268
-0.24 0.12426 -0.0991005
-0.238 0.0916436 -0.0622349
-0.236 0.0630695 -0.024744
-0.234 0.0388856 0.012263
-0.232 0.0191311 0.0477078
-0.23 0.00355358 0.080608
-0.228 -0.0083519 0.110136
-0.226 -0.0172869 0.135668
-0.224 -0.0240801 0.156818
-0.222 -0.0296107 0.173458
-0.22 -0.0347317 0.185718
-0.218 -0.0401987 0.193979
-0.216 -0.0466098 0.198836
-0.214 -0.0543612 0.201063
-0.212 -0.0636197 0.201554
-0.21 -0.0743138 0.201261
-0.208 -0.0861421 0.201126
-0.206 -0.0985971 0.20201
-0.204 -0.111004 0.204624
-0.202 -0.122567 0.20947
-0.2 -0.132432 0.216789
-0.198 -0.139743 0.226532
-0.196 -0.143711 0.238345
-0.194 -0.143675 0.251576
-0.192 -0.139159 0.265306
-0.19 -0.129914 0.278403
-0.188 -0.115947 0.289583
-0.186 -0.0975339 0.297496
-0.184 -0.0752047 0.300805
-0.182 -0.0497161 0.298274
-0.18 -0.0220009 0.288848
-0.178 0.0068963 0.271714
-0.176 0.035894 0.246357
-0.174 0.063953 0.212585
-0.172 0.0901538 0.170545
-0.17 0.113766 0.120712
-0.168 0.1343 0.0638618
-0.166 0.151548 0.00102957
-0.164 0.165592 -0.0665422
-0.162 0.176793 -0.137466
-0.16 0.185765 -0.210276
-0.158 0.193324 -0.283493
-0.156 0.200419 -0.355688
-0.154 0.208066 -0.425544
-0.152 0.217264 -0.491903
-0.15 0.22892 -0.553806
-0.148 0.243775 -0.610514
-0.146 0.262333 -0.661525
-0.144 0.28481 -0.706565
-0.142 0.311094 -0.745567
-0.14 0.340729 -0.778644
-0.138 0.372919 -0.806048
-0.136 0.406569 -0.828124
-0.134 0.440339 -0.845259
-0.132 0.472736 -0.85784
-0.13 0.502219 -0.866211
-0.128 0.52732 -0.870635
-0.126 0.546769 -0.871273
-0.124 0.559614 -0.868165
-0.122 0.565327 -0.861229
-0.12 0.563874 -0.850268
-0.118 0.555763 -0.834994
-0.116 0.542037 -0.815051
-0.114 0.524222 -0.790057
-0.112 0.504243 -0.759635
-0.11 0.484281 -0.72346
-0.108 0.466627 -0.681287
-0.106 0.453505 -0.632978
-0.104 0.446906 -0.578522
-0.102 0.448439 -0.518038
-0.1 0.459204 -0.451772
-0.098 0.479703 -0.380084
-0.096 0.509791 -0.303425
-0.094 0.54867 -0.222311
-0.092 0.594913 -0.137295
-0.09 0.646543 -0.0489432
-0.088 0.70113 0.042194
-0.086 0.755929 0.135594
-0.084 0.808036 0.230775
-0.082 0.854556 0.327297
-0.08 0.89279 0.42476
-0.078 0.920403 0.522794
-0.076 0.935591 0.621049
-0.074 0.937221 0.719177
-0.072 0.924932 0.816823
-0.07 0.899199 0.91361
-0.068 0.861352 1.00913
-0.066 0.81353 1.10294
-0.064 0.758594 1.19456
-0.062 0.69998 1.28349
-0.06 0.641527 1.36919
-0.058 0.587258 1.45112
-0.056 0.541163 1.52875
-0.054 0.50698 1.60158
-0.052 0.487994 1.66915
-0.05 0.486867 1.73106
-0.048 0.505512 1.78701
-0.046 0.545005 1.83681
-0.044 0.605548 1.8804
-0.042 0.686475 1.91785
-0.04 0.786301 1.9494
-0.038 0.9028 1.97543
-0.036 1.03313 1.99649
-0.034 1.17399 2.01324
-0.032 1.32177 2.02646
-0.03 1.47275 2.037
-0.028 1.62329 2.04571
-0.026 1.77002 2.05343
-0.024 1.90996 2.0609
-0.022 2.04071 2.06873
-0.02 2.16046 2.07738
-0.018 2.26807 2.08706
-0.016 2.36301 2.09779
-0.014 2.44529 2.10938
-0.012 2.51538 2.1214
-0.01 2.57401 2.13331
-0.008 2.62208 2.14442
-0.006 2.66047 2.15403
-0.004 2.68995 2.16145
-0.002 2.71107 2.16609
0 2.72409 2.16748
0.002 2.72898 2.16538
0.004 2.72543 2.15975
0.006 2.71287 2.15074
0.008 2.69057 2.13877
0.01 2.65771 2.1244
0.012 2.61342 2.10835
0.014 2.55692 2.09141
0.016 2.4876 2.0744
0.018 2.40506 2.0581
0.02 2.30923 2.04316
0.022 2.20044 2.03007
0.024 2.07944 2.01911
0.026 1.94747 2.01029
0.028 1.80632 2.00336
0.03 1.65824 1.99778
0.032 1.50598 1.99276
0.034 1.35265 1.98724
0.036 1.20163 1.97998
0.038 1.05635 1.96957
0.04 0.920166 1.95453
0.042 0.796128 1.93334
0.044 0.686791 1.90457
0.046 0.594058 1.8669
0.048 0.519062 1.81925
0.05 0.462101 1.7608
0.052 0.422638 1.69108
0.054 0.399349 1.60996
0.056 0.390227 1.51775
0.058 0.392721 1.41509
0.06 0.403894 1.30304
0.062 0.420593 1.183
0.064 0.439617 1.05665
0.066 0.457869 0.925933
0.068 0.472508 0.792936
0.07 0.481073 0.65984
0.072 0.481598 0.528814
0.074 0.472711 0.40193
0.076 0.453701 0.28107
0.078 0.424576 0.167843
0.08 0.386068 0.0635119
0.082 0.339617 -0.0310538
0.084 0.287308 -0.115412
0.086 0.231761 -0.18955
0.088 0.175994 -0.253861
0.09 0.123243 -0.309095
0.092 0.076765 -0.35629
0.094 0.0396367 -0.396686
0.096 0.0145512 -0.43163
0.098 0.00364379 -0.462484
0.1 0.00835211 -0.490539
0.102 0.0293257 -0.51694
0.104 0.0663907 -0.542628
0.106 0.118573 -0.568306
0.108 0.184172 -0.594415
0.11 0.260882 -0.621129
0.112 0.34594 -0.64837
0.114 0.436291 -0.675822
0.116 0.528762 -0.702964
0.118 0.62022 -0.729102
0.12 0.707716 -0.753408
0.122 0.788617 -0.774967
0.124 0.860696 -0.792815
0.126 0.922216 -0.805998
0.128 0.97197 -0.813614
0.13 1.00931 -0.814865
0.132 1.03413 -0.809102
0.134 1.04683 -0.795858
0.136 1.04829 -0.774881
0.138 1.03973 -0.74614
0.14 1.02264 -0.709831
0.142 0.998673 -0.66636
0.144 0.969513 -0.616325
0.146 0.936757 -0.560485
0.148 0.901817 -0.499727
0.15 0.865833 -0.435038
0.152 0.829615 -0.36747
0.154 0.793611 -0.298119
0.156 0.757912 -0.2281
0.158 0.722283 -0.158525
0.16 0.686215 -0.0904898
0.162 0.649002 -0.0250493
0.164 0.609829 0.0368008
0.166 0.567853 0.0941467
0.168 0.522296 0.14618
0.17 0.472517 0.19222
0.172 0.418074 0.231739
0.174 0.358781 0.264376
0.176 0.294735 0.289954
0.178 0.226339 0.308487
0.18 0.154302 0.32018
0.182 0.0796261 0.325423
0.184 0.00356973 0.324782
0.186 -0.0723972 0.318978
0.188 -0.146661 0.308867
0.19 -0.217538 0.295409
0.192 -0.283363 0.279641
0.194 -0.342575 0.262633
0.196 -0.393798 0.245449
0.198 -0.435913 0.229097
0.2 -0.468114 0.214484
0.202 -0.489936 0.20236
0.204 -0.501265 0.193277
0.206 -0.502323 0.187546
0.208 -0.493631 0.185213
0.21 -0.475959 0.186049
0.212 -0.450271 0.189552
0.214 -0.417661 0.194975
0.216 -0.379299 0.20137
0.218 -0.336382 0.207646
0.22 -0.29009 0.212637
0.222 -0.241551 0.215182
0.224 -0.191822 0.214205
0.226 -0.141863 0.208784
0.228 -0.0925236 0.198219
0.23 -0.0445327 0.182081
0.232 0.00150955 0.160239
0.234 0.045133 0.132877
0.236 0.0859947 0.100481
0.238 0.123869 0.0638168
0.24 0.158634 0.0238827
0.242 0.190249 -0.018143
0.244 0.218735 -0.0609667
0.246 0.244144 -0.103248
0.248 0.266545 -0.143672
0.25 0.285995 -0.181014
0.252 0.302531 -0.214204
0.254 0.31616 -0.242384
0.256 0.326859 -0.264945
0.258 0.334577 -0.281565
0.26 0.339249 -0.292211
0.262 0.340799 -0.297144
0.264 0.339158 -0.296897
0.266 0.334265 -0.292232
0.268 0.326079 -0.284096
0.27 0.314582 -0.273554
0.272 0.299787 -0.261723
0.274 0.281742 -0.249701
0.276 0.26054 -0.238501
0.278 0.236327 -0.228987
0.28 0.209308 -0.221827
0.282 0.179754 -0.217459
0.284 0.148003 -0.216072
0.286 0.114461 -0.217608
0.288 0.079587 -0.221781
0.29 0.0438858 -0.228105
0.292 0.00788797 -0.235944
0.294 -0.0278673 -0.244567
0.296 -0.0628506 -0.253196
0.298 -0.0965593 -0.261073
0.3 -0.12853 -0.267507
0.302 -0.158348 -0.27192
0.304 -0.185653 -0.273885
0.306 -0.210141 -0.273146
0.308 -0.231566 -0.269633
0.31 -0.24974 -0.263462
0.312 -0.264532 -0.254917
0.314 -0.275872 -0.244435
0.316 -0.283756 -0.232564
0.318 -0.288246 -0.219932
0.32 -0.289478 -0.207202
0.322 -0.287665 -0.195028
0.324 -0.283091 -0.184013
0.326 -0.276115 -0.174678
0.328 -0.267157 -0.167426
0.33 -0.256689 -0.162523
0.332 -0.245213 -0.160086
0.334 -0.233243 -0.16008
0.336 -0.221285 -0.162326
0.338 -0.20981 -0.166514
0.34 -0.199233 -0.172228
0.342 -0.189896 -0.178972
0.344 -0.18205 -0.186206
0.346 -0.17585 -0.193376
0.348 -0.171343 -0.19995
0.35 -0.168479 -0.205454
0.352 -0.167114 -0.20949
0.354 -0.167027 -0.211766
0.356 -0.167936 -0.212106
0.358 -0.169521 -0.210451
0.36 -0.171443 -0.206863
0.362 -0.17337 -0.201507
0.364 -0.174992 -0.194632
0.366 -0.176037 -0.186552
0.368 -0.17628 -0.17761
0.37 -0.175551 -0.168159
0.372 -0.173732 -0.158531
0.374 -0.170761 -0.149017
0.376 -0.166621 -0.139849
0.378 -0.16134 -0.131195
0.38 -0.154984 -0.12315
0.382 -0.147653 -0.115742
0.384 -0.139478 -0.108943
0.386 -0.130615 -0.102673
0.388 -0.121241 -0.096823
0.39 -0.11155 -0.091263
0.392 -0.101743 -0.0858616
0.394 -0.0920203 -0.0804977
0.396 -0.0825722 -0.0750725
0.398 -0.0735697 -0.069518
0.4 -0.0651553 -0.0638025
0.402 -0.0574367 -0.0579329
0.404 -0.0504834 -0.0519526
0.406 -0.0443256 -0.0459378
0.408 -0.0389573 -0.03999
0.41 -0.0343417 -0.0342264
0.412 -0.0304181 -0.0287702
0.414 -0.0271108 -0.0237392
0.416 -0.0243368 -0.0192363
0.418 -0.0220132 -0.0153406
0.42 -0.0200631 -0.0121015
0.422 -0.018419 -0.00953467
0.424 -0.0170251 -0.00762206
0.426 -0.0158377 -0.00631388
0.428 -0.0148242 -0.00553356
0.43 -0.0139614 -0.00518456
0.432 -0.0132339 -0.00515839
0.434 -0.0126312 -0.00534299
0.436 -0.0121462 -0.00563086
0.438 -0.0117718 -0.00592608
0.44 -0.0115 -0.00614987
0.442 -0.0113191 -0.00624432
0.444 -0.0112133 -0.00617411
0.446 -0.0111615 -0.00592632
0.448 -0.0111377 -0.00550852
0.45 -0.0111125 -0.00494534
0.452 -0.0110547 -0.00427411
0.454 -0.0109336 -0.0035398
0.456 -0.0107225 -0.00278991
0.458 -0.0104007 -0.00206958
0.46 -0.0099559 -0.00141756
0.462 -0.00938578 -0.000863109
0.464 -0.00869815 -0.00042421
0.466 -0.00791036 -0.00010711
0.468 -0.00704764 9.29265e-05
0.47 -0.00614066 0.000189794
0.472 -0.00522266 0.00020398
0.474 -0.00432651 0.000159606
0.476 -0.00348199 8.14215e-05
0.478 -0.00271366 -7.88494e-06
0.48 -0.00203942 -8.98193e-05
0.482 -0.00146977 -0.000151457
0.484 -0.00100795 -0.000185994
0.486 -0.000650541 -0.000192482
0.488 -0.000388644 -0.000174875
0.49 -0.000209279 -0.000140553
0.492 -9.69471e-05 -9.85656e-05
0.494 -3.51561e-05 -5.7839e-05
0.496 -7.78761e-06 -2.5575e-05
0.498 -2.02819e-07 -6.05602e-06
0.2 0.549379 0.293678
0.4 0.549625 0.29442
0.6 0.550032 0.295653
0.8 0.550597 0.297371
1 0.551313 0.299567
1.2 0.552174 0.302232
1.4 0.553171 0.305354
1.6 0.554293 0.308919
1.8 0.555529 0.312912
2 0.556867 0.317315
2.2 0.558292 0.32211
2.4 0.559788 0.327276
2.6 0.56134 0.33279
2.8 0.562931 0.338628
3 0.564541 0.344766
3.2 0.566153 0.351178
3.4 0.567747 0.357835
3.6 0.569302 0.364709
3.8 0.570798 0.371771
4 0.572214 0.378992
4.2 0.57353 0.386341
4.4 0.574724 0.393786
4.6 0.575776 0.401297
4.8 0.576665 0.408842
5 0.577371 0.416391
5.2 0.577875 0.423912
5.4 0.578156 0.431374
5.6 0.578197 0.438747
5.8 0.577981 0.446002
6 0.57749 0.453108
6.2 0.576709 0.46004
6.4 0.575624 0.466768
6.6 0.574221 0.473267
6.8 0.572489 0.479513
7 0.570418 0.485482
7.2 0.567998 0.491152
7.4 0.565222 0.496502
7.6 0.562084 0.501514
7.8 0.558581 0.506171
8 0.55471 0.510456
8.2 0.55047 0.514357
8.4 0.545862 0.517862
8.6 0.540889 0.520961
8.8 0.535555 0.523647
9 0.529866 0.525912
9.2 0.523831 0.527755
9.4 0.517458 0.529172
9.6 0.510759 0.530165
9.8 0.503747 0.530734
10 0.496435 0.530884
10.2 0.488839 0.530622
10.4 0.480977 0.529954
10.6 0.472866 0.528891
10.8 0.464525 0.527444
11 0.455977 0.525626
11.2 0.447241 0.523452
11.4 0.43834 0.520937
11.6 0.429299 0.5181
11.8 0.42014 0.514959
12 0.410887 0.511535
12.2 0.401567 0.507848
12.4 0.392204 0.503922
12.6 0.382823 0.499779
12.8 0.37345 0.495443
13 0.36411 0.490939
13.2 0.354828 0.486292
13.4 0.345629 0.481528
13.6 0.336538 0.476671
13.8 0.327579 0.471749
14 0.318773 0.466787
14.2 0.310145 0.46181
14.4 0.301715 0.456845
14.6 0.293504 0.451916
14.8 0.285532 0.447048
15 0.277815 0.442266
15.2 0.270373 0.437592
15.4 0.26322 0.433049
15.6 0.25637 0.428659
15.8 0.249836 0.424443
16 0.24363 0.420419
16.2 0.237762 0.416607
16.4 0.232238 0.413022
16.6 0.227067 0.409682
16.8 0.222252 0.406599
17 0.217798 0.403788
17.2 0.213704 0.401258
17.4 0.209972 0.399021
17.6 0.2066 0.397083
17.8 0.203584 0.395452
18 0.200919 0.394133
18.2 0.198599 0.393128
18.4 0.196615 0.392439
18.6 0.194959 0.392066
18.8 0.19362 0.392009
19 0.192585 0.392262
19.2 0.191842 0.392822
19.4 0.191375 0.393682
19.6 0.191169 0.394835
19.8 0.191208 0.39627
20 0.191474 0.397979
20.2 0.191949 0.399947
20.4 0.192614 0.402163
20.6 0.193449 0.404612
20.8 0.194435 0.407279
21 0.195551 0.410146
21.2 0.196777 0.413198
21.4 0.198091 0.416414
21.6 0.199474 0.419778
21.8 0.200904 0.423268
22 0.202361 0.426864
22.2 0.203824 0.430547
22.4 0.205273 0.434295
22.6 0.20669 0.438086
22.8 0.208055 0.4419
23 0.20935 0.445715
23.2 0.210557 0.449509
23.4 0.21166 0.453261
23.6 0.212643 0.45695
23.8 0.213491 0.460555
24 0.21419 0.464055
24.2 0.214729 0.467432
24.4 0.215095 0.470664
24.6 0.215278 0.473734
24.8 0.215269 0.476624
25 0.21506 0.479315
25.2 0.214646 0.481793
25.4 0.21402 0.48404
25.6 0.213179 0.486042
25.8 0.212121 0.487786
26 0.210844 0.489259
26.2 0.209349 0.49045
26.4 0.207638 0.491347
26.6 0.205713 0.491941
26.8 0.203578 0.492224
27 0.20124 0.492189
27.2 0.198704 0.49183
27.4 0.195979 0.491142
27.6 0.193074 0.490121
27.8 0.189998 0.488764
28 0.186763 0.487071
28.2 0.183381 0.48504
28.4 0.179864 0.482672
28.6 0.176227 0.479969
28.8 0.172484 0.476934
29 0.16865 0.47357
29.2 0.164741 0.469881
29.4 0.160773 0.465874
29.6 0.156762 0.461555
29.8 0.152727 0.45693
30 0.148684 0.452007
30.2 0.14465 0.446795
30.4 0.140644 0.441304
30.6 0.136683 0.435542
30.8 0.132785 0.42952
31 0.128966 0.423248
31.2 0.125245 0.416738
31.4 0.121637 0.410001
31.6 0.11816 0.403049
31.8 0.11483 0.395893
32 0.111662 0.388545
32.2 0.108671 0.381018
32.4 0.105872 0.373323
32.6 0.103278 0.365474
32.8 0.100902 0.357481
33 0.0987564 0.349357
33.2 0.0968519 0.341114
33.4 0.095199 0.332763
33.6 0.0938071 0.324316
33.8 0.0926845 0.315785
34 0.0918386 0.307179
34.2 0.0912757 0.29851
34.4 0.0910011 0.289787
34.6 0.091019 0.281021
34.8 0.0913325 0.272221
35 0.0919437 0.263396
35.2 0.0928535 0.254555
35.4 0.0940618 0.245705
35.6 0.0955673 0.236855
35.8 0.0973676 0.228011
36 0.0994596 0.219181
36.2 0.101839 0.21037
36.4 0.104499 0.201586
36.6 0.107436 0.192832
36.8 0.11064 0.184115
37 0.114103 0.175439
37.2 0.117817 0.166808
37.4 0.121771 0.158226
37.6 0.125955 0.149697
37.8 0.130357 0.141224
38 0.134964 0.13281
38.2 0.139763 0.124457
38.4 0.144741 0.116168
38.6 0.149884 0.107946
38.8 0.155176 0.0997912
39 0.160603 0.0917064
39.2 0.166149 0.0836932
39.4 0.171797 0.075753
39.6 0.177532 0.0678873
39.8 0.183336 0.0600975
40 0.189194 0.052385
40.2 0.195088 0.0447511
40.4 0.201001 0.0371972
40.6 0.206917 0.0297248
40.8 0.212817 0.0223352
41 0.218687 0.0150301
41.2 0.224507 0.00781107
41.4 0.230263 0.000679985
41.6 0.235937 -0.00636127
41.8 0.241514 -0.0133106
42 0.246977 -0.0201658
42.2 0.252312 -0.0269245
42.4 0.257504 -0.033584
42.6 0.262537 -0.0401417
42.8 0.267398 -0.0465945
43 0.272073 -0.0529393
43.2 0.27655 -0.0591729
43.4 0.280815 -0.0652917
43.6 0.284858 -0.071292
43.8 0.288667 -0.0771701
44 0.292231 -0.082922
44.2 0.295541 -0.0885435
44.4 0.298587 -0.0940305
44.6 0.301362 -0.0993785
44.8 0.303858 -0.104583
45 0.306067 -0.10964
45.2 0.307985 -0.114544
45.4 0.309604 -0.119291
45.6 0.310921 -0.123877
45.8 0.311933 -0.128297
46 0.312635 -0.132545
46.2 0.313026 -0.136619
46.4 0.313104 -0.140513
46.6 0.312869 -0.144223
46.8 0.31232 -0.147746
47 0.311459 -0.151076
47.2 0.310286 -0.154212
47.4 0.308805 -0.157148
47.6 0.307018 -0.159882
47.8 0.304928 -0.162411
48 0.30254 -0.164733
48.2 0.299859 -0.166844
48.4 0.29689 -0.168743
48.6 0.293641 -0.170429
48.8 0.290117 -0.1719
49 0.286325 -0.173155
49.2 0.282275 -0.174194
49.4 0.277974 -0.175017
49.6 0.273431 -0.175625
49.8 0.268656 -0.176018
50 0.263658 -0.176198
50.2 0.258448 -0.176167
50.4 0.253036 -0.175926
50.6 0.247434 -0.175479
50.8 0.241653 -0.174829
51 0.235703 -0.17398
51.2 0.229598 -0.172936
51.4 0.22335 -0.171702
51.6 0.21697 -0.170282
51.8 0.210471 -0.168682
52 0.203866 -0.166909
52.2 0.197168 -0.164967
52.4 0.19039 -0.162865
52.6 0.183544 -0.16061
52.8 0.176644 -0.158207
53 0.169703 -0.155667
53.2 0.162733 -0.152996
53.4 0.155748 -0.150202
53.6 0.148761 -0.147295
53.8 0.141784 -0.144283
54 0.13483 -0.141175
54.2 0.127912 -0.13798
54.4 0.121042 -0.134707
54.6 0.114233 -0.131366
54.8 0.107495 -0.127966
55 0.100842 -0.124517
55.2 0.0942841 -0.121028
55.4 0.0878329 -0.117507
55.6 0.0814994 -0.113966
55.8 0.075294 -0.110412
56 0.0692271 -0.106855
56.2 0.0633086 -0.103304
56.4 0.0575479 -0.0997667
56.6 0.0519541 -0.0962527
56.8 0.046536 -0.0927699
57 0.0413019 -0.0893262
57.2 0.0362595 -0.0859293
57.4 0.0314164 -0.0825865
57.6 0.0267793 -0.0793049
57.8 0.0223548 -0.076091
58 0.0181489 -0.072951
58.2 0.0141669 -0.0698909
58.4 0.0104138 -0.0669159
58.6 0.00689407 -0.0640311
58.8 0.00361164 -0.061241
59 0.00056986 -0.0585496
59.2 -0.00222842 -0.0559606
59.4 -0.0047809 -0.0534771
59.6 -0.00708582 -0.0511016
59.8 -0.00914196 -0.0488365
60 -0.0109487 -0.0466834
60.2 -0.0125058 -0.0446436
60.4 -0.0138138 -0.0427177
60.6 -0.0148737 -0.0409061
60.8 -0.0156869 -0.0392087
61 -0.0162556 -0.0376248
61.2 -0.0165823 -0.0361534
61.4 -0.0166701 -0.0347931
61.6 -0.0165227 -0.033542
61.8 -0.0161442 -0.0323978
62 -0.0155393 -0.0313579
62.2 -0.014713 -0.0304195
62.4 -0.0136711 -0.0295791
62.6 -0.0124195 -0.0288332
62.8 -0.0109649 -0.0281779
63 -0.00931402 -0.027609
63.2 -0.00747439 -0.0271222
63.4 -0.00545373 -0.0267129
63.6 -0.00326018 -0.0263762
63.8 -0.000902234 -0.0261074
64 0.00161128 -0.0259012
64.2 0.00427123 -0.0257525
64.4 0.00706818 -0.0256561
64.6 0.00999244 -0.0256066
64.8 0.0130341 -0.0255988
65 0.0161829 -0.0256271
65.2 0.0194287 -0.0256864
65.4 0.0227609 -0.0257714
65.6 0.0261689 -0.0258768
65.8 0.029642 -0.0259976
66 0.0331695 -0.0261288
66.2 0.0367404 -0.0262655
66.4 0.040344 -0.026403
66.6 0.0439694 -0.0265369
66.8 0.0476059 -0.0266628
67 0.0512427 -0.0267766
67.2 0.0548695 -0.0268745
67.4 0.0584756 -0.0269528
67.6 0.0620508 -0.0270082
67.8 0.0655852 -0.0270376
68 0.0690689 -0.0270381
68.2 0.0724922 -0.0270072
68.4 0.075846 -0.0269427
68.6 0.0791213 -0.0268426
68.8 0.0823095 -0.0267052
69 0.0854023 -0.0265292
69.2 0.0883918 -0.0263136
69.4 0.0912707 -0.0260576
69.6 0.0940319 -0.0257608
69.8 0.0966689 -0.025423
70 0.0991756 -0.0250443
70.2 0.101546 -0.0246252
70.4 0.103776 -0.0241664
70.6 0.105861 -0.0236688
70.8 0.107795 -0.0231336
71 0.109577 -0.0225624
71.2 0.111203 -0.0219567
71.4 0.11267 -0.0213186
71.6 0.113978 -0.02065
71.8 0.115124 -0.0199534
72 0.116108 -0.0192312
72.2 0.116929 -0.0184861
72.4 0.117589 -0.0177208
72.6 0.118089 -0.0169382
72.8 0.118428 -0.0161413
73 0.118611 -0.0153333
73.2 0.118639 -0.0145173
73.4 0.118516 -0.0136965
73.6 0.118244 -0.0128743
73.8 0.117829 -0.0120537
74 0.117274 -0.0112383
74.2 0.116585 -0.0104311
74.4 0.115766 -0.00963556
74.6 0.114824 -0.0088547
74.8 0.113764 -0.0080917
75 0.112594 -0.00734958
75.2 0.111318 -0.00663131
75.4 0.109946 -0.0059397
75.6 0.108483 -0.00527749
75.8 0.106937 -0.00464726
76 0.105316 -0.00405145
76.2 0.103628 -0.00349234
76.4 0.101879 -0.00297206
76.6 0.100079 -0.00249256
76.8 0.0982353 -0.0020556
77 0.0963553 -0.00166278
77.2 0.0944472 -0.00131549
77.4 0.0925191 -0.00101493
77.6 0.0905786 -0.000762089
77.8 0.0886335 -0.000557772
78 0.0866912 -0.000402571
78.2 0.0847591 -0.000296878
78.4 0.0828444 -0.000240881
78.6 0.0809539 -0.000234568
78.8 0.0790944 -0.000277729
79 0.0772722 -0.000369957
79.2 0.0754933 -0.000510657
79.4 0.0737634 -0.000699048
79.6 0.0720881 -0.000934169
79.8 0.0704722 -0.00121489
80 0.0689205 -0.0015399
80.2 0.0674371 -0.00190776
80.4 0.066026 -0.00231685
80.6 0.0646905 -0.00276543
80.8 0.0634336 -0.00325162
81 0.062258 -0.00377343
81.2 0.0611657 -0.00432876
81.4 0.0601584 -0.00491539
81.6 0.0592375 -0.00553104
81.8 0.0584037 -0.00617334
82 0.0576575 -0.00683984
82.2 0.0569989 -0.00752805
82.4 0.0564273 -0.00823545
82.6 0.0559421 -0.00895945
82.8 0.0555419 -0.00969747
83 0.0552252 -0.0104469
83.2 0.05499 -0.0112052
83.4 0.054834 -0.0119696
83.6 0.0547546 -0.0127378
83.8 0.0547489 -0.013507
84 0.0548135 -0.0142749
84.2 0.0549451 -0.0150389
84.4 0.0551398 -0.0157966
84.6 0.0553938 -0.0165458
84.8 0.0557028 -0.0172842
85 0.0560625 -0.0180095
85.2 0.0564686 -0.0187197
85.4 0.0569162 -0.0194128
85.6 0.0574008 -0.0200869
85.8 0.0579177 -0.0207401
86 0.0584619 -0.0213708
86.2 0.0590286 -0.0219774
86.4 0.059613 -0.0225583
86.6 0.0602103 -0.0231123
86.8 0.0608156 -0.023638
87 0.0614244 -0.0241343
87.2 0.0620319 -0.0246003
87.4 0.0626337 -0.0250349
87.6 0.0632253 -0.0254373
87.8 0.0638027 -0.025807
88 0.0643616 -0.0261433
88.2 0.0648982 -0.0264458
88.4 0.0654089 -0.0267141
88.6 0.0658901 -0.026948
88.8 0.0663385 -0.0271473
89 0.0667512 -0.027312
89.2 0.0671253 -0.0274421
89.4 0.0674582 -0.0275377
89.6 0.0677477 -0.0275992
89.8 0.0679917 -0.0276266
90 0.0681883 -0.0276205
90.2 0.0683362 -0.0275812
90.4 0.0684338 -0.0275093
90.6 0.0684803 -0.0274052
90.8 0.0684748 -0.0272697
91 0.0684168 -0.0271033
91.2 0.0683061 -0.0269068
91.4 0.0681424 -0.0266808
91.6 0.0679261 -0.0264261
91.8 0.0676575 -0.0261436
92 0.0673372 -0.0258339
92.2 0.066966 -0.0254979
92.4 0.0665448 -0.0251365
92.6 0.0660749 -0.0247504
92.8 0.0655576 -0.0243406
93 0.0649943 -0.0239077
93.2 0.0643866 -0.0234526
93.4 0.0637363 -0.0229761
93.6 0.0630452 -0.0224791
93.8 0.0623153 -0.0219622
94 0.0615485 -0.0214262
94.2 0.060747 -0.0208718
94.4 0.0599129 -0.0202998
94.6 0.0590483 -0.0197107
94.8 0.0581556 -0.0191053
95 0.0572368 -0.0184841
95.2 0.0562943 -0.0178477
95.4 0.0553302 -0.0171967
95.6 0.0543468 -0.0165315
95.8 0.0533461 -0.0158526
96 0.0523304 -0.0151606
96.2 0.0513017 -0.0144557
96.4 0.0502619 -0.0137383
96.6 0.0492131 -0.0130089
96.8 0.0481571 -0.0122677
97 0.0470957 -0.0115151
97.2 0.0460306 -0.0107512
97.4 0.0449634 -0.00997644
97.6 0.0438957 -0.0091909
97.8 0.0428288 -0.00839482
98 0.041764 -0.00758841
98.2 0.0407027 -0.00677183
98.4 0.0396458 -0.00594525
98.6 0.0385945 -0.00510882
98.8 0.0375496 -0.00426269
99 0.036512 -0.00340701
99.2 0.0354824 -0.00254193
99.4 0.0344614 -0.0016676
99.6 0.0334496 -0.000784179
99.8 0.0324473 0.000108157
100 0.031455 0.00100923
100.2 0.030473 0.00191884
100.4 0.0295014 0.00283676
100.6 0.0285405 0.00376276
100.8 0.0275902 0.00469657
101 0.0266506 0.0056379
101.2 0.0257217 0.00658642
101.4 0.0248033 0.00754177
101.6 0.0238954 0.00850357
101.8 0.0229978 0.00947139
102 0.0221102 0.0104447
102.2 0.0212324 0.0114231
102.4 0.0203643 0.012406
102.6 0.0195055 0.0133928
102.8 0.0186557 0.0143828
103 0.0178146 0.0153753
103.2 0.016982 0.0163697
103.4 0.0161575 0.017365
103.6 0.0153409 0.0183606
103.8 0.0145319 0.0193555
104 0.0137301 0.0203487
104.2 0.0129353 0.0213393
104.4 0.0121473 0.0223263
104.6 0.0113657 0.0233085
104.8 0.0105904 0.0242849
105 0.00982112 0.0252543
105.2 0.00905764 0.0262154
105.4 0.0082998 0.027167
105.6 0.0075474 0.0281078
105.8 0.00680029 0.0290364
106 0.00605832 0.0299516
106.2 0.00532135 0.0308518
106.4 0.00458927 0.0317357
106.6 0.00386195 0.0326018
106.8 0.0031393 0.0334485
107 0.00242122 0.0342745
107.2 0.00170761 0.0350781
107.4 0.000998389 0.0358578
107.6 0.000293459 0.0366121
107.8 -0.000407265 0.0373395
108 -0.00110388 0.0380383
108.2 -0.00179647 0.0387071
108.4 -0.00248516 0.0393442
108.6 -0.00317005 0.0399483
108.8 -0.00385127 0.0405177
109 -0.00452894 0.0410511
109.2 -0.00520322 0.0415469
109.4 -0.00587427 0.0420037
109.6 -0.00654227 0.0424203
109.8 -0.0072074 0.0427951
110 -0.00786987 0.0431271
110.2 -0.00852991 0.0434149
110.4 -0.00918776 0.0436574
110.6 -0.00984367 0.0438536
110.8 -0.0104979 0.0440023
111 -0.0111508 0.0441027
111.2 -0.0118026 0.044154
111.4 -0.0124536 0.0441552
111.6 -0.0131041 0.0441059
111.8 -0.0137545 0.0440053
112 -0.0144052 0.043853
112.2 -0.0150563 0.0436487
112.4 -0.0157084 0.043392
112.6 -0.0163617 0.0430829
112.8 -0.0170166 0.0427212
113 -0.0176734 0.0423072
113.2 -0.0183324 0.041841
113.4 -0.0189939 0.0413229
113.6 -0.0196582 0.0407534
113.8 -0.0203257 0.0401331
114 -0.0209965 0.0394627
114.2 -0.0216709 0.038743
114.4 -0.0223491 0.0379752
114.6 -0.0230312 0.0371602
114.8 -0.0237175 0.0362994
115 -0.0244079 0.0353941
115.2 -0.0251027 0.0344458
115.4 -0.0258017 0.0334562
115.6 -0.026505 0.032427
115.8 -0.0272126 0.0313601
116 -0.0279243 0.0302576
116.2 -0.0286399 0.0291215
116.4 -0.0293593 0.0279542
116.6 -0.0300823 0.0267578
116.8 -0.0308084 0.025535
117 -0.0315375 0.0242881
117.2 -0.032269 0.0230199
117.4 -0.0330025 0.021733
117.6 -0.0337376 0.0204303
117.8 -0.0344736 0.0191146
118 -0.0352101 0.0177888
118.2 -0.0359462 0.0164559
118.4 -0.0366815 0.0151189
118.6 -0.0374151 0.0137809
118.8 -0.0381463 0.0124449
119 -0.0388742 0.011114
119.2 -0.0395981 0.0097913
119.4 -0.0403171 0.00847995
119.6 -0.0410302 0.00718301
119.8 -0.0417367 0.00590354
120 -0.0424354 0.00464457
120.2 -0.0431255 0.0034091
120.4 -0.043806 0.00220005
120.6 -0.0444759 0.00102031
120.8 -0.0451342 -0.000127327
121 -0.04578 -0.00124014
121.2 -0.0464121 -0.0023155
121.4 -0.0470297 -0.00335088
121.6 -0.0476318 -0.00434387
121.8 -0.0482173 -0.00529216
122 -0.0487854 -0.0061936
122.2 -0.049335 -0.00704615
122.4 -0.0498653 -0.00784791
122.6 -0.0503753 -0.00859716
122.8 -0.0508643 -0.0092923
123 -0.0513314 -0.00993193
123.2 -0.0517757 -0.0105148
123.4 -0.0521966 -0.0110398
123.6 -0.0525933 -0.0115061
123.8 -0.052965 -0.0119129
124 -0.0533113 -0.0122597
124.2 -0.0536314 -0.0125463
124.4 -0.0539249 -0.0127723
124.6 -0.0541911 -0.0129379
124.8 -0.0544297 -0.0130433
125 -0.0546403 -0.013089
125.2 -0.0548225 -0.0130754
125.4 -0.0549759 -0.0130035
125.6 -0.0551004 -0.0128741
125.8 -0.0551956 -0.0126885
126 -0.0552615 -0.012448
126.2 -0.0552979 -0.0121541
126.4 -0.0553048 -0.0118084
126.6 -0.055282 -0.0114128
126.8 -0.0552298 -0.0109693
127 -0.055148 -0.0104799
127.2 -0.0550369 -0.00994707
127.4 -0.0548965 -0.00937305
127.6 -0.0547271 -0.00876038
127.8 -0.0545289 -0.0081117
128 -0.0543022 -0.0074297
128.2 -0.0540472 -0.0067172
128.4 -0.0537644 -0.00597708
128.6 -0.053454 -0.00521229
128.8 -0.0531165 -0.00442584
129 -0.0527523 -0.00362076
129.2 -0.0523619 -0.00280015
129.4 -0.0519458 -0.00196711
129.6 -0.0515044 -0.00112473
129.8 -0.0510384 -0.000276118
130 -0.0505482 0.000575629
130.2 -0.0500344 0.00142746
130.4 -0.0494976 0.00227634
130.6 -0.0489385 0.00311931
130.8 -0.0483577 0.00395346
131 -0.0477557 0.00477595
131.2 -0.0471334 0.00558402
131.4 -0.0464912 0.006375
131.6 -0.0458301 0.00714634
131.8 -0.0451505 0.00789559
132 -0.0444533 0.0086204
132.2 -0.0437392 0.00931858
132.4 -0.0430088 0.00998805
132.6 -0.042263 0.0106269
132.8 -0.0415026 0.0112333
133 -0.0407281 0.0118056
133.2 -0.0399406 0.0123424
133.4 -0.0391406 0.0128424
133.6 -0.0383291 0.0133043
133.8 -0.0375068 0.0137272
134 -0.0366746 0.0141103
134.2 -0.0358332 0.014453
134.4 -0.0349835 0.0147546
134.6 -0.0341263 0.015015
134.8 -0.0332625 0.015234
135 -0.0323929 0.0154115
135.2 -0.0315184 0.0155478
135.4 -0.0306399 0.0156431
135.6 -0.0297581 0.015698
135.8 -0.0288741 0.0157131
136 -0.0279886 0.0156892
136.2 -0.0271026 0.0156271
136.4 -0.0262169 0.015528
136.6 -0.0253324 0.0153929
136.8 -0.0244501 0.0152232
137 -0.0235708 0.0150202
137.2 -0.0226954 0.0147855
137.4 -0.0218247 0.0145206
137.6 -0.0209597 0.0142273
137.8 -0.0201013 0.0139071
138 -0.0192502 0.013562
138.2 -0.0184074 0.0131938
138.4 -0.0175737 0.0128043
138.6 -0.0167499 0.0123957
138.8 -0.0159369 0.0119697
139 -0.0151354 0.0115285
139.2 -0.0143462 0.011074
139.4 -0.0135701 0.0106081
139.6 -0.0128078 0.010133
139.8 -0.01206 0.00965047
140 -0.0113275 0.00916257
140.2 -0.0106108 0.00867117
140.4 -0.00991057 0.00817814
140.6 -0.00922745 0.0076853
140.8 -0.00856196 0.0071944
141 -0.00791464 0.00670713
141.2 -0.00728596 0.00622512
141.4 -0.00667637 0.00574992
141.6 -0.00608628 0.005283
141.8 -0.00551604 0.00482575
142 -0.00496599 0.00437946
142.2 -0.00443639 0.00394533
142.4 -0.00392748 0.00352448
142.6 -0.00343945 0.00311792
142.8 -0.00297243 0.00272655
143 -0.00252653 0.00235119
143.2 -0.00210178 0.00199255
143.4 -0.0016982 0.00165124
143.6 -0.00131573 0.00132777
143.8 -0.000954287 0.00102254
144 -0.000613737 0.000735858
144.2 -0.000293901 0.000467944
144.4 5.4469e-06 0.000218911
144.6 0.000284571 -1.12158e-05
144.8 0.000543778 -0.000222502
145 0.000783416 -0.000415096
145.2 0.00100387 -0.000589231
145.4 0.00120556 -0.000745214
145.6 0.00138894 -0.000883428
145.8 0.00155451 -0.00100432
146 0.00170278 -0.00110841
146.2 0.0018343 -0.00119626
146.4 0.00194964 -0.00126851
146.6 0.0020494 -0.00132582
146.8 0.00213421 -0.0013689
147 0.00220469 -0.00139851
147.2 0.0022615 -0.00141544
147.4 0.00230532 -0.00142048
147.6 0.00233681 -0.00141447
147.8 0.00235667 -0.00139825
148 0.00236558 -0.00137267
148.2 0.00236425 -0.00133858
148.4 0.00235336 -0.00129685
148.6 0.00233361 -0.00124833
148.8 0.0023057 -0.00119384
149 0.00227029 -0.00113423
149.2 0.00222808 -0.00107029
149.4 0.00217971 -0.00100281
149.6 0.00212585 -0.000932552
149.8 0.00206712 -0.000860239
150 0.00200413 -0.000786571
150.2 0.0019375 -0.000712208
150.4 0.00186779 -0.000637776
150.6 0.00179557 -0.000563858
150.8 0.00172136 -0.000490998
151 0.00164568 -0.000419699
151.2 0.00156901 -0.000350418
151.4 0.00149181 -0.000283568
151.6 0.0014145 -0.000219517
151.8 0.0013375 -0.000158592
152 0.00126118 -0.000101069
152.2 0.00118589 -4.71851e-05
152.4 0.00111194 2.86881e-06
152.6 0.00103965 4.89435e-05
152.8 0.000969256 9.09313e-05
153 0.000901016 0.000128764
153.2 0.000835136 0.000162413
153.4 0.000771801 0.000191884
153.6 0.000711173 0.000217218
153.8 0.000653386 0.00023849
154 0.000598552 0.000255802
154.2 0.000546759 0.000269286
154.4 0.000498073 0.000279098
154.6 0.000452541 0.000285416
154.8 0.000410189 0.000288441
155 0.000371023 0.000288387
155.2 0.000335033 0.000285487
155.4 0.000302194 0.000279983
155.6 0.000272464 0.000272128
155.8 0.00024579 0.000262183
156 0.000222104 0.000250412
156.2 0.000201327 0.000237081
156.4 0.000183374 0.000222457
156.6 0.000168147 0.000206805
156.8 0.000155542 0.000190384
157 0.00014545 0.000173447
157.2 0.000137755 0.000156241
157.4 0.000132338 0.000139
157.6 0.000129077 0.000121948
157.8 0.000127846 0.000105297
158 0.000128521 8.92436e-05
158.2 0.000130974 7.39702e-05
158.4 0.000135078 5.9643e-05
158.6 0.00014071 4.64119e-05
158.8 0.000147745 3.44093e-05
159 0.000156061 2.37503e-05
159.2 0.00016554 1.45322e-05
159.4 0.000176065 6.83437e-06
159.6 0.000187522 7.18564e-07
159.8 0.000199804 -3.77102e-06
160 0.000212805 -6.60732e-06
160.2 0.000226422 -7.77996e-06
160.4 0.00024056 -7.29457e-06
160.6 0.000255124 -5.17215e-06
160.8 0.000270026 -1.4482e-06
161 0.00028518 3.82819e-06
161.2 0.000300507 1.05953e-05
161.4 0.000315929 1.87798e-05
161.6 0.000331374 2.82981e-05
161.8 0.000346771 3.90569e-05
162 0.000362056 5.09553e-05
162.2 0.000377166 6.38851e-05
162.4 0.000392042 7.77326e-05
162.6 0.000406627 9.23797e-05
162.8 0.000420868 0.000107705
163 0.000434714 0.000123585
163.2 0.000448116 0.000139895
163.4 0.000461028 0.000156511
163.6 0.000473405 0.000173311
163.8 0.000485205 0.000190174
164 0.000496385 0.000206983
164.2 0.000506908 0.000223626
164.4 0.000516734 0.000239995
164.6 0.000525828 0.000255987
164.8 0.000534153 0.000271508
165 0.000541675 0.00028647
165.2 0.000548363 0.000300792
165.4 0.000554184 0.000314402
165.6 0.000559109 0.000327235
165.8 0.000563108 0.000339237
166 0.000566154 0.000350361
166.2 0.000568223 0.00036057
166.4 0.000569291 0.000369833
166.6 0.000569335 0.000378133
166.8 0.000568335 0.000385457
167 0.000566276 0.000391803
167.2 0.00056314 0.000397175
167.4 0.000558917 0.000401588
167.6 0.000553596 0.000405061
167.8 0.00054717 0.000407622
168 0.000539637 0.000409304
168.2 0.000530996 0.000410147
168.4 0.00052125 0.000410196
168.6 0.000510408 0.000409499
168.8 0.000498479 0.00040811
169 0.000485478 0.000406085
169.2 0.000471425 0.000403483
169.4 0.000456344 0.000400366
169.6 0.00044026 0.000396794
169.8 0.000423207 0.000392832
170 0.000405219 0.000388543
170.2 0.000386338 0.000383987
170.4 0.000366608 0.000379228
170.6 0.000346077 0.000374323
170.8 0.000324797 0.00036933
171 0.000302827 0.000364304
171.2 0.000280224 0.000359295
171.4 0.000257054 0.000354352
171.6 0.000233383 0.000349518
171.8 0.000209281 0.000344831
172 0.00018482 0.000340329
172.2 0.000160076 0.000336039
172.4 0.000135125 0.000331989
172.6 0.000110046 0.000328199
172.8 8.49194e-05 0.000324685
173 5.98254e-05 0.000321457
173.2 3.48454e-05 0.000318521
173.4 1.00608e-05 0.000315879
173.6 -1.44474e-05 0.000313527
173.8 -3.85992e-05 0.000311457
174 -6.23157e-05 0.000309658
174.2 -8.55199e-05 0.000308113
174.4 -0.000108137 0.000306803
174.6 -0.000130093 0.000305706
174.8 -0.000151321 0.000304795
175 -0.000171753 0.000304043
175.2 -0.000191328 0.00030342
175.4 -0.000209987 0.000302893
175.6 -0.000227676 0.00030243
175.8 -0.000244347 0.000301995
176 -0.000259955 0.000301555
176.2 -0.000274462 0.000301074
176.4 -0.000287834 0.00030052
176.6 -0.000300045 0.000299857
176.8 -0.000311072 0.000299054
177 -0.0003209 0.000298079
177.2 -0.00032952 0.000296905
177.4 -0.000336927 0.000295504
177.6 -0.000343125 0.000293852
177.8 -0.000348121 0.000291928
178 -0.00035193 0.000289712
178.2 -0.000354572 0.00028719
178.4 -0.000356074 0.00028435
178.6 -0.000356465 0.000281183
178.8 -0.000355784 0.000277685
179 -0.00035407 0.000273854
179.2 -0.000351371 0.000269693
179.4 -0.000347737 0.000265207
179.6 -0.000343222 0.000260408
179.8 -0.000337883 0.000255308
180 -0.000331784 0.000249924
180.2 -0.000324987 0.000244277
180.4 -0.000317558 0.000238389
180.6 -0.000309568 0.000232287
180.8 -0.000301084 0.000225999
181 -0.000292179 0.000219558
181.2 -0.000282923 0.000212996
181.4 -0.00027339 0.000206349
181.6 -0.000263649 0.000199655
181.8 -0.000253772 0.000192952
182 -0.000243828 0.000186279
182.2 -0.000233885 0.000179676
182.4 -0.000224009 0.000173183
182.6 -0.000214263 0.000166842
182.8 -0.000204709 0.000160692
183 -0.000195403 0.000154772
183.2 -0.000186399 0.000149121
183.4 -0.00017775 0.000143776
183.6 -0.0001695 0.000138773
183.8 -0.000161692 0.000134145
184 -0.000154364 0.000129923
184.2 -0.000147549 0.000126138
184.4 -0.000141276 0.000122816
184.6 -0.000135569 0.000119981
184.8 -0.000130447 0.000117654
185 -0.000125923 0.000115852
185.2 -0.000122007 0.000114591
185.4 -0.000118704 0.000113883
185.6 -0.000116012 0.000113735
185.8 -0.000113927 0.000114152
186 -0.000112438 0.000115136
186.2 -0.000111532 0.000116685
186.4 -0.000111191 0.000118793
186.6 -0.000111391 0.000121452
186.8 -0.000112107 0.00012465
187 -0.000113309 0.000128372
187.2 -0.000114963 0.000132601
187.4 -0.000117035 0.000137315
187.6 -0.000119485 0.000142492
187.8 -0.000122272 0.000148106
188 -0.000125353 0.000154129
188.2 -0.000128684 0.000160531
188.4 -0.000132219 0.000167281
188.6 -0.000135911 0.000174346
188.8 -0.000139711 0.00018169
189 -0.000143572 0.000189279
189.2 -0.000147445 0.000197076
189.4 -0.000151283 0.000205044
189.6 -0.000155039 0.000213146
189.8 -0.000158667 0.000221344
190 -0.000162121 0.000229602
190.2 -0.000165358 0.000237883
190.4 -0.000168336 0.00024615
190.6 -0.000171016 0.000254369
190.8 -0.000173359 0.000262504
191 -0.000175331 0.000270524
191.2 -0.0001769 0.000278397
191.4 -0.000178035 0.000286091
191.6 -0.00017871 0.00029358
191.8 -0.0001789 0.000300836
192 -0.000178585 0.000307835
192.2 -0.000177748 0.000314554
192.4 -0.000176373 0.000320973
192.6 -0.00017445 0.000327073
192.8 -0.00017197 0.000332837
193 -0.00016893 0.000338252
193.2 -0.000165326 0.000343306
193.4 -0.000161161 0.000347989
193.6 -0.000156439 0.000352292
193.8 -0.000151167 0.000356211
194 -0.000145356 0.000359742
194.2 -0.000139017 0.000362884
194.4 -0.000132168 0.000365635
194.6 -0.000124824 0.000367999
194.8 -0.000117007 0.000369978
195 -0.000108737 0.000371579
195.2 -0.00010004 0.000372806
195.4 -9.09386e-05 0.000373668
195.6 -8.14614e-05 0.000374174
195.8 -7.16359e-05 0.000374333
196 -6.14913e-05 0.000374157
196.2 -5.10573e-05 0.000373656
196.4 -4.03646e-05 0.000372842
196.6 -2.94442e-05 0.000371728
196.8 -1.83274e-05 0.000370327
197 -7.04551e-06 0.000368651
197.2 4.37017e-06 0.000366714
197.4 1.58887e-05 0.000364529
197.6 2.74794e-05 0.000362108
197.8 3.91125e-05 0.000359464
198 5.07586e-05 0.000356609
198.2 6.23894e-05 0.000353556
198.4 7.39774e-05 0.000350315
198.6 8.54965e-05 0.000346898
198.8 9.69214e-05 0.000343316
199 0.000108228 0.000339577
199.2 0.000119395 0.00033569
199.4 0.0001304 0.000331666
199.6 0.000141224 0.000327511
199.8 0.000151849 0.000323232
200 0.000162258 0.000318837
