   2.958275e+02   3.103348e+02   3.030524e+02   3.076915e+02   3.063020e+02   2.981437e+02   2.894864e+02  -6.815171e+01  -1.330438e+01
   2.984162e+02   3.098759e+02   3.030131e+02   3.084214e+02   3.055992e+02   2.951226e+02   2.903295e+02  -1.174525e+02   1.571783e+01
   2.985196e+02   3.100876e+02   3.033392e+02   3.106010e+02   3.069642e+02   2.946656e+02   2.901407e+02  -1.326856e+02   5.050188e+01
   2.978532e+02   3.100946e+02   3.029072e+02   3.089753e+02   3.061317e+02   2.969508e+02   2.899787e+02  -1.767612e+02   8.554387e+01
   2.975350e+02   3.099896e+02   3.037234e+02   3.082480e+02   3.060764e+02   2.987271e+02   2.902344e+02  -1.975018e+02   1.141752e+02
   2.989444e+02   3.101773e+02   3.034017e+02   3.082923e+02   3.068768e+02   2.977374e+02   2.902619e+02  -2.333369e+02   1.559136e+02
   2.981043e+02   3.099822e+02   3.034717e+02   3.083099e+02   3.070599e+02   2.956924e+02   2.900332e+02  -2.805037e+02   1.873258e+02
   2.982931e+02   3.100305e+02   3.049754e+02   3.090315e+02   3.061439e+02   2.992912e+02   2.902811e+02  -3.106897e+02   2.227267e+02
   2.996239e+02   3.098703e+02   3.032258e+02   3.092895e+02   3.078925e+02   2.974960e+02   2.899073e+02  -3.416234e+02   2.642230e+02
   2.995716e+02   3.100544e+02   3.034949e+02   3.084302e+02   3.067780e+02   2.972855e+02   2.901664e+02  -3.839720e+02   3.068936e+02
   2.987361e+02   3.095714e+02   3.033643e+02   3.075895e+02   3.060212e+02   2.984944e+02   2.901071e+02  -4.202874e+02   3.383015e+02
   2.989399e+02   3.100952e+02   3.027267e+02   3.080804e+02   3.068036e+02   2.956876e+02   2.901020e+02  -4.522504e+02   3.757440e+02
   2.993324e+02   3.101973e+02   3.033824e+02   3.089682e+02   3.069409e+02   2.949217e+02   2.902971e+02  -4.977454e+02   4.172563e+02
   2.981943e+02   3.096102e+02   3.038262e+02   3.088013e+02   3.081436e+02   2.978598e+02   2.900691e+02  -5.333865e+02   4.534366e+02
   2.978986e+02   3.100033e+02   3.033093e+02   3.086675e+02   3.056967e+02   2.960693e+02   2.900293e+02  -5.718711e+02   5.014087e+02
   2.984771e+02   3.096618e+02   3.038717e+02   3.086959e+02   3.082463e+02   2.949854e+02   2.902082e+02  -6.161244e+02   5.426716e+02
   2.979967e+02   3.100146e+02   3.036270e+02   3.086984e+02   3.056243e+02   2.953939e+02   2.899473e+02  -6.526663e+02   5.691930e+02
   2.989521e+02   3.099762e+02   3.034034e+02   3.086509e+02   3.058382e+02   2.958734e+02   2.898949e+02  -6.927669e+02   6.214023e+02
   2.995536e+02   3.101675e+02   3.032409e+02   3.089007e+02   3.053453e+02   2.971845e+02   2.898860e+02  -7.344472e+02   6.613943e+02
   2.980595e+02   3.095411e+02   3.033126e+02   3.094087e+02   3.063101e+02   2.960422e+02   2.895968e+02  -7.759788e+02   6.932809e+02
   2.987217e+02   3.099592e+02   3.035086e+02   3.084329e+02   3.060424e+02   2.967731e+02   2.897670e+02  -7.987288e+02   7.252725e+02
   2.995142e+02   3.097090e+02   3.033744e+02   3.078205e+02   3.062631e+02   2.981047e+02   2.902189e+02  -8.308280e+02   7.648704e+02
   2.986622e+02   3.100596e+02   3.031304e+02   3.082124e+02   3.057864e+02   2.972431e+02   2.901682e+02  -8.850477e+02   8.135085e+02
   2.980899e+02   3.102469e+02   3.027097e+02   3.070907e+02   3.045639e+02   2.960931e+02   2.903974e+02  -9.366455e+02   8.559875e+02
   2.970582e+02   3.095313e+02   3.026780e+02   3.064754e+02   3.060120e+02   2.968388e+02   2.899904e+02  -9.772227e+02   9.084217e+02
   2.981716e+02   3.102161e+02   3.025401e+02   3.079967e+02   3.046996e+02   2.955109e+02   2.905390e+02  -1.000589e+03   9.455056e+02
   2.968693e+02   3.099619e+02   3.022702e+02   3.086372e+02   3.056886e+02   2.944772e+02   2.901963e+02  -1.047166e+03   9.886008e+02
   2.982977e+02   3.098576e+02   3.026642e+02   3.079069e+02   3.047013e+02   2.958274e+02   2.903350e+02  -1.085731e+03   1.019941e+03
   2.983354e+02   3.097252e+02   3.034144e+02   3.101175e+02   3.077786e+02   2.959405e+02   2.902922e+02  -1.138631e+03   1.068976e+03
   2.988055e+02   3.097107e+02   3.026696e+02   3.093351e+02   3.065388e+02   2.955640e+02   2.901109e+02  -1.187383e+03   1.116995e+03
   2.981767e+02   3.098961e+02   3.022048e+02   3.081525e+02   3.055705e+02   2.958126e+02   2.900951e+02  -1.248639e+03   1.168896e+03
   2.981673e+02   3.095338e+02   3.027472e+02   3.090662e+02   3.067828e+02   2.954540e+02   2.894938e+02  -1.265876e+03   1.194083e+03
   2.980875e+02   3.098376e+02   3.047127e+02   3.096767e+02   3.076999e+02   2.989994e+02   2.904410e+02  -1.308456e+03   1.228533e+03
   2.977007e+02   3.098387e+02   3.032174e+02   3.085313e+02   3.062732e+02   2.974222e+02   2.897152e+02  -1.336164e+03   1.269906e+03
   2.986603e+02   3.100043e+02   3.025943e+02   3.080614e+02   3.057693e+02   2.949849e+02   2.897494e+02  -1.376880e+03   1.293742e+03
   2.978338e+02   3.105462e+02   3.045303e+02   3.105700e+02   3.084022e+02   2.964361e+02   2.901135e+02  -1.427638e+03   1.336891e+03
   2.978951e+02   3.098897e+02   3.039327e+02   3.090101e+02   3.067042e+02   2.980729e+02   2.900031e+02  -1.467694e+03   1.390390e+03
   2.983758e+02   3.099669e+02   3.047611e+02   3.091032e+02   3.078697e+02   2.980581e+02   2.904620e+02  -1.504711e+03   1.424994e+03
   2.986592e+02   3.102539e+02   3.038330e+02   3.093008e+02   3.077366e+02   2.967700e+02   2.898628e+02  -1.542371e+03   1.464026e+03
   2.985943e+02   3.099175e+02   3.035467e+02   3.085043e+02   3.047406e+02   2.984396e+02   2.899110e+02  -1.568870e+03   1.491732e+03
