Preparing 8 NEW job directories...
Existing max job index: 0
Creating jobs: job_01 .. job_08
Job directory preparation done.
Scheduling 8 NEW job directories:
  job_01
  job_02
  job_03
  job_04
  job_05
  job_06
  job_07
  job_08
Launching 8 jobs on GPUs: 5 7
(Ignoring external GPU usage)
Launched job_01 on GPU 5 (PID 810826)
GPU 5: starting job_01
Launched job_02 on GPU 7 (PID 810827)
GPU 7: starting job_02
GPU 7: job_02 finished
GPU 7: internal job PID 810827 finished.
Launched job_03 on GPU 7 (PID 871809)
GPU 7: starting job_03
GPU 5: job_01 finished
GPU 5: internal job PID 810826 finished.
Launched job_04 on GPU 5 (PID 873759)
GPU 5: starting job_04
GPU 5: job_04 finished
GPU 5: internal job PID 873759 finished.
Launched job_05 on GPU 5 (PID 925960)
GPU 5: starting job_05
GPU 5: job_05 finished
GPU 5: internal job PID 925960 finished.
Launched job_06 on GPU 5 (PID 962250)
GPU 5: starting job_06
GPU 7: job_03 finished
GPU 7: internal job PID 871809 finished.
Launched job_07 on GPU 7 (PID 1024902)
GPU 7: starting job_07
GPU 7: job_07 finished
GPU 7: internal job PID 1024902 finished.
Launched job_08 on GPU 7 (PID 1086417)
GPU 7: starting job_08
GPU 5: job_06 finished
GPU 5: internal job PID 962250 finished.
GPU 7: job_08 finished
GPU 7: internal job PID 1086417 finished.
All jobs finished.
