-0.498 1.73488e-05 1.75815e-06
-0.496 7.72333e-05 6.40247e-06
-0.494 0.000191691 1.55486e-05
-0.492 0.000372167 3.38152e-05
-0.49 0.000628084 6.80071e-05
-0.488 0.000965227 0.000126019
-0.486 0.00138398 0.000215582
-0.484 0.00187755 0.000342985
-0.482 0.00243019 0.00051192
-0.48 0.00301568 0.00072255
-0.478 0.0035962 0.000970928
-0.476 0.00412179 0.00124882
-0.474 0.00453072 0.00154394
-0.472 0.004751 0.0018407
-0.47 0.00470307 0.00212128
-0.468 0.00430379 0.0023671
-0.466 0.00347146 0.00256048
-0.464 0.00213164 0.00268649
-0.462 0.000223135 0.0027346
-0.46 -0.00229622 0.00270026
-0.458 -0.00544483 0.00258602
-0.456 -0.00921395 0.00240207
-0.454 -0.0135662 0.00216625
-0.452 -0.0184363 0.00190321
-0.45 -0.0237334 0.00164305
-0.448 -0.0293459 0.00141923
-0.446 -0.0351478 0.00126622
-0.444 -0.0410057 0.00121691
-0.442 -0.0467877 0.00130022
-0.44 -0.0523719 0.00153899
-0.438 -0.0576552 0.00194864
-0.436 -0.0625615 0.00253642
-0.434 -0.0670496 0.00330168
-0.432 -0.0711182 0.00423683
-0.43 -0.0748102 0.00532904
-0.428 -0.0782138 0.00656231
-0.426 -0.0814596 0.00791974
-0.424 -0.0847149 0.00938558
-0.422 -0.0881738 0.0109468
-0.42 -0.0920438 0.0125941
-0.418 -0.0965292 0.0143219
-0.416 -0.101813 0.0161279
-0.414 -0.108038 0.018012
-0.412 -0.115287 0.019975
-0.41 -0.123571 0.0220171
-0.408 -0.132813 0.024137
-0.406 -0.142844 0.0263309
-0.404 -0.153405 0.0285922
-0.402 -0.164147 0.0309116
-0.4 -0.174651 0.0332769
-0.398 -0.184441 0.0356737
-0.396 -0.193012 0.0380852
-0.394 -0.199857 0.0404925
-0.392 -0.204498 0.0428745
-0.39 -0.206515 0.0452075
-0.388 -0.205579 0.0474646
-0.386 -0.201481 0.0496155
-0.384 -0.194151 0.051626
-0.382 -0.183685 0.0534579
-0.38 -0.170346 0.0550696
-0.378 -0.154569 0.0564176
-0.376 -0.136947 0.0574578
-0.374 -0.118211 0.0581486
-0.372 -0.0991911 0.058454
-0.37 -0.0807751 0.0583464
-0.368 -0.0638526 0.0578103
-0.366 -0.049259 0.0568446
-0.364 -0.0377184 0.0554646
-0.362 -0.0297904 0.0537036
-0.36 -0.0258274 0.0516125
-0.358 -0.0259432 0.0492605
-0.356 -0.0299976 0.0467333
-0.354 -0.0375975 0.0441321
-0.352 -0.0481147 0.0415724
-0.35 -0.0607193 0.0391821
-0.348 -0.0744264 0.0370996
-0.346 -0.0881529 0.0354714
-0.344 -0.100782 0.0344498
-0.342 -0.111232 0.0341883
-0.34 -0.11852 0.034837
-0.338 -0.121834 0.0365354
-0.336 -0.120583 0.0394046
-0.334 -0.11445 0.0435382
-0.332 -0.103424 0.0489919
-0.33 -0.0878225 0.055775
-0.328 -0.06829 0.0638419
-0.326 -0.0457799 0.0730872
-0.324 -0.0215145 0.0833435
-0.322 0.00307387 0.094384
-0.32 0.0264208 0.105929
-0.318 0.0469199 0.117654
-0.316 0.0630224 0.129206
-0.314 0.0733381 0.140217
-0.312 0.0767311 0.150322
-0.31 0.0724048 0.159177
-0.308 0.0599681 0.166473
-0.306 0.0394792 0.171956
-0.304 0.0114636 0.175435
-0.302 -0.0230969 0.176796
-0.3 -0.0628011 0.176
-0.298 -0.105892 0.173093
-0.296 -0.150343 0.168191
-0.294 -0.193955 0.161478
-0.292 -0.234477 0.153188
-0.29 -0.269715 0.143589
-0.288 -0.297657 0.132962
-0.286 -0.316577 0.121584
-0.284 -0.325137 0.109706
-0.282 -0.322464 0.0975408
-0.28 -0.308213 0.0852458
-0.278 -0.282594 0.0729203
-0.276 -0.246377 0.0606028
-0.274 -0.200866 0.0482745
-0.272 -0.147833 0.0358683
-0.27 -0.0894319 0.0232798
-0.268 -0.0280785 0.0103806
-0.266 0.0336847 -0.00296771
-0.264 0.093338 -0.0169002
-0.262 0.148535 -0.0315357
-0.26 0.197246 -0.0469641
-0.258 0.237886 -0.0632343
-0.256 0.269413 -0.0803428
-0.254 0.291398 -0.0982231
-0.252 0.304055 -0.116738
-0.25 0.308229 -0.135676
-0.248 0.30535 -0.154754
-0.246 0.297344 -0.173626
-0.244 0.286522 -0.191899
-0.242 0.275435 -0.209159
-0.24 0.266724 -0.224992
-0.238 0.262957 -0.239019
-0.236 0.266475 -0.25092
-0.234 0.279239 -0.260453
-0.232 0.302707 -0.267475
-0.23 0.337726 -0.271946
-0.228 0.384459 -0.273927
-0.226 0.442342 -0.273575
-0.224 0.510084 -0.271128
-0.222 0.585704 -0.266882
-0.22 0.666604 -0.261177
-0.218 0.74969 -0.254373
-0.216 0.831514 -0.24683
-0.214 0.908448 -0.238888
-0.212 0.976879 -0.230855
-0.21 1.03341 -0.222987
-0.208 1.07503 -0.215473
-0.206 1.09932 -0.208424
-0.204 1.10459 -0.201855
-0.202 1.08995 -0.195683
-0.2 1.05541 -0.189715
-0.198 1.00187 -0.183661
-0.196 0.931033 -0.177146
-0.194 0.845375 -0.169739
-0.192 0.747952 -0.160988
-0.19 0.642255 -0.150469
-0.188 0.532021 -0.13783
-0.186 0.421041 -0.122836
-0.184 0.312974 -0.105407
-0.182 0.211174 -0.08564
-0.18 0.118547 -0.0638174
-0.178 0.0374349 -0.0404
-0.176 -0.0304762 -0.0160011
-0.174 -0.0842015 0.0086506
-0.172 -0.123479 0.0327584
-0.17 -0.148752 0.0555102
-0.168 -0.161127 0.076132
-0.166 -0.162294 0.0939372
-0.164 -0.154422 0.10837
-0.162 -0.140033 0.119039
-0.16 -0.121853 0.125742
-0.158 -0.102646 0.128475
-0.156 -0.0850527 0.127436
-0.154 -0.0714268 0.123013
-0.152 -0.0636964 0.115762
-0.15 -0.0632526 0.106373
-0.148 -0.0708791 0.0956295
-0.146 -0.0867276 0.0843562
-0.144 -0.110339 0.0733632
-0.142 -0.140706 0.0633893
-0.14 -0.176372 0.0550481
-0.138 -0.215546 0.048782
-0.136 -0.256235 0.0448282
-0.134 -0.29636 0.0432003
-0.132 -0.33388 0.0436863
-0.13 -0.366877 0.0458625
-0.128 -0.393644 0.0491225
-0.126 -0.412734 0.0527174
-0.124 -0.423012 0.0558038
-0.122 -0.423686 0.057498
-0.12 -0.414324 0.0569302
-0.118 -0.394872 0.0532984
-0.116 -0.365658 0.0459188
-0.114 -0.327381 0.0342692
-0.112 -0.281089 0.0180251
-0.11 -0.22814 -0.00291319
-0.108 -0.170137 -0.0284061
-0.106 -0.108849 -0.0580706
-0.104 -0.0461141 -0.0912896
-0.102 0.0162713 -0.127233
-0.1 0.0766531 -0.164892
-0.098 0.133613 -0.203122
-0.096 0.186037 -0.240692
-0.094 0.233145 -0.276347
-0.092 0.2745 -0.308862
-0.09 0.30997 -0.337098
-0.088 0.339677 -0.360058
-0.086 0.363934 -0.376924
-0.084 0.383176 -0.387092
-0.082 0.397908 -0.390195
-0.08 0.408674 -0.386105
-0.078 0.416036 -0.37494
-0.076 0.420591 -0.357043
-0.074 0.422982 -0.332965
-0.072 0.423938 -0.30344
-0.07 0.424288 -0.269351
-0.068 0.424989 -0.231693
-0.066 0.427113 -0.19154
-0.064 0.431837 -0.150003
-0.062 0.440391 -0.108192
-0.06 0.454015 -0.0671737
-0.058 0.473886 -0.0279354
-0.056 0.501066 0.00864795
-0.054 0.536446 0.041842
-0.052 0.58071 0.0710697
-0.05 0.634313 0.0959191
-0.048 0.697466 0.116141
-0.046 0.77014 0.131635
-0.044 0.852054 0.142438
-0.042 0.94268 0.148698
-0.04 1.04122 0.150657
-0.038 1.14661 0.148634
-0.036 1.25749 0.143007
-0.034 1.37224 0.134203
-0.032 1.489 0.122677
-0.03 1.60569 0.108907
-0.028 1.72015 0.0933675
-0.026 1.83024 0.0765194
-0.024 1.93392 0.058784
-0.022 2.0294 0.0405262
-0.02 2.11526 0.0220366
-0.018 2.1905 0.0035205
-0.016 2.25459 -0.0149062
-0.014 2.30747 -0.0332132
-0.012 2.34944 -0.0514427
-0.01 2.38116 -0.0696904
-0.008 2.40341 -0.0880823
-0.006 2.41709 -0.106752
-0.004 2.42302 -0.125821
-0.002 2.42188 -0.145385
0 2.4142 -0.165508
0.002 2.40051 -0.186279
0.004 2.38085 -0.20764
0.006 2.35526 -0.229559
0.008 2.32372 -0.251967
0.01 2.28611 -0.274754
0.012 2.24228 -0.29775
0.014 2.19201 -0.320712
0.016 2.13501 -0.343312
0.018 2.07096 -0.365132
0.02 1.9995 -0.385672
0.022 1.92028 -0.40437
0.024 1.83305 -0.420639
0.026 1.73772 -0.433906
0.028 1.63447 -0.44366
0.03 1.52385 -0.449502
0.032 1.40681 -0.451184
0.034 1.28474 -0.448637
0.036 1.15948 -0.441986
0.038 1.03322 -0.431548
0.04 0.908429 -0.417818
0.042 0.787703 -0.401436
0.044 0.673623 -0.383147
0.046 0.568596 -0.363758
0.048 0.474715 -0.344087
0.05 0.393641 -0.324916
0.052 0.326523 -0.306941
0.054 0.27395 -0.290735
0.056 0.235935 -0.276706
0.058 0.211935 -0.265074
0.06 0.200882 -0.25585
0.062 0.201244 -0.248829
0.064 0.211088 -0.243606
0.066 0.228156 -0.239594
0.068 0.249955 -0.236073
0.07 0.273852 -0.232246
0.072 0.297179 -0.227305
0.074 0.317348 -0.220507
0.076 0.331969 -0.211244
0.078 0.338964 -0.199101
0.08 0.336677 -0.183908
0.082 0.323963 -0.165761
0.084 0.300252 -0.145021
0.086 0.265588 -0.122294
0.088 0.220625 -0.0983773
0.09 0.166588 -0.0741999
0.092 0.105199 -0.0507415
0.094 0.0385722 -0.0289521
0.096 -0.0309099 -0.00967317
0.098 -0.100734 0.00642961
0.1 -0.168391 0.0189191
0.102 -0.231502 0.0276192
0.104 -0.287928 0.0326261
0.106 -0.335858 0.034299
0.108 -0.373879 0.0332305
0.11 -0.401017 0.0302012
0.112 -0.416769 0.0261215
0.114 -0.421109 0.0219666
0.116 -0.414477 0.0187065
0.118 -0.39776 0.0172395
0.12 -0.372239 0.0183293
0.122 -0.339531 0.0225525
0.124 -0.301508 0.0302573
0.126 -0.260201 0.0415368
0.128 -0.217689 0.0562185
0.13 -0.175991 0.0738699
0.132 -0.136952 0.0938219
0.134 -0.102141 0.115207
0.136 -0.072761 0.137009
0.138 -0.0495906 0.158128
0.14 -0.0329419 0.177446
0.142 -0.0226549 0.193899
0.144 -0.0181196 0.206541
0.146 -0.0183262 0.214611
0.148 -0.021938 0.21758
0.15 -0.0273817 0.215197
0.152 -0.032948 0.207507
0.154 -0.0368942 0.194862
0.156 -0.0375432 0.177907
0.158 -0.0333734 0.157542
0.16 -0.0230942 0.134871
0.162 -0.00570607 0.111128
0.164 0.0194585 0.0875851
0.166 0.0527127 0.0654647
0.168 0.0940116 0.0458404
0.17 0.142966 0.0295526
0.172 0.198874 0.0171403
0.174 0.260759 0.00879537
0.176 0.327428 0.00434613
0.178 0.397522 0.00327109
0.18 0.469577 0.00474221
0.182 0.542083 0.00769415
0.184 0.613532 0.0109129
0.186 0.682461 0.0131365
0.188 0.747496 0.0131587
0.19 0.807379 0.00992607
0.192 0.860986 0.00262309
0.194 0.907351 -0.00926376
0.196 0.94567 -0.025905
0.198 0.975308 -0.0471133
0.2 0.995806 -0.0723541
0.202 1.00688 -0.100781
0.204 1.00843 -0.131292
0.206 1.00054 -0.162602
0.208 0.983466 -0.193327
0.21 0.957676 -0.222071
0.212 0.923811 -0.247521
0.214 0.882689 -0.268526
0.216 0.83529 -0.284172
0.218 0.782719 -0.293839
0.22 0.726175 -0.297239
0.222 0.666907 -0.294436
0.224 0.606158 -0.285833
0.226 0.545122 -0.272146
0.228 0.48489 -0.254351
0.23 0.426414 -0.233614
0.232 0.370469 -0.211213
0.234 0.317637 -0.188449
0.236 0.268291 -0.166559
0.238 0.222609 -0.146634
0.24 0.180578 -0.129557
0.242 0.14203 -0.115948
0.244 0.106665 -0.106137
0.246 0.0740984 -0.100153
0.248 0.0438938 -0.0977388
0.25 0.0156098 -0.0983821
0.252 -0.0111619 -0.101364
0.254 -0.0367598 -0.105822
0.256 -0.061421 -0.110814
0.258 -0.0852565 -0.115391
0.26 -0.108235 -0.118667
0.262 -0.130176 -0.119878
0.264 -0.150754 -0.118435
0.266 -0.169513 -0.113959
0.268 -0.185892 -0.106303
0.27 -0.199259 -0.0955569
0.272 -0.208956 -0.0820314
0.274 -0.214346 -0.0662296
0.276 -0.214868 -0.0488041
0.278 -0.210093 -0.0305041
0.28 -0.199766 -0.0121171
0.282 -0.183853 0.00558893
0.284 -0.162569 0.0219211
0.286 -0.136391 0.0363074
0.288 -0.106058 0.0483319
0.29 -0.0725522 0.0577567
0.292 -0.0370635 0.0645294
0.294 -0.000936741 0.0687767
0.296 0.0343897 0.0707851
0.298 0.0674566 0.0709715
0.3 0.09686 0.0698452
0.302 0.121328 0.0679649
0.304 0.139792 0.0658937
0.306 0.15145 0.0641561
0.308 0.155811 0.0631982
0.31 0.152732 0.0633561
0.312 0.142425 0.0648328
0.314 0.125447 0.0676861
0.316 0.102673 0.0718282
0.318 0.0752423 0.0770363
0.32 0.0444956 0.082974
0.322 0.0118945 0.0892217
0.324 -0.0210628 0.0953134
0.326 -0.0529284 0.100776
0.328 -0.0823865 0.105172
0.33 -0.108326 0.108133
0.332 -0.129899 0.109392
0.334 -0.146559 0.108809
0.336 -0.158079 0.106377
0.338 -0.164552 0.102226
0.34 -0.166369 0.0966091
0.342 -0.164175 0.0898869
0.344 -0.158816 0.0824945
0.346 -0.151273 0.0749098
0.348 -0.142593 0.0676172
0.35 -0.133814 0.0610714
0.352 -0.125898 0.0556642
0.354 -0.119676 0.0516973
0.356 -0.115794 0.0493615
0.358 -0.114688 0.0487256
0.36 -0.116559 0.0497334
0.362 -0.121377 0.0522107
0.364 -0.128889 0.0558805
0.366 -0.138649 0.0603847
0.368 -0.15005 0.065312
0.37 -0.162371 0.070228
0.372 -0.174829 0.0747067
0.374 -0.186625 0.0783604
0.376 -0.197003 0.080866
0.378 -0.205292 0.0819866
0.38 -0.210947 0.0815855
0.382 -0.213582 0.0796334
0.384 -0.212989 0.0762063
0.386 -0.209146 0.071477
0.388 -0.202212 0.0656986
0.39 -0.192513 0.0591827
0.392 -0.180511 0.0522741
0.394 -0.166775 0.0453242
0.396 -0.151938 0.0386643
0.398 -0.136653 0.0325831
0.4 -0.121556 0.0273073
0.402 -0.107226 0.0229893
0.404 -0.0941499 0.0197008
0.406 -0.0827056 0.017433
0.408 -0.0731417 0.0161042
0.41 -0.0655736 0.0155714
0.412 -0.0599869 0.0156471
0.414 -0.0562483 0.0161174
0.416 -0.0541241 0.0167623
0.418 -0.0533034 0.0173733
0.42 -0.0534251 0.0177703
0.422 -0.0541062 0.0178137
0.424 -0.0549696 0.0174126
0.426 -0.0556698 0.0165288
0.428 -0.0559142 0.0151758
0.43 -0.0554796 0.013413
0.432 -0.0542218 0.0113378
0.434 -0.0520798 0.00907375
0.436 -0.0490721 0.00675826
0.438 -0.0452887 0.0045293
0.44 -0.0408773 0.00251343
0.442 -0.0360265 0.000815382
0.444 -0.0309477 -0.00048965
0.446 -0.0258557 -0.00136065
0.448 -0.0209522 -0.00179211
0.45 -0.0164113 -0.0018121
0.452 -0.0123687 -0.00147758
0.454 -0.00891575 -0.000867475
0.456 -0.00609754 -7.42756e-05
0.458 -0.00391537 0.000804873
0.46 -0.00233229 0.00167684
0.462 -0.00128123 0.0024601
0.464 -0.00067436 0.00309065
0.466 -0.000412907 0.00352582
0.468 -0.0003963 0.00374578
0.47 -0.000530117 0.00375277
0.472 -0.000732266 0.00356837
0.474 -0.000937189 0.0032292
0.476 -0.00109802 0.00278152
0.478 -0.00118679 0.00227552
0.48 -0.00119301 0.0017597
0.482 -0.00112085 0.0012761
0.484 -0.000985413 0.000856588
0.486 -0.000808571 0.00052082
0.488 -0.000614727 0.000275683
0.49 -0.000427006 0.000116412
0.492 -0.000264177 2.9041e-05
0.494 -0.000138589 -6.15819e-06
0.496 -5.5215e-05 -1.07175e-05
0.498 -1.18102e-05 -4.03931e-06
0.2 0.458655 -0.0675392
0.4 0.458739 -0.0676516
0.6 0.458877 -0.0678379
0.8 0.459065 -0.0680965
1 0.459297 -0.0684251
1.2 0.459568 -0.0688208
1.4 0.45987 -0.0692801
1.6 0.460193 -0.069799
1.8 0.460527 -0.0703729
2 0.46086 -0.0709965
2.2 0.461181 -0.0716644
2.4 0.461474 -0.0723702
2.6 0.461727 -0.0731076
2.8 0.461924 -0.0738696
3 0.462048 -0.0746489
3.2 0.462085 -0.0754381
3.4 0.462016 -0.0762292
3.6 0.461826 -0.0770143
3.8 0.461498 -0.0777853
4 0.461013 -0.0785339
4.2 0.460356 -0.0792519
4.4 0.45951 -0.0799308
4.6 0.458458 -0.0805626
4.8 0.457186 -0.0811391
5 0.455677 -0.0816523
5.2 0.453919 -0.0820946
5.4 0.451897 -0.0824584
5.6 0.449601 -0.0827365
5.8 0.447018 -0.0829223
6 0.444139 -0.0830093
6.2 0.440956 -0.0829915
6.4 0.437462 -0.0828635
6.6 0.433653 -0.0826204
6.8 0.429523 -0.0822578
7 0.425072 -0.081772
7.2 0.420298 -0.0811598
7.4 0.415205 -0.0804187
7.6 0.409794 -0.0795469
7.8 0.404072 -0.0785433
8 0.398045 -0.0774075
8.2 0.391723 -0.0761397
8.4 0.385116 -0.074741
8.6 0.378236 -0.073213
8.8 0.371099 -0.0715584
9 0.36372 -0.0697801
9.2 0.356116 -0.0678822
9.4 0.348308 -0.0658691
9.6 0.340317 -0.0637462
9.8 0.332163 -0.0615194
10 0.323872 -0.0591951
10.2 0.315468 -0.0567805
10.4 0.306976 -0.0542834
10.6 0.298425 -0.051712
10.8 0.289841 -0.049075
11 0.281254 -0.0463816
11.2 0.272692 -0.0436415
11.4 0.264185 -0.0408645
11.6 0.255763 -0.0380612
11.8 0.247456 -0.0352419
12 0.239295 -0.0324175
12.2 0.231308 -0.0295991
12.4 0.223525 -0.0267975
12.6 0.215976 -0.0240241
12.8 0.208689 -0.0212898
13 0.201692 -0.018606
13.2 0.195011 -0.0159834
13.4 0.188673 -0.013433
13.6 0.182702 -0.0109654
13.8 0.17712 -0.00859089
14 0.171951 -0.00631961
14.2 0.167215 -0.0041612
14.4 0.162929 -0.00212494
14.6 0.159111 -0.000219625
14.8 0.155776 0.00154642
15 0.152938 0.00316544
15.2 0.150607 0.00463024
15.4 0.148793 0.00593426
15.6 0.147503 0.00707158
15.8 0.146741 0.00803697
16 0.146511 0.00882588
16.2 0.146814 0.00943453
16.4 0.147647 0.00985985
16.6 0.149008 0.0100995
16.8 0.150891 0.0101521
17 0.153287 0.0100168
17.2 0.156187 0.00969368
17.4 0.15958 0.00918359
17.6 0.163451 0.00848815
17.8 0.167784 0.00760978
18 0.172563 0.00655165
18.2 0.177768 0.00531769
18.4 0.183379 0.00391258
18.6 0.189374 0.00234171
18.8 0.195728 0.000611141
19 0.202417 -0.00127237
19.2 0.209416 -0.00330143
19.4 0.216696 -0.00546806
19.6 0.224232 -0.0077637
19.8 0.231993 -0.0101793
20 0.239952 -0.0127052
20.2 0.248078 -0.0153314
20.4 0.256341 -0.0180475
20.6 0.264713 -0.0208427
20.8 0.273161 -0.0237058
21 0.281658 -0.0266255
21.2 0.290172 -0.0295902
21.4 0.298675 -0.0325881
21.6 0.307137 -0.0356074
21.8 0.315531 -0.0386359
22 0.323829 -0.0416618
22.2 0.332004 -0.044673
22.4 0.340031 -0.0476578
22.6 0.347885 -0.0506042
22.8 0.355543 -0.0535007
23 0.362982 -0.0563359
23.2 0.370181 -0.0590986
23.4 0.37712 -0.061778
23.6 0.383782 -0.0643636
23.8 0.390149 -0.0668452
24 0.396207 -0.0692131
24.2 0.401942 -0.071458
24.4 0.407341 -0.0735712
24.6 0.412393 -0.0755442
24.8 0.417091 -0.0773695
25 0.421426 -0.0790396
25.2 0.425392 -0.0805481
25.4 0.428985 -0.0818889
25.6 0.432203 -0.0830565
25.8 0.435043 -0.0840462
26 0.437505 -0.0848539
26.2 0.439591 -0.085476
26.4 0.441303 -0.0859096
26.6 0.442645 -0.0861526
26.8 0.443622 -0.0862033
27 0.44424 -0.086061
27.2 0.444506 -0.0857253
27.4 0.444427 -0.0851965
27.6 0.444013 -0.0844757
27.8 0.443273 -0.0835645
28 0.442217 -0.082465
28.2 0.440855 -0.0811801
28.4 0.439199 -0.0797129
28.6 0.437261 -0.0780675
28.8 0.435051 -0.0762482
29 0.432582 -0.0742597
29.2 0.429865 -0.0721076
29.4 0.426914 -0.0697974
29.6 0.42374 -0.0673355
29.8 0.420354 -0.0647282
30 0.416768 -0.0619826
30.2 0.412995 -0.0591059
30.4 0.409044 -0.0561055
30.6 0.404926 -0.0529892
30.8 0.400652 -0.049765
31 0.39623 -0.0464411
31.2 0.391671 -0.0430258
31.4 0.386983 -0.0395277
31.6 0.382173 -0.0359552
31.8 0.37725 -0.0323171
32 0.372218 -0.028622
32.2 0.367086 -0.0248787
32.4 0.361857 -0.0210958
32.6 0.356537 -0.017282
32.8 0.35113 -0.0134458
33 0.345638 -0.00959589
33.2 0.340066 -0.00574049
33.4 0.334415 -0.00188788
33.6 0.328687 0.00195385
33.8 0.322884 0.0057768
34 0.317005 0.00957328
34.2 0.311052 0.0133358
34.4 0.305025 0.017057
34.6 0.298922 0.0207301
34.8 0.292745 0.0243481
35 0.286492 0.0279046
35.2 0.280161 0.0313934
35.4 0.273753 0.0348085
35.6 0.267266 0.0381444
35.8 0.2607 0.0413956
36 0.254054 0.0445572
36.2 0.247326 0.0476245
36.4 0.240518 0.050593
36.6 0.233628 0.0534586
36.8 0.226657 0.0562175
37 0.219606 0.0588663
37.2 0.212476 0.0614018
37.4 0.205268 0.063821
37.6 0.197985 0.0661215
37.8 0.190629 0.0683009
38 0.183205 0.0703573
38.2 0.175715 0.0722889
38.4 0.168164 0.0740944
38.6 0.160558 0.0757725
38.8 0.152904 0.0773223
39 0.145206 0.0787433
39.2 0.137474 0.080035
39.4 0.129715 0.0811972
39.6 0.121938 0.0822301
39.8 0.114153 0.0831339
40 0.10637 0.083909
40.2 0.0985986 0.0845563
40.4 0.0908516 0.0850766
40.6 0.0831407 0.085471
40.8 0.0754782 0.0857407
41 0.0678772 0.0858873
41.2 0.0603511 0.0859122
41.4 0.0529139 0.0858172
41.6 0.0455795 0.0856042
41.8 0.0383625 0.0852753
42 0.0312774 0.0848326
42.2 0.024339 0.0842783
42.4 0.0175621 0.083615
42.6 0.0109616 0.0828451
42.8 0.00455213 0.0819713
43 -0.00165158 0.0809962
43.2 -0.00763516 0.0799228
43.4 -0.0133845 0.078754
43.6 -0.0188858 0.0774927
43.8 -0.0241257 0.0761421
44 -0.0290913 0.0747053
44.2 -0.0337705 0.0731857
44.4 -0.0381514 0.0715865
44.6 -0.0422231 0.0699111
44.8 -0.0459753 0.068163
45 -0.0493986 0.0663459
45.2 -0.0524843 0.0644631
45.4 -0.0552249 0.0625185
45.6 -0.0576134 0.0605156
45.8 -0.0596442 0.0584584
46 -0.0613125 0.0563505
46.2 -0.0626146 0.0541959
46.4 -0.0635478 0.0519984
46.6 -0.0641106 0.0497621
46.8 -0.0643026 0.0474907
47 -0.0641244 0.0451884
47.2 -0.0635779 0.0428593
47.4 -0.062666 0.0405073
47.6 -0.0613928 0.0381365
47.8 -0.0597633 0.035751
48 -0.0577838 0.0333549
48.2 -0.0554617 0.0309524
48.4 -0.0528051 0.0285474
48.6 -0.0498236 0.0261442
48.8 -0.0465273 0.0237467
49 -0.0429276 0.0213591
49.2 -0.0390365 0.0189853
49.4 -0.0348669 0.0166293
49.6 -0.0304328 0.0142951
49.8 -0.0257484 0.0119866
50 -0.0208291 0.00970761
50.2 -0.0156905 0.00746189
50.4 -0.0103489 0.00525313
50.6 -0.00482121 0.00308494
50.8 0.0008754 0.000960846
51 0.00672334 -0.00111575
51.2 0.0127047 -0.00314155
51.4 0.0188015 -0.00511335
51.6 0.0249954 -0.00702811
51.8 0.0312682 -0.0088829
52 0.0376013 -0.0106749
52.2 0.0439767 -0.0124016
52.4 0.0503761 -0.0140604
52.6 0.0567815 -0.0156491
52.8 0.0631751 -0.0171656
53 0.0695395 -0.0186078
53.2 0.0758577 -0.0199741
53.4 0.0821128 -0.0212629
53.6 0.0882888 -0.0224728
53.8 0.0943698 -0.0236027
54 0.100341 -0.0246517
54.2 0.106187 -0.025619
54.4 0.111895 -0.0265041
54.6 0.117451 -0.0273068
54.8 0.122843 -0.028027
55 0.128059 -0.0286647
55.2 0.133088 -0.0292205
55.4 0.13792 -0.0296949
55.6 0.142545 -0.0300888
55.8 0.146955 -0.0304031
56 0.151142 -0.0306392
56.2 0.155099 -0.0307985
56.4 0.158819 -0.0308828
56.6 0.162299 -0.0308938
56.8 0.165532 -0.0308337
57 0.168516 -0.0307048
57.2 0.171248 -0.0305095
57.4 0.173725 -0.0302504
57.6 0.175947 -0.0299304
57.8 0.177912 -0.0295523
58 0.179622 -0.0291193
58.2 0.181076 -0.0286347
58.4 0.182278 -0.0281016
58.6 0.183228 -0.0275236
58.8 0.18393 -0.0269043
59 0.184388 -0.0262472
59.2 0.184606 -0.0255561
59.4 0.184588 -0.0248347
59.6 0.18434 -0.0240868
59.8 0.183866 -0.0233162
60 0.183174 -0.0225268
60.2 0.18227 -0.0217223
60.4 0.18116 -0.0209067
60.6 0.179852 -0.0200835
60.8 0.178353 -0.0192567
61 0.176671 -0.0184298
61.2 0.174814 -0.0176064
61.4 0.17279 -0.0167901
61.6 0.170608 -0.0159842
61.8 0.168276 -0.0151921
62 0.165802 -0.0144168
62.2 0.163196 -0.0136614
62.4 0.160465 -0.0129288
62.6 0.157619 -0.0122217
62.8 0.154667 -0.0115427
63 0.151616 -0.010894
63.2 0.148477 -0.0102779
63.4 0.145256 -0.00969634
63.6 0.141964 -0.00915114
63.8 0.138608 -0.00864388
64 0.135196 -0.00817592
64.2 0.131737 -0.00774843
64.4 0.128239 -0.00736236
64.6 0.124709 -0.00701845
64.8 0.121155 -0.00671721
65 0.117584 -0.00645895
65.2 0.114004 -0.00624376
65.4 0.110422 -0.00607152
65.6 0.106845 -0.00594191
65.8 0.103279 -0.00585441
66 0.0997303 -0.00580828
66.2 0.0962055 -0.00580263
66.4 0.0927103 -0.00583634
66.6 0.0892505 -0.00590817
66.8 0.0858315 -0.00601666
67 0.0824586 -0.00616024
67.2 0.0791367 -0.00633716
67.4 0.0758706 -0.00654556
67.6 0.0726648 -0.00678343
67.8 0.0695236 -0.00704869
68 0.0664511 -0.00733912
68.2 0.0634509 -0.00765244
68.4 0.0605268 -0.00798628
68.6 0.0576821 -0.00833821
68.8 0.0549199 -0.00870578
69 0.0522431 -0.00908648
69.2 0.0496543 -0.00947778
69.4 0.0471561 -0.00987715
69.6 0.0447506 -0.0102821
69.8 0.0424399 -0.0106901
70 0.0402257 -0.0110987
70.2 0.0381097 -0.0115054
70.4 0.0360932 -0.0119079
70.6 0.0341774 -0.012304
70.8 0.0323633 -0.0126913
71 0.0306515 -0.0130678
71.2 0.0290427 -0.0134315
71.4 0.0275373 -0.0137804
71.6 0.0261353 -0.0141127
71.8 0.0248368 -0.0144268
72 0.0236415 -0.0147211
72.2 0.022549 -0.0149943
72.4 0.0215587 -0.0152451
72.6 0.0206699 -0.0154724
72.8 0.0198815 -0.0156753
73 0.0191925 -0.0158529
73.2 0.0186015 -0.0160047
73.4 0.0181071 -0.0161302
73.6 0.0177076 -0.016229
73.8 0.0174013 -0.016301
74 0.0171862 -0.0163463
74.2 0.0170601 -0.016365
74.4 0.0170209 -0.0163574
74.6 0.0170662 -0.0163239
74.8 0.0171935 -0.0162652
75 0.0174001 -0.016182
75.2 0.0176833 -0.0160751
75.4 0.0180402 -0.0159457
75.6 0.0184679 -0.0157947
75.8 0.0189632 -0.0156234
76 0.0195231 -0.0154332
76.2 0.0201442 -0.0152253
76.4 0.0208233 -0.0150014
76.6 0.021557 -0.0147629
76.8 0.0223419 -0.0145115
77 0.0231744 -0.0142489
77.2 0.024051 -0.0139768
77.4 0.0249682 -0.0136969
77.6 0.0259224 -0.013411
77.8 0.02691 -0.0131208
78 0.0279274 -0.0128281
78.2 0.028971 -0.0125348
78.4 0.0300372 -0.0122424
78.6 0.0311225 -0.0119528
78.8 0.0322232 -0.0116676
79 0.0333361 -0.0113884
79.2 0.0344575 -0.0111167
79.4 0.0355841 -0.0108541
79.6 0.0367126 -0.010602
79.8 0.0378396 -0.0103616
80 0.0389622 -0.0101343
80.2 0.040077 -0.0099211
80.4 0.0411812 -0.00972316
80.6 0.0422718 -0.00954137
80.8 0.043346 -0.00937657
81 0.0444011 -0.00922947
81.2 0.0454345 -0.00910066
81.4 0.0464438 -0.00899062
81.6 0.0474266 -0.00889971
81.8 0.0483806 -0.00882817
82 0.0493039 -0.00877611
82.2 0.0501944 -0.00874351
82.4 0.0510502 -0.00873026
82.6 0.0518698 -0.00873611
82.8 0.0526514 -0.0087607
83 0.0533938 -0.00880354
83.2 0.0540956 -0.00886407
83.4 0.0547557 -0.00894158
83.6 0.055373 -0.0090353
83.8 0.0559467 -0.00914433
84 0.056476 -0.0092677
84.2 0.0569603 -0.00940436
84.4 0.0573992 -0.00955317
84.6 0.0577924 -0.00971293
84.8 0.0581395 -0.00988236
85 0.0584405 -0.0100601
85.2 0.0586955 -0.0102449
85.4 0.0589045 -0.0104352
85.6 0.0590679 -0.0106297
85.8 0.059186 -0.0108268
86 0.0592593 -0.011025
86.2 0.0592883 -0.0112229
86.4 0.0592738 -0.0114189
86.6 0.0592165 -0.0116116
86.8 0.0591173 -0.0117995
87 0.058977 -0.0119811
87.2 0.0587968 -0.0121549
87.4 0.0585776 -0.0123196
87.6 0.0583207 -0.0124739
87.8 0.0580272 -0.0126163
88 0.0576985 -0.0127457
88.2 0.0573357 -0.0128609
88.4 0.0569403 -0.0129607
88.6 0.0565136 -0.013044
88.8 0.0560571 -0.01311
89 0.0555721 -0.0131576
89.2 0.0550602 -0.013186
89.4 0.0545227 -0.0131946
89.6 0.0539611 -0.0131826
89.8 0.053377 -0.0131495
90 0.0527717 -0.0130949
90.2 0.0521466 -0.0130183
90.4 0.0515031 -0.0129196
90.6 0.0508426 -0.0127984
90.8 0.0501665 -0.0126547
91 0.049476 -0.0124886
91.2 0.0487723 -0.0123001
91.4 0.0480566 -0.0120894
91.6 0.04733 -0.0118568
91.8 0.0465936 -0.0116027
92 0.0458482 -0.0113275
92.2 0.0450949 -0.0110318
92.4 0.0443343 -0.0107163
92.6 0.0435671 -0.0103815
92.8 0.0427939 -0.0100283
93 0.0420153 -0.00965752
93.2 0.0412316 -0.00927008
93.4 0.040443 -0.00886695
93.6 0.0396497 -0.00844915
93.8 0.0388518 -0.00801774
94 0.0380491 -0.00757386
94.2 0.0372414 -0.00711866
94.4 0.0364283 -0.00665335
94.6 0.0356095 -0.00617914
94.8 0.0347842 -0.0056973
95 0.0339517 -0.0052091
95.2 0.0331112 -0.00471582
95.4 0.0322617 -0.00421876
95.6 0.031402 -0.00371922
95.8 0.030531 -0.00321851
96 0.0296472 -0.00271791
96.2 0.0287493 -0.0022187
96.4 0.0278355 -0.00172215
96.6 0.0269044 -0.00122951
96.8 0.025954 -0.000741983
97 0.0249825 -0.000260771
97.2 0.0239881 0.000212977
97.4 0.0229687 0.000678145
97.6 0.0219222 0.00113366
97.8 0.0208466 0.00157849
98 0.0197396 0.00201167
98.2 0.0185993 0.00243226
98.4 0.0174233 0.0028394
98.6 0.0162096 0.00323226
98.8 0.0149559 0.00361011
99 0.0136602 0.00397225
99.2 0.0123205 0.00431805
99.4 0.0109348 0.00464695
99.6 0.00950108 0.00495847
99.8 0.00801764 0.00525218
100 0.00648278 0.00552772
100.2 0.00489494 0.00578481
100.4 0.00325272 0.00602323
100.6 0.00155491 0.00624284
100.8 -0.000199566 0.00644357
101 -0.00201154 0.0066254
101.2 -0.00388165 0.0067884
101.4 -0.00581029 0.0069327
101.6 -0.00779763 0.00705849
101.8 -0.00984356 0.00716604
102 -0.0119477 0.00725566
102.2 -0.0141094 0.00732775
102.4 -0.0163277 0.00738274
102.6 -0.0186014 0.00742113
102.8 -0.0209288 0.00744348
103 -0.0233081 0.0074504
103.2 -0.025737 0.00744253
103.4 -0.028213 0.00742057
103.6 -0.0307333 0.00738526
103.8 -0.0332945 0.00733739
104 -0.0358931 0.00727776
104.2 -0.0385252 0.00720723
104.4 -0.0411865 0.00712666
104.6 -0.0438726 0.00703696
104.8 -0.0465786 0.00693905
105 -0.0492992 0.00683386
105.2 -0.052029 0.00672235
105.4 -0.0547623 0.00660547
105.6 -0.057493 0.00648419
105.8 -0.0602148 0.00635947
106 -0.0629212 0.00623228
106.2 -0.0656055 0.00610357
106.4 -0.0682608 0.0059743
106.6 -0.07088 0.0058454
106.8 -0.0734559 0.00571778
107 -0.0759812 0.00559235
107.2 -0.0784483 0.00546997
107.4 -0.0808499 0.00535149
107.6 -0.0831785 0.00523774
107.8 -0.0854264 0.00512948
108 -0.0875864 0.00502748
108.2 -0.0896508 0.00493244
108.4 -0.0916125 0.00484502
108.6 -0.0934643 0.00476586
108.8 -0.0951991 0.00469554
109 -0.0968102 0.00463459
109.2 -0.0982911 0.00458349
109.4 -0.0996353 0.0045427
109.6 -0.100837 0.0045126
109.8 -0.10189 0.00449352
110 -0.10279 0.00448575
110.2 -0.103531 0.00448953
110.4 -0.10411 0.00450504
110.6 -0.104521 0.00453241
110.8 -0.104762 0.00457172
111 -0.104829 0.00462301
111.2 -0.10472 0.00468625
111.4 -0.104433 0.00476139
111.6 -0.103966 0.0048483
111.8 -0.103319 0.00494684
112 -0.102491 0.00505679
112.2 -0.101482 0.00517792
112.4 -0.100294 0.00530995
112.6 -0.0989282 0.00545256
112.8 -0.0973864 0.0056054
113 -0.0956715 0.00576809
113.2 -0.0937869 0.00594021
113.4 -0.0917367 0.00612132
113.6 -0.0895253 0.00631098
113.8 -0.0871581 0.00650869
114 -0.0846406 0.00671397
114.2 -0.0819794 0.00692629
114.4 -0.0791811 0.00714514
114.6 -0.0762531 0.00736999
114.8 -0.0732033 0.00760031
115 -0.0700401 0.00783556
115.2 -0.0667721 0.00807519
115.4 -0.0634085 0.0083187
115.6 -0.0599588 0.00856554
115.8 -0.0564329 0.0088152
116 -0.0528409 0.00906718
116.2 -0.0491931 0.00932098
116.4 -0.0455003 0.00957614
116.6 -0.0417732 0.00983219
116.8 -0.0380228 0.0100887
117 -0.0342599 0.0103452
117.2 -0.0304957 0.0106014
117.4 -0.0267412 0.0108568
117.6 -0.0230073 0.0111112
117.8 -0.0193051 0.0113641
118 -0.0156452 0.0116153
118.2 -0.0120383 0.0118646
118.4 -0.00849477 0.0121115
118.6 -0.00502461 0.012356
118.8 -0.00163767 0.0125977
119 0.00165661 0.0128366
119.2 0.00484915 0.0130724
119.4 0.00793131 0.013305
119.6 0.0108949 0.0135343
119.8 0.0137322 0.0137601
120 0.016436 0.0139823
120.2 0.0189998 0.0142009
120.4 0.0214173 0.0144157
120.6 0.0236832 0.0146267
120.8 0.0257925 0.0148339
121 0.027741 0.015037
121.2 0.0295252 0.0152361
121.4 0.031142 0.0154312
121.6 0.0325892 0.015622
121.8 0.0338651 0.0158086
122 0.0349688 0.0159908
122.2 0.0359 0.0161685
122.4 0.0366591 0.0163416
122.6 0.0372471 0.01651
122.8 0.0376656 0.0166734
123 0.037917 0.0168317
123.2 0.0380042 0.0169847
123.4 0.0379306 0.0171322
123.6 0.0377004 0.0172739
123.8 0.0373182 0.0174094
124 0.0367891 0.0175386
124.2 0.0361188 0.017661
124.4 0.0353133 0.0177763
124.6 0.0343793 0.0178841
124.8 0.0333236 0.0179839
125 0.0321535 0.0180753
125.2 0.0308767 0.0181578
125.4 0.029501 0.018231
125.6 0.0280346 0.0182941
125.8 0.0264859 0.0183469
126 0.0248633 0.0183885
126.2 0.0231755 0.0184185
126.4 0.0214313 0.0184363
126.6 0.0196394 0.0184412
126.8 0.0178086 0.0184326
127 0.0159476 0.0184099
127.2 0.0140651 0.0183725
127.4 0.0121698 0.0183197
127.6 0.0102699 0.0182509
127.8 0.00837369 0.0181655
128 0.00648925 0.018063
128.2 0.00462431 0.0179427
128.4 0.00278633 0.0178041
128.6 0.000982509 0.0176467
128.8 -0.000780331 0.0174701
129 -0.00249571 0.0172736
129.2 -0.00415754 0.0170571
129.4 -0.00576011 0.0168201
129.6 -0.00729818 0.0165623
129.8 -0.00876689 0.0162835
130 -0.0101619 0.0159834
130.2 -0.0114792 0.0156621
130.4 -0.0127154 0.0153193
130.6 -0.0138674 0.0149552
130.8 -0.0149329 0.0145697
131 -0.0159097 0.0141631
131.2 -0.0167962 0.0137356
131.4 -0.0175915 0.0132876
131.6 -0.0182947 0.0128193
131.8 -0.0189059 0.0123313
132 -0.0194251 0.0118242
132.2 -0.0198532 0.0112986
132.4 -0.0201912 0.0107551
132.6 -0.0204406 0.0101946
132.8 -0.0206033 0.00961801
133 -0.0206815 0.00902623
133.2 -0.0206779 0.00842029
133.4 -0.0205953 0.00780131
133.6 -0.0204369 0.00717044
133.8 -0.0202062 0.00652892
134 -0.0199068 0.00587805
134.2 -0.0195427 0.00521917
134.4 -0.019118 0.0045537
134.6 -0.018637 0.00388308
134.8 -0.0181039 0.0032088
135 -0.0175235 0.00253239
135.2 -0.0169001 0.00185541
135.4 -0.0162386 0.00117945
135.6 -0.0155436 0.000506094
135.8 -0.0148197 -0.00016304
136 -0.0140716 -0.000826341
136.2 -0.013304 -0.0014822
136.4 -0.0125213 -0.00212901
136.6 -0.0117281 -0.0027652
136.8 -0.0109287 -0.0033892
137 -0.0101273 -0.00399949
137.2 -0.00932797 -0.00459458
137.4 -0.00853466 -0.00517301
137.6 -0.00775106 -0.0057334
137.8 -0.00698071 -0.0062744
138 -0.00622693 -0.00679475
138.2 -0.00549282 -0.00729322
138.4 -0.00478126 -0.0077687
138.6 -0.00409489 -0.00822012
138.8 -0.0034361 -0.00864652
139 -0.00280706 -0.00904701
139.2 -0.00220966 -0.00942082
139.4 -0.00164555 -0.00976723
139.6 -0.00111614 -0.0100857
139.8 -0.000622565 -0.0103756
140 -0.000165739 -0.0106367
140.2 0.000253679 -0.0108687
140.4 0.000635268 -0.0110713
140.6 0.000978835 -0.0112445
140.8 0.00128441 -0.0113883
141 0.00155224 -0.0115029
141.2 0.00178277 -0.0115884
141.4 0.00197665 -0.0116453
141.6 0.0021347 -0.011674
141.8 0.00225792 -0.011675
142 0.00234746 -0.0116489
142.2 0.00240462 -0.0115964
142.4 0.00243082 -0.0115185
142.6 0.00242762 -0.0114159
142.8 0.00239667 -0.0112896
143 0.00233969 -0.0111407
143.2 0.00225851 -0.0109702
143.4 0.00215499 -0.0107794
143.6 0.00203105 -0.0105694
143.8 0.00188866 -0.0103415
144 0.00172977 -0.010097
144.2 0.00155636 -0.00983726
144.4 0.00137042 -0.00956366
144.6 0.00117388 -0.00927758
144.8 0.000968676 -0.00898042
145 0.000756692 -0.0086736
145.2 0.000539758 -0.00835853
145.4 0.000319649 -0.00803662
145.6 9.80673e-05 -0.00770927
145.8 -0.000123357 -0.00737787
146 -0.000343081 -0.00704375
146.2 -0.000559647 -0.00670826
146.4 -0.000771696 -0.00637268
146.6 -0.000977967 -0.00603825
146.8 -0.0011773 -0.00570617
147 -0.00136865 -0.00537761
147.2 -0.00155107 -0.00505364
147.4 -0.00172372 -0.00473531
147.6 -0.00188587 -0.00442359
147.8 -0.00203693 -0.00411938
148 -0.00217637 -0.00382353
148.2 -0.00230379 -0.00353679
148.4 -0.00241891 -0.00325986
148.6 -0.00252152 -0.00299336
148.8 -0.00261152 -0.00273783
149 -0.00268893 -0.00249374
149.2 -0.00275381 -0.00226148
149.4 -0.00280634 -0.00204137
149.6 -0.00284677 -0.00183365
149.8 -0.00287543 -0.00163849
150 -0.00289269 -0.00145598
150.2 -0.00289902 -0.00128615
150.4 -0.00289492 -0.00112896
150.6 -0.00288093 -0.000984298
150.8 -0.00285767 -0.000852001
151 -0.00282577 -0.00073184
151.2 -0.00278587 -0.000623531
151.4 -0.00273868 -0.000526742
151.6 -0.00268489 -0.000441088
151.8 -0.00262522 -0.000366146
152 -0.00256038 -0.00030145
152.2 -0.0024911 -0.0002465
152.4 -0.00241807 -0.000200767
152.6 -0.00234201 -0.000163693
152.8 -0.0022636 -0.000134702
153 -0.0021835 -0.000113198
153.2 -0.00210235 -9.85748e-05
153.4 -0.00202077 -9.0217e-05
153.6 -0.00193934 -8.75059e-05
153.8 -0.0018586 -8.9823e-05
154 -0.00177906 -9.65547e-05
154.2 -0.0017012 -0.000107096
154.4 -0.00162545 -0.000120853
154.6 -0.00155219 -0.000137249
154.8 -0.00148179 -0.000155726
155 -0.00141453 -0.000175747
155.2 -0.00135068 -0.000196801
155.4 -0.00129047 -0.000218403
155.6 -0.00123405 -0.0002401
155.8 -0.00118158 -0.000261468
156 -0.00113314 -0.000282118
156.2 -0.00108878 -0.000301694
156.4 -0.00104853 -0.000319879
156.6 -0.00101236 -0.000336388
156.8 -0.000980214 -0.000350976
157 -0.000952013 -0.000363436
157.2 -0.000927641 -0.000373595
157.4 -0.000906956 -0.00038132
157.6 -0.000889795 -0.000386513
157.8 -0.000875971 -0.000389111
158 -0.000865279 -0.000389087
158.2 -0.000857499 -0.000386445
158.4 -0.000852395 -0.000381221
158.6 -0.000849725 -0.000373484
158.8 -0.000849235 -0.000363326
159 -0.000850668 -0.000350869
159.2 -0.000853764 -0.000336257
159.4 -0.000858263 -0.000319656
159.6 -0.000863906 -0.000301252
159.8 -0.00087044 -0.000281248
160 -0.000877616 -0.000259859
160.2 -0.000885195 -0.000237314
160.4 -0.000892946 -0.000213852
160.6 -0.000900652 -0.000189717
160.8 -0.000908106 -0.000165159
161 -0.000915116 -0.000140429
161.2 -0.000921504 -0.000115777
161.4 -0.00092711 -9.14523e-05
161.6 -0.000931788 -6.76977e-05
161.8 -0.00093541 -4.47495e-05
162 -0.000937864 -2.28349e-05
162.2 -0.000939056 -2.17054e-06
162.4 -0.000938908 1.70396e-05
162.6 -0.000937361 3.46057e-05
162.8 -0.000934369 5.0353e-05
163 -0.000929906 6.41236e-05
163.2 -0.000923959 7.57773e-05
163.4 -0.00091653 8.51922e-05
163.6 -0.000907635 9.22659e-05
163.8 -0.000897303 9.69155e-05
164 -0.000885575 9.90782e-05
164.2 -0.000872503 9.87115e-05
164.4 -0.000858147 9.5793e-05
164.6 -0.000842579 9.03203e-05
164.8 -0.000825875 8.23109e-05
165 -0.000808119 7.18012e-05
165.2 -0.0007894 5.88463e-05
165.4 -0.00076981 4.35192e-05
165.6 -0.000749444 2.59094e-05
165.8 -0.0007284 6.12276e-06
166 -0.000706775 -1.57205e-05
166.2 -0.000684665 -3.94865e-05
166.4 -0.000662165 -6.5029e-05
166.6 -0.000639368 -9.21909e-05
166.8 -0.000616364 -0.000120806
167 -0.000593238 -0.000150699
167.2 -0.00057007 -0.00018169
167.4 -0.000546935 -0.000213592
167.6 -0.000523903 -0.000246215
167.8 -0.000501037 -0.000279368
168 -0.000478393 -0.000312858
168.2 -0.000456021 -0.000346495
168.4 -0.000433964 -0.000380088
168.6 -0.000412256 -0.000413452
168.8 -0.000390927 -0.000446406
169 -0.000369996 -0.000478777
169.2 -0.00034948 -0.000510395
169.4 -0.000329386 -0.000541103
169.6 -0.000309715 -0.00057075
169.8 -0.000290464 -0.000599196
170 -0.000271622 -0.000626312
170.2 -0.000253175 -0.000651981
170.4 -0.000235104 -0.000676097
170.6 -0.000217385 -0.000698566
170.8 -0.000199992 -0.000719309
171 -0.000182896 -0.000738258
171.2 -0.000166065 -0.000755359
171.4 -0.000149465 -0.00077057
171.6 -0.000133064 -0.000783863
171.8 -0.000116826 -0.000795221
172 -0.000100717 -0.000804643
172.2 -8.47048e-05 -0.000812136
172.4 -6.87564e-05 -0.000817721
172.6 -5.28421e-05 -0.00082143
172.8 -3.69343e-05 -0.000823304
173 -2.10082e-05 -0.000823394
173.2 -5.04215e-06 -0.000821762
173.4 1.09818e-05 -0.000818475
173.6 2.70777e-05 -0.00081361
173.8 4.32555e-05 -0.000807249
174 5.95209e-05 -0.00079948
174.2 7.58748e-05 -0.000790396
174.4 9.23138e-05 -0.000780093
174.6 0.00010883 -0.000768672
174.8 0.00012541 -0.000756232
175 0.000142036 -0.000742876
175.2 0.000158688 -0.000728709
175.4 0.000175339 -0.00071383
175.6 0.000191957 -0.000698341
175.8 0.000208511 -0.000682341
176 0.000224961 -0.000665926
176.2 0.000241268 -0.000649187
176.4 0.000257387 -0.000632212
176.6 0.000273273 -0.000615086
176.8 0.000288877 -0.000597886
177 0.000304149 -0.000580685
177.2 0.000319039 -0.00056355
177.4 0.000333495 -0.000546542
177.6 0.000347466 -0.000529715
177.8 0.000360899 -0.000513116
178 0.000373744 -0.000496788
178.2 0.00038595 -0.000480765
178.4 0.000397471 -0.000465074
178.6 0.000408259 -0.000449737
178.8 0.000418271 -0.000434769
179 0.000427466 -0.000420179
179.2 0.000435806 -0.000405971
179.4 0.000443258 -0.000392143
179.6 0.000449791 -0.000378686
179.8 0.000455378 -0.000365589
180 0.000459998 -0.000352835
180.2 0.000463633 -0.000340404
180.4 0.000466271 -0.000328273
180.6 0.000467904 -0.000316414
180.8 0.000468528 -0.000304799
181 0.000468145 -0.000293396
181.2 0.000466763 -0.000282174
181.4 0.000464392 -0.0002711
181.6 0.000461049 -0.000260139
181.8 0.000456755 -0.000249259
182 0.000451536 -0.000238427
182.2 0.000445421 -0.000227611
182.4 0.000438443 -0.000216781
182.6 0.000430642 -0.000205909
182.8 0.000422058 -0.000194969
183 0.000412736 -0.000183937
183.2 0.000402724 -0.000172793
183.4 0.000392071 -0.000161519
183.6 0.000380831 -0.000150101
183.8 0.000369057 -0.000138528
184 0.000356806 -0.000126792
184.2 0.000344136 -0.000114892
184.4 0.000331103 -0.000102826
184.6 0.000317767 -9.05991e-05
184.8 0.000304187 -7.82185e-05
185 0.00029042 -6.56957e-05
185.2 0.000276525 -5.30454e-05
185.4 0.000262557 -4.02855e-05
185.6 0.000248574 -2.74374e-05
185.8 0.000234627 -1.4525e-05
186 0.000220771 -1.57516e-06
186.2 0.000207053 1.13831e-05
186.4 0.000193523 2.43185e-05
186.6 0.000180225 3.71981e-05
186.8 0.0001672 4.99875e-05
187 0.000154489 6.26513e-05
187.2 0.000142127 7.51532e-05
187.4 0.000130147 8.74565e-05
187.6 0.000118579 9.95248e-05
187.8 0.000107449 0.000111322
188 9.67811e-05 0.000122811
188.2 8.65936e-05 0.000133959
188.4 7.69033e-05 0.000144732
188.6 6.77231e-05 0.000155099
188.8 5.90628e-05 0.000165028
189 5.09292e-05 0.000174494
189.2 4.33257e-05 0.000183471
189.4 3.62531e-05 0.000191936
189.6 2.97096e-05 0.00019987
189.8 2.36904e-05 0.000207256
190 1.81888e-05 0.000214081
190.2 1.31955e-05 0.000220334
190.4 8.69927e-06 0.00022601
190.6 4.68725e-06 0.000231104
190.8 1.14481e-06 0.000235616
191 -1.94401e-06 0.00023955
191.2 -4.59638e-06 0.000242912
191.4 -6.83043e-06 0.000245712
191.6 -8.66503e-06 0.000247962
191.8 -1.01197e-05 0.00024968
192 -1.12141e-05 0.000250883
192.2 -1.19684e-05 0.000251593
192.4 -1.24026e-05 0.000251833
192.6 -1.25364e-05 0.00025163
192.8 -1.23894e-05 0.000251011
193 -1.19806e-05 0.000250006
193.2 -1.13285e-05 0.000248646
193.4 -1.04508e-05 0.000246963
193.6 -9.36455e-06 0.00024499
193.8 -8.08566e-06 0.000242761
194 -6.62928e-06 0.000240309
194.2 -5.00948e-06 0.000237668
194.4 -3.23927e-06 0.000234873
194.6 -1.33061e-06 0.000231955
194.8 7.05625e-07 0.000228947
195 2.85966e-06 0.000225879
195.2 5.12274e-06 0.000222782
195.4 7.48718e-06 0.000219684
195.6 9.94623e-06 0.00021661
195.8 1.24941e-05 0.000213586
196 1.51258e-05 0.000210633
196.2 1.78373e-05 0.000207771
196.4 2.06251e-05 0.000205017
196.6 2.34863e-05 0.000202387
196.8 2.64187e-05 0.000199893
197 2.94205e-05 0.000197545
197.2 3.24901e-05 0.000195349
197.4 3.56263e-05 0.00019331
197.6 3.8828e-05 0.00019143
197.8 4.20941e-05 0.000189707
198 4.54235e-05 0.000188138
198.2 4.88151e-05 0.000186718
198.4 5.22672e-05 0.000185437
198.6 5.57783e-05 0.000184286
198.8 5.93462e-05 0.000183252
199 6.29684e-05 0.000182321
199.2 6.66418e-05 0.000181475
199.4 7.03628e-05 0.000180699
199.6 7.41272e-05 0.000179972
199.8 7.79304e-05 0.000179274
200 8.17669e-05 0.000178585
