Preparing 4 NEW job directories...
Existing max job index: 0
Creating jobs: job_01 .. job_04
Job directory preparation done.
Scheduling 4 NEW job directories:
  job_01
  job_02
  job_03
  job_04
Launching 4 jobs on GPUs: 5
(Ignoring external GPU usage)
Launched job_01 on GPU 5 (PID 3052694)
GPU 5: starting job_01
GPU 5: job_01 finished
GPU 5: internal job PID 3052694 finished.
Launched job_02 on GPU 5 (PID 3205479)
GPU 5: starting job_02
GPU 5: job_02 finished
GPU 5: internal job PID 3205479 finished.
Launched job_03 on GPU 5 (PID 3362304)
GPU 5: starting job_03
GPU 5: job_03 finished
GPU 5: internal job PID 3362304 finished.
Launched job_04 on GPU 5 (PID 3515657)
GPU 5: starting job_04
GPU 5: job_04 finished
GPU 5: internal job PID 3515657 finished.
All jobs finished.
