[LOG] Writing to <PATH_TO_DATA>/qe_jobs/nep_training/NEMD/0217/post/210-300k/pure/SiC/bulk_sic_shortbar_20260312_125856.log
Found 3 job folders under <PATH_TO_DATA>/qe_jobs/nep_training/NEMD/0217/post/210-300k/pure/SiC/job_*

[job_01]
Steady-state group temperatures (K):
  g1: 0.000000
  g2: 309.132128
  g3: 303.219775
  g4: 300.136451
  g5: 297.066532
DeltaT = <Tg2> - <Tg4> = 8.995677 K
Area = 1376.341505 Å^2
SHC group 3 x-range (Å): 20.141 -> 28.324 (center ~ 24.235)

[job_02]
Steady-state group temperatures (K):
  g1: 0.000000
  g2: 309.103331
  g3: 303.144415
  g4: 300.207131
  g5: 297.261102
DeltaT = <Tg2> - <Tg4> = 8.896200 K
Area = 1376.341505 Å^2
SHC group 3 x-range (Å): 20.141 -> 28.324 (center ~ 24.235)

[job_03]
Steady-state group temperatures (K):
  g1: 0.000000
  g2: 309.116269
  g3: 303.126522
  g4: 300.123554
  g5: 296.832305
DeltaT = <Tg2> - <Tg4> = 8.992715 K
Area = 1376.341505 Å^2
SHC group 3 x-range (Å): 20.141 -> 28.324 (center ~ 24.235)

================ Summary ================
Valid jobs used: 3
Mean ΔT over jobs: 8.961531 K
Std  ΔT over jobs: 0.056597 K
Mean area over jobs: 1376.341505 Å^2
SHC region x-ranges:
  job_01: 20.141 -> 28.324 Å (center ~ 24.235)
  job_02: 20.141 -> 28.324 Å (center ~ 24.235)
  job_03: 20.141 -> 28.324 Å (center ~ 24.235)

Saved: <PATH_TO_DATA>/qe_jobs/nep_training/NEMD/0217/post/210-300k/pure/SiC/bulk_sic_shortbar_Gomega_avg.txt
Saved: <PATH_TO_DATA>/qe_jobs/nep_training/NEMD/0217/post/210-300k/pure/SiC/bulk_sic_shortbar_Gomega_all_runs.txt
Saved: <PATH_TO_DATA>/qe_jobs/nep_training/NEMD/0217/post/210-300k/pure/SiC/bulk_sic_shortbar_summary.txt
Saved: <PATH_TO_DATA>/qe_jobs/nep_training/NEMD/0217/post/210-300k/pure/SiC/bulk_sic_shortbar_Jarea_avg.png
Saved: <PATH_TO_DATA>/qe_jobs/nep_training/NEMD/0217/post/210-300k/pure/SiC/bulk_sic_shortbar_Gomega_avg.png
Saved: <PATH_TO_DATA>/qe_jobs/nep_training/NEMD/0217/post/210-300k/pure/SiC/bulk_sic_shortbar_Gomega_cumulative.png

Done.
