   0.000000e+00   3.097736e+02   3.018047e+02   3.101598e+02   3.074388e+02   2.946789e+02   2.900123e+02  -7.151606e+01   6.171450e+01
   0.000000e+00   3.101977e+02   3.025993e+02   3.097869e+02   3.072337e+02   2.974377e+02   2.901336e+02  -1.282218e+02   1.213026e+02
   0.000000e+00   3.099061e+02   3.026544e+02   3.102210e+02   3.082440e+02   2.966441e+02   2.900927e+02  -1.788687e+02   1.713690e+02
   0.000000e+00   3.098617e+02   3.017036e+02   3.073326e+02   3.067204e+02   2.957546e+02   2.898910e+02  -2.304193e+02   2.310698e+02
   0.000000e+00   3.100596e+02   3.028599e+02   3.095754e+02   3.069713e+02   2.984323e+02   2.899799e+02  -2.928153e+02   2.907425e+02
   0.000000e+00   3.099681e+02   3.022899e+02   3.083214e+02   3.074205e+02   2.963273e+02   2.903820e+02  -3.619048e+02   3.482590e+02
   0.000000e+00   3.097597e+02   3.021738e+02   3.088066e+02   3.065292e+02   2.959201e+02   2.903720e+02  -4.163807e+02   4.097345e+02
   0.000000e+00   3.095410e+02   3.028172e+02   3.089485e+02   3.083721e+02   2.979228e+02   2.899622e+02  -4.760765e+02   4.741027e+02
   0.000000e+00   3.098596e+02   3.018170e+02   3.088009e+02   3.061484e+02   2.963441e+02   2.897838e+02  -5.360744e+02   5.287612e+02
   0.000000e+00   3.103031e+02   3.021310e+02   3.080372e+02   3.068283e+02   2.960499e+02   2.901840e+02  -5.907500e+02   5.882732e+02
   0.000000e+00   3.097384e+02   3.018956e+02   3.098675e+02   3.067026e+02   2.951621e+02   2.902419e+02  -6.591614e+02   6.538168e+02
   0.000000e+00   3.098889e+02   3.029204e+02   3.096842e+02   3.069511e+02   2.990192e+02   2.900241e+02  -7.199978e+02   7.067498e+02
   0.000000e+00   3.098401e+02   3.018753e+02   3.092720e+02   3.056643e+02   2.966590e+02   2.899653e+02  -7.696947e+02   7.694499e+02
   0.000000e+00   3.098045e+02   3.019000e+02   3.087872e+02   3.067182e+02   2.963831e+02   2.900743e+02  -8.312485e+02   8.338917e+02
   0.000000e+00   3.103590e+02   3.023408e+02   3.087330e+02   3.070210e+02   2.958020e+02   2.898859e+02  -8.979600e+02   8.944201e+02
   0.000000e+00   3.099705e+02   3.024656e+02   3.095063e+02   3.058897e+02   2.965855e+02   2.904227e+02  -9.606226e+02   9.450618e+02
   0.000000e+00   3.099393e+02   3.022119e+02   3.090526e+02   3.064117e+02   2.963022e+02   2.900830e+02  -1.002940e+03   1.012477e+03
   0.000000e+00   3.097221e+02   3.027189e+02   3.087996e+02   3.075917e+02   2.988091e+02   2.900430e+02  -1.075220e+03   1.068203e+03
   0.000000e+00   3.101187e+02   3.034676e+02   3.093875e+02   3.080183e+02   2.995835e+02   2.899768e+02  -1.127779e+03   1.111191e+03
   0.000000e+00   3.098164e+02   3.034673e+02   3.104553e+02   3.083986e+02   2.978615e+02   2.902063e+02  -1.164166e+03   1.151542e+03
