-0.498 0.00011757 3.30815e-05
-0.496 0.000358616 0.000122613
-0.494 0.000546209 0.000252083
-0.492 0.000492427 0.000410863
-0.49 -9.56205e-07 0.000603636
-0.488 -0.00114182 0.000856726
-0.486 -0.00314509 0.00121976
-0.484 -0.00622646 0.00176196
-0.482 -0.0105913 0.00256321
-0.48 -0.0164187 0.00370114
-0.478 -0.0238418 0.00523595
-0.476 -0.0329253 0.00719549
-0.474 -0.0436448 0.00956295
-0.472 -0.0558695 0.0122696
-0.47 -0.0693517 0.0151944
-0.468 -0.0837277 0.0181718
-0.466 -0.0985302 0.0210069
-0.464 -0.113215 0.023499
-0.462 -0.127197 0.0254682
-0.46 -0.139901 0.0267848
-0.458 -0.150808 0.0273947
-0.456 -0.159504 0.0273388
-0.454 -0.165721 0.0267596
-0.452 -0.169354 0.0258952
-0.45 -0.170467 0.0250565
-0.448 -0.169271 0.0245914
-0.446 -0.166082 0.0248376
-0.444 -0.161267 0.0260706
-0.442 -0.155175 0.0284537
-0.44 -0.148076 0.0319968
-0.438 -0.140098 0.0365301
-0.436 -0.13119 0.0416971
-0.434 -0.121095 0.0469697
-0.432 -0.109354 0.0516835
-0.43 -0.0953318 0.0550918
-0.428 -0.0782736 0.0564336
-0.426 -0.057379 0.0550078
-0.424 -0.0318983 0.0502487
-0.422 -0.00123672 0.0417918
-0.42 0.0349438 0.0295227
-0.418 0.0766395 0.0136006
-0.416 0.123453 -0.0055506
-0.414 0.174588 -0.027287
-0.412 0.228895 -0.0508242
-0.41 0.284977 -0.0753465
-0.408 0.341335 -0.100134
-0.406 0.396541 -0.12469
-0.404 0.449416 -0.148856
-0.402 0.499183 -0.172883
-0.4 0.54557 -0.197461
-0.398 0.58885 -0.223679
-0.396 0.629808 -0.252928
-0.394 0.669638 -0.286757
-0.392 0.709778 -0.326686
-0.39 0.7517 -0.374005
-0.388 0.796672 -0.429589
-0.386 0.845519 -0.493728
-0.384 0.89839 -0.566024
-0.382 0.954562 -0.645328
-0.38 1.01231 -0.729761
-0.378 1.06882 -0.8168
-0.376 1.12026 -0.903431
-0.374 1.16188 -0.986375
-0.372 1.18831 -1.06235
-0.37 1.19389 -1.12835
-0.368 1.17314 -1.18196
-0.366 1.12122 -1.22158
-0.364 1.03446 -1.24663
-0.362 0.910751 -1.25759
-0.36 0.749879 -1.25604
-0.358 0.553684 -1.24443
-0.356 0.326069 -1.22584
-0.354 0.0728178 -1.20361
-0.352 -0.198729 -1.18095
-0.35 -0.480133 -1.16056
-0.348 -0.762407 -1.14424
-0.346 -1.0366 -1.13271
-0.344 -1.29438 -1.12549
-0.342 -1.52862 -1.12092
-0.34 -1.73385 -1.11636
-0.338 -1.90661 -1.10848
-0.336 -2.04571 -1.09368
-0.334 -2.15223 -1.06848
-0.332 -2.22944 -1.03003
-0.33 -2.28243 -0.976521
-0.328 -2.31771 -0.907541
-0.326 -2.34257 -0.82429
-0.324 -2.36452 -0.729673
-0.322 -2.39064 -0.628191
-0.32 -2.42706 -0.525658
-0.318 -2.47854 -0.428732
-0.316 -2.54819 -0.344309
-0.314 -2.6373 -0.278833
-0.312 -2.74538 -0.237589
-0.31 -2.87019 -0.22407
-0.308 -3.00796 -0.239497
-0.306 -3.15368 -0.282549
-0.304 -3.30138 -0.34936
-0.302 -3.44455 -0.433769
-0.3 -3.57657 -0.527827
-0.298 -3.69108 -0.622474
-0.296 -3.78244 -0.70836
-0.294 -3.84605 -0.776678
-0.292 -3.8785 -0.819975
-0.29 -3.87771 -0.832824
-0.288 -3.8428 -0.812331
-0.286 -3.77387 -0.758402
-0.284 -3.67168 -0.673764
-0.282 -3.53729 -0.56372
-0.28 -3.37181 -0.435654
-0.278 -3.17608 -0.298316
-0.276 -2.95067 -0.160961
-0.274 -2.69589 -0.0323966
-0.272 -2.41191 0.0799411
-0.27 -2.09899 0.1708
-0.268 -1.7577 0.237701
-0.266 -1.3891 0.281234
-0.264 -0.99499 0.305016
-0.262 -0.57798 0.315294
-0.26 -0.141673 0.320253
-0.258 0.309237 0.329085
-0.256 0.768871 0.350934
-0.254 1.23012 0.393839
-0.252 1.68472 0.46377
-0.25 2.12336 0.563886
-0.248 2.53612 0.694057
-0.246 2.91291 0.850731
-0.244 3.24413 1.02712
-0.242 3.52143 1.21372
-0.24 3.73843 1.39909
-0.238 3.89139 1.57083
-0.236 3.97972 1.71664
-0.234 4.00625 1.82548
-0.232 3.97733 1.88854
-0.23 3.90269 1.90007
-0.228 3.79501 1.85796
-0.226 3.66944 1.76397
-0.224 3.54277 1.62359
-0.222 3.43255 1.44552
-0.22 3.35594 1.24083
-0.218 3.32848 1.0219
-0.216 3.36274 0.80118
-0.214 3.46703 0.590008
-0.212 3.64426 0.397485
-0.21 3.89109 0.229646
-0.208 4.19749 0.08894
-0.206 4.54688 -0.0259091
-0.204 4.91679 -0.119652
-0.202 5.28002 -0.199918
-0.2 5.60631 -0.276334
-0.198 5.86426 -0.359465
-0.196 6.02342 -0.459655
-0.194 6.05633 -0.585906
-0.192 5.9404 -0.744851
-0.19 5.65943 -0.939942
-0.188 5.20484 -1.1709
-0.186 4.57639 -1.43348
-0.184 3.78245 -1.71963
-0.182 2.83974 -2.01798
-0.18 1.77255 -2.31466
-0.178 0.611346 -2.59448
-0.176 -0.609062 -2.84217
-0.174 -1.85175 -3.04376
-0.172 -3.0801 -3.18783
-0.17 -4.26009 -3.26653
-0.168 -5.36237 -3.27631
-0.166 -6.36366 -3.21817
-0.164 -7.24749 -3.09756
-0.162 -8.00421 -2.92381
-0.16 -8.63022 -2.70926
-0.158 -9.12671 -2.46813
-0.156 -9.49805 -2.21541
-0.154 -9.75012 -1.96561
-0.152 -9.88886 -1.73183
-0.15 -9.91921 -1.52481
-0.148 -9.84456 -1.35245
-0.146 -9.66672 -1.21941
-0.144 -9.38637 -1.12711
-0.142 -9.00396 -1.0739
-0.14 -8.52081 -1.05558
-0.138 -7.94036 -1.06598
-0.136 -7.26942 -1.09785
-0.134 -6.51934 -1.14372
-0.132 -5.70687 -1.19676
-0.13 -4.85468 -1.25158
-0.128 -3.99121 -1.30474
-0.126 -3.15002 -1.3551
-0.124 -2.36824 -1.40378
-0.122 -1.68449 -1.45392
-0.12 -1.13613 -1.51009
-0.118 -0.756295 -1.57763
-0.116 -0.570863 -1.66187
-0.114 -0.595918 -1.76737
-0.112 -0.835933 -1.89735
-0.11 -1.28305 -2.0532
-0.108 -1.91758 -2.23427
-0.106 -2.70978 -2.43781
-0.104 -3.62268 -2.65912
-0.102 -4.61571 -2.89193
-0.1 -5.64865 -3.12883
-0.098 -6.68565 -3.36189
-0.096 -7.69866 -3.58331
-0.094 -8.67019 -3.78612
-0.092 -9.59496 -3.96477
-0.09 -10.4803 -4.11564
-0.088 -11.3453 -4.23727
-0.086 -12.2186 -4.3304
-0.084 -13.1352 -4.39763
-0.082 -14.1318 -4.44292
-0.08 -15.2425 -4.47081
-0.078 -16.4933 -4.48557
-0.076 -17.8983 -4.49044
-0.074 -19.4554 -4.48689
-0.072 -21.1441 -4.47418
-0.07 -22.9255 -4.44916
-0.068 -24.7428 -4.40638
-0.066 -26.5244 -4.33833
-0.064 -28.1888 -4.23602
-0.062 -29.6493 -4.0895
-0.06 -30.8204 -3.88857
-0.058 -31.6227 -3.62346
-0.056 -31.9885 -3.28545
-0.054 -31.8646 -2.86749
-0.052 -31.2145 -2.36471
-0.05 -30.0191 -1.77478
-0.048 -28.2752 -1.09808
-0.046 -25.9934 -0.337663
-0.044 -23.1949 0.501077
-0.042 -19.9078 1.41088
-0.04 -16.1632 2.38328
-0.038 -11.9922 3.40927
-0.036 -7.42327 4.47991
-0.034 -2.48189 5.58665
-0.032 2.80956 6.72153
-0.03 8.42959 7.877
-0.028 14.3544 9.04554
-0.026 20.5537 10.2192
-0.024 26.9863 11.389
-0.022 33.5956 12.5443
-0.02 40.3062 13.673
-0.018 47.0225 14.7607
-0.016 53.6278 15.7913
-0.014 59.9876 16.7472
-0.012 65.9533 17.6099
-0.01 71.369 18.361
-0.008 76.0796 18.9829
-0.006 79.9395 19.4599
-0.004 82.8218 19.7795
-0.002 84.6265 19.9331
0 85.2875 19.9171
0.002 84.7777 19.7329
0.004 83.1115 19.3879
0.006 80.3444 18.8941
0.008 76.5692 18.268
0.01 71.9107 17.529
0.012 66.5175 16.6985
0.014 60.5526 15.7976
0.016 54.1835 14.8463
0.018 47.5726 13.8619
0.02 40.8686 12.8583
0.022 34.1999 11.8453
0.024 27.6703 10.8284
0.026 21.3572 9.80949
0.028 15.3124 8.78707
0.03 9.56525 7.75758
0.032 4.12782 6.71648
0.034 -0.99908 5.65963
0.036 -5.81913 4.58475
0.038 -10.3342 3.49261
0.04 -14.539 2.38802
0.042 -18.4181 1.28042
0.044 -21.9444 0.183799
0.046 -25.0804 -0.883871
0.048 -27.7814 -1.90182
0.05 -30.0009 -2.84811
0.052 -31.6964 -3.70147
0.054 -32.8354 -4.44327
0.056 -33.4017 -5.05916
0.058 -33.399 -5.54046
0.06 -32.8538 -5.88489
0.062 -31.8153 -6.0968
0.064 -30.3541 -6.18671
0.066 -28.5574 -6.17036
0.068 -26.5246 -6.06733
0.07 -24.3598 -5.89928
0.072 -22.1651 -5.68818
0.074 -20.0331 -5.45443
0.076 -18.0413 -5.21531
0.078 -16.2461 -4.98365
0.08 -14.6805 -4.76709
0.082 -13.3523 -4.56776
0.084 -12.2461 -4.38264
0.086 -11.3262 -4.20441
0.088 -10.5423 -4.0228
0.09 -9.8365 -3.82629
0.092 -9.15024 -3.60392
0.094 -8.43173 -3.34705
0.096 -7.64199 -3.05088
0.098 -6.75939 -2.7155
0.1 -5.78205 -2.34638
0.102 -4.728 -1.95423
0.104 -3.63317 -1.55429
0.106 -2.5476 -1.16506
0.108 -1.53015 -0.806669
0.11 -0.642555 -0.498993
0.112 0.0567196 -0.259778
0.114 0.518267 -0.102896
0.116 0.706548 -0.0369251
0.118 0.603395 -0.0642173
0.12 0.209874 -0.180528
0.122 -0.453619 -0.375277
0.124 -1.34904 -0.632415
0.126 -2.42396 -0.931828
0.128 -3.61607 -1.25114
0.13 -4.85846 -1.56771
0.132 -6.08501 -1.86069
0.134 -7.2355 -2.11279
0.136 -8.25969 -2.31175
0.138 -9.12018 -2.45118
0.14 -9.79366 -2.5308
0.142 -10.2708 -2.55613
0.144 -10.5547 -2.53751
0.146 -10.6583 -2.4887
0.148 -10.6016 -2.4252
0.15 -10.4078 -2.36246
0.152 -10.1007 -2.31415
0.154 -9.70188 -2.29071
0.156 -9.22884 -2.29827
0.158 -8.69397 -2.33813
0.16 -8.10435 -2.40672
0.162 -7.46234 -2.49605
0.164 -6.7669 -2.59474
0.166 -6.01524 -2.68923
0.168 -5.20481 -2.76528
0.17 -4.33521 -2.80952
0.172 -3.40983 -2.81079
0.174 -2.43698 -2.76134
0.176 -1.43035 -2.65755
0.178 -0.408698 -2.50026
0.18 0.605109 -2.29459
0.182 1.58574 -2.04935
0.184 2.50738 -1.77605
0.186 3.34587 -1.48768
0.188 4.08071 -1.19734
0.19 4.69669 -0.916992
0.192 5.18507 -0.65627
0.194 5.54396 -0.421695
0.196 5.7782 -0.216213
0.198 5.89855 -0.0391752
0.2 5.92036 0.113292
0.202 5.86208 0.247549
0.204 5.74347 0.371454
0.206 5.58399 0.493234
0.208 5.40142 0.620348
0.21 5.2107 0.75847
0.212 5.02329 0.910718
0.214 4.84694 1.07719
0.216 4.68575 1.25489
0.218 4.54073 1.43794
0.22 4.41044 1.61826
0.222 4.29186 1.78632
0.224 4.18112 1.93219
0.226 4.07427 2.04654
0.228 3.9677 2.12165
0.23 3.85844 2.15216
0.232 3.74417 2.13564
0.234 3.62307 2.07289
0.236 3.4935 1.96781
0.238 3.35366 1.82707
0.24 3.20128 1.65945
0.242 3.03342 1.47502
0.244 2.84636 1.28421
0.246 2.63584 1.09685
0.248 2.39728 0.921358
0.25 2.12636 0.764039
0.252 1.81959 0.628701
0.254 1.47495 0.516486
0.256 1.09247 0.426008
0.258 0.674684 0.353734
0.26 0.226879 0.294563
0.262 -0.242953 0.242522
0.264 -0.724423 0.191515
0.266 -1.20534 0.136027
0.268 -1.67257 0.0717384
0.27 -2.113 -0.00403431
0.272 -2.51459 -0.0920801
0.274 -2.86733 -0.191254
0.276 -3.16407 -0.298642
0.278 -3.40094 -0.40991
0.28 -3.57766 -0.519799
0.282 -3.6973 -0.6227
0.284 -3.76585 -0.713257
0.286 -3.79152 -0.786931
0.288 -3.78383 -0.840463
0.29 -3.75272 -0.87219
0.292 -3.70756 -0.882188
0.294 -3.65646 -0.872221
0.296 -3.60561 -0.845526
0.298 -3.55893 -0.806442
0.3 -3.51798 -0.759958
0.302 -3.48209 -0.711216
0.304 -3.4487 -0.665034
0.306 -3.41392 -0.6255
0.308 -3.37319 -0.595671
0.31 -3.32189 -0.577397
0.312 -3.25605 -0.571277
0.314 -3.17285 -0.576749
0.316 -3.07092 -0.592273
0.318 -2.95054 -0.615609
0.32 -2.81351 -0.644137
0.322 -2.66293 -0.675183
0.324 -2.50271 -0.706331
0.326 -2.3371 -0.735672
0.328 -2.17015 -0.761977
0.33 -2.00528 -0.784775
0.332 -1.84486 -0.804339
0.334 -1.6901 -0.821578
0.336 -1.54099 -0.83786
0.338 -1.39644 -0.854782
0.34 -1.25457 -0.873925
0.342 -1.11307 -0.896614
0.344 -0.96961 -0.923715
0.346 -0.822194 -0.955491
0.348 -0.669524 -0.991533
0.35 -0.51122 -1.03076
0.352 -0.347945 -1.07151
0.354 -0.181396 -1.11167
0.356 -0.0141782 -1.14888
0.358 0.150435 -1.1807
0.36 0.308808 -1.20489
0.362 0.457295 -1.21954
0.364 0.592578 -1.22322
0.366 0.711968 -1.21511
0.368 0.813618 -1.195
0.37 0.896633 -1.16331
0.372 0.961065 -1.12097
0.374 1.0078 -1.06937
0.376 1.03837 -1.01018
0.378 1.05467 -0.945271
0.38 1.05873 -0.876553
0.382 1.05246 -0.805872
0.384 1.03746 -0.734913
0.386 1.01492 -0.665132
0.388 0.985584 -0.597708
0.39 0.949828 -0.533525
0.392 0.90775 -0.473176
0.394 0.859331 -0.416992
0.396 0.804593 -0.365081
0.398 0.743753 -0.317387
0.4 0.677328 -0.27375
0.402 0.606203 -0.233959
0.404 0.531638 -0.197801
0.406 0.455218 -0.165086
0.408 0.378754 -0.135665
0.41 0.30415 -0.109418
0.412 0.233248 -0.0862434
0.414 0.167671 -0.0660285
0.416 0.108692 -0.0486323
0.418 0.0571302 -0.0338684
0.42 0.0133023 -0.0214985
0.422 -0.0229751 -0.0112374
0.424 -0.0523286 -0.00276521
0.426 -0.0757248 0.0042535
0.428 -0.094335 0.0101482
0.43 -0.109385 0.0152207
0.432 -0.122013 0.0197258
0.434 -0.133143 0.0238565
0.436 -0.143407 0.0277341
0.438 -0.1531 0.0314049
0.44 -0.16219 0.0348447
0.442 -0.170366 0.0379685
0.444 -0.177125 0.0406485
0.446 -0.181873 0.0427362
0.448 -0.184034 0.0440865
0.45 -0.183155 0.0445827
0.452 -0.17898 0.0441556
0.454 -0.171499 0.0427981
0.456 -0.160962 0.0405684
0.458 -0.147855 0.0375867
0.46 -0.132845 0.0340218
0.462 -0.116706 0.030074
0.464 -0.100239 0.0259538
0.466 -0.0841886 0.0218632
0.468 -0.0691764 0.0179778
0.47 -0.0556584 0.0144355
0.472 -0.0439043 0.011329
0.474 -0.0340036 0.00870479
0.476 -0.0258931 0.00656646
0.478 -0.0193984 0.00488205
0.48 -0.0142825 0.00359413
0.482 -0.0102917 0.00263114
0.484 -0.00719315 0.00191846
0.486 -0.00479921 0.00138799
0.488 -0.00297591 0.000984852
0.49 -0.00163708 0.000670724
0.492 -0.000726934 0.000423546
0.494 -0.000196034 0.000234158
0.496 2.34468e-05 0.00010095
0.498 3.74652e-05 2.39716e-05
0.2 0.199455 0.332715
0.4 0.203251 0.335816
0.6 0.209568 0.34097
0.8 0.218393 0.348157
1 0.229707 0.35735
1.2 0.243485 0.368511
1.4 0.259697 0.381598
1.6 0.27831 0.396558
1.8 0.299283 0.413333
2 0.322572 0.431858
2.2 0.348127 0.452061
2.4 0.375894 0.473864
2.6 0.405816 0.497182
2.8 0.437829 0.521927
3 0.471868 0.548004
3.2 0.507863 0.575314
3.4 0.54574 0.603753
3.6 0.585421 0.633216
3.8 0.626829 0.663594
4 0.66988 0.694773
4.2 0.714491 0.726641
4.4 0.760573 0.759082
4.6 0.808039 0.79198
4.8 0.856799 0.82522
5 0.906762 0.858685
5.2 0.957835 0.89226
5.4 1.00993 0.925833
5.6 1.06294 0.959291
5.8 1.11679 0.992527
6 1.17139 1.02543
6.2 1.22663 1.05791
6.4 1.28243 1.08986
6.6 1.3387 1.12119
6.8 1.39535 1.1518
7 1.4523 1.18163
7.2 1.50947 1.21058
7.4 1.56677 1.23859
7.6 1.62413 1.2656
7.8 1.68147 1.29155
8 1.73872 1.31638
8.2 1.79582 1.34006
8.4 1.85269 1.36254
8.6 1.90929 1.3838
8.8 1.96556 1.40383
9 2.02143 1.4226
9.2 2.07688 1.44011
9.4 2.13186 1.45637
9.6 2.18632 1.47138
9.8 2.24025 1.48516
10 2.29361 1.49775
10.2 2.34638 1.50917
10.4 2.39856 1.51946
10.6 2.45012 1.52866
10.8 2.50107 1.53684
11 2.5514 1.54406
11.2 2.60112 1.55037
11.4 2.65026 1.55585
11.6 2.69881 1.56057
11.8 2.74682 1.56461
12 2.79429 1.56807
12.2 2.84128 1.57102
12.4 2.88782 1.57357
12.6 2.93396 1.57579
12.8 2.97974 1.57779
13 3.02521 1.57967
13.2 3.07045 1.58153
13.4 3.1155 1.58346
13.6 3.16044 1.58556
13.8 3.20534 1.58793
14 3.25028 1.59067
14.2 3.29533 1.59387
14.4 3.34057 1.59762
14.6 3.38609 1.60202
14.8 3.43197 1.60714
15 3.47831 1.61308
15.2 3.52519 1.61991
15.4 3.57271 1.6277
15.6 3.62095 1.63652
15.8 3.67002 1.64643
16 3.72 1.65748
16.2 3.771 1.66973
16.4 3.82309 1.68322
16.6 3.87637 1.69797
16.8 3.93094 1.71403
17 3.98688 1.73141
17.2 4.04427 1.75012
17.4 4.1032 1.77017
17.6 4.16375 1.79155
17.8 4.22599 1.81425
18 4.28999 1.83826
18.2 4.35583 1.86354
18.4 4.42355 1.89007
18.6 4.49323 1.91779
18.8 4.56489 1.94667
19 4.6386 1.97664
19.2 4.71438 2.00764
19.4 4.79227 2.03959
19.6 4.87228 2.07243
19.8 4.95442 2.10606
20 5.03872 2.1404
20.2 5.12515 2.17535
20.4 5.21371 2.21081
20.6 5.30438 2.24668
20.8 5.39712 2.28285
21 5.4919 2.3192
21.2 5.58866 2.35563
21.4 5.68735 2.39201
21.6 5.7879 2.42823
21.8 5.89023 2.46417
22 5.99424 2.4997
22.2 6.09985 2.53471
22.4 6.20693 2.56907
22.6 6.31538 2.60267
22.8 6.42505 2.63538
23 6.53583 2.66709
23.2 6.64755 2.69768
23.4 6.76007 2.72706
23.6 6.87322 2.7551
23.8 6.98682 2.78171
24 7.1007 2.80679
24.2 7.21467 2.83026
24.4 7.32854 2.85201
24.6 7.4421 2.87197
24.8 7.55516 2.89008
25 7.66749 2.90625
25.2 7.77889 2.92043
25.4 7.88913 2.93257
25.6 7.99799 2.94263
25.8 8.10526 2.95056
26 8.21069 2.95633
26.2 8.31407 2.95993
26.4 8.41517 2.96134
26.6 8.51376 2.96055
26.8 8.60963 2.95758
27 8.70254 2.95243
27.2 8.79229 2.94511
27.4 8.87865 2.93567
27.6 8.96143 2.92413
27.8 9.04041 2.91054
28 9.11541 2.89494
28.2 9.18624 2.87741
28.4 9.25271 2.85799
28.6 9.31467 2.83677
28.8 9.37196 2.81381
29 9.42442 2.78922
29.2 9.47192 2.76306
29.4 9.51434 2.73545
29.6 9.55156 2.70647
29.8 9.58351 2.67624
30 9.61008 2.64485
30.2 9.63123 2.61242
30.4 9.64688 2.57906
30.6 9.65702 2.54489
30.8 9.66162 2.51001
31 9.66069 2.47456
31.2 9.65422 2.43865
31.4 9.64226 2.4024
31.6 9.62486 2.36592
31.8 9.60208 2.32934
32 9.574 2.29276
32.2 9.54072 2.25631
32.4 9.50236 2.22009
32.6 9.45905 2.18422
32.8 9.41094 2.1488
33 9.35819 2.11392
33.2 9.30099 2.0797
33.4 9.23953 2.04622
33.6 9.17402 2.01358
33.8 9.10468 1.98185
34 9.03174 1.95111
34.2 8.95547 1.92144
34.4 8.8761 1.89291
34.6 8.79393 1.86558
34.8 8.70921 1.83949
35 8.62224 1.81471
35.2 8.53333 1.79127
35.4 8.44275 1.76921
35.6 8.35083 1.74855
35.8 8.25788 1.72934
36 8.16421 1.71157
36.2 8.07013 1.69526
36.4 7.97597 1.68042
36.6 7.88203 1.66704
36.8 7.78864 1.65512
37 7.6961 1.64464
37.2 7.60473 1.63559
37.4 7.51483 1.62794
37.6 7.42669 1.62167
37.8 7.34061 1.61673
38 7.25686 1.6131
38.2 7.17572 1.61073
38.4 7.09744 1.60957
38.6 7.02229 1.60958
38.8 6.95049 1.6107
39 6.88228 1.61288
39.2 6.81785 1.61605
39.4 6.75742 1.62017
39.6 6.70115 1.62517
39.8 6.64921 1.63098
40 6.60175 1.63755
40.2 6.55889 1.64481
40.4 6.52077 1.65269
40.6 6.48746 1.66113
40.8 6.45904 1.67007
41 6.43558 1.67944
41.2 6.41712 1.68919
41.4 6.40367 1.69924
41.6 6.39524 1.70954
41.8 6.39183 1.72004
42 6.39339 1.73068
42.2 6.39988 1.7414
42.4 6.41123 1.75215
42.6 6.42736 1.7629
42.8 6.44817 1.77358
43 6.47355 1.78417
43.2 6.50336 1.79461
43.4 6.53747 1.80488
43.6 6.57571 1.81495
43.8 6.61791 1.82477
44 6.6639 1.83433
44.2 6.71347 1.84361
44.4 6.76643 1.85258
44.6 6.82256 1.86122
44.8 6.88165 1.86953
45 6.94346 1.87749
45.2 7.00776 1.88509
45.4 7.07432 1.89233
45.6 7.14288 1.89921
45.8 7.21322 1.90572
46 7.28507 1.91187
46.2 7.35819 1.91767
46.4 7.43233 1.92311
46.6 7.50724 1.92822
46.8 7.58269 1.93298
47 7.65842 1.93743
47.2 7.73421 1.94156
47.4 7.80981 1.94539
47.6 7.885 1.94893
47.8 7.95956 1.9522
48 8.03328 1.95522
48.2 8.10596 1.95798
48.4 8.17738 1.96052
48.6 8.24738 1.96283
48.8 8.31577 1.96493
49 8.38238 1.96684
49.2 8.44705 1.96856
49.4 8.50965 1.97011
49.6 8.57003 1.97148
49.8 8.62808 1.9727
50 8.68368 1.97375
50.2 8.73673 1.97465
50.4 8.78715 1.97539
50.6 8.83486 1.97598
50.8 8.87979 1.97641
51 8.9219 1.97668
51.2 8.96113 1.97678
51.4 8.99747 1.97671
51.6 9.0309 1.97644
51.8 9.06139 1.97598
52 9.08896 1.9753
52.2 9.11362 1.97439
52.4 9.13539 1.97324
52.6 9.15429 1.97181
52.8 9.17037 1.9701
53 9.18367 1.96807
53.2 9.19424 1.96571
53.4 9.20214 1.96299
53.6 9.20743 1.95988
53.8 9.21019 1.95635
54 9.21048 1.95239
54.2 9.20839 1.94795
54.4 9.204 1.94301
54.6 9.19739 1.93755
54.8 9.18865 1.93153
55 9.17787 1.92492
55.2 9.16513 1.9177
55.4 9.15052 1.90984
55.6 9.13413 1.90132
55.8 9.11606 1.8921
56 9.09638 1.88217
56.2 9.07517 1.8715
56.4 9.05253 1.86006
56.6 9.02854 1.84785
56.8 9.00325 1.83485
57 8.97676 1.82103
57.2 8.94913 1.80639
57.4 8.92042 1.79091
57.6 8.8907 1.77459
57.8 8.86002 1.75743
58 8.82843 1.73941
58.2 8.79599 1.72055
58.4 8.76272 1.70083
58.6 8.72868 1.68028
58.8 8.69388 1.65889
59 8.65837 1.63669
59.2 8.62216 1.61368
59.4 8.58527 1.58988
59.6 8.54772 1.56532
59.8 8.50951 1.54002
60 8.47066 1.514
60.2 8.43115 1.4873
60.4 8.39099 1.45995
60.6 8.35018 1.43198
60.8 8.30871 1.40342
61 8.26656 1.37433
61.2 8.22372 1.34474
61.4 8.18017 1.3147
61.6 8.1359 1.28425
61.8 8.09088 1.25344
62 8.0451 1.22232
62.2 7.99854 1.19094
62.4 7.95117 1.15935
62.6 7.90296 1.12761
62.8 7.85391 1.09577
63 7.80398 1.06389
63.2 7.75316 1.03201
63.4 7.70143 1.0002
63.6 7.64876 0.968509
63.8 7.59515 0.936992
64 7.54058 0.905705
64.2 7.48503 0.874699
64.4 7.4285 0.844029
64.6 7.37098 0.813746
64.8 7.31246 0.783901
65 7.25295 0.754541
65.2 7.19244 0.725716
65.4 7.13094 0.697469
65.6 7.06846 0.669845
65.8 7.00501 0.642884
66 6.9406 0.616626
66.2 6.87525 0.591108
66.4 6.80898 0.566363
66.6 6.74182 0.542423
66.8 6.6738 0.519316
67 6.60494 0.497069
67.2 6.53527 0.475703
67.4 6.46484 0.455239
67.6 6.39368 0.435694
67.8 6.32184 0.417081
68 6.24936 0.399412
68.2 6.17628 0.382693
68.4 6.10265 0.36693
68.6 6.02853 0.352124
68.8 5.95396 0.338273
69 5.879 0.325372
69.2 5.8037 0.313416
69.4 5.72812 0.302392
69.6 5.65231 0.292289
69.8 5.57633 0.28309
70 5.50023 0.274777
70.2 5.42408 0.267329
70.4 5.34792 0.260724
70.6 5.27181 0.254936
70.8 5.19581 0.249938
71 5.11997 0.2457
71.2 5.04434 0.242191
71.4 4.96898 0.239378
71.6 4.89394 0.237228
71.8 4.81925 0.235705
72 4.74498 0.234772
72.2 4.67116 0.234392
72.4 4.59784 0.234526
72.6 4.52505 0.235135
72.8 4.45284 0.236179
73 4.38124 0.237619
73.2 4.31029 0.239416
73.4 4.24002 0.241527
73.6 4.17044 0.243916
73.8 4.1016 0.24654
74 4.03352 0.249363
74.2 3.96621 0.252345
74.4 3.89969 0.25545
74.6 3.83399 0.25864
74.8 3.76912 0.261881
75 3.70508 0.265137
75.2 3.64189 0.268376
75.4 3.57956 0.271567
75.6 3.51809 0.274678
75.8 3.45748 0.277683
76 3.39775 0.280553
76.2 3.33888 0.283263
76.4 3.28088 0.285791
76.6 3.22375 0.288114
76.8 3.16748 0.290214
77 3.11207 0.292071
77.2 3.05751 0.293671
77.4 3.0038 0.295
77.6 2.95093 0.296046
77.8 2.8989 0.296798
78 2.84769 0.297249
78.2 2.7973 0.297393
78.4 2.74771 0.297226
78.6 2.69894 0.296745
78.8 2.65096 0.295949
79 2.60376 0.294841
79.2 2.55735 0.293423
79.4 2.51171 0.291699
79.6 2.46684 0.289676
79.8 2.42274 0.287362
80 2.3794 0.284765
80.2 2.33681 0.281895
80.4 2.29497 0.278765
80.6 2.25389 0.275387
80.8 2.21356 0.271775
81 2.17399 0.267943
81.2 2.13516 0.263907
81.4 2.09709 0.259683
81.6 2.05978 0.255288
81.8 2.02324 0.25074
82 1.98746 0.246055
82.2 1.95246 0.241252
82.4 1.91824 0.23635
82.6 1.88482 0.231367
82.8 1.85219 0.22632
83 1.82037 0.221229
83.2 1.78938 0.216111
83.4 1.75921 0.210985
83.6 1.72989 0.205867
83.8 1.70143 0.200775
84 1.67383 0.195725
84.2 1.64712 0.190733
84.4 1.6213 0.185814
84.6 1.59638 0.180983
84.8 1.57239 0.176253
85 1.54934 0.171638
85.2 1.52722 0.167148
85.4 1.50607 0.162795
85.6 1.48589 0.158589
85.8 1.46669 0.154539
86 1.44849 0.150653
86.2 1.43129 0.146937
86.4 1.4151 0.143398
86.6 1.39993 0.140041
86.8 1.38579 0.136869
87 1.37268 0.133884
87.2 1.36061 0.131089
87.4 1.34958 0.128484
87.6 1.3396 0.126069
87.8 1.33066 0.123841
88 1.32276 0.121799
88.2 1.3159 0.11994
88.4 1.31007 0.118259
88.6 1.30527 0.116751
88.8 1.30149 0.11541
89 1.29873 0.114231
89.2 1.29696 0.113204
89.4 1.29617 0.112324
89.6 1.29635 0.111581
89.8 1.29749 0.110966
90 1.29955 0.110469
90.2 1.30252 0.110082
90.4 1.30638 0.109794
90.6 1.31109 0.109594
90.8 1.31664 0.109472
91 1.32299 0.109417
91.2 1.33011 0.109418
91.4 1.33797 0.109465
91.6 1.34653 0.109546
91.8 1.35576 0.109652
92 1.36561 0.109771
92.2 1.37605 0.109893
92.4 1.38703 0.110008
92.6 1.39852 0.110107
92.8 1.41047 0.11018
93 1.42282 0.110219
93.2 1.43555 0.110214
93.4 1.44859 0.110159
93.6 1.46189 0.110045
93.8 1.47542 0.109866
94 1.48911 0.109615
94.2 1.50292 0.109288
94.4 1.51679 0.108879
94.6 1.53068 0.108383
94.8 1.54452 0.107797
95 1.55827 0.107119
95.2 1.57188 0.106345
95.4 1.58528 0.105475
95.6 1.59844 0.104506
95.8 1.61129 0.103439
96 1.62378 0.102275
96.2 1.63587 0.101014
96.4 1.64751 0.099657
96.6 1.65864 0.0982072
96.8 1.66921 0.0966671
97 1.67919 0.0950398
97.2 1.68852 0.0933293
97.4 1.69716 0.0915397
97.6 1.70507 0.0896759
97.8 1.71221 0.0877428
98 1.71853 0.0857462
98.2 1.72401 0.0836916
98.4 1.7286 0.0815854
98.6 1.73227 0.0794337
98.8 1.73499 0.0772433
99 1.73673 0.0750209
99.2 1.73748 0.0727733
99.4 1.73719 0.0705074
99.6 1.73586 0.0682303
99.8 1.73346 0.0659488
100 1.72998 0.06367
100.2 1.7254 0.0614006
100.4 1.71972 0.0591474
100.6 1.71292 0.0569169
100.8 1.70501 0.0547155
101 1.69597 0.0525493
101.2 1.68582 0.0504241
101.4 1.67456 0.0483455
101.6 1.66218 0.0463189
101.8 1.64871 0.044349
102 1.63415 0.0424405
102.2 1.61852 0.0405975
102.4 1.60184 0.0388238
102.6 1.58413 0.0371227
102.8 1.5654 0.0354972
103 1.54569 0.0339497
103.2 1.52503 0.0324824
103.4 1.50344 0.0310967
103.6 1.48096 0.029794
103.8 1.45762 0.0285749
104 1.43345 0.0274397
104.2 1.40851 0.0263882
104.4 1.38282 0.02542
104.6 1.35643 0.0245341
104.8 1.32938 0.0237291
105 1.30172 0.0230033
105.2 1.2735 0.0223546
105.4 1.24475 0.0217807
105.6 1.21554 0.0212787
105.8 1.18591 0.0208456
106 1.1559 0.0204782
106.2 1.12557 0.020173
106.4 1.09497 0.0199261
106.6 1.06416 0.0197337
106.8 1.03317 0.0195917
107 1.00206 0.0194959
107.2 0.97088 0.0194418
107.4 0.939683 0.0194252
107.6 0.908515 0.0194415
107.8 0.877426 0.0194863
108 0.846461 0.0195551
108.2 0.815669 0.0196436
108.4 0.785093 0.0197472
108.6 0.754778 0.0198618
108.8 0.724768 0.0199831
109 0.695102 0.0201072
109.2 0.66582 0.02023
109.4 0.63696 0.0203478
109.6 0.608559 0.0204572
109.8 0.580649 0.0205547
110 0.553264 0.0206372
110.2 0.526434 0.0207019
110.4 0.500186 0.020746
110.6 0.474546 0.0207671
110.8 0.449539 0.0207632
111 0.425186 0.0207322
111.2 0.401507 0.0206726
111.4 0.378518 0.0205831
111.6 0.356235 0.0204625
111.8 0.334671 0.0203099
112 0.313835 0.020125
112.2 0.293737 0.0199072
112.4 0.274383 0.0196566
112.6 0.255776 0.0193734
112.8 0.23792 0.019058
113 0.220813 0.0187109
113.2 0.204455 0.0183332
113.4 0.188841 0.0179257
113.6 0.173966 0.0174898
113.8 0.159823 0.0170269
114 0.146402 0.0165384
114.2 0.133693 0.0160262
114.4 0.121684 0.0154919
114.6 0.110362 0.0149376
114.8 0.0997111 0.0143651
115 0.0897164 0.0137767
115.2 0.0803606 0.0131743
115.4 0.0716256 0.0125602
115.6 0.0634925 0.0119366
115.8 0.0559417 0.0113056
116 0.0489527 0.0106695
116.2 0.0425045 0.0100303
116.4 0.0365756 0.00939018
116.6 0.0311443 0.00875122
116.8 0.0261883 0.00811539
117 0.0216853 0.00748461
117.2 0.0176128 0.00686071
117.4 0.0139485 0.00624542
117.6 0.0106698 0.00564037
117.8 0.0077545 0.00504706
118 0.00518068 0.0044669
118.2 0.00292658 0.00390115
118.4 0.0009709 0.00335096
118.6 -0.000707255 0.00281735
118.8 -0.00212826 0.00230118
119 -0.00331194 0.00180323
119.2 -0.00427751 0.0013241
119.4 -0.00504352 0.000864299
119.6 -0.00562784 0.000424183
119.8 -0.0060476 4.00262e-06
120 -0.00631918 -0.000396113
120.2 -0.00645815 -0.000776145
120.4 -0.00647931 -0.00113618
120.6 -0.00639659 -0.00147639
120.8 -0.00622314 -0.00179706
121 -0.00597122 -0.00209853
121.2 -0.00565227 -0.00238122
121.4 -0.0052769 -0.00264561
121.6 -0.00485485 -0.00289225
121.8 -0.00439508 -0.0031217
122 -0.0039057 -0.00333457
122.2 -0.00339404 -0.00353149
122.4 -0.00286666 -0.00371311
122.6 -0.00232937 -0.00388006
122.8 -0.00178722 -0.00403298
123 -0.0012446 -0.00417249
123.2 -0.000705221 -0.00429917
123.4 -0.000172137 -0.00441359
123.6 0.000352187 -0.00451625
123.8 0.000865861 -0.00460763
124 0.00136753 -0.00468811
124.2 0.00185635 -0.00475806
124.4 0.00233191 -0.00481773
124.6 0.00279426 -0.00486735
124.8 0.00324382 -0.00490703
125 0.00368136 -0.00493682
125.2 0.00410796 -0.0049567
125.4 0.00452499 -0.00496654
125.6 0.00493407 -0.00496617
125.8 0.005337 -0.0049553
126 0.00573577 -0.0049336
126.2 0.0061325 -0.00490063
126.4 0.00652944 -0.0048559
126.6 0.00692889 -0.00479886
126.8 0.00733323 -0.00472888
127 0.00774483 -0.0046453
127.2 0.00816609 -0.00454739
127.4 0.00859934 -0.0044344
127.6 0.0090469 -0.00430553
127.8 0.00951101 -0.00415999
128 0.0099938 -0.00399694
128.2 0.0104973 -0.00381558
128.4 0.0110235 -0.00361509
128.6 0.011574 -0.00339469
128.8 0.0121507 -0.0031536
129 0.0127548 -0.00289113
129.2 0.0133878 -0.00260662
129.4 0.0140507 -0.00229946
129.6 0.0147446 -0.00196914
129.8 0.0154702 -0.00161525
130 0.0162281 -0.00123744
130.2 0.0170188 -0.00083551
130.4 0.0178424 -0.000409358
130.6 0.0186989 4.09798e-05
130.8 0.0195884 0.000515328
131 0.0205105 0.00101336
131.2 0.0214646 0.00153461
131.4 0.0224503 0.00207841
131.6 0.0234667 0.00264397
131.8 0.0245129 0.00323029
132 0.0255879 0.0038362
132.2 0.0266904 0.00446036
132.4 0.0278193 0.00510122
132.6 0.0289732 0.00575706
132.8 0.0301506 0.00642597
133 0.03135 0.00710584
133.2 0.0325698 0.0077944
133.4 0.0338083 0.00848918
133.6 0.035064 0.00918753
133.8 0.0363352 0.00988664
134 0.0376201 0.0105835
134.2 0.0389173 0.011275
134.4 0.0402249 0.0119579
134.6 0.0415416 0.0126287
134.8 0.0428657 0.0132839
135 0.0441959 0.0139198
135.2 0.0455309 0.0145326
135.4 0.0468694 0.0151185
135.6 0.0482103 0.0156735
135.8 0.0495526 0.0161937
136 0.0508957 0.016675
136.2 0.0522388 0.0171134
136.4 0.0535814 0.0175049
136.6 0.0549234 0.0178454
136.8 0.0562645 0.0181308
137 0.0576051 0.0183574
137.2 0.0589454 0.0185211
137.4 0.060286 0.0186183
137.6 0.0616278 0.0186452
137.8 0.0629719 0.0185985
138 0.0643195 0.0184746
138.2 0.0656724 0.0182704
138.4 0.0670322 0.0179831
138.6 0.0684012 0.0176097
138.8 0.0697817 0.0171479
139 0.0711764 0.0165953
139.2 0.0725881 0.01595
139.4 0.0740201 0.0152103
139.6 0.0754756 0.0143749
139.8 0.0769585 0.0134427
140 0.0784725 0.0124131
140.2 0.0800219 0.0112858
140.4 0.0816109 0.0100609
140.6 0.0832441 0.00873874
140.8 0.0849263 0.00732027
141 0.0866623 0.00580675
141.2 0.0884573 0.00419988
141.4 0.0903165 0.00250177
141.6 0.0922452 0.000714972
141.8 0.0942488 -0.00115752
142 0.0963329 -0.00311229
142.2 0.0985031 -0.00514548
142.4 0.100765 -0.00725277
142.6 0.103124 -0.00942946
142.8 0.105586 -0.0116704
143 0.108156 -0.0139699
143.2 0.11084 -0.0163221
143.4 0.113643 -0.0187206
143.6 0.11657 -0.0211586
143.8 0.119627 -0.0236288
144 0.122818 -0.0261239
144.2 0.126147 -0.028636
144.4 0.129619 -0.0311568
144.6 0.133239 -0.0336779
144.8 0.137009 -0.0361906
145 0.140933 -0.0386858
145.2 0.145014 -0.0411544
145.4 0.149255 -0.0435869
145.6 0.153657 -0.0459736
145.8 0.158223 -0.048305
146 0.162954 -0.0505711
146.2 0.16785 -0.052762
146.4 0.172911 -0.0548678
146.6 0.178137 -0.0568786
146.8 0.183528 -0.0587843
147 0.189082 -0.0605753
147.2 0.194796 -0.0622416
147.4 0.200668 -0.0637738
147.6 0.206695 -0.0651623
147.8 0.212873 -0.0663981
148 0.219198 -0.067472
148.2 0.225665 -0.0683755
148.4 0.232268 -0.0691003
148.6 0.239 -0.0696382
148.8 0.245856 -0.0699819
149 0.252828 -0.0701241
149.2 0.259908 -0.0700581
149.4 0.267088 -0.0697779
149.6 0.274359 -0.0692777
149.8 0.281712 -0.0685524
150 0.289136 -0.0675978
150.2 0.296623 -0.0664097
150.4 0.304161 -0.0649851
150.6 0.311739 -0.0633214
150.8 0.319347 -0.0614166
151 0.326973 -0.0592698
151.2 0.334605 -0.0568803
151.4 0.342231 -0.0542486
151.6 0.34984 -0.0513756
151.8 0.357419 -0.0482632
152 0.364956 -0.0449139
152.2 0.372439 -0.0413311
152.4 0.379856 -0.0375188
152.6 0.387195 -0.0334819
152.8 0.394443 -0.029226
153 0.40159 -0.0247576
153.2 0.408623 -0.0200836
153.4 0.415531 -0.0152119
153.6 0.422303 -0.0101511
153.8 0.428929 -0.0049103
154 0.435398 0.000500499
154.2 0.441701 0.00607081
154.4 0.447827 0.0117895
154.6 0.453769 0.0176448
154.8 0.459517 0.0236245
155 0.465064 0.0297159
155.2 0.470403 0.0359055
155.4 0.475526 0.0421798
155.6 0.480429 0.0485247
155.8 0.485104 0.0549257
156 0.489549 0.0613681
156.2 0.493757 0.067837
156.4 0.497727 0.074317
156.6 0.501455 0.0807928
156.8 0.504939 0.087249
157 0.508177 0.09367
157.2 0.511169 0.10004
157.4 0.513915 0.106344
157.6 0.516414 0.112567
157.8 0.518669 0.118693
158 0.520681 0.124707
158.2 0.522451 0.130594
158.4 0.523983 0.13634
158.6 0.52528 0.141931
158.8 0.526346 0.147353
159 0.527185 0.152593
159.2 0.527802 0.157637
159.4 0.528201 0.162475
159.6 0.528389 0.167093
159.8 0.52837 0.171482
160 0.528151 0.17563
160.2 0.527738 0.179529
160.4 0.527138 0.183169
160.6 0.526356 0.186541
160.8 0.5254 0.189639
161 0.524276 0.192456
161.2 0.522991 0.194986
161.4 0.521552 0.197224
161.6 0.519964 0.199167
161.8 0.518236 0.20081
162 0.516372 0.202153
162.2 0.514379 0.203192
162.4 0.512264 0.203928
162.6 0.510032 0.204361
162.8 0.507687 0.204493
163 0.505237 0.204325
163.2 0.502685 0.20386
163.4 0.500036 0.203102
163.6 0.497294 0.202056
163.8 0.494464 0.200728
164 0.491547 0.199122
164.2 0.488549 0.197247
164.4 0.48547 0.19511
164.6 0.482314 0.192719
164.8 0.479083 0.190083
165 0.475777 0.187212
165.2 0.472398 0.184116
165.4 0.468947 0.180805
165.6 0.465424 0.177291
165.8 0.461829 0.173586
166 0.458162 0.169702
166.2 0.454422 0.16565
166.4 0.450608 0.161443
166.6 0.446719 0.157095
166.8 0.442755 0.152619
167 0.438712 0.148027
167.2 0.43459 0.143333
167.4 0.430386 0.138551
167.6 0.426099 0.133694
167.8 0.421727 0.128775
168 0.417267 0.123808
168.2 0.412718 0.118806
168.4 0.408077 0.113782
168.6 0.403342 0.108748
168.8 0.398512 0.103718
169 0.393585 0.0987027
169.2 0.388559 0.0937147
169.4 0.383433 0.0887654
169.6 0.378206 0.0838659
169.8 0.372876 0.0790267
170 0.367445 0.074258
170.2 0.36191 0.0695695
170.4 0.356273 0.0649703
170.6 0.350533 0.060469
170.8 0.344692 0.0560735
171 0.338751 0.0517913
171.2 0.332711 0.0476294
171.4 0.326575 0.0435938
171.6 0.320346 0.0396903
171.8 0.314025 0.0359238
172 0.307617 0.0322988
172.2 0.301125 0.028819
172.4 0.294554 0.0254877
172.6 0.287909 0.0223072
172.8 0.281194 0.0192797
173 0.274415 0.0164064
173.2 0.267578 0.0136882
173.4 0.260689 0.0111253
173.6 0.253755 0.0087174
173.8 0.246784 0.00646359
174 0.239782 0.00436255
174.2 0.232757 0.00241246
174.4 0.225716 0.000611022
174.6 0.218669 -0.00104449
174.8 0.211623 -0.00255721
175 0.204587 -0.00393064
175.2 0.197569 -0.00516865
175.4 0.190578 -0.00627543
175.6 0.183623 -0.00725544
175.8 0.176713 -0.00811343
176 0.169856 -0.00885437
176.2 0.163061 -0.00948343
176.4 0.156337 -0.010006
176.6 0.149692 -0.0104274
176.8 0.143134 -0.0107535
177 0.136672 -0.0109897
177.2 0.130314 -0.011142
177.4 0.124067 -0.0112159
177.6 0.117938 -0.0112174
177.8 0.111936 -0.011152
178 0.106065 -0.0110256
178.2 0.100333 -0.0108436
178.4 0.094746 -0.0106117
178.6 0.0893088 -0.0103352
178.8 0.0840267 -0.0100194
179 0.0789042 -0.00966931
179.2 0.0739455 -0.00928993
179.4 0.0691542 -0.00888598
179.6 0.0645334 -0.008462
179.8 0.0600857 -0.00802231
180 0.0558132 -0.00757103
180.2 0.0517175 -0.00711202
180.4 0.0477996 -0.00664891
180.6 0.04406 -0.00618511
180.8 0.0404989 -0.00572374
181 0.0371158 -0.0052677
181.2 0.0339097 -0.00481964
181.4 0.0308791 -0.00438193
181.6 0.0280221 -0.00395674
181.8 0.0253365 -0.00354594
182 0.0228193 -0.0031512
182.2 0.0204675 -0.00277393
182.4 0.0182774 -0.00241532
182.6 0.0162451 -0.00207634
182.8 0.0143663 -0.00175775
183 0.0126362 -0.00146009
183.2 0.0110502 -0.00118371
183.4 0.0096029 -0.000928797
183.6 0.00828897 -0.000695341
183.8 0.0071028 -0.000483182
184 0.0060386 -0.000292011
184.2 0.00509043 -0.000121379
184.4 0.00425223 2.92829e-05
184.6 0.00351787 0.000160659
184.8 0.00288115 0.00027353
185 0.00233583 0.000368765
185.2 0.00187568 0.000447306
185.4 0.00149449 0.000510158
185.6 0.0011861 0.000558376
185.8 0.000944421 0.000593052
186 0.00076348 0.000615309
186.2 0.000637415 0.000626283
186.4 0.000560511 0.00062712
186.6 0.000527219 0.000618961
186.8 0.000532176 0.000602937
187 0.000570219 0.000580156
187.2 0.0006364 0.000551702
187.4 0.000726003 0.000518621
187.6 0.000834556 0.000481918
187.8 0.000957839 0.000442552
188 0.00109189 0.000401429
188.2 0.00123303 0.000359399
188.4 0.00137783 0.000317251
188.6 0.00152316 0.000275714
188.8 0.00166616 0.000235449
189 0.00180425 0.000197053
189.2 0.00193513 0.000161052
189.4 0.00205678 0.000127909
189.6 0.00216743 9.8015e-05
189.8 0.0022656 7.16972e-05
190 0.00235005 4.92163e-05
190.2 0.0024198 3.07698e-05
190.4 0.00247411 1.64935e-05
190.6 0.00251247 6.46501e-06
190.8 0.00253457 7.06081e-07
191 0.00254033 -8.13808e-07
191.2 0.00252986 1.82608e-06
191.4 0.00250343 8.50157e-06
191.6 0.00246149 1.90475e-05
191.8 0.00240465 3.32621e-05
192 0.00233364 5.09109e-05
192.2 0.00224931 7.17311e-05
192.4 0.00215263 9.54363e-05
192.6 0.00204466 0.00012172
192.8 0.00192652 0.000150261
193 0.00179941 0.000180726
193.2 0.00166457 0.000212775
193.4 0.00152326 0.000246064
193.6 0.00137679 0.000280252
193.8 0.00122645 0.000314997
194 0.00107354 0.00034997
194.2 0.000919336 0.000384848
194.4 0.000765083 0.000419322
194.6 0.000611995 0.000453099
194.8 0.000461234 0.000485905
195 0.000313907 0.000517483
195.2 0.000171055 0.000547599
195.4 3.36501e-05 0.000576043
195.6 -9.74138e-05 0.000602627
195.8 -0.000221324 0.000627187
196 -0.000337354 0.000649588
196.2 -0.000444868 0.000669715
196.4 -0.000543319 0.000687484
196.6 -0.000632254 0.000702832
196.8 -0.000711316 0.000715722
197 -0.000780239 0.000726141
197.2 -0.00083885 0.0007341
197.4 -0.000887067 0.00073963
197.6 -0.000924897 0.000742783
197.8 -0.000952432 0.00074363
198 -0.000969847 0.000742261
198.2 -0.000977391 0.000738779
198.4 -0.000975392 0.000733305
198.6 -0.000964239 0.000725967
198.8 -0.00094439 0.000716908
199 -0.000916354 0.000706277
199.2 -0.000880695 0.00069423
199.4 -0.000838018 0.000680927
199.6 -0.000788968 0.000666532
199.8 -0.00073422 0.000651209
200 -0.000674475 0.00063512
