[LOG] Writing to <PATH_TO_DATA>/qe_jobs/nep_training/NEMD/0217/post/210-300k/20+10/shc/300k/results/spec_thermal_multi_20260409_104120.log
[INFO] Root directory: <PATH_TO_DATA>/qe_jobs/nep_training/NEMD/0217/post/210-300k/20+10/shc/300k
[INFO] Results directory: <PATH_TO_DATA>/qe_jobs/nep_training/NEMD/0217/post/210-300k/20+10/shc/300k/results
[INFO] Groups to process: [3, 4, 5]

===== Processing group 3 in <PATH_TO_DATA>/qe_jobs/nep_training/NEMD/0217/post/210-300k/20+10/shc/300k/shc_g3 =====
Steady-state group temperatures (K):
  g1: 298.437881
  g2: 309.919547
  g3: 303.307031
  g4: 308.630719
  g5: 306.414512
  g6: 296.566134
  g7: 290.064803
DeltaT = <Tg2> - <Tg6> = 13.353412 K
SHC group 3 x-range (Å): 56.623 -> 64.786 (center ~ 60.704)
Area = 1373.931352 Å^2
Omega points = 4000
[ERROR] Failed for group 3: name 'G_like_A_MW' is not defined

===== Processing group 4 in <PATH_TO_DATA>/qe_jobs/nep_training/NEMD/0217/post/210-300k/20+10/shc/300k/shc_g4 =====
Steady-state group temperatures (K):
  g1: 298.493612
  g2: 309.868653
  g3: 302.973519
  g4: 308.071797
  g5: 305.720106
  g6: 296.900991
  g7: 290.110397
DeltaT = <Tg2> - <Tg6> = 12.967663 K
SHC group 4 x-range (Å): 101.861 -> 110.392 (center ~ 105.821)
Area = 1373.931352 Å^2
Omega points = 4000
[ERROR] Failed for group 4: name 'G_like_A_MW' is not defined

===== Processing group 5 in <PATH_TO_DATA>/qe_jobs/nep_training/NEMD/0217/post/210-300k/20+10/shc/300k/shc_g5 =====
Steady-state group temperatures (K):
  g1: 298.404641
  g2: 309.909950
  g3: 303.241681
  g4: 308.447566
  g5: 306.246506
  g6: 297.024309
  g7: 290.154584
DeltaT = <Tg2> - <Tg6> = 12.885641 K
SHC group 5 x-range (Å): 142.229 -> 151.640 (center ~ 147.012)
Area = 1373.931352 Å^2
Omega points = 4000
[ERROR] Failed for group 5: name 'G_like_A_MW' is not defined
Traceback (most recent call last):
  File "<PATH_TO_DATA>/qe_jobs/nep_training/NEMD/0217/post/210-300k/20+10/shc/300k/spec_all.py", line 474, in <module>
    main()
    ~~~~^^
  File "<PATH_TO_DATA>/qe_jobs/nep_training/NEMD/0217/post/210-300k/20+10/shc/300k/spec_all.py", line 448, in main
    raise RuntimeError("No valid SHC group was processed successfully.")
RuntimeError: No valid SHC group was processed successfully.
