Preparing 10 NEW job directories...
Existing max job index: 0
Creating jobs: job_01 .. job_10
Job directory preparation done.
Scheduling 10 NEW job directories:
  job_01
  job_02
  job_03
  job_04
  job_05
  job_06
  job_07
  job_08
  job_09
  job_10
Launching 10 jobs on GPUs: 2 3
(Ignoring external GPU usage)
Launched job_01 on GPU 2 (PID 1032539)
GPU 2: starting job_01
Launched job_02 on GPU 3 (PID 1032540)
GPU 3: starting job_02
GPU 2: job_01 finished
GPU 2: internal job PID 1032539 finished.
Launched job_03 on GPU 2 (PID 1033832)
GPU 2: starting job_03
GPU 3: job_02 finished
GPU 3: internal job PID 1032540 finished.
Launched job_04 on GPU 3 (PID 1033989)
GPU 3: starting job_04
GPU 2: job_03 finished
GPU 2: internal job PID 1033832 finished.
Launched job_05 on GPU 2 (PID 1035051)
GPU 2: starting job_05
GPU 3: job_04 finished
GPU 3: internal job PID 1033989 finished.
Launched job_06 on GPU 3 (PID 1035214)
GPU 3: starting job_06
GPU 2: job_05 finished
GPU 2: internal job PID 1035051 finished.
Launched job_07 on GPU 2 (PID 1036406)
GPU 2: starting job_07
GPU 3: job_06 finished
GPU 3: internal job PID 1035214 finished.
Launched job_08 on GPU 3 (PID 1036592)
GPU 3: starting job_08
GPU 2: job_07 finished
GPU 2: internal job PID 1036406 finished.
Launched job_09 on GPU 2 (PID 1040584)
GPU 2: starting job_09
GPU 3: job_08 finished
GPU 3: internal job PID 1036592 finished.
Launched job_10 on GPU 3 (PID 1040910)
GPU 3: starting job_10
GPU 2: job_09 finished
GPU 2: internal job PID 1040584 finished.
GPU 3: job_10 finished
GPU 3: internal job PID 1040910 finished.
All jobs finished.
