Preparing 10 NEW job directories...
Existing max job index: 0
Creating jobs: job_01 .. job_10
Job directory preparation done.
Scheduling 10 NEW job directories:
  job_01
  job_02
  job_03
  job_04
  job_05
  job_06
  job_07
  job_08
  job_09
  job_10
Launching 10 jobs on GPUs: 0 1
(Ignoring external GPU usage)
Launched job_01 on GPU 0 (PID 1032309)
GPU 0: starting job_01
Launched job_02 on GPU 1 (PID 1032311)
GPU 1: starting job_02
GPU 0: job_01 finished
GPU 0: internal job PID 1032309 finished.
Launched job_03 on GPU 0 (PID 1033846)
GPU 0: starting job_03
GPU 1: job_02 finished
GPU 1: internal job PID 1032311 finished.
Launched job_04 on GPU 1 (PID 1033998)
GPU 1: starting job_04
GPU 0: job_03 finished
GPU 0: internal job PID 1033846 finished.
Launched job_05 on GPU 0 (PID 1035203)
GPU 0: starting job_05
GPU 1: job_04 finished
GPU 1: internal job PID 1033998 finished.
Launched job_06 on GPU 1 (PID 1035431)
GPU 1: starting job_06
GPU 0: job_05 finished
GPU 0: internal job PID 1035203 finished.
Launched job_07 on GPU 0 (PID 1036576)
GPU 0: starting job_07
GPU 1: job_06 finished
GPU 1: internal job PID 1035431 finished.
Launched job_08 on GPU 1 (PID 1036741)
GPU 1: starting job_08
GPU 0: job_07 finished
GPU 0: internal job PID 1036576 finished.
Launched job_09 on GPU 0 (PID 1040884)
GPU 0: starting job_09
GPU 1: job_08 finished
GPU 1: internal job PID 1036741 finished.
Launched job_10 on GPU 1 (PID 1041059)
GPU 1: starting job_10
GPU 0: job_09 finished
GPU 0: internal job PID 1040884 finished.
GPU 1: job_10 finished
GPU 1: internal job PID 1041059 finished.
All jobs finished.
