[INFO] Current path   : <PATH_TO_DATA>/qe_jobs/nep_training/NEMD/0217/post/100-300k/9/shc
[INFO] Results folder : <PATH_TO_DATA>/qe_jobs/nep_training/NEMD/0217/post/100-300k/9/shc/results_orien
[INFO] Temperature paths:
  100 -> <PATH_TO_DATA>/qe_jobs/nep_training/NEMD/0217/post/100-300k/9/shc/fix
  -201 -> <PATH_TO_DATA>/qe_jobs/nep_training/NEMD/0217/post/210-300k/20+10/shc/300k

===== Processing group 3 across temperatures =====
[OK] g3 100: dT=12.758519 K, area=1279.291162 Ų, x=(51.184,59.367)
[OK] g3 -201: dT=13.353412 K, area=1373.931352 Ų, x=(56.623,64.786)

===== Processing group 4 across temperatures =====
[OK] g4 100: dT=13.341644 K, area=1279.291162 Ų, x=(91.466,100.425)
[OK] g4 -201: dT=12.967663 K, area=1373.931352 Ų, x=(101.861,110.392)

===== Processing group 5 across temperatures =====
[OK] g5 100: dT=12.845331 K, area=1279.291162 Ų, x=(139.182,148.137)
[OK] g5 -201: dT=12.885641 K, area=1373.931352 Ų, x=(142.229,151.640)

Saved figures:
  group_3_Jsum_vs_temperature.png
  group_3_Glike_vs_temperature.png
  group_3_GlikeCum_vs_temperature.png
  group_4_Jsum_vs_temperature.png
  group_4_Glike_vs_temperature.png
  group_4_GlikeCum_vs_temperature.png
  group_5_Jsum_vs_temperature.png
  group_5_Glike_vs_temperature.png
  group_5_GlikeCum_vs_temperature.png

Saved text outputs:
  summary_by_group_and_temperature.txt
  group_<gid>_<temp>_spectral_data.txt
  log: <PATH_TO_DATA>/qe_jobs/nep_training/NEMD/0217/post/100-300k/9/shc/results_orien/compare_temp_by_group_20260406_112950.log
