[LOG] Writing to <PATH_TO_DATA>/qe_jobs/nep_training/NEMD/0217/post/100-300k/9/shc/fix/results/spec_thermal_multi_20260409_113114.log
[INFO] Root directory: <PATH_TO_DATA>/qe_jobs/nep_training/NEMD/0217/post/100-300k/9/shc/fix
[INFO] Results directory: <PATH_TO_DATA>/qe_jobs/nep_training/NEMD/0217/post/100-300k/9/shc/fix/results
[INFO] Groups to process: [3, 4, 5]

===== Processing group 3 in <PATH_TO_DATA>/qe_jobs/nep_training/NEMD/0217/post/100-300k/9/shc/fix/shc_g3 =====
Steady-state group temperatures (K):
  g1: 0.000000
  g2: 309.909463
  g3: 302.315713
  g4: 308.835206
  g5: 306.511025
  g6: 297.150944
  g7: 290.078275
DeltaT = <Tg2> - <Tg6> = 12.758519 K

===== Processing group 4 in <PATH_TO_DATA>/qe_jobs/nep_training/NEMD/0217/post/100-300k/9/shc/fix/shc_g4 =====
Steady-state group temperatures (K):
  g1: 0.000000
  g2: 309.911369
  g3: 302.287938
  g4: 308.615187
  g5: 306.667794
  g6: 296.569725
  g7: 290.045031
DeltaT = <Tg2> - <Tg6> = 13.341644 K

===== Processing group 5 in <PATH_TO_DATA>/qe_jobs/nep_training/NEMD/0217/post/100-300k/9/shc/fix/shc_g5 =====
Steady-state group temperatures (K):
  g1: 0.000000
  g2: 309.918062
  g3: 302.459513
  g4: 309.127200
  g5: 306.977313
  g6: 297.072731
  g7: 290.099200
DeltaT = <Tg2> - <Tg6> = 12.845331 K

Saved per-group figures:
  group_3_shc_Jsum_S71.png
  group_3_shc_Glike_S71.png
  group_3_shc_Glike_cum_S71.png
  group_3_summary.txt
  group_3_spectral_data.txt
  group_4_shc_Jsum_S71.png
  group_4_shc_Glike_S71.png
  group_4_shc_Glike_cum_S71.png
  group_4_summary.txt
  group_4_spectral_data.txt
  group_5_shc_Jsum_S71.png
  group_5_shc_Glike_S71.png
  group_5_shc_Glike_cum_S71.png
  group_5_summary.txt
  group_5_spectral_data.txt

Saved combined figures:
  combined_shc_Jsum_S71.png
  combined_shc_Glike_S71.png
  combined_shc_Glike_cum_S71.png
  combined_group_summary.txt
