-0.498 -0.0106117 0.00334962
-0.496 0.0290966 -0.00791519
-0.494 0.227517 -0.0668276
-0.492 0.666734 -0.196274
-0.49 1.37 -0.395133
-0.488 2.27766 -0.628113
-0.486 3.23749 -0.822348
-0.484 4.01365 -0.87282
-0.482 4.31527 -0.657202
-0.48 3.84263 -0.0590282
-0.478 2.34523 1.00362
-0.476 -0.316758 2.54815
-0.474 -4.1176 4.50145
-0.472 -8.82821 6.68327
-0.47 -14.004 8.80399
-0.468 -19.0046 10.4803
-0.466 -23.0462 11.2698
-0.464 -25.2859 10.724
-0.462 -24.9278 8.45408
-0.46 -21.3428 4.20319
-0.458 -14.1858 -2.08498
-0.456 -3.49593 -10.2116
-0.454 10.2363 -19.6928
-0.452 26.0483 -29.7632
-0.45 42.5417 -39.4177
-0.448 57.9799 -47.4926
-0.446 70.443 -52.7803
-0.444 78.0309 -54.1685
-0.442 79.0929 -50.7866
-0.44 72.4594 -42.1452
-0.438 57.645 -28.2456
-0.436 34.9938 -9.64728
-0.434 5.74147 12.5233
-0.432 -28.021 36.6261
-0.43 -63.4868 60.6243
-0.428 -97.3671 82.2571
-0.426 -126.199 99.2531
-0.424 -146.695 109.567
-0.422 -156.103 111.612
-0.42 -152.536 104.474
-0.418 -135.234 88.0677
-0.416 -104.735 63.2257
-0.414 -62.93 31.6995
-0.412 -12.9748 -3.93986
-0.41 40.9198 -40.4985
-0.408 93.8341 -74.4446
-0.406 140.586 -102.258
-0.404 176.246 -120.809
-0.402 196.669 -127.731
-0.4 198.989 -121.729
-0.398 182.01 -102.799
-0.396 146.447 -72.31
-0.394 94.9649 -32.9436
-0.392 32.0112 11.5185
-0.39 -36.557 56.5357
-0.388 -104.019 97.2461
-0.386 -163.447 128.956
-0.384 -208.409 147.632
-0.382 -233.64 150.345
-0.38 -235.611 135.63
-0.378 -212.949 103.714
-0.376 -166.652 56.6061
-0.374 -100.096 -1.98677
-0.372 -18.8164 -66.9009
-0.37 69.9213 -131.92
-0.368 157.724 -190.31
-0.366 235.819 -235.459
-0.364 295.876 -261.548
-0.362 330.847 -264.21
-0.36 335.724 -241.087
-0.358 308.154 -192.22
-0.356 248.814 -120.214
-0.354 161.507 -30.1443
-0.352 52.9371 70.8034
-0.35 -67.8191 173.927
-0.348 -190.101 269.776
-0.346 -302.636 349.02
-0.344 -394.584 403.317
-0.342 -456.566 426.109
-0.34 -481.544 413.263
-0.338 -465.505 363.516
-0.336 -407.867 278.677
-0.334 -311.594 163.599
-0.332 -183.02 25.91
-0.33 -31.4012 -124.478
-0.328 131.763 -276.055
-0.326 293.602 -416.555
-0.324 440.864 -533.915
-0.322 560.979 -617.274
-0.32 643.104 -657.944
-0.318 679.068 -650.257
-0.316 664.143 -592.195
-0.314 597.552 -485.728
-0.312 482.65 -336.802
-0.31 326.756 -154.967
-0.308 140.622 47.3409
-0.306 -62.404 255.78
-0.304 -267.458 455.261
-0.302 -459.363 631.155
-0.3 -623.854 770.445
-0.298 -748.701 862.717
-0.296 -824.631 900.91
-0.294 -846.001 881.806
-0.292 -811.155 806.212
-0.29 -722.484 678.877
-0.288 -586.192 508.134
-0.286 -411.806 305.311
-0.284 -211.468 83.9509
-0.282 0.942261 -141.145
-0.28 210.788 -354.972
-0.278 403.729 -543.424
-0.276 566.756 -694.362
-0.274 689.149 -798.553
-0.272 763.287 -850.393
-0.27 785.221 -848.324
-0.268 754.963 -794.907
-0.266 676.45 -696.519
-0.264 557.167 -562.709
-0.262 407.461 -405.276
-0.26 239.618 -237.178
-0.258 66.7787 -71.3746
-0.256 -98.18 80.2679
-0.254 -243.703 207.915
-0.252 -360.447 304.471
-0.25 -441.929 366.007
-0.248 -484.9 391.906
-0.246 -489.427 384.73
-0.244 -458.694 349.837
-0.242 -398.579 294.789
-0.24 -317.028 228.598
-0.238 -223.309 160.853
-0.236 -127.175 100.802
-0.234 -38.0138 56.4392
-0.232 35.9712 33.6982
-0.23 88.4773 35.8074
-0.228 115.666 62.897
-0.226 116.512 111.908
-0.224 92.8911 176.825
-0.222 49.3941 249.238
-0.22 -7.13766 319.156
-0.218 -68.3058 376.017
-0.216 -125.012 409.761
-0.214 -168.381 411.863
-0.212 -190.651 376.211
-0.21 -185.931 299.755
-0.208 -150.759 182.866
-0.206 -84.4117 29.4155
-0.204 11.0282 -153.426
-0.202 130.835 -355.615
-0.2 267.974 -564.838
-0.198 413.563 -767.242
-0.196 557.409 -948.251
-0.194 688.59 -1093.43
-0.192 796.063 -1189.4
-0.19 869.299 -1224.71
-0.188 898.923 -1190.71
-0.186 877.383 -1082.34
-0.184 799.589 -898.738
-0.182 663.503 -643.711
-0.18 470.619 -325.872
-0.178 226.261 41.4995
-0.176 -60.3363 440.936
-0.174 -376.221 851.585
-0.172 -705.195 1250.29
-0.17 -1028.54 1612.87
-0.168 -1326.01 1915.53
-0.166 -1576.92 2136.28
-0.164 -1761.42 2256.32
-0.162 -1861.81 2261.33
-0.16 -1863.81 2142.52
-0.158 -1757.8 1897.59
-0.156 -1539.97 1531.36
-0.154 -1213.26 1056.17
-0.152 -788.039 491.959
-0.15 -282.435 -134.161
-0.148 277.878 -788.749
-0.146 860.475 -1433.5
-0.144 1427.7 -2027.32
-0.142 1938.87 -2528.93
-0.14 2353.22 -2899.94
-0.138 2633.19 -3108.1
-0.136 2748.06 -3130.49
-0.134 2677.25 -2956.22
-0.132 2413.24 -2588.37
-0.13 1963.31 -2044.78
-0.128 1350.26 -1357.63
-0.126 611.502 -571.57
-0.124 -203.169 259.263
-0.122 -1035.12 1075.26
-0.12 -1821.39 1815.94
-0.118 -2499.78 2424.79
-0.116 -3014.01 2853.85
-0.114 -3318.62 3067.75
-0.112 -3383.03 3046.85
-0.11 -3194.66 2789.33
-0.108 -2760.64 2311.9
-0.106 -2108.08 1649.24
-0.104 -1282.77 851.961
-0.102 -346.219 -16.8059
-0.1 628.819 -886.125
-0.098 1564.09 -1682.97
-0.096 2382.58 -2338.57
-0.094 3015.58 -2794.86
-0.092 3409.48 -3010.31
-0.09 3531.47 -2964.49
-0.088 3373.36 -2660.75
-0.086 2953.07 -2126.44
-0.084 2313.34 -1410.72
-0.082 1517.76 -579.872
-0.08 644.488 289.157
-0.078 -221.611 1116.45
-0.076 -997.587 1827.01
-0.074 -1610.72 2358.1
-0.072 -2005.72 2665.25
-0.07 -2150.14 2726.33
-0.068 -2037.47 2543.57
-0.066 -1687.82 2143.32
-0.064 -1146.17 1573.61
-0.062 -478.298 899.856
-0.06 235.215 198.907
-0.058 906.623 -448.227
-0.056 1449.67 -964.379
-0.054 1788.66 -1284.4
-0.052 1867.05 -1362.74
-0.05 1654.67 -1179.52
-0.048 1152.62 -744.328
-0.046 395.007 -96.9658
-0.044 -552.95 695.212
-0.042 -1600.46 1543.29
-0.04 -2639.93 2345.59
-0.038 -3557.93 2998.3
-0.036 -4247.12 3406.62
-0.034 -4617.78 3495.18
-0.032 -4607.44 3216.44
-0.03 -4187.82 2556.3
-0.028 -3368.26 1536.42
-0.026 -2195.76 213.305
-0.024 -751.452 -1325.68
-0.022 855.628 -2968.75
-0.02 2497.24 -4588.21
-0.018 4036.3 -6050.33
-0.016 5338.31 -7226.15
-0.014 6283.22 -8002.52
-0.012 6776.67 -8292.65
-0.01 6759.86 -8045.25
-0.008 6216.73 -7251.23
-0.006 5177.54 -5946.85
-0.004 3717.91 -4212.75
-0.002 1953.09 -2168.17
0 27.6729 38.9809
0.002 -1898.06 2245.58
0.004 -3663.84 4288.51
0.006 -5124.99 6019.92
0.008 -6166.2 7320.64
0.01 -6711.75 8110.14
0.012 -6731.26 8352.26
0.014 -6240.68 8056.26
0.016 -5298.72 7273.58
0.018 -3999.63 6091.15
0.02 -2463.43 4622.3
0.022 -824.597 2996.12
0.024 779.798 1346.5
0.026 2221.48 -198.736
0.028 3391.4 -1527.71
0.03 4208.34 -2552.96
0.032 4625.29 -3217.94
0.034 4632.85 -3500.95
0.036 4259.32 -3416.08
0.038 3567.16 -3010.88
0.04 2646.16 -2360.76
0.042 1603.69 -1560.55
0.044 553.27 -714.096
0.046 -397.409 76.8649
0.048 -1157.47 723.377
0.05 -1661.62 1158.04
0.052 -1875.7 1341.04
0.054 -1798.56 1262.74
0.056 -1460.38 943
0.058 -917.723 427.359
0.06 -246.346 -219.059
0.062 467.416 -919.105
0.064 1135.72 -1591.79
0.066 1677.9 -2160.32
0.068 2028.08 -2559.31
0.07 2141.21 -2740.76
0.072 1997.12 -2678.4
0.074 1602.28 -2370.05
0.076 989.175 -1837.9
0.078 213.103 -1126.47
0.08 -653.161 -298.544
0.082 -1526.6 570.859
0.084 -2322.29 1401.81
0.086 -2962 2117.38
0.088 -3382.1 2651.31
0.09 -3539.83 2954.5
0.092 -3417.26 2999.66
0.094 -3022.61 2783.51
0.096 -2388.75 2326.57
0.098 -1569.37 1670.42
0.1 -633.229 873.195
0.102 342.559 3.70681
0.104 1279.68 -865.001
0.106 2105.32 -1661.99
0.108 2757.94 -2324.17
0.11 3191.75 -2800.96
0.112 3379.67 -3057.76
0.114 3314.61 -3077.92
0.116 3009.21 -2863.35
0.118 2494.14 -2433.74
0.12 1814.93 -1824.54
0.122 1027.92 -1083.74
0.124 195.378 -267.881
0.126 -619.704 562.572
0.128 -1358.68 1348.03
0.13 -1971.78 2034.42
0.132 -2421.62 2577.13
0.134 -2685.46 2944.07
0.136 -2756.07 3117.47
0.138 -2641.05 3094.31
0.14 -2361.01 2885.55
0.142 -1946.73 2514.14
0.144 -1435.78 2012.36
0.146 -868.933 1418.6
0.148 -286.823 774.127
0.15 272.934 120.019
0.152 777.976 -505.457
0.154 1202.7 -1068.9
0.156 1529.04 -1543.21
0.158 1746.69 -1908.51
0.16 1852.76 -2152.47
0.162 1851.06 -2270.27
0.164 1751.22 -2264.23
0.166 1567.48 -2143.11
0.168 1317.51 -1921.23
0.17 1021.07 -1617.37
0.172 698.787 -1253.52
0.174 370.832 -853.46
0.176 55.8567 -441.384
0.178 -229.992 -40.4713
0.18 -473.794 328.39
0.182 -666.323 647.684
0.184 -802.24 904.075
0.186 -880.018 1088.89
0.188 -901.643 1198.26
0.19 -872.145 1232.99
0.192 -799.019 1198.12
0.194 -691.58 1102.26
0.196 -560.32 956.86
0.198 -416.256 775.332
0.2 -270.303 572.145
0.202 -132.67 361.933
0.204 -12.2712 158.62
0.206 83.8153 -25.4036
0.208 150.812 -180.017
0.21 186.586 -297.98
0.212 191.815 -375.36
0.214 169.926 -411.741
0.216 126.793 -410.151
0.218 70.1734 -376.693
0.22 8.9587 -319.907
0.222 -47.7233 -249.88
0.224 -91.4339 -177.215
0.226 -115.285 -111.946
0.228 -114.641 -62.5321
0.23 -87.5837 -35.0291
0.232 -35.1091 -32.5309
0.234 38.9607 -54.9302
0.236 128.324 -99.0099
0.238 224.761 -158.837
0.24 318.855 -226.406
0.242 400.815 -292.454
0.244 461.331 -347.371
0.246 492.411 -382.126
0.248 488.14 -389.142
0.25 445.305 -363.052
0.252 363.823 -301.294
0.254 246.942 -204.495
0.256 101.154 -76.6007
0.258 -64.1731 75.2691
0.26 -237.453 241.252
0.262 -405.773 409.455
0.264 -555.955 566.892
0.266 -675.683 700.589
0.268 -754.582 798.735
0.27 -785.153 851.782
0.272 -763.454 853.363
0.274 -689.479 800.941
0.276 -567.191 696.098
0.278 -404.234 544.476
0.28 -211.349 355.343
0.282 -1.56944 140.873
0.284 210.743 -84.7982
0.286 410.941 -306.64
0.288 585.136 -509.835
0.29 721.191 -680.834
0.292 809.593 -808.308
0.294 844.154 -883.934
0.296 822.506 -902.979
0.298 746.327 -864.653
0.3 621.283 -772.197
0.302 456.663 -632.689
0.304 264.707 -456.563
0.306 59.6816 -256.85
0.308 -143.242 -48.1866
0.31 -329.212 154.332
0.312 -484.9 336.364
0.314 -599.574 485.476
0.316 -665.937 592.124
0.318 -680.654 650.365
0.32 -644.517 658.233
0.322 -562.262 617.751
0.324 -442.061 534.585
0.326 -294.755 417.421
0.328 -132.902 277.115
0.33 30.2616 125.724
0.332 181.88 -24.4934
0.334 310.471 -162.033
0.336 406.793 -276.988
0.338 464.519 -361.734
0.34 480.69 -411.419
0.342 455.886 -424.23
0.344 394.113 -401.429
0.346 302.393 -347.14
0.348 190.091 -267.916
0.35 68.0273 -172.091
0.352 -52.5409 -68.9907
0.354 -160.968 31.9397
0.356 -248.187 121.999
0.358 -307.499 194.002
0.36 -335.101 242.871
0.362 -330.308 265.994
0.364 -295.465 263.324
0.366 -235.564 237.212
0.368 -157.64 192.02
0.37 -70.0078 133.56
0.372 18.5727 68.4423
0.374 99.7182 3.4001
0.376 166.168 -55.3477
0.378 212.388 -102.633
0.38 235.001 -134.74
0.382 233.003 -149.653
0.384 207.759 -147.135
0.386 162.79 -128.645
0.388 103.352 -97.1014
0.39 35.8714 -56.5339
0.392 -32.7287 -11.6326
0.394 -95.7289 32.7417
0.396 -147.271 72.0471
0.398 -182.903 102.499
0.4 -199.954 121.41
0.402 -197.702 127.407
0.404 -177.336 120.488
0.406 -141.715 101.942
0.408 -94.98 74.132
0.41 -42.0567 40.1851
0.412 11.8727 3.61976
0.414 61.8863 -32.0322
0.416 103.77 -63.5757
0.418 134.36 -88.4375
0.42 151.762 -104.864
0.422 155.43 -112.019
0.424 146.118 -109.986
0.426 125.708 -99.6787
0.428 96.95 -82.6817
0.43 63.1288 -61.0411
0.432 27.7079 -37.029
0.434 -6.02217 -12.9077
0.436 -35.2522 9.28416
0.438 -57.888 27.9048
0.44 -72.6906 41.8259
0.442 -79.3131 50.4871
0.444 -78.2384 53.8859
0.446 -70.6348 52.512
0.448 -58.1523 47.236
0.45 -42.6915 39.171
0.452 -26.1729 29.5255
0.454 -10.3347 19.4643
0.456 3.4233 9.99344
0.458 14.1372 1.87902
0.46 21.3153 -4.3947
0.462 24.9178 -8.62883
0.464 25.2894 -10.8799
0.466 23.0594 -11.4055
0.468 19.0241 -10.5951
0.47 14.0273 -8.89814
0.472 8.85314 -6.75769
0.474 4.14288 -4.55786
0.476 0.341591 -2.58879
0.478 -2.32131 -1.03105
0.48 -3.81994 0.0421466
0.482 -4.2941 0.648292
0.484 -3.99436 0.869531
0.486 -3.2205 0.822658
0.488 -2.26341 0.630371
0.49 -1.35884 0.398077
0.492 -0.658791 0.199018
0.494 -0.222633 0.0688443
0.496 -0.0267678 0.00901728
0.498 0.0112241 -0.00302403
0.2 0.446042 5.2455e-05
0.4 0.44931 -7.65352e-05
0.6 0.454745 -0.000286692
0.8 0.462329 -0.000570787
1 0.472038 -0.000918724
1.2 0.483842 -0.00131757
1.4 0.497703 -0.00175156
1.6 0.513577 -0.00220218
1.8 0.531414 -0.00264818
2 0.551158 -0.00306563
2.2 0.572747 -0.00342799
2.4 0.596117 -0.00370617
2.6 0.621194 -0.0038686
2.8 0.647902 -0.00388135
3 0.676163 -0.00370815
3.2 0.705892 -0.00331058
3.4 0.737002 -0.00264808
3.6 0.769403 -0.00167816
3.8 0.803004 -0.000356448
4 0.837709 0.00136314
4.2 0.873424 0.00352826
4.4 0.910053 0.00618802
4.6 0.947498 0.00939277
4.8 0.985663 0.013194
5 1.02445 0.0176442
5.2 1.06377 0.0227964
5.4 1.10352 0.0287044
5.6 1.14361 0.0354225
5.8 1.18396 0.0430048
6 1.22447 0.0515057
6.2 1.26507 0.0609793
6.4 1.30566 0.0714791
6.6 1.34618 0.083058
6.8 1.38656 0.0957682
7 1.42672 0.10966
7.2 1.4666 0.124784
7.4 1.50614 0.141188
7.6 1.54529 0.158917
7.8 1.58401 0.178017
8 1.62224 0.198528
8.2 1.65995 0.22049
8.4 1.69711 0.243941
8.6 1.7337 0.268913
8.8 1.76969 0.295437
9 1.80506 0.323541
9.2 1.83982 0.353248
9.4 1.87394 0.384579
9.6 1.90744 0.417549
9.8 1.94032 0.452171
10 1.97259 0.488454
10.2 2.00426 0.5264
10.4 2.03535 0.566008
10.6 2.06589 0.607275
10.8 2.0959 0.650189
11 2.12542 0.694737
11.2 2.15447 0.7409
11.4 2.18309 0.788652
11.6 2.21132 0.837967
11.8 2.2392 0.88881
12 2.26678 0.941143
12.2 2.29408 0.994924
12.4 2.32117 1.05011
12.6 2.34807 1.10664
12.8 2.37483 1.16446
13 2.40151 1.22351
13.2 2.42813 1.28374
13.4 2.45474 1.34506
13.6 2.48138 1.40741
13.8 2.50808 1.47072
14 2.53489 1.5349
14.2 2.56182 1.59987
14.4 2.58892 1.66556
14.6 2.61621 1.73187
14.8 2.64371 1.79871
15 2.67143 1.866
15.2 2.69941 1.93364
15.4 2.72764 2.00154
15.6 2.75613 2.0696
15.8 2.78489 2.13774
16 2.81391 2.20586
16.2 2.84319 2.27387
16.4 2.87272 2.34166
16.6 2.90248 2.40915
16.8 2.93246 2.47626
17 2.96262 2.54288
17.2 2.99295 2.60893
17.4 3.0234 2.67433
17.6 3.05395 2.73899
17.8 3.08455 2.80283
18 3.11517 2.86579
18.2 3.14574 2.92777
18.4 3.17623 2.98872
18.6 3.20658 3.04857
18.8 3.23674 3.10725
19 3.26664 3.16471
19.2 3.29622 3.2209
19.4 3.32543 3.27577
19.6 3.3542 3.32926
19.8 3.38247 3.38136
20 3.41018 3.43201
20.2 3.43725 3.48119
20.4 3.46362 3.52888
20.6 3.48923 3.57505
20.8 3.51401 3.61969
21 3.5379 3.66279
21.2 3.56084 3.70435
21.4 3.58276 3.74436
21.6 3.60361 3.78282
21.8 3.62334 3.81974
22 3.64188 3.85513
22.2 3.65919 3.88901
22.4 3.67522 3.9214
22.6 3.68993 3.95231
22.8 3.70326 3.98177
23 3.71519 4.0098
23.2 3.72569 4.03644
23.4 3.73471 4.06171
23.6 3.74224 4.08566
23.8 3.74824 4.1083
24 3.75272 4.12969
24.2 3.75564 4.14984
24.4 3.757 4.16881
24.6 3.7568 4.18662
24.8 3.75504 4.20332
25 3.75171 4.21893
25.2 3.74682 4.2335
25.4 3.7404 4.24706
25.6 3.73244 4.25963
25.8 3.72297 4.27126
26 3.71201 4.28196
26.2 3.69959 4.29177
26.4 3.68574 4.30071
26.6 3.67049 4.3088
26.8 3.65387 4.31607
27 3.63592 4.32252
27.2 3.61668 4.32817
27.4 3.5962 4.33303
27.6 3.57452 4.33712
27.8 3.55169 4.34042
28 3.52775 4.34295
28.2 3.50275 4.34471
28.4 3.47675 4.34568
28.6 3.44979 4.34586
28.8 3.42194 4.34524
29 3.39323 4.3438
29.2 3.36373 4.34154
29.4 3.33348 4.33843
29.6 3.30255 4.33445
29.8 3.27097 4.32958
30 3.23882 4.32379
30.2 3.20613 4.31707
30.4 3.17296 4.30938
30.6 3.13935 4.30071
30.8 3.10537 4.29101
31 3.07105 4.28027
31.2 3.03645 4.26845
31.4 3.00161 4.25553
31.6 2.96657 4.24149
31.8 2.93138 4.2263
32 2.89608 4.20994
32.2 2.86072 4.19238
32.4 2.82532 4.1736
32.6 2.78994 4.1536
32.8 2.75461 4.13236
33 2.71937 4.10987
33.2 2.68425 4.08612
33.4 2.64928 4.0611
33.6 2.61451 4.03483
33.8 2.57995 4.0073
34 2.54566 3.97853
34.2 2.51164 3.94853
34.4 2.47795 3.91732
34.6 2.4446 3.88492
34.8 2.41164 3.85137
35 2.37907 3.81669
35.2 2.34695 3.78093
35.4 2.31529 3.74414
35.6 2.28412 3.70635
35.8 2.25348 3.66763
36 2.22339 3.62804
36.2 2.19389 3.58763
36.4 2.16499 3.54649
36.6 2.13674 3.50467
36.8 2.10916 3.46227
37 2.08228 3.41936
37.2 2.05614 3.37602
37.4 2.03076 3.33235
37.6 2.00617 3.28844
37.8 1.98241 3.24438
38 1.9595 3.20027
38.2 1.93748 3.1562
38.4 1.91638 3.11229
38.6 1.89622 3.06862
38.8 1.87705 3.0253
39 1.85888 2.98244
39.2 1.84176 2.94014
39.4 1.8257 2.8985
39.6 1.81074 2.85761
39.8 1.79691 2.81759
40 1.78422 2.77852
40.2 1.77271 2.74051
40.4 1.7624 2.70363
40.6 1.75331 2.66799
40.8 1.74545 2.63367
41 1.73885 2.60074
41.2 1.73353 2.56929
41.4 1.72949 2.53939
41.6 1.72675 2.5111
41.8 1.72531 2.48448
42 1.72517 2.45959
42.2 1.72635 2.43648
42.4 1.72883 2.41519
42.6 1.73262 2.39577
42.8 1.73769 2.37822
43 1.74405 2.36259
43.2 1.75168 2.34889
43.4 1.76054 2.33712
43.6 1.77063 2.3273
43.8 1.78191 2.31941
44 1.79435 2.31344
44.2 1.80791 2.30938
44.4 1.82256 2.3072
44.6 1.83825 2.30686
44.8 1.85493 2.30834
45 1.87254 2.31159
45.2 1.89105 2.31655
45.4 1.91037 2.32317
45.6 1.93046 2.33139
45.8 1.95125 2.34115
46 1.97266 2.35237
46.2 1.99463 2.36497
46.4 2.01708 2.37889
46.6 2.03993 2.39402
46.8 2.06311 2.4103
47 2.08653 2.42762
47.2 2.1101 2.4459
47.4 2.13376 2.46504
47.6 2.1574 2.48494
47.8 2.18094 2.50553
48 2.20431 2.52668
48.2 2.2274 2.54832
48.4 2.25014 2.57033
48.6 2.27244 2.59264
48.8 2.29421 2.61513
49 2.31537 2.63773
49.2 2.33585 2.66034
49.4 2.35555 2.68287
49.6 2.37441 2.70523
49.8 2.39235 2.72735
50 2.40931 2.74915
50.2 2.4252 2.77055
50.4 2.43998 2.79148
50.6 2.45357 2.81187
50.8 2.46593 2.83167
51 2.477 2.85082
51.2 2.48674 2.86926
51.4 2.49511 2.88696
51.6 2.50206 2.90386
51.8 2.50757 2.91994
52 2.51162 2.93516
52.2 2.51418 2.9495
52.4 2.51525 2.96294
52.6 2.5148 2.97547
52.8 2.51284 2.98709
53 2.50937 2.99778
53.2 2.5044 3.00755
53.4 2.49795 3.01641
53.6 2.49002 3.02438
53.8 2.48066 3.03146
54 2.46988 3.03769
54.2 2.45773 3.04309
54.4 2.44424 3.04769
54.6 2.42945 3.05153
54.8 2.41343 3.05464
55 2.39622 3.05706
55.2 2.37788 3.05885
55.4 2.35846 3.06005
55.6 2.33805 3.0607
55.8 2.31669 3.06086
56 2.29447 3.06058
56.2 2.27146 3.05992
56.4 2.24773 3.05893
56.6 2.22335 3.05767
56.8 2.19841 3.05619
57 2.17299 3.05455
57.2 2.14715 3.05281
57.4 2.12099 3.05101
57.6 2.09458 3.04921
57.8 2.06799 3.04746
58 2.04131 3.04582
58.2 2.01461 3.04433
58.4 1.98797 3.04303
58.6 1.96145 3.04196
58.8 1.93514 3.04118
59 1.90908 3.04071
59.2 1.88335 3.04058
59.4 1.85801 3.04084
59.6 1.83312 3.04149
59.8 1.80873 3.04257
60 1.78488 3.0441
60.2 1.76163 3.04608
60.4 1.73901 3.04853
60.6 1.71707 3.05145
60.8 1.69583 3.05485
61 1.67532 3.05872
61.2 1.65556 3.06305
61.4 1.63658 3.06784
61.6 1.61838 3.07307
61.8 1.60098 3.07872
62 1.58437 3.08477
62.2 1.56857 3.09119
62.4 1.55355 3.09795
62.6 1.53932 3.10502
62.8 1.52585 3.11235
63 1.51313 3.11991
63.2 1.50114 3.12766
63.4 1.48985 3.13554
63.6 1.47924 3.1435
63.8 1.46926 3.1515
64 1.45988 3.15948
64.2 1.45106 3.16738
64.4 1.44276 3.17515
64.6 1.43494 3.18272
64.8 1.42755 3.19005
65 1.42055 3.19705
65.2 1.41387 3.20368
65.4 1.40747 3.20987
65.6 1.40131 3.21556
65.8 1.39532 3.22069
66 1.38946 3.22519
66.2 1.38367 3.22901
66.4 1.3779 3.23207
66.6 1.3721 3.23434
66.8 1.36622 3.23574
67 1.3602 3.23622
67.2 1.35401 3.23574
67.4 1.34759 3.23423
67.6 1.3409 3.23165
67.8 1.33389 3.22795
68 1.32653 3.22309
68.2 1.31878 3.21702
68.4 1.31061 3.20972
68.6 1.30197 3.20115
68.8 1.29285 3.19127
69 1.28321 3.18005
69.2 1.27303 3.16748
69.4 1.2623 3.15354
69.6 1.25099 3.1382
69.8 1.2391 3.12146
70 1.22661 3.10331
70.2 1.21351 3.08375
70.4 1.19982 3.06276
70.6 1.18551 3.04037
70.8 1.1706 3.01657
71 1.1551 2.99137
71.2 1.13902 2.96481
71.4 1.12236 2.93688
71.6 1.10515 2.90762
71.8 1.08741 2.87706
72 1.06915 2.84523
72.2 1.0504 2.81215
72.4 1.03119 2.77788
72.6 1.01154 2.74245
72.8 0.99149 2.7059
73 0.97107 2.66829
73.2 0.950315 2.62967
73.4 0.92926 2.59009
73.6 0.907943 2.54961
73.8 0.886401 2.50829
74 0.864674 2.46619
74.2 0.842802 2.42337
74.4 0.820825 2.37991
74.6 0.798784 2.33586
74.8 0.776718 2.2913
75 0.754669 2.2463
75.2 0.732676 2.20093
75.4 0.710779 2.15527
75.6 0.689018 2.10939
75.8 0.667429 2.06336
76 0.646049 2.01726
76.2 0.624916 1.97116
76.4 0.604062 1.92514
76.6 0.583521 1.87927
76.8 0.563324 1.83364
77 0.543502 1.7883
77.2 0.524081 1.74334
77.4 0.505089 1.69883
77.6 0.486549 1.65483
77.8 0.468483 1.61142
78 0.450911 1.56866
78.2 0.433852 1.52663
78.4 0.417321 1.48538
78.6 0.401332 1.44498
78.8 0.385896 1.40549
79 0.371023 1.36696
79.2 0.356721 1.32945
79.4 0.342993 1.29302
79.6 0.329845 1.25771
79.8 0.317276 1.22356
80 0.305286 1.19064
80.2 0.293872 1.15897
80.4 0.283031 1.12859
80.6 0.272755 1.09954
80.8 0.263038 1.07185
81 0.25387 1.04555
81.2 0.245239 1.02067
81.4 0.237136 0.997223
81.6 0.229545 0.975232
81.8 0.222452 0.954712
82 0.215843 0.935675
82.2 0.209701 0.918129
82.4 0.204009 0.902081
82.6 0.19875 0.887532
82.8 0.193905 0.874481
83 0.189455 0.862924
83.2 0.185383 0.852853
83.4 0.181668 0.844258
83.6 0.178291 0.837125
83.8 0.175234 0.831437
84 0.172477 0.827175
84.2 0.170001 0.824317
84.4 0.167788 0.822837
84.6 0.16582 0.822709
84.8 0.164078 0.823902
85 0.162546 0.826384
85.2 0.161206 0.830119
85.4 0.160044 0.835072
85.6 0.159042 0.841203
85.8 0.158188 0.848471
86 0.157466 0.856834
86.2 0.156865 0.866248
86.4 0.156372 0.876667
86.6 0.155975 0.888043
86.8 0.155665 0.900327
87 0.155431 0.913472
87.2 0.155266 0.927424
87.4 0.155161 0.942134
87.6 0.15511 0.957549
87.8 0.155106 0.973615
88 0.155144 0.99028
88.2 0.155221 1.00749
88.4 0.155332 1.02519
88.6 0.155474 1.04332
88.8 0.155645 1.06184
89 0.155843 1.08068
89.2 0.156068 1.0998
89.4 0.156319 1.11913
89.6 0.156596 1.13863
89.8 0.156899 1.15825
90 0.15723 1.17792
90.2 0.157589 1.1976
90.4 0.157977 1.21724
90.6 0.158397 1.23679
90.8 0.158851 1.25619
91 0.159339 1.2754
91.2 0.159864 1.29438
91.4 0.160428 1.31307
91.6 0.161032 1.33143
91.8 0.161679 1.34941
92 0.162369 1.36698
92.2 0.163104 1.38409
92.4 0.163885 1.40071
92.6 0.164712 1.41679
92.8 0.165587 1.43229
93 0.166508 1.44718
93.2 0.167476 1.46143
93.4 0.16849 1.47501
93.6 0.169548 1.48788
93.8 0.170649 1.50001
94 0.17179 1.51137
94.2 0.17297 1.52194
94.4 0.174184 1.5317
94.6 0.175429 1.54062
94.8 0.1767 1.54867
95 0.177995 1.55585
95.2 0.179306 1.56212
95.4 0.180629 1.56749
95.6 0.181958 1.57192
95.8 0.183286 1.57541
96 0.184608 1.57794
96.2 0.185915 1.57951
96.4 0.1872 1.58011
96.6 0.188457 1.57973
96.8 0.189676 1.57837
97 0.190851 1.57602
97.2 0.191972 1.57269
97.4 0.193032 1.56837
97.6 0.194022 1.56307
97.8 0.194935 1.55679
98 0.195761 1.54953
98.2 0.196492 1.54131
98.4 0.197121 1.53213
98.6 0.19764 1.52201
98.8 0.19804 1.51095
99 0.198315 1.49897
99.2 0.198457 1.48609
99.4 0.19846 1.47232
99.6 0.198318 1.45768
99.8 0.198024 1.44219
100 0.197574 1.42587
100.2 0.196962 1.40875
100.4 0.196184 1.39085
100.6 0.195236 1.37219
100.8 0.194116 1.35281
101 0.192821 1.33272
101.2 0.191348 1.31197
101.4 0.189698 1.29057
101.6 0.187869 1.26857
101.8 0.185862 1.24599
102 0.183677 1.22287
102.2 0.181317 1.19924
102.4 0.178783 1.17514
102.6 0.176079 1.1506
102.8 0.173209 1.12567
103 0.170176 1.10037
103.2 0.166986 1.07475
103.4 0.163645 1.04884
103.6 0.160159 1.02269
103.8 0.156534 0.996327
104 0.152779 0.969795
104.2 0.148901 0.943132
104.4 0.144908 0.916378
104.6 0.140811 0.889571
104.8 0.136617 0.86275
105 0.132338 0.835954
105.2 0.127982 0.80922
105.4 0.12356 0.782585
105.6 0.119084 0.756087
105.8 0.114562 0.729761
106 0.110008 0.703643
106.2 0.105431 0.677766
106.4 0.100843 0.652164
106.6 0.0962537 0.62687
106.8 0.0916756 0.601915
107 0.087119 0.577327
107.2 0.0825947 0.553137
107.4 0.0781132 0.529372
107.6 0.0736847 0.506056
107.8 0.0693193 0.483215
108 0.0650267 0.46087
108.2 0.0608161 0.439044
108.4 0.0566963 0.417755
108.6 0.0526759 0.397022
108.8 0.0487628 0.37686
109 0.0449644 0.357284
109.2 0.0412876 0.338306
109.4 0.0377388 0.319937
109.6 0.0343237 0.302185
109.8 0.0310475 0.285059
110 0.0279147 0.268563
110.2 0.0249293 0.2527
110.4 0.0220945 0.237473
110.6 0.0194129 0.222882
110.8 0.0168865 0.208925
111 0.0145167 0.195598
111.2 0.0123043 0.182898
111.4 0.0102492 0.170816
111.6 0.00835096 0.159346
111.8 0.00660848 0.148478
112 0.00502002 0.138201
112.2 0.00358331 0.128503
112.4 0.0022955 0.11937
112.6 0.00115328 0.110789
112.8 0.000152804 0.102743
113 -0.000710218 0.095217
113.2 -0.00144051 0.0881924
113.4 -0.00204319 0.0816512
113.6 -0.00252374 0.0755748
113.8 -0.00288798 0.0699436
114 -0.00314202 0.0647376
114.2 -0.00329222 0.0599365
114.4 -0.00334516 0.0555195
114.6 -0.0033076 0.0514659
114.8 -0.00318646 0.0477546
115 -0.00298874 0.0443646
115.2 -0.00272153 0.0412749
115.4 -0.00239194 0.0384649
115.6 -0.00200708 0.0359141
115.8 -0.00157402 0.0336023
116 -0.00109976 0.0315098
116.2 -0.000591189 0.0296174
116.4 -5.50767e-05 0.0279066
116.6 0.000501987 0.0263593
116.8 0.0010736 0.0249584
117 0.00165357 0.0236874
117.2 0.00223597 0.0225307
117.4 0.00281511 0.0214735
117.6 0.00338558 0.0205021
117.8 0.0039423 0.0196037
118 0.00448047 0.0187663
118.2 0.00499565 0.0179793
118.4 0.0054837 0.0172329
118.6 0.00594086 0.0165184
118.8 0.0063637 0.0158281
119 0.00674915 0.0151556
119.2 0.00709451 0.0144952
119.4 0.00739743 0.0138427
119.6 0.0076559 0.0131946
119.8 0.00786827 0.0125486
120 0.00803325 0.0119032
120.2 0.00814986 0.0112582
120.4 0.00821746 0.0106139
120.6 0.00823574 0.00997189
120.8 0.00820466 0.00933434
121 0.00812451 0.00870433
121.2 0.00799583 0.00808563
121.4 0.00781944 0.00748271
121.6 0.00759638 0.00690069
121.8 0.00732794 0.00634522
122 0.00701564 0.00582247
122.2 0.00666115 0.00533906
122.4 0.00626636 0.00490195
122.6 0.00583331 0.00451842
122.8 0.00536418 0.004196
123 0.00486127 0.00394236
123.2 0.00432701 0.00376528
123.4 0.00376392 0.00367258
123.6 0.00317458 0.00367201
123.8 0.00256168 0.00377127
124 0.00192792 0.00397785
124.2 0.00127605 0.00429903
124.4 0.000608854 0.0047418
124.6 -7.08744e-05 0.0053128
124.8 -0.000760337 0.00601828
125 -0.00145674 0.00686401
125.2 -0.00215731 0.0078553
125.4 -0.00285928 0.00899688
125.6 -0.00355993 0.0102929
125.8 -0.00425657 0.0117469
126 -0.00494653 0.0133618
126.2 -0.0056272 0.0151397
126.4 -0.00629601 0.0170821
126.6 -0.00695045 0.0191898
126.8 -0.00758804 0.0214627
127 -0.00820638 0.0239001
127.2 -0.00880309 0.0265004
127.4 -0.00937585 0.0292614
127.6 -0.00992243 0.0321799
127.8 -0.0104406 0.0352522
128 -0.0109282 0.0384736
128.2 -0.0113831 0.0418388
128.4 -0.0118034 0.0453418
128.6 -0.0121869 0.0489757
128.8 -0.0125317 0.0527331
129 -0.012836 0.0566061
129.2 -0.0130978 0.0605858
129.4 -0.0133154 0.0646631
129.6 -0.0134871 0.068828
129.8 -0.0136112 0.0730704
130 -0.0136859 0.0773795
130.2 -0.0137099 0.081744
130.4 -0.0136815 0.0861525
130.6 -0.0135993 0.0905931
130.8 -0.0134621 0.0950538
131 -0.0132685 0.0995223
131.2 -0.0130173 0.103986
131.4 -0.0127075 0.108433
131.6 -0.0123382 0.112849
131.8 -0.0119083 0.117224
132 -0.0114173 0.121543
132.2 -0.0108644 0.125795
132.4 -0.0102493 0.129967
132.6 -0.0095716 0.134048
132.8 -0.00883118 0.138026
133 -0.00802807 0.141889
133.2 -0.00716248 0.145626
133.4 -0.00623481 0.149227
133.6 -0.00524569 0.152682
133.8 -0.00419593 0.15598
134 -0.0030866 0.159114
134.2 -0.00191898 0.162074
134.4 -0.000694589 0.164852
134.6 0.000584787 0.167442
134.8 0.00191712 0.169837
135 0.00330012 0.172031
135.2 0.00473124 0.174019
135.4 0.00620766 0.175797
135.6 0.00772629 0.177361
135.8 0.00928379 0.178708
136 0.0108765 0.179837
136.2 0.0125007 0.180747
136.4 0.014152 0.181437
136.6 0.0158263 0.181907
136.8 0.0175188 0.182159
137 0.0192247 0.182196
137.2 0.020939 0.182019
137.4 0.0226565 0.181633
137.6 0.0243716 0.181043
137.8 0.0260788 0.180252
138 0.0277723 0.179268
138.2 0.0294463 0.178097
138.4 0.0310949 0.176746
138.6 0.0327119 0.175224
138.8 0.0342912 0.173538
139 0.0358269 0.171698
139.2 0.0373127 0.169714
139.4 0.0387425 0.167595
139.6 0.0401105 0.165353
139.8 0.0414106 0.162999
140 0.0426371 0.160543
140.2 0.0437843 0.157999
140.4 0.0448469 0.155377
140.6 0.0458195 0.152691
140.8 0.0466972 0.149952
141 0.0474753 0.147174
141.2 0.0481494 0.144369
141.4 0.0487154 0.141551
141.6 0.0491698 0.138731
141.8 0.049509 0.135923
142 0.0497302 0.133139
142.2 0.0498311 0.130393
142.4 0.0498094 0.127696
142.6 0.0496637 0.12506
142.8 0.0493929 0.122498
143 0.0489963 0.120021
143.2 0.048474 0.117641
143.4 0.0478263 0.115368
143.6 0.0470542 0.113213
143.8 0.0461591 0.111185
144 0.0451429 0.109294
144.2 0.0440082 0.10755
144.4 0.0427579 0.105961
144.6 0.0413955 0.104534
144.8 0.0399249 0.103277
145 0.0383505 0.102197
145.2 0.0366771 0.101299
145.4 0.0349099 0.100589
145.6 0.0330547 0.100072
145.8 0.0311174 0.0997521
146 0.0291044 0.0996323
146.2 0.0270223 0.0997157
146.4 0.0248779 0.100004
146.6 0.0226785 0.100499
146.8 0.0204314 0.101202
147 0.0181441 0.102111
147.2 0.0158241 0.103228
147.4 0.0134792 0.10455
147.6 0.0111172 0.106075
147.8 0.00874573 0.107802
148 0.00637247 0.109727
148.2 0.00400505 0.111847
148.4 0.00165093 0.114157
148.6 -0.000682578 0.116652
148.8 -0.00298836 0.119328
149 -0.00525954 0.122179
149.2 -0.00748953 0.125198
149.4 -0.00967202 0.128379
149.6 -0.0118011 0.131715
149.8 -0.0138711 0.135199
150 -0.0158768 0.138823
150.2 -0.0178136 0.142578
150.4 -0.0196769 0.146457
150.6 -0.0214628 0.150452
150.8 -0.023168 0.154553
151 -0.0247894 0.158751
151.2 -0.0263245 0.163038
151.4 -0.0277713 0.167404
151.6 -0.0291281 0.17184
151.8 -0.0303939 0.176337
152 -0.031568 0.180885
152.2 -0.0326502 0.185475
152.4 -0.0336408 0.190097
152.6 -0.0345403 0.194742
152.8 -0.0353498 0.199401
153 -0.0360707 0.204064
153.2 -0.0367046 0.208722
153.4 -0.0372535 0.213366
153.6 -0.0377197 0.217986
153.8 -0.0381057 0.222575
154 -0.0384141 0.227123
154.2 -0.0386477 0.231621
154.4 -0.0388094 0.236062
154.6 -0.038902 0.240436
154.8 -0.0389286 0.244736
155 -0.038892 0.248953
155.2 -0.038795 0.25308
155.4 -0.0386403 0.257109
155.6 -0.0384304 0.261032
155.8 -0.0381675 0.264843
156 -0.0378536 0.268533
156.2 -0.0374904 0.272096
156.4 -0.0370792 0.275526
156.6 -0.0366209 0.278814
156.8 -0.036116 0.281955
157 -0.0355645 0.284942
157.2 -0.034966 0.287769
157.4 -0.0343195 0.290429
157.6 -0.0336234 0.292917
157.8 -0.0328758 0.295226
158 -0.032074 0.29735
158.2 -0.0312147 0.299284
158.4 -0.0302942 0.301023
158.6 -0.029308 0.302559
158.8 -0.0282512 0.303888
159 -0.0271182 0.305005
159.2 -0.025903 0.305904
159.4 -0.0245988 0.306579
159.6 -0.0231987 0.307027
159.8 -0.0216949 0.307241
160 -0.0200793 0.307217
160.2 -0.0183435 0.30695
160.4 -0.0164786 0.306435
160.6 -0.0144755 0.305669
160.8 -0.0123247 0.304646
161 -0.0100166 0.303362
161.2 -0.00754142 0.301815
161.4 -0.00488921 0.299998
161.6 -0.0020501 0.297911
161.8 0.000985757 0.295548
162 0.00422812 0.292906
162.2 0.00768653 0.289985
162.4 0.0113703 0.286779
162.6 0.0152884 0.283289
162.8 0.0194493 0.279512
163 0.0238612 0.275446
163.2 0.0285314 0.271092
163.4 0.0334671 0.266448
163.6 0.0386742 0.261514
163.8 0.0441582 0.256291
164 0.0499237 0.250781
164.2 0.0559743 0.244984
164.4 0.0623128 0.238904
164.6 0.0689407 0.232542
164.8 0.0758588 0.225902
165 0.0830664 0.218989
165.2 0.090562 0.211807
165.4 0.0983425 0.204361
165.6 0.106404 0.196658
165.8 0.114741 0.188704
166 0.123346 0.180507
166.2 0.132213 0.172075
166.4 0.14133 0.163417
166.6 0.150689 0.154543
166.8 0.160276 0.145463
167 0.170079 0.136189
167.2 0.180084 0.126731
167.4 0.190273 0.117104
167.6 0.200631 0.107319
167.8 0.211139 0.0973908
168 0.221778 0.0873341
168.2 0.232528 0.0771638
168.4 0.243366 0.0668956
168.6 0.254272 0.0565457
168.8 0.265221 0.0461309
169 0.27619 0.0356684
169.2 0.287153 0.0251759
169.4 0.298086 0.0146715
169.6 0.308962 0.00417336
169.8 0.319755 -0.00629973
170 0.330438 -0.0167289
170.2 0.340985 -0.0270952
170.4 0.351367 -0.0373795
170.6 0.361558 -0.0475625
170.8 0.371531 -0.057625
171 0.381259 -0.0675481
171.2 0.390715 -0.0773126
171.4 0.399873 -0.0868999
171.6 0.408707 -0.0962914
171.8 0.417192 -0.105469
172 0.425303 -0.114415
172.2 0.433017 -0.123112
172.4 0.440311 -0.131543
172.6 0.447164 -0.139693
172.8 0.453555 -0.147545
173 0.459465 -0.155085
173.2 0.464875 -0.162298
173.4 0.469769 -0.169172
173.6 0.474132 -0.175694
173.8 0.477949 -0.181853
174 0.48121 -0.187638
174.2 0.483903 -0.19304
174.4 0.486019 -0.19805
174.6 0.487552 -0.202661
174.8 0.488496 -0.206867
175 0.488847 -0.210662
175.2 0.488603 -0.214042
175.4 0.487765 -0.217006
175.6 0.486334 -0.21955
175.8 0.484314 -0.221674
176 0.481711 -0.22338
176.2 0.47853 -0.224669
176.4 0.474782 -0.225543
176.6 0.470477 -0.226008
176.8 0.465627 -0.226069
177 0.460245 -0.225731
177.2 0.454348 -0.225003
177.4 0.447952 -0.223893
177.6 0.441075 -0.222411
177.8 0.433738 -0.220566
178 0.42596 -0.218372
178.2 0.417764 -0.215839
178.4 0.409173 -0.212981
178.6 0.400212 -0.209812
178.8 0.390904 -0.206347
179 0.381277 -0.202602
179.2 0.371356 -0.198591
179.4 0.361168 -0.194332
179.6 0.350742 -0.189841
179.8 0.340104 -0.185135
180 0.329283 -0.180234
180.2 0.318308 -0.175153
180.4 0.307206 -0.169912
180.6 0.296006 -0.164528
180.8 0.284736 -0.159021
181 0.273423 -0.153407
181.2 0.262096 -0.147705
181.4 0.25078 -0.141934
181.6 0.239503 -0.136111
181.8 0.22829 -0.130253
182 0.217166 -0.124378
182.2 0.206155 -0.118502
182.4 0.19528 -0.112641
182.6 0.184563 -0.106812
182.8 0.174026 -0.10103
183 0.163689 -0.0953087
183.2 0.153569 -0.0896627
183.4 0.143686 -0.084105
183.6 0.134056 -0.0786484
183.8 0.124692 -0.0733044
184 0.11561 -0.0680842
184.2 0.106822 -0.0629979
184.4 0.0983387 -0.0580549
184.6 0.0901698 -0.0532636
184.8 0.0823236 -0.0486319
185 0.0748073 -0.0441664
185.2 0.0676262 -0.0398732
185.4 0.0607848 -0.0357573
185.6 0.0542858 -0.0318229
185.8 0.0481309 -0.0280736
186 0.0423204 -0.0245118
186.2 0.0368535 -0.0211392
186.4 0.031728 -0.017957
186.6 0.0269407 -0.0149651
186.8 0.0224873 -0.0121631
187 0.0183623 -0.00954964
187.2 0.0145594 -0.00712282
187.4 0.0110714 -0.00487998
187.6 0.00789003 -0.00281789
187.8 0.00500636 -0.000932732
188 0.00241071 0.000779838
188.2 9.27428e-05 0.00232468
188.4 -0.00195848 0.00370709
188.6 -0.00375443 0.00493281
188.8 -0.005307 0.00600791
189 -0.00662848 0.00693882
189.2 -0.00773148 0.00773224
189.4 -0.00862883 0.0083951
189.6 -0.00933353 0.00893454
189.8 -0.0098587 0.00935783
190 -0.0102175 0.00967239
190.2 -0.010423 0.00988565
190.4 -0.0104883 0.0100051
190.6 -0.0104262 0.0100383
190.8 -0.0102495 0.00999259
191 -0.00997052 0.00987535
191.2 -0.00960146 0.00969382
191.4 -0.00915407 0.00945509
191.6 -0.00863974 0.00916607
191.8 -0.00806943 0.00883347
192 -0.00745361 0.00846376
192.2 -0.00680228 0.00806317
192.4 -0.0061249 0.00763765
192.6 -0.0054304 0.00719288
192.8 -0.0047271 0.0067342
193 -0.00402279 0.00626666
193.2 -0.00332463 0.00579497
193.4 -0.0026392 0.0053235
193.6 -0.00197244 0.00485628
193.8 -0.00132972 0.00439701
194 -0.000715796 0.003949
194.2 -0.000134809 0.00351525
194.4 0.000409669 0.00309841
194.6 0.000914647 0.00270077
194.8 0.00137769 0.00232431
195 0.00179692 0.00197067
195.2 0.00217095 0.00164117
195.4 0.00249893 0.00133685
195.6 0.00278044 0.00105844
195.8 0.00301553 0.000806397
196 0.00320468 0.000580914
196.2 0.00334874 0.000381944
196.4 0.00344892 0.000209205
196.6 0.00350675 6.22073e-05
196.8 0.00352408 -5.9735e-05
197 0.003503 -0.000157483
197.2 0.00344584 -0.000232055
197.4 0.00335511 -0.000284609
197.6 0.00323352 -0.000316422
197.8 0.00308388 -0.000328873
198 0.00290911 -0.000323427
198.2 0.00271221 -0.000301612
198.4 0.00249623 -0.000265008
198.6 0.00226421 -0.000215226
198.8 0.00201919 -0.000153894
199 0.00176419 -8.26429e-05
199.2 0.00150214 -3.08937e-06
199.4 0.0012359 8.31751e-05
199.6 0.000968221 0.000174598
199.8 0.000701748 0.000269675
200 0.000438968 0.000366963
