   0.000000e+00   6.095484e+02   6.027680e+02   6.075041e+02   6.083182e+02   5.973861e+02   5.902321e+02  -3.020422e+01   2.264639e+01
   0.000000e+00   6.092588e+02   6.016023e+02   6.072535e+02   6.043114e+02   5.940441e+02   5.903116e+02  -8.863920e+01   5.882668e+01
   0.000000e+00   6.095823e+02   6.035405e+02   6.065366e+02   6.054494e+02   6.003109e+02   5.894454e+02  -9.078324e+01   8.376598e+01
   0.000000e+00   6.102135e+02   6.051160e+02   6.103378e+02   6.075270e+02   5.976196e+02   5.904733e+02  -1.477220e+02   1.091487e+02
   0.000000e+00   6.102821e+02   6.037826e+02   6.103812e+02   6.067283e+02   5.984658e+02   5.905262e+02  -1.764788e+02   1.616046e+02
   0.000000e+00   6.107326e+02   6.039910e+02   6.079004e+02   6.093175e+02   5.984143e+02   5.903553e+02  -2.270276e+02   2.037481e+02
   0.000000e+00   6.094895e+02   6.039352e+02   6.094555e+02   6.080245e+02   5.975561e+02   5.896403e+02  -2.478200e+02   2.223810e+02
   0.000000e+00   6.096772e+02   6.047936e+02   6.080826e+02   6.072963e+02   5.977870e+02   5.902987e+02  -2.683286e+02   2.652210e+02
   0.000000e+00   6.105585e+02   6.032219e+02   6.074056e+02   6.036014e+02   6.006884e+02   5.902848e+02  -2.858278e+02   2.900935e+02
   0.000000e+00   6.098074e+02   6.032129e+02   6.093691e+02   6.083213e+02   5.963313e+02   5.906471e+02  -3.547933e+02   3.149414e+02
   0.000000e+00   6.101938e+02   6.041788e+02   6.099109e+02   6.054814e+02   5.994904e+02   5.900581e+02  -3.932398e+02   3.834522e+02
   0.000000e+00   6.098794e+02   6.036641e+02   6.099231e+02   6.067322e+02   5.944169e+02   5.907456e+02  -4.160871e+02   4.107109e+02
   0.000000e+00   6.099353e+02   6.032772e+02   6.096763e+02   6.042166e+02   6.009424e+02   5.897123e+02  -4.386890e+02   4.259283e+02
   0.000000e+00   6.095888e+02   6.033590e+02   6.114180e+02   6.086420e+02   5.953990e+02   5.905434e+02  -4.857771e+02   4.698625e+02
   0.000000e+00   6.091346e+02   6.035603e+02   6.092823e+02   6.068743e+02   6.016723e+02   5.900799e+02  -5.186869e+02   5.161633e+02
   0.000000e+00   6.097508e+02   6.045671e+02   6.061218e+02   6.047321e+02   6.016648e+02   5.902236e+02  -5.511028e+02   5.454911e+02
   0.000000e+00   6.106300e+02   6.039290e+02   6.085549e+02   6.062128e+02   5.975879e+02   5.894428e+02  -6.079859e+02   5.879862e+02
   0.000000e+00   6.101916e+02   6.012630e+02   6.036605e+02   6.068092e+02   5.958474e+02   5.899760e+02  -6.456064e+02   6.246378e+02
   0.000000e+00   6.100317e+02   6.022539e+02   6.082820e+02   6.055508e+02   5.954986e+02   5.899081e+02  -6.847047e+02   6.675509e+02
   0.000000e+00   6.098173e+02   6.050290e+02   6.129828e+02   6.081491e+02   5.981193e+02   5.899545e+02  -6.962633e+02   6.991511e+02
   0.000000e+00   6.098377e+02   6.022120e+02   6.066175e+02   6.028446e+02   5.969012e+02   5.903498e+02  -6.947177e+02   7.040161e+02
   0.000000e+00   6.103297e+02   6.020344e+02   6.068363e+02   6.055240e+02   5.962465e+02   5.896225e+02  -7.404312e+02   7.557135e+02
   0.000000e+00   6.099664e+02   6.035955e+02   6.075921e+02   6.066878e+02   5.965544e+02   5.903684e+02  -8.018090e+02   7.941798e+02
   0.000000e+00   6.091945e+02   6.045629e+02   6.076600e+02   6.072979e+02   6.013245e+02   5.901592e+02  -8.556691e+02   8.378064e+02
   0.000000e+00   6.101413e+02   6.047507e+02   6.078363e+02   6.032355e+02   6.002903e+02   5.897282e+02  -8.553886e+02   8.679460e+02
   0.000000e+00   6.094428e+02   6.035985e+02   6.083847e+02   6.059880e+02   5.978406e+02   5.899013e+02  -9.095427e+02   9.093797e+02
   0.000000e+00   6.096494e+02   6.057488e+02   6.102322e+02   6.090961e+02   6.003301e+02   5.901254e+02  -9.412559e+02   9.240296e+02
   0.000000e+00   6.089081e+02   6.061396e+02   6.071155e+02   6.102641e+02   6.059432e+02   5.900125e+02  -9.770087e+02   9.780988e+02
   0.000000e+00   6.100848e+02   6.013520e+02   6.068164e+02   6.053019e+02   5.959797e+02   5.903507e+02  -1.003339e+03   1.013033e+03
   0.000000e+00   6.094947e+02   6.013744e+02   6.059100e+02   6.032081e+02   5.934829e+02   5.901374e+02  -1.052397e+03   1.032282e+03
   0.000000e+00   6.094254e+02   6.055728e+02   6.113582e+02   6.094407e+02   5.995531e+02   5.891395e+02  -1.035961e+03   1.056895e+03
   0.000000e+00   6.095976e+02   6.011175e+02   6.078675e+02   6.032386e+02   5.926853e+02   5.897029e+02  -1.081111e+03   1.094431e+03
   0.000000e+00   6.096718e+02   6.025446e+02   6.047623e+02   6.052490e+02   5.976010e+02   5.898604e+02  -1.106439e+03   1.109750e+03
   0.000000e+00   6.093916e+02   6.043490e+02   6.063375e+02   6.068128e+02   6.005788e+02   5.899627e+02  -1.156835e+03   1.141213e+03
   0.000000e+00   6.103567e+02   6.054705e+02   6.120450e+02   6.086487e+02   6.010590e+02   5.902266e+02  -1.200321e+03   1.184270e+03
   0.000000e+00   6.092444e+02   6.044104e+02   6.103037e+02   6.056352e+02   5.977266e+02   5.897147e+02  -1.230877e+03   1.223338e+03
   0.000000e+00   6.107619e+02   6.043718e+02   6.073040e+02   6.088558e+02   5.987529e+02   5.894978e+02  -1.255841e+03   1.261922e+03
   0.000000e+00   6.096626e+02   6.030947e+02   6.095447e+02   6.060953e+02   5.969255e+02   5.896708e+02  -1.289170e+03   1.273532e+03
   0.000000e+00   6.103652e+02   6.029307e+02   6.067364e+02   6.039033e+02   5.994637e+02   5.904285e+02  -1.316438e+03   1.316598e+03
   0.000000e+00   6.101167e+02   6.025576e+02   6.032426e+02   6.073342e+02   6.019354e+02   5.895071e+02  -1.359520e+03   1.363415e+03
   0.000000e+00   6.097754e+02   6.033175e+02   6.085373e+02   6.062269e+02   6.005272e+02   5.895549e+02  -1.406863e+03   1.409266e+03
   0.000000e+00   6.104551e+02   6.020938e+02   6.076832e+02   6.045417e+02   5.969991e+02   5.892378e+02  -1.457119e+03   1.459761e+03
   0.000000e+00   6.098511e+02   6.037934e+02   6.084510e+02   6.078405e+02   5.991639e+02   5.894594e+02  -1.510107e+03   1.472287e+03
   0.000000e+00   6.099551e+02   6.041002e+02   6.115631e+02   6.091639e+02   5.943659e+02   5.900133e+02  -1.538077e+03   1.538102e+03
   0.000000e+00   6.097800e+02   6.039177e+02   6.096541e+02   6.054442e+02   5.970658e+02   5.899285e+02  -1.577452e+03   1.579676e+03
   0.000000e+00   6.095991e+02   6.029128e+02   6.080937e+02   6.025351e+02   5.969180e+02   5.899713e+02  -1.609985e+03   1.608440e+03
   0.000000e+00   6.092859e+02   6.036040e+02   6.109407e+02   6.070000e+02   5.926928e+02   5.897741e+02  -1.635780e+03   1.622603e+03
   0.000000e+00   6.102444e+02   6.018827e+02   6.050845e+02   6.059923e+02   5.953341e+02   5.900842e+02  -1.641539e+03   1.665016e+03
   0.000000e+00   6.101030e+02   6.018363e+02   6.084628e+02   6.042172e+02   5.920920e+02   5.900139e+02  -1.704537e+03   1.722635e+03
   0.000000e+00   6.092880e+02   6.017080e+02   6.076233e+02   6.053388e+02   5.965131e+02   5.898210e+02  -1.759035e+03   1.759286e+03
   0.000000e+00   6.096494e+02   6.037097e+02   6.083709e+02   6.088473e+02   6.015296e+02   5.902637e+02  -1.789799e+03   1.804685e+03
   0.000000e+00   6.095063e+02   6.016629e+02   6.065230e+02   6.023337e+02   5.936832e+02   5.899274e+02  -1.816855e+03   1.841406e+03
   0.000000e+00   6.103117e+02   6.026172e+02   6.063737e+02   6.072935e+02   5.966655e+02   5.898228e+02  -1.864824e+03   1.852268e+03
   0.000000e+00   6.100906e+02   6.022227e+02   6.082880e+02   6.068571e+02   5.949606e+02   5.891788e+02  -1.898778e+03   1.885247e+03
   0.000000e+00   6.100893e+02   6.037101e+02   6.077100e+02   6.044057e+02   5.962629e+02   5.902112e+02  -1.933381e+03   1.945307e+03
   0.000000e+00   6.097698e+02   6.038969e+02   6.080848e+02   6.063265e+02   5.981081e+02   5.900811e+02  -1.979661e+03   1.956460e+03
   0.000000e+00   6.098931e+02   6.035282e+02   6.051847e+02   6.046124e+02   6.015774e+02   5.910063e+02  -1.991249e+03   2.009930e+03
   0.000000e+00   6.092201e+02   6.025039e+02   6.089707e+02   6.055396e+02   5.967026e+02   5.909547e+02  -2.032557e+03   2.035651e+03
   0.000000e+00   6.103673e+02   6.044160e+02   6.075453e+02   6.075079e+02   5.972347e+02   5.901765e+02  -2.064389e+03   2.068348e+03
   0.000000e+00   6.100683e+02   6.031368e+02   6.065952e+02   6.058847e+02   6.008620e+02   5.905506e+02  -2.105785e+03   2.091310e+03
