-0.498 -3.89796e-05 1.38618e-05
-0.496 -0.000140952 5.49816e-05
-0.494 -0.000286643 0.000122362
-0.492 -0.000461515 0.000214364
-0.49 -0.000655991 0.000328707
-0.488 -0.000865234 0.0004629
-0.486 -0.00108855 0.000615108
-0.484 -0.00132858 0.000785392
-0.482 -0.00159037 0.000977179
-0.48 -0.00188044 0.00119875
-0.478 -0.00220608 0.00146451
-0.476 -0.0025747 0.0017958
-0.474 -0.00299345 0.00222093
-0.472 -0.00346894 0.00277448
-0.47 -0.00400718 0.00349545
-0.468 -0.00461336 0.00442467
-0.466 -0.00529181 0.00560121
-0.464 -0.00604576 0.00705833
-0.462 -0.00687704 0.00881913
-0.46 -0.00778572 0.0108923
-0.458 -0.00876958 0.0132684
-0.456 -0.00982354 0.0159172
-0.454 -0.0109389 0.0187859
-0.452 -0.0121024 0.0217991
-0.45 -0.0132955 0.0248607
-0.448 -0.0144931 0.0278569
-0.446 -0.0156628 0.0306612
-0.444 -0.0167641 0.0331405
-0.442 -0.017748 0.0351621
-0.44 -0.0185569 0.0366015
-0.438 -0.0191254 0.0373496
-0.436 -0.019381 0.0373197
-0.434 -0.0192455 0.0364524
-0.432 -0.0186372 0.0347198
-0.43 -0.0174728 0.0321269
-0.428 -0.0156697 0.0287111
-0.426 -0.0131483 0.024539
-0.424 -0.00983449 0.019702
-0.422 -0.0056623 0.0143091
-0.42 -0.000576533 0.00848022
-0.418 0.00546436 0.00233763
-0.416 0.0124852 -0.00400154
-0.414 0.0204909 -0.0104322
-0.412 0.0294632 -0.0168665
-0.41 0.0393577 -0.023238
-0.408 0.0501015 -0.0295025
-0.406 0.0615919 -0.0356376
-0.404 0.0736965 -0.0416402
-0.402 0.086255 -0.0475214
-0.4 0.0990829 -0.0533
-0.398 0.111977 -0.0589952
-0.396 0.12472 -0.0646182
-0.394 0.137093 -0.070163
-0.392 0.148874 -0.0755994
-0.39 0.159855 -0.0808661
-0.388 0.169839 -0.0858667
-0.386 0.17865 -0.0904691
-0.384 0.186136 -0.0945082
-0.382 0.192171 -0.0977926
-0.38 0.196658 -0.100115
-0.378 0.199533 -0.101268
-0.376 0.200767 -0.101056
-0.374 0.200365 -0.0993147
-0.372 0.198374 -0.0959296
-0.37 0.194879 -0.0908467
-0.368 0.190003 -0.084086
-0.366 0.183905 -0.0757484
-0.364 0.176773 -0.0660173
-0.362 0.168816 -0.0551558
-0.36 0.160254 -0.0434979
-0.358 0.151302 -0.0314351
-0.356 0.14216 -0.019399
-0.354 0.132997 -0.00784136
-0.352 0.12394 0.00278916
-0.35 0.115063 0.0120694
-0.348 0.106384 0.0196245
-0.346 0.0978599 0.0251488
-0.344 0.0893939 0.0284235
-0.342 0.080842 0.0293301
-0.34 0.072027 0.0278589
-0.338 0.0627556 0.0241105
-0.336 0.0528378 0.0182916
-0.334 0.042108 0.0107032
-0.332 0.0304455 0.00172263
-0.33 0.0177937 -0.00821919
-0.328 0.00417532 -0.0186653
-0.326 -0.0102963 -0.0291612
-0.324 -0.0254119 -0.0392838
-0.322 -0.0408666 -0.0486667
-0.32 -0.0562671 -0.0570218
-0.318 -0.0711438 -0.0641538
-0.316 -0.0849696 -0.0699681
-0.314 -0.0971812 -0.0744711
-0.312 -0.107205 -0.0777642
-0.31 -0.114486 -0.0800317
-0.308 -0.118513 -0.0815251
-0.306 -0.118853 -0.0825437
-0.304 -0.115175 -0.0834144
-0.302 -0.107277 -0.0844697
-0.3 -0.0951105 -0.0860264
-0.298 -0.0787977 -0.0883637
-0.296 -0.0586394 -0.0917028
-0.294 -0.0351179 -0.0961883
-0.292 -0.00888732 -0.101873
-0.29 0.0192484 -0.108705
-0.288 0.0483671 -0.11653
-0.286 0.0774709 -0.125089
-0.284 0.105536 -0.134035
-0.282 0.131564 -0.142954
-0.28 0.154635 -0.151399
-0.278 0.173959 -0.15892
-0.276 0.188906 -0.165106
-0.274 0.199046 -0.16962
-0.272 0.204153 -0.172228
-0.27 0.204212 -0.172826
-0.268 0.199404 -0.171445
-0.266 0.190084 -0.168254
-0.264 0.176746 -0.163547
-0.262 0.159981 -0.15772
-0.26 0.140439 -0.151245
-0.258 0.118777 -0.144632
-0.256 0.0956224 -0.138404
-0.254 0.0715251 -0.133063
-0.252 0.0469238 -0.129067
-0.25 0.0221132 -0.126812
-0.248 -0.00277799 -0.126619
-0.246 -0.027799 -0.128727
-0.244 -0.0531755 -0.133288
-0.242 -0.0792912 -0.140368
-0.24 -0.106653 -0.149943
-0.238 -0.135841 -0.161906
-0.236 -0.167439 -0.176068
-0.234 -0.201961 -0.192158
-0.232 -0.239774 -0.209836
-0.23 -0.281024 -0.2287
-0.228 -0.325579 -0.248302
-0.226 -0.372989 -0.268162
-0.224 -0.422483 -0.287789
-0.222 -0.472987 -0.306699
-0.22 -0.523181 -0.324431
-0.218 -0.57157 -0.340563
-0.216 -0.616586 -0.354719
-0.214 -0.656688 -0.366575
-0.212 -0.690469 -0.375864
-0.21 -0.716746 -0.382368
-0.208 -0.73464 -0.385922
-0.206 -0.743626 -0.386414
-0.204 -0.74357 -0.383784
-0.202 -0.734737 -0.378026
-0.2 -0.717782 -0.3692
-0.198 -0.693729 -0.357429
-0.196 -0.663922 -0.342909
-0.194 -0.629977 -0.325912
-0.192 -0.59371 -0.30678
-0.19 -0.557051 -0.285927
-0.188 -0.521951 -0.26382
-0.186 -0.490274 -0.240974
-0.184 -0.463685 -0.217925
-0.182 -0.443545 -0.195214
-0.18 -0.430812 -0.173359
-0.178 -0.425969 -0.152834
-0.176 -0.428983 -0.134045
-0.174 -0.439297 -0.117303
-0.172 -0.455869 -0.10281
-0.17 -0.477244 -0.0906429
-0.168 -0.501664 -0.0807468
-0.166 -0.527198 -0.072931
-0.164 -0.55188 -0.0668777
-0.162 -0.573843 -0.0621551
-0.16 -0.591432 -0.05824
-0.158 -0.603294 -0.0545466
-0.156 -0.608425 -0.0504609
-0.154 -0.606202 -0.0453793
-0.152 -0.596367 -0.0387471
-0.15 -0.579005 -0.0300957
-0.148 -0.554502 -0.0190739
-0.146 -0.523491 -0.00547205
-0.144 -0.486805 0.0107627
-0.142 -0.445412 0.0295224
-0.14 -0.400362 0.0505431
-0.138 -0.352716 0.0734204
-0.136 -0.303483 0.0976319
-0.134 -0.253541 0.122567
-0.132 -0.203577 0.147563
-0.13 -0.154014 0.171939
-0.128 -0.104966 0.195037
-0.126 -0.0562062 0.216262
-0.124 -0.00717047 0.235114
-0.122 0.0430133 0.251218
-0.12 0.0954578 0.26435
-0.118 0.15142 0.274452
-0.116 0.21218 0.281631
-0.114 0.278914 0.28616
-0.112 0.352567 0.288455
-0.11 0.433742 0.289046
-0.108 0.522626 0.288545
-0.106 0.618945 0.287596
-0.104 0.72197 0.286828
-0.102 0.830547 0.286804
-0.1 0.943171 0.287974
-0.098 1.05806 0.290638
-0.096 1.17326 0.294913
-0.094 1.28673 0.300721
-0.092 1.39644 0.307796
-0.09 1.50047 0.315705
-0.088 1.59707 0.323888
-0.086 1.68477 0.33172
-0.084 1.76244 0.338571
-0.082 1.82937 0.343883
-0.08 1.88534 0.347234
-0.078 1.93067 0.348394
-0.076 1.96624 0.347375
-0.074 1.99348 0.344445
-0.072 2.01432 0.340131
-0.07 2.0311 0.335201
-0.068 2.04646 0.330618
-0.066 2.06318 0.327481
-0.064 2.08399 0.326954
-0.062 2.11141 0.330192
-0.06 2.14759 0.338256
-0.058 2.1942 0.352038
-0.056 2.2523 0.372192
-0.054 2.32239 0.399073
-0.052 2.4044 0.432688
-0.05 2.49776 0.472663
-0.048 2.6015 0.51823
-0.046 2.7144 0.568236
-0.044 2.83503 0.621172
-0.042 2.9619 0.675236
-0.04 3.09352 0.728416
-0.038 3.22841 0.778596
-0.036 3.36518 0.823678
-0.034 3.50252 0.861716
-0.032 3.63921 0.891037
-0.03 3.77416 0.910359
-0.028 3.90641 0.918886
-0.026 4.03512 0.916367
-0.024 4.15962 0.903127
-0.022 4.27937 0.880063
-0.02 4.39394 0.848597
-0.018 4.50301 0.810598
-0.016 4.60628 0.768276
-0.014 4.70345 0.72405
-0.012 4.79412 0.680404
-0.01 4.87774 0.639732
-0.008 4.95357 0.604194
-0.006 5.02065 0.575578
-0.004 5.07783 0.555185
-0.002 5.12378 0.543748
0 5.15711 0.541379
0.002 5.17658 0.547591
0.004 5.18087 0.561246
0.006 5.169 0.580698
0.008 5.14032 0.603876
0.01 5.0946 0.628429
0.012 5.03197 0.651876
0.014 4.95298 0.671779
0.016 4.85854 0.685905
0.018 4.74989 0.692371
0.02 4.62852 0.689766
0.022 4.49617 0.677245
0.024 4.35479 0.654573
0.026 4.20646 0.622147
0.028 4.0534 0.580966
0.03 3.8979 0.532579
0.032 3.74226 0.478998
0.034 3.58876 0.422589
0.036 3.43952 0.365946
0.038 3.29652 0.311752
0.04 3.16139 0.262629
0.042 3.03547 0.220997
0.044 2.91963 0.188929
0.046 2.81431 0.168031
0.048 2.71946 0.159334
0.05 2.63461 0.163224
0.052 2.5589 0.179401
0.054 2.49114 0.206887
0.056 2.42997 0.244064
0.058 2.37389 0.288765
0.06 2.32142 0.338396
0.062 2.2711 0.390092
0.064 2.22164 0.440881
0.066 2.17185 0.487872
0.068 2.12074 0.528417
0.07 2.06745 0.560266
0.072 2.01132 0.581691
0.074 1.95181 0.591569
0.076 1.88853 0.589428
0.078 1.82125 0.575451
0.08 1.74984 0.550446
0.082 1.67434 0.515779
0.084 1.59492 0.47328
0.086 1.51187 0.42513
0.088 1.42563 0.37374
0.09 1.33672 0.32161
0.092 1.24578 0.271199
0.094 1.15349 0.2248
0.096 1.06052 0.184416
0.098 0.967538 0.151665
0.1 0.875128 0.127703
0.102 0.783766 0.113171
0.104 0.6938 0.108172
0.106 0.60544 0.112286
0.108 0.518771 0.124604
0.11 0.433767 0.143795
0.112 0.350323 0.168198
0.114 0.26828 0.195927
0.116 0.187463 0.224983
0.118 0.107703 0.253368
0.12 0.0288717 0.2792
0.122 -0.0490965 0.300802
0.124 -0.126172 0.316786
0.126 -0.202202 0.32611
0.128 -0.276882 0.328114
0.13 -0.349732 0.322532
0.132 -0.420075 0.309487
0.134 -0.487037 0.28946
0.136 -0.549553 0.263247
0.138 -0.606397 0.2319
0.14 -0.656235 0.196657
0.142 -0.697689 0.158862
0.144 -0.729427 0.119892
0.146 -0.750262 0.0810786
0.148 -0.75925 0.0436362
0.15 -0.755793 0.00860515
0.152 -0.739719 -0.0231942
0.154 -0.711342 -0.0511891
0.156 -0.671497 -0.0750654
0.158 -0.621531 -0.0947599
0.16 -0.56327 -0.110438
0.162 -0.49895 -0.122458
0.164 -0.431127 -0.13133
0.166 -0.362564 -0.137663
0.168 -0.296114 -0.142124
0.17 -0.234593 -0.145389
0.172 -0.180658 -0.148102
0.174 -0.136686 -0.15085
0.176 -0.104669 -0.15413
0.178 -0.0861115 -0.158334
0.18 -0.0819599 -0.163742
0.182 -0.0925375 -0.170511
0.184 -0.117514 -0.178684
0.186 -0.1559 -0.188196
0.188 -0.206075 -0.198891
0.19 -0.26585 -0.210536
0.192 -0.332565 -0.222847
0.194 -0.403212 -0.235508
0.196 -0.474595 -0.248193
0.198 -0.543493 -0.260588
0.2 -0.606842 -0.272406
0.202 -0.661895 -0.283402
0.204 -0.706376 -0.293378
0.206 -0.738586 -0.302194
0.208 -0.757484 -0.309763
0.21 -0.762714 -0.316045
0.212 -0.754588 -0.321046
0.214 -0.734037 -0.324796
0.216 -0.702516 -0.327345
0.218 -0.661899 -0.328748
0.22 -0.614344 -0.329053
0.222 -0.562163 -0.328293
0.224 -0.507689 -0.326487
0.226 -0.453146 -0.323634
0.228 -0.400538 -0.319721
0.23 -0.35155 -0.31473
0.232 -0.307477 -0.308644
0.234 -0.269166 -0.30146
0.236 -0.236998 -0.293191
0.238 -0.210886 -0.283873
0.24 -0.190308 -0.273569
0.242 -0.174366 -0.262361
0.244 -0.161869 -0.250354
0.246 -0.151432 -0.237664
0.248 -0.141592 -0.224417
0.25 -0.130928 -0.210744
0.252 -0.118177 -0.196779
0.254 -0.102332 -0.182657
0.256 -0.0827289 -0.168516
0.258 -0.0590995 -0.154498
0.26 -0.0315934 -0.14075
0.262 -0.000770698 -0.127428
0.264 0.0324378 -0.114691
0.266 0.066797 -0.102708
0.268 0.100856 -0.0916459
0.27 0.133047 -0.0816712
0.272 0.161801 -0.0729401
0.274 0.185649 -0.0655913
0.276 0.203326 -0.0597381
0.278 0.213857 -0.0554604
0.28 0.216623 -0.0527984
0.282 0.211404 -0.0517484
0.284 0.1984 -0.0522599
0.286 0.178218 -0.0542367
0.288 0.151842 -0.0575382
0.29 0.120577 -0.061984
0.292 0.0859775 -0.0673591
0.294 0.049755 -0.0734202
0.296 0.0136864 -0.0799032
0.298 -0.0204861 -0.0865314
0.3 -0.0511498 -0.0930247
0.302 -0.0769066 -0.0991095
0.304 -0.0966441 -0.104529
0.306 -0.109587 -0.109055
0.308 -0.115329 -0.112492
0.31 -0.113838 -0.114694
0.312 -0.105444 -0.115563
0.314 -0.0908019 -0.115056
0.316 -0.0708423 -0.113188
0.318 -0.0467054 -0.110028
0.32 -0.01967 -0.105701
0.322 0.00892067 -0.100379
0.324 0.0377325 -0.0942737
0.326 0.0655076 -0.087628
0.328 0.0911231 -0.0807037
0.33 0.113639 -0.073768
0.332 0.132332 -0.0670778
0.334 0.146721 -0.060865
0.336 0.156567 -0.0553212
0.338 0.161877 -0.0505853
0.34 0.162882 -0.0467331
0.342 0.16001 -0.0437719
0.344 0.153851 -0.041641
0.346 0.145116 -0.0402162
0.348 0.13459 -0.039322
0.35 0.123085 -0.0387465
0.352 0.111396 -0.0382614
0.354 0.100253 -0.037642
0.356 0.0902906 -0.0366879
0.358 0.0820143 -0.0352403
0.36 0.0757846 -0.0331961
0.362 0.0718062 -0.0305162
0.364 0.0701296 -0.0272283
0.366 0.0706615 -0.0234247
0.368 0.0731828 -0.0192535
0.37 0.0773733 -0.0149067
0.372 0.0828398 -0.0106045
0.374 0.0891459 -0.00657762
0.376 0.0958415 -0.00305027
0.378 0.102489 -0.000222561
0.38 0.108687 0.0017441
0.382 0.114086 0.00273897
0.384 0.118406 0.00271025
0.386 0.121437 0.00166923
0.388 0.12305 -0.000309792
0.39 0.123187 -0.00309391
0.392 0.121861 -0.00649973
0.394 0.119147 -0.0103048
0.396 0.11517 -0.0142617
0.398 0.110094 -0.018113
0.4 0.104111 -0.0216075
0.402 0.0974298 -0.0245155
0.404 0.0902611 -0.0266425
0.406 0.0828105 -0.0278408
0.408 0.0752684 -0.0280179
0.41 0.0678029 -0.027141
0.412 0.0605551 -0.0252387
0.414 0.0536362 -0.0223973
0.416 0.0471271 -0.0187548
0.418 0.0410791 -0.0144909
0.42 0.0355172 -0.00981457
0.422 0.0304439 -0.00495048
0.424 0.0258433 -0.000124064
0.426 0.0216865 0.00445246
0.428 0.0179359 0.00859285
0.43 0.0145491 0.0121472
0.432 0.0114831 0.0150095
0.434 0.00869678 0.017121
0.436 0.00615367 0.0184712
0.438 0.00382375 0.0190936
0.44 0.00168468 0.0190604
0.442 -0.000277439 0.018473
0.444 -0.00206818 0.0174525
0.446 -0.0036855 0.0161288
0.448 -0.00512116 0.0146305
0.45 -0.00636286 0.0130756
0.452 -0.00739678 0.0115644
0.454 -0.0082102 0.0101744
0.456 -0.00879421 0.00895753
0.458 -0.0091458 0.00794017
0.46 -0.00926943 0.0071248
0.462 -0.00917767 0.00649384
0.464 -0.00889103 0.00601464
0.466 -0.00843689 0.00564523
0.468 -0.00784774 0.00534033
0.47 -0.00715909 0.0050568
0.472 -0.00640703 0.00475836
0.474 -0.00562601 0.00441902
0.476 -0.00484686 0.00402496
0.478 -0.00409532 0.00357492
0.48 -0.00339121 0.00307905
0.482 -0.00274811 0.00255655
0.484 -0.00217377 0.00203238
0.486 -0.00167097 0.0015335
0.488 -0.00123872 0.0010851
0.49 -0.000873892 0.000707281
0.492 -0.000572803 0.000412521
0.494 -0.000332901 0.000204231
0.496 -0.000154214 7.65294e-05
0.498 -4.05081e-05 1.5244e-05
0.2 1.04923 0.104005
0.4 1.04916 0.104392
0.6 1.04905 0.105034
0.8 1.04889 0.105931
1 1.0487 0.10708
1.2 1.04846 0.108477
1.4 1.0482 0.110118
1.6 1.0479 0.111997
1.8 1.04759 0.11411
2 1.04725 0.116449
2.2 1.04691 0.119008
2.4 1.04656 0.121778
2.6 1.04622 0.124752
2.8 1.04589 0.127919
3 1.04557 0.131271
3.2 1.04529 0.134796
3.4 1.04504 0.138485
3.6 1.04484 0.142326
3.8 1.04469 0.146306
4 1.0446 0.150414
4.2 1.04458 0.154638
4.4 1.04464 0.158963
4.6 1.04479 0.163376
4.8 1.04504 0.167865
5 1.04539 0.172414
5.2 1.04585 0.17701
5.4 1.04642 0.181639
5.6 1.04712 0.186286
5.8 1.04795 0.190937
6 1.0489 0.195576
6.2 1.05 0.20019
6.4 1.05123 0.204765
6.6 1.05261 0.209285
6.8 1.05413 0.213737
7 1.05579 0.218106
7.2 1.0576 0.222379
7.4 1.05954 0.226543
7.6 1.06163 0.230584
7.8 1.06385 0.234489
8 1.0662 0.238246
8.2 1.06867 0.241843
8.4 1.07126 0.245269
8.6 1.07395 0.248512
8.8 1.07675 0.251563
9 1.07963 0.254411
9.2 1.0826 0.257047
9.4 1.08562 0.259462
9.6 1.0887 0.261649
9.8 1.09181 0.263601
10 1.09495 0.26531
10.2 1.09809 0.266772
10.4 1.10122 0.26798
10.6 1.10433 0.268931
10.8 1.10738 0.269621
11 1.11037 0.270048
11.2 1.11327 0.270209
11.4 1.11607 0.270103
11.6 1.11874 0.26973
11.8 1.12127 0.26909
12 1.12363 0.268185
12.2 1.1258 0.267015
12.4 1.12777 0.265584
12.6 1.1295 0.263895
12.8 1.13099 0.261953
13 1.13221 0.25976
13.2 1.13314 0.257325
13.4 1.13376 0.254651
13.6 1.13405 0.251746
13.8 1.134 0.248616
14 1.13358 0.245271
14.2 1.13279 0.241717
14.4 1.13159 0.237964
14.6 1.12999 0.234021
14.8 1.12797 0.229897
15 1.12551 0.225602
15.2 1.1226 0.221146
15.4 1.11923 0.216541
15.6 1.11539 0.211795
15.8 1.11109 0.206921
16 1.1063 0.201928
16.2 1.10102 0.19683
16.4 1.09526 0.191635
16.6 1.089 0.186356
16.8 1.08226 0.181004
17 1.07502 0.175589
17.2 1.0673 0.170123
17.4 1.05909 0.164617
17.6 1.05041 0.15908
17.8 1.04126 0.153523
18 1.03164 0.147956
18.2 1.02158 0.14239
18.4 1.01107 0.136833
18.6 1.00013 0.131294
18.8 0.988785 0.125783
19 0.977038 0.120308
19.2 0.964908 0.114876
19.4 0.952413 0.109496
19.6 0.939572 0.104173
19.8 0.926403 0.0989159
20 0.912927 0.0937294
20.2 0.899164 0.0886197
20.4 0.885137 0.0835918
20.6 0.870868 0.0786507
20.8 0.856379 0.0738005
21 0.841693 0.0690451
21.2 0.826835 0.0643878
21.4 0.811827 0.0598316
21.6 0.796693 0.055379
21.8 0.781458 0.051032
22 0.766144 0.0467924
22.2 0.750776 0.0426614
22.4 0.735377 0.0386399
22.6 0.71997 0.0347286
22.8 0.704577 0.0309277
23 0.68922 0.0272372
23.2 0.673921 0.0236569
23.4 0.6587 0.0201862
23.6 0.643577 0.0168243
23.8 0.628572 0.0135704
24 0.613703 0.0104233
24.2 0.598987 0.00738184
24.4 0.58444 0.0044447
24.6 0.570078 0.00161046
24.8 0.555915 -0.00112235
25 0.541964 -0.00375521
25.2 0.528237 -0.00628963
25.4 0.514745 -0.00872709
25.6 0.501497 -0.011069
25.8 0.488502 -0.0133169
26 0.475768 -0.0154719
26.2 0.4633 -0.0175353
26.4 0.451103 -0.0195082
26.6 0.439181 -0.0213917
26.8 0.427537 -0.0231865
27 0.416172 -0.0248935
27.2 0.405087 -0.0265131
27.4 0.394281 -0.0280459
27.6 0.383753 -0.0294922
27.8 0.373501 -0.030852
28 0.363521 -0.0321253
28.2 0.353809 -0.0333121
28.4 0.34436 -0.034412
28.6 0.33517 -0.0354246
28.8 0.326231 -0.0363495
29 0.317537 -0.0371858
29.2 0.30908 -0.0379331
29.4 0.300854 -0.0385903
29.6 0.292851 -0.0391567
29.8 0.285061 -0.0396315
30 0.277478 -0.0400135
30.2 0.270091 -0.0403021
30.4 0.262894 -0.0404962
30.6 0.255877 -0.0405949
30.8 0.249032 -0.0405976
31 0.24235 -0.0405035
31.2 0.235824 -0.040312
31.4 0.229446 -0.0400225
31.6 0.223209 -0.0396349
31.8 0.217105 -0.0391489
32 0.211128 -0.0385646
32.2 0.205271 -0.0378821
32.4 0.19953 -0.0371021
32.6 0.193899 -0.0362251
32.8 0.188374 -0.0352521
33 0.182951 -0.0341843
33.2 0.177626 -0.0330234
33.4 0.172397 -0.031771
33.6 0.167262 -0.0304292
33.8 0.16222 -0.0290005
34 0.15727 -0.0274875
34.2 0.152412 -0.0258933
34.4 0.147647 -0.0242212
34.6 0.142975 -0.0224747
34.8 0.138399 -0.0206578
35 0.133921 -0.0187747
35.2 0.129544 -0.0168299
35.4 0.125271 -0.014828
35.6 0.121105 -0.0127741
35.8 0.117052 -0.0106734
36 0.113115 -0.00853139
36.2 0.109299 -0.00635361
36.4 0.10561 -0.00414589
36.6 0.102052 -0.00191421
36.8 0.0986302 0.000335364
37 0.095351 0.00259665
37.2 0.0922193 0.0048634
37.4 0.0892407 0.00712933
37.6 0.0864202 0.00938811
37.8 0.083763 0.0116335
38 0.0812739 0.0138592
38.2 0.0789575 0.016059
38.4 0.076818 0.0182269
38.6 0.0748593 0.020357
38.8 0.0730846 0.0224435
39 0.071497 0.0244808
39.2 0.0700987 0.0264635
39.4 0.0688916 0.0283866
39.6 0.0678766 0.0302451
39.8 0.0670544 0.0320346
40 0.0664247 0.0337507
40.2 0.0659866 0.0353897
40.4 0.0657384 0.0369478
40.6 0.0656777 0.0384221
40.8 0.0658014 0.0398095
41 0.0661055 0.0411079
41.2 0.0665853 0.0423151
41.4 0.0672354 0.0434295
41.6 0.0680495 0.04445
41.8 0.0690208 0.0453759
42 0.0701415 0.0462067
42.2 0.0714032 0.0469426
42.4 0.072797 0.0475841
42.6 0.0743131 0.048132
42.8 0.0759414 0.0485876
43 0.0776709 0.0489525
43.2 0.0794905 0.0492288
43.4 0.0813883 0.0494188
43.6 0.0833521 0.0495253
43.8 0.0853696 0.0495511
44 0.0874278 0.0494995
44.2 0.0895138 0.0493741
44.4 0.0916144 0.0491787
44.6 0.0937164 0.0489172
44.8 0.0958064 0.0485936
45 0.0978713 0.0482124
45.2 0.0998979 0.047778
45.4 0.101873 0.0472947
45.6 0.103785 0.0467672
45.8 0.105619 0.0462
46 0.107366 0.0455977
46.2 0.109013 0.0449649
46.4 0.110548 0.0443061
46.6 0.111962 0.0436255
46.8 0.113245 0.0429276
47 0.114386 0.0422164
47.2 0.115379 0.0414958
47.4 0.116214 0.0407698
47.6 0.116886 0.0400418
47.8 0.117387 0.0393152
48 0.117714 0.038593
48.2 0.11786 0.037878
48.4 0.117824 0.0371729
48.6 0.117602 0.0364798
48.8 0.117194 0.0358006
49 0.116598 0.0351371
49.2 0.115816 0.0344905
49.4 0.114848 0.0338619
49.6 0.113697 0.033252
49.8 0.112367 0.0326611
50 0.110862 0.0320894
50.2 0.109187 0.0315366
50.4 0.107349 0.0310023
50.6 0.105354 0.0304857
50.8 0.103211 0.0299857
51 0.100928 0.0295012
51.2 0.0985139 0.0290305
51.4 0.0959799 0.0285721
51.6 0.0933363 0.0281239
51.8 0.0905947 0.0276841
52 0.0877669 0.0272503
52.2 0.0848654 0.0268202
52.4 0.0819029 0.0263915
52.6 0.0788928 0.0259618
52.8 0.0758485 0.0255284
53 0.0727838 0.0250888
53.2 0.0697126 0.0246407
53.4 0.0666487 0.0241815
53.6 0.0636064 0.0237088
53.8 0.0605994 0.0232203
54 0.0576418 0.0227138
54.2 0.0547472 0.0221873
54.4 0.051929 0.0216389
54.6 0.0492005 0.0210668
54.8 0.0465744 0.0204697
55 0.0440632 0.0198461
55.2 0.0416787 0.019195
55.4 0.0394324 0.0185157
55.6 0.0373351 0.0178075
55.8 0.0353969 0.0170703
56 0.0336275 0.016304
56.2 0.0320356 0.015509
56.4 0.0306294 0.0146858
56.6 0.0294161 0.0138353
56.8 0.0284023 0.0129587
57 0.0275937 0.0120575
57.2 0.0269952 0.0111334
57.4 0.0266107 0.0101883
57.6 0.0264435 0.00922472
57.8 0.0264957 0.00824503
58 0.0267688 0.00725206
58.2 0.0272633 0.00624878
58.4 0.0279788 0.00523841
58.6 0.0289142 0.00422433
58.8 0.0300673 0.00321008
59 0.0314353 0.00219937
59.2 0.0330145 0.00119599
59.4 0.0348004 0.000203868
59.6 0.0367879 -0.00077304
59.8 0.038971 -0.00173072
60 0.041343 -0.00266513
60.2 0.0438967 -0.00357226
60.4 0.0466241 -0.00444813
60.6 0.0495169 -0.00528883
60.8 0.0525659 -0.00609053
61 0.0557617 -0.00684955
61.2 0.0590944 -0.00756232
61.4 0.0625535 -0.00822546
61.6 0.0661285 -0.00883579
61.8 0.0698084 -0.00939033
62 0.0735818 -0.00988635
62.2 0.0774373 -0.0103214
62.4 0.0813633 -0.0106933
62.6 0.0853481 -0.011
62.8 0.0893798 -0.0112402
63 0.0934467 -0.0114124
63.2 0.097537 -0.0115157
63.4 0.101639 -0.0115496
63.6 0.105741 -0.0115139
63.8 0.109831 -0.0114086
64 0.113899 -0.0112342
64.2 0.117933 -0.0109916
64.4 0.121922 -0.0106819
64.6 0.125856 -0.0103067
64.8 0.129724 -0.00986791
65 0.133517 -0.00936769
65.2 0.137226 -0.0088086
65.4 0.140841 -0.00819348
65.6 0.144353 -0.00752549
65.8 0.147755 -0.00680805
66 0.151038 -0.00604483
66.2 0.154195 -0.00523976
66.4 0.15722 -0.00439699
66.6 0.160106 -0.00352083
66.8 0.162846 -0.00261579
67 0.165437 -0.00168653
67.2 0.167872 -0.0007378
67.4 0.170148 0.000225539
67.6 0.17226 0.00119857
67.8 0.174205 0.00217633
68 0.17598 0.00315386
68.2 0.177584 0.00412622
68.4 0.179012 0.0050885
68.6 0.180265 0.00603589
68.8 0.181341 0.00696366
69 0.182239 0.00786723
69.2 0.18296 0.00874215
69.4 0.183503 0.00958415
69.6 0.183868 0.0103892
69.8 0.184058 0.0111534
70 0.184072 0.0118732
70.2 0.183913 0.0125452
70.4 0.183583 0.0131664
70.6 0.183083 0.013734
70.8 0.182417 0.0142455
71 0.181586 0.0146988
71.2 0.180595 0.0150921
71.4 0.179447 0.0154238
71.6 0.178144 0.0156928
71.8 0.176691 0.0158984
72 0.175091 0.0160399
72.2 0.173349 0.0161174
72.4 0.171468 0.016131
72.6 0.169454 0.0160813
72.8 0.167311 0.0159691
73 0.165043 0.0157957
73.2 0.162654 0.0155625
73.4 0.160151 0.0152714
73.6 0.157537 0.0149244
73.8 0.154818 0.0145238
74 0.151999 0.0140724
74.2 0.149085 0.0135728
74.4 0.14608 0.0130282
74.6 0.142991 0.0124418
74.8 0.139823 0.011817
75 0.13658 0.0111573
75.2 0.133269 0.0104664
75.4 0.129894 0.00974811
75.6 0.12646 0.0090063
75.8 0.122974 0.00824489
76 0.11944 0.00746782
76.2 0.115864 0.00667906
76.4 0.112251 0.00588257
76.6 0.108607 0.00508226
76.8 0.104937 0.004282
77 0.101245 0.00348557
77.2 0.0975386 0.00269666
77.4 0.0938215 0.00191883
77.6 0.0900994 0.00115552
77.8 0.0863776 0.000410003
78 0.0826611 -0.000314601
78.2 0.0789551 -0.00101537
78.4 0.0752647 -0.00168956
78.6 0.0715949 -0.00233467
78.8 0.0679508 -0.00294837
79 0.0643371 -0.0035286
79.2 0.0607588 -0.00407351
79.4 0.0572206 -0.00458149
79.6 0.0537271 -0.00505119
79.8 0.0502829 -0.00548149
80 0.0468926 -0.00587152
80.2 0.0435604 -0.00622065
80.4 0.0402906 -0.00652851
80.6 0.0370873 -0.00679495
80.8 0.0339545 -0.00702008
81 0.030896 -0.0072042
81.2 0.0279156 -0.00734786
81.4 0.0250166 -0.00745182
81.6 0.0222026 -0.00751702
81.8 0.0194766 -0.0075446
82 0.0168416 -0.00753589
82.2 0.0143005 -0.00749237
82.4 0.0118557 -0.00741566
82.6 0.00950967 -0.00730753
82.8 0.00726455 -0.00716988
83 0.00512226 -0.00700471
83.2 0.00308446 -0.00681409
83.4 0.00115261 -0.0066002
83.6 -0.000672107 -0.00636524
83.8 -0.00238873 -0.00611148
84 -0.00399658 -0.00584122
84.2 -0.00549521 -0.00555676
84.4 -0.00688446 -0.0052604
84.6 -0.00816441 -0.00495442
84.8 -0.00933542 -0.00464108
85 -0.0103981 -0.00432259
85.2 -0.0113533 -0.0040011
85.4 -0.0122022 -0.00367868
85.6 -0.0129462 -0.00335735
85.8 -0.013587 -0.00303901
86 -0.0141263 -0.00272549
86.2 -0.0145664 -0.00241847
86.4 -0.0149097 -0.00211956
86.6 -0.0151587 -0.00183022
86.8 -0.0153162 -0.00155179
87 -0.0153854 -0.00128549
87.2 -0.0153694 -0.00103239
87.4 -0.0152715 -0.00079342
87.6 -0.0150956 -0.000569397
87.8 -0.0148451 -0.000360982
88 -0.0145242 -0.000168706
88.2 -0.0141367 7.03819e-06
88.4 -0.0136868 0.000165985
88.6 -0.0131789 0.000307999
88.8 -0.0126171 0.000433068
89 -0.012006 0.000541298
89.2 -0.0113499 0.000632905
89.4 -0.0106533 0.000708214
89.6 -0.00992079 0.000767645
89.8 -0.00915682 0.00081171
90 -0.00836587 0.000841006
90.2 -0.00755238 0.000856201
90.4 -0.00672074 0.000858029
90.6 -0.00587527 0.000847282
90.8 -0.00502021 0.000824798
91 -0.00415967 0.000791456
91.2 -0.00329767 0.000748163
91.4 -0.00243807 0.000695845
91.6 -0.0015846 0.000635443
91.8 -0.000740806 0.000567897
92 8.99254e-05 0.000494147
92.2 0.000904408 0.000415116
92.4 0.00169966 0.000331706
92.6 0.00247289 0.000244794
92.8 0.00322156 0.00015522
93 0.00394334 6.37852e-05
93.2 0.00463613 -2.87576e-05
93.4 0.00529811 -0.000121706
93.6 0.00592765 -0.000214412
93.8 0.00652343 -0.000306289
94 0.00708433 -0.000396812
94.2 0.00760953 -0.000485521
94.4 0.00809844 -0.000572025
94.6 0.00855073 -0.000655998
94.8 0.0089663 -0.000737185
95 0.00934533 -0.000815399
95.2 0.00968822 -0.000890523
95.4 0.0099956 -0.000962504
95.6 0.0102683 -0.00103136
95.8 0.0105075 -0.00109716
96 0.0107144 -0.00116005
96.2 0.0108906 -0.00122022
96.4 0.0110376 -0.00127792
96.6 0.0111574 -0.00133345
96.8 0.0112519 -0.00138715
97 0.0113232 -0.00143941
97.2 0.0113738 -0.00149066
97.4 0.0114059 -0.00154134
97.6 0.011422 -0.00159195
97.8 0.0114247 -0.00164297
98 0.0114166 -0.00169495
98.2 0.0114005 -0.00174839
98.4 0.0113789 -0.00180386
98.6 0.0113546 -0.00186189
98.8 0.0113302 -0.00192302
99 0.0113086 -0.00198779
99.2 0.0112922 -0.00205672
99.4 0.0112836 -0.00213032
99.6 0.0112854 -0.00220908
99.8 0.0112998 -0.00229348
100 0.0113292 -0.00238396
100.2 0.0113757 -0.00248093
100.4 0.0114413 -0.00258479
100.6 0.0115279 -0.0026959
100.8 0.011637 -0.00281459
101 0.0117702 -0.00294116
101.2 0.0119287 -0.00307585
101.4 0.0121137 -0.00321891
101.6 0.012326 -0.00337053
101.8 0.0125662 -0.00353086
102 0.0128348 -0.00370004
102.2 0.0131319 -0.00387817
102.4 0.0134575 -0.00406531
102.6 0.0138112 -0.00426152
102.8 0.0141925 -0.0044668
103 0.0146005 -0.00468116
103.2 0.0150343 -0.00490457
103.4 0.0154925 -0.00513699
103.6 0.0159737 -0.00537835
103.8 0.0164759 -0.0056286
104 0.0169973 -0.00588766
104.2 0.0175357 -0.00615545
104.4 0.0180885 -0.00643188
104.6 0.0186531 -0.00671686
104.8 0.0192268 -0.00701032
105 0.0198065 -0.00731219
105.2 0.020389 -0.00762239
105.4 0.0209711 -0.00794087
105.6 0.0215492 -0.00826759
105.8 0.0221198 -0.00860252
106 0.0226791 -0.00894564
106.2 0.0232235 -0.00929697
106.4 0.023749 -0.00965652
106.6 0.0242518 -0.0100243
106.8 0.024728 -0.0104005
107 0.0251735 -0.010785
107.2 0.0255846 -0.0111781
107.4 0.0259572 -0.0115798
107.6 0.0262875 -0.0119902
107.8 0.0265717 -0.0124095
108 0.0268062 -0.0128379
108.2 0.0269873 -0.0132755
108.4 0.0271116 -0.0137225
108.6 0.0271757 -0.0141791
108.8 0.0271765 -0.0146454
109 0.027111 -0.0151216
109.2 0.0269764 -0.015608
109.4 0.0267702 -0.0161046
109.6 0.0264899 -0.0166116
109.8 0.0261335 -0.0171292
110 0.0256992 -0.0176573
110.2 0.0251853 -0.0181962
110.4 0.0245906 -0.0187459
110.6 0.023914 -0.0193063
110.8 0.0231549 -0.0198774
111 0.0223127 -0.0204592
111.2 0.0213875 -0.0210515
111.4 0.0203795 -0.0216541
111.6 0.0192891 -0.0222668
111.8 0.0181172 -0.0228893
112 0.016865 -0.0235212
112.2 0.015534 -0.0241621
112.4 0.0141261 -0.0248115
112.6 0.0126432 -0.0254688
112.8 0.0110879 -0.0261334
113 0.00946293 -0.0268046
113.2 0.00777126 -0.0274815
113.4 0.00601623 -0.0281634
113.6 0.00420143 -0.0288493
113.8 0.00233071 -0.0295381
114 0.000408158 -0.0302289
114.2 -0.00156189 -0.0309204
114.4 -0.00357487 -0.0316115
114.6 -0.00562604 -0.0323008
114.8 -0.00771044 -0.0329872
115 -0.00982297 -0.033669
115.2 -0.0119584 -0.0343451
115.4 -0.0141112 -0.0350138
115.6 -0.016276 -0.0356736
115.8 -0.0184472 -0.036323
116 -0.020619 -0.0369605
116.2 -0.0227858 -0.0375844
116.4 -0.0249419 -0.0381932
116.6 -0.0270814 -0.0387852
116.8 -0.0291986 -0.0393588
117 -0.0312878 -0.0399125
117.2 -0.0333434 -0.0404446
117.4 -0.0353598 -0.0409537
117.6 -0.0373315 -0.0414382
117.8 -0.0392532 -0.0418968
118 -0.0411197 -0.0423279
118.2 -0.0429258 -0.0427302
118.4 -0.0446668 -0.0431025
118.6 -0.0463378 -0.0434435
118.8 -0.0479345 -0.0437522
119 -0.0494526 -0.0440276
119.2 -0.050888 -0.0442686
119.4 -0.0522369 -0.0444746
119.6 -0.053496 -0.0446447
119.8 -0.0546618 -0.0447783
120 -0.0557316 -0.0448751
120.2 -0.0567027 -0.0449346
120.4 -0.0575727 -0.0449567
120.6 -0.0583397 -0.0449411
120.8 -0.0590018 -0.0448881
121 -0.0595578 -0.0447976
121.2 -0.0600065 -0.0446701
121.4 -0.0603473 -0.0445059
121.6 -0.0605796 -0.0443057
121.8 -0.0607036 -0.0440701
122 -0.0607193 -0.0437999
122.2 -0.0606273 -0.0434961
122.4 -0.0604286 -0.0431599
122.6 -0.0601243 -0.0427923
122.8 -0.0597158 -0.0423946
123 -0.059205 -0.0419684
123.2 -0.0585939 -0.0415151
123.4 -0.0578849 -0.0410363
123.6 -0.0570806 -0.0405338
123.8 -0.0561838 -0.0400092
124 -0.0551976 -0.0394644
124.2 -0.0541253 -0.0389014
124.4 -0.0529705 -0.0383221
124.6 -0.0517369 -0.0377285
124.8 -0.0504284 -0.0371226
125 -0.049049 -0.0365064
125.2 -0.0476031 -0.0358821
125.4 -0.0460949 -0.0352517
125.6 -0.0445289 -0.0346173
125.8 -0.0429097 -0.0339808
126 -0.041242 -0.0333444
126.2 -0.0395304 -0.03271
126.4 -0.0377798 -0.0320794
126.6 -0.0359949 -0.0314547
126.8 -0.0341806 -0.0308375
127 -0.0323417 -0.0302296
127.2 -0.030483 -0.0296326
127.4 -0.0286091 -0.0290481
127.6 -0.026725 -0.0284776
127.8 -0.0248352 -0.0279223
128 -0.0229442 -0.0273835
128.2 -0.0210567 -0.0268623
128.4 -0.0191769 -0.0263598
128.6 -0.0173091 -0.0258767
128.8 -0.0154575 -0.0254139
129 -0.0136261 -0.0249718
129.2 -0.0118188 -0.0245511
129.4 -0.0100391 -0.024152
129.6 -0.00829077 -0.0237747
129.8 -0.00657703 -0.0234193
130 -0.00490108 -0.0230858
130.2 -0.00326591 -0.0227739
130.4 -0.00167434 -0.0224833
130.6 -0.000128951 -0.0222136
130.8 0.00136784 -0.0219642
131 0.00281384 -0.0217344
131.2 0.00420704 -0.0215234
131.4 0.00554566 -0.0213304
131.6 0.0068281 -0.0211543
131.8 0.00805298 -0.0209941
132 0.00921912 -0.0208485
132.2 0.0103255 -0.0207164
132.4 0.0113715 -0.0205964
132.6 0.0123563 -0.0204872
132.8 0.0132796 -0.0203874
133 0.0141412 -0.0202955
133.2 0.0149411 -0.0202101
133.4 0.0156794 -0.0201296
133.6 0.0163565 -0.0200525
133.8 0.0169727 -0.0199774
134 0.0175288 -0.0199027
134.2 0.0180255 -0.0198269
134.4 0.0184637 -0.0197487
134.6 0.0188446 -0.0196665
134.8 0.0191692 -0.019579
135 0.0194389 -0.0194848
135.2 0.0196551 -0.0193828
135.4 0.0198193 -0.0192716
135.6 0.019933 -0.0191503
135.8 0.0199981 -0.0190177
136 0.0200162 -0.0188728
136.2 0.0199891 -0.0187149
136.4 0.0199188 -0.0185431
136.6 0.0198071 -0.0183568
136.8 0.0196561 -0.0181553
137 0.0194678 -0.0179383
137.2 0.0192441 -0.0177054
137.4 0.0189871 -0.0174563
137.6 0.018699 -0.0171909
137.8 0.0183817 -0.0169092
138 0.0180373 -0.0166111
138.2 0.0176679 -0.016297
138.4 0.0172755 -0.0159671
138.6 0.0168621 -0.0156218
138.8 0.0164297 -0.0152616
139 0.0159803 -0.0148871
139.2 0.0155158 -0.0144988
139.4 0.0150381 -0.0140977
139.6 0.014549 -0.0136845
139.8 0.0140503 -0.0132602
140 0.0135436 -0.0128257
140.2 0.0130308 -0.0123821
140.4 0.0125134 -0.0119305
140.6 0.011993 -0.011472
140.8 0.011471 -0.0110079
141 0.0109489 -0.0105393
141.2 0.0104281 -0.0100674
141.4 0.00990977 -0.00959367
141.6 0.00939524 -0.00911925
141.8 0.00888564 -0.00864545
142 0.00838206 -0.00817355
142.2 0.0078855 -0.00770482
142.4 0.00739692 -0.0072405
142.6 0.00691721 -0.00678183
142.8 0.00644716 -0.00632999
143 0.00598752 -0.00588613
143.2 0.00553898 -0.00545137
143.4 0.00510214 -0.00502677
143.6 0.00467756 -0.00461332
143.8 0.00426571 -0.00421198
144 0.00386703 -0.00382363
144.2 0.00348188 -0.00344907
144.4 0.00311057 -0.00308904
144.6 0.00275336 -0.00274421
144.8 0.00241044 -0.00241516
145 0.00208198 -0.00210242
145.2 0.00176806 -0.00180639
145.4 0.00146874 -0.00152742
145.6 0.00118404 -0.00126579
145.8 0.000913921 -0.00102166
146 0.000658312 -0.000795148
146.2 0.000417104 -0.000586261
146.4 0.000190152 -0.000394943
146.6 -2.2722e-05 -0.000221056
146.8 -0.000221726 -6.43904e-05
147 -0.000407099 7.53382e-05
147.2 -0.000579102 0.000198481
147.4 -0.000738025 0.000305455
147.6 -0.000884176 0.000396738
147.8 -0.00101789 0.000472865
148 -0.0011395 0.000534423
148.2 -0.00124939 0.000582048
148.4 -0.00134793 0.00061642
148.6 -0.0014355 0.000638256
148.8 -0.00151251 0.000648305
149 -0.00157937 0.000647346
149.2 -0.00163649 0.000636182
149.4 -0.00168429 0.00061563
149.6 -0.0017232 0.000586523
149.8 -0.00175365 0.0005497
150 -0.00177606 0.000506001
150.2 -0.00179086 0.000456265
150.4 -0.00179848 0.000401323
150.6 -0.00179934 0.000341996
150.8 -0.00179385 0.000279084
151 -0.00178244 0.000213372
151.2 -0.0017655 0.000145615
151.4 -0.00174345 7.65453e-05
151.6 -0.00171666 6.85966e-06
151.8 -0.00168553 -6.27779e-05
152 -0.00165044 -0.000131741
152.2 -0.00161173 -0.000199443
152.4 -0.00156978 -0.000265339
152.6 -0.00152492 -0.000328928
152.8 -0.00147748 -0.000389752
153 -0.00142778 -0.000447403
153.2 -0.00137613 -0.000501515
153.4 -0.00132282 -0.000551773
153.6 -0.00126813 -0.000597907
153.8 -0.00121234 -0.000639694
154 -0.00115569 -0.000676959
154.2 -0.00109842 -0.000709571
154.4 -0.00104078 -0.000737443
154.6 -0.000982958 -0.000760534
154.8 -0.00092517 -0.000778839
155 -0.000867601 -0.000792398
155.2 -0.000810425 -0.000801285
155.4 -0.000753804 -0.000805609
155.6 -0.000697888 -0.000805514
155.8 -0.000642813 -0.000801172
156 -0.000588704 -0.000792783
156.2 -0.000535673 -0.00078057
156.4 -0.000483822 -0.000764781
156.6 -0.00043324 -0.00074568
156.8 -0.000384006 -0.000723547
157 -0.000336188 -0.000698676
157.2 -0.000289845 -0.00067137
157.4 -0.000245026 -0.000641938
157.6 -0.00020177 -0.000610696
157.8 -0.000160107 -0.000577959
158 -0.000120062 -0.000544041
158.2 -8.1647e-05 -0.000509252
158.4 -4.48712e-05 -0.000473897
158.6 -9.73476e-06 -0.000438272
158.8 2.3768e-05 -0.00040266
159 5.56488e-05 -0.000367334
159.2 8.59244e-05 -0.000332553
159.4 0.000114617 -0.000298557
159.6 0.000141753 -0.000265571
159.8 0.000167362 -0.0002338
160 0.000191479 -0.000203431
160.2 0.00021414 -0.000174628
160.4 0.000235385 -0.000147537
160.6 0.000255257 -0.00012228
160.8 0.000273799 -9.89582e-05
161 0.000291057 -7.76514e-05
161.2 0.000307077 -5.84172e-05
161.4 0.000321906 -4.12925e-05
161.6 0.000335593 -2.62931e-05
161.8 0.000348185 -1.34149e-05
162 0.000359731 -2.63453e-06
162.2 0.000370279 6.08974e-06
162.4 0.000379875 1.28168e-05
162.6 0.000388565 1.76217e-05
162.8 0.000396396 2.05942e-05
163 0.000403411 2.18374e-05
163.2 0.000409653 2.14665e-05
163.4 0.000415164 1.96072e-05
163.6 0.000419983 1.63941e-05
163.8 0.000424148 1.19692e-05
164 0.000427696 6.48032e-06
164.2 0.000430662 7.97136e-08
164.4 0.000433078 -7.0778e-06
164.6 0.000434975 -1.48362e-05
164.8 0.000436383 -2.30396e-05
165 0.000437328 -3.1534e-05
165.2 0.000437837 -4.01685e-05
165.4 0.000437932 -4.87965e-05
165.6 0.000437635 -5.7277e-05
165.8 0.000436968 -6.54758e-05
166 0.000435948 -7.32664e-05
166.2 0.000434592 -8.05311e-05
166.4 0.000432917 -8.71617e-05
166.6 0.000430936 -9.30602e-05
166.8 0.000428662 -9.81395e-05
167 0.000426107 -0.000102324
167.2 0.000423282 -0.000105549
167.4 0.000420196 -0.000107762
167.6 0.000416859 -0.000108924
167.8 0.000413278 -0.000109007
168 0.000409461 -0.000107993
168.2 0.000405415 -0.00010588
168.4 0.000401147 -0.000102673
168.6 0.000396661 -9.83927e-05
168.8 0.000391965 -9.30662e-05
169 0.000387063 -8.6733e-05
169.2 0.000381962 -7.94415e-05
169.4 0.000376666 -7.12487e-05
169.6 0.000371181 -6.22195e-05
169.8 0.000365513 -5.2426e-05
170 0.000359668 -4.19465e-05
170.2 0.000353651 -3.08648e-05
170.4 0.00034747 -1.92688e-05
170.6 0.000341129 -7.25008e-06
170.8 0.000334637 5.09712e-06
171 0.000328001 1.76771e-05
171.2 0.000321227 3.03933e-05
171.4 0.000314325 4.31496e-05
171.6 0.000307303 5.58508e-05
171.8 0.000300169 6.84037e-05
172 0.000292933 8.07179e-05
172.2 0.000285604 9.27062e-05
172.4 0.000278192 0.000104286
172.6 0.000270708 0.000115379
172.8 0.000263162 0.000125914
173 0.000255565 0.000135823
173.2 0.000247928 0.000145046
173.4 0.000240262 0.00015353
173.6 0.000232578 0.00016123
173.8 0.00022489 0.000168105
174 0.000217207 0.000174125
174.2 0.000209542 0.000179265
174.4 0.000201906 0.00018351
174.6 0.000194311 0.00018685
174.8 0.000186769 0.000189285
175 0.000179291 0.000190821
175.2 0.000171888 0.000191469
175.4 0.00016457 0.00019125
175.6 0.00015735 0.000190189
175.8 0.000150236 0.000188319
176 0.000143238 0.000185676
176.2 0.000136367 0.000182303
176.4 0.000129631 0.000178245
176.6 0.000123039 0.000173554
176.8 0.000116598 0.000168283
177 0.000110316 0.000162488
177.2 0.000104201 0.000156228
177.4 9.82568e-05 0.000149563
177.6 9.24908e-05 0.000142553
177.8 8.69076e-05 0.000135261
178 8.15113e-05 0.000127746
178.2 7.63057e-05 0.000120069
178.4 7.12939e-05 0.000112289
178.6 6.6478e-05 0.000104463
178.8 6.18598e-05 9.66452e-05
179 5.74403e-05 8.88879e-05
179.2 5.32198e-05 8.12399e-05
179.4 4.91979e-05 7.37462e-05
179.6 4.53739e-05 6.64486e-05
179.8 4.17461e-05 5.93842e-05
180 3.83123e-05 5.25862e-05
180.2 3.507e-05 4.60832e-05
180.4 3.20159e-05 3.98994e-05
180.6 2.91461e-05 3.40541e-05
180.8 2.64566e-05 2.85622e-05
181 2.39426e-05 2.34336e-05
181.2 2.15991e-05 1.86741e-05
181.4 1.94206e-05 1.42846e-05
181.6 1.74014e-05 1.02622e-05
181.8 1.55353e-05 6.59952e-06
182 1.38161e-05 3.2855e-06
182.2 1.22373e-05 3.05513e-07
182.4 1.07921e-05 -2.35837e-06
182.6 9.47372e-06 -4.727e-06
182.8 8.27536e-06 -6.82383e-06
183 7.19005e-06 -8.67453e-06
183.2 6.21092e-06 -1.03066e-05
183.4 5.33112e-06 -1.17491e-05
183.6 4.5439e-06 -1.30319e-05
183.8 3.84267e-06 -1.41858e-05
184 3.22101e-06 -1.52416e-05
184.2 2.67272e-06 -1.62301e-05
184.4 2.19185e-06 -1.71816e-05
184.6 1.77275e-06 -1.81255e-05
184.8 1.4101e-06 -1.90897e-05
185 1.09892e-06 -2.0101e-05
185.2 8.34627e-07 -2.11838e-05
185.4 6.13036e-07 -2.23608e-05
185.6 4.30399e-07 -2.36521e-05
185.8 2.83414e-07 -2.5075e-05
186 1.69246e-07 -2.66442e-05
186.2 8.55354e-08 -2.83714e-05
186.4 3.04111e-08 -3.02652e-05
186.6 2.49213e-09 -3.23311e-05
186.8 8.90482e-10 -3.45711e-05
187 2.52089e-08 -3.69843e-05
187.2 7.55345e-08 -3.95665e-05
187.4 1.52429e-07 -4.23104e-05
187.6 2.56916e-07 -4.52054e-05
187.8 3.90462e-07 -4.82384e-05
188 5.54956e-07 -5.13932e-05
188.2 7.52687e-07 -5.46513e-05
188.4 9.86313e-07 -5.79917e-05
188.6 1.25883e-06 -6.13912e-05
188.8 1.57354e-06 -6.4825e-05
189 1.93402e-06 -6.82666e-05
189.2 2.34406e-06 -7.16882e-05
189.4 2.80764e-06 -7.5061e-05
189.6 3.32889e-06 -7.83557e-05
189.8 3.91202e-06 -8.15425e-05
190 4.5613e-06 -8.45918e-05
190.2 5.281e-06 -8.74741e-05
190.4 6.07531e-06 -9.01607e-05
190.6 6.94834e-06 -9.26238e-05
190.8 7.90404e-06 -9.48369e-05
191 8.94616e-06 -9.67751e-05
191.2 1.00782e-05 -9.84153e-05
191.4 1.13033e-05 -9.97365e-05
191.6 1.26243e-05 -0.00010072
191.8 1.40437e-05 -0.00010135
192 1.55634e-05 -0.000101612
192.2 1.71849e-05 -0.000101497
192.4 1.89093e-05 -0.000100997
192.6 2.07369e-05 -0.000100108
192.8 2.26676e-05 -9.88289e-05
193 2.47006e-05 -9.71617e-05
193.2 2.68344e-05 -9.51123e-05
193.4 2.9067e-05 -9.26894e-05
193.6 3.13956e-05 -8.99054e-05
193.8 3.38167e-05 -8.67754e-05
194 3.63262e-05 -8.33179e-05
194.2 3.89193e-05 -7.95542e-05
194.4 4.15903e-05 -7.55084e-05
194.6 4.43331e-05 -7.12072e-05
194.8 4.71408e-05 -6.66797e-05
195 5.00058e-05 -6.19572e-05
195.2 5.29201e-05 -5.70729e-05
195.4 5.58748e-05 -5.20617e-05
195.6 5.88606e-05 -4.69597e-05
195.8 6.18679e-05 -4.18045e-05
196 6.48862e-05 -3.66339e-05
196.2 6.7905e-05 -3.14868e-05
196.4 7.0913e-05 -2.64019e-05
196.6 7.3899e-05 -2.14178e-05
196.8 7.68514e-05 -1.65729e-05
197 7.97582e-05 -1.19045e-05
197.2 8.26077e-05 -7.44929e-06
197.4 8.53877e-05 -3.24229e-06
197.6 8.80863e-05 6.82946e-07
197.8 9.06915e-05 4.29472e-06
198 9.31917e-05 7.56345e-06
198.2 9.55753e-05 1.04619e-05
198.4 9.78311e-05 1.29653e-05
198.6 9.99481e-05 1.50518e-05
198.8 0.000101916 1.67022e-05
199 0.000103725 1.79005e-05
199.2 0.000105365 1.86336e-05
199.4 0.000106828 1.8892e-05
199.6 0.000108105 1.86692e-05
199.8 0.000109189 1.79621e-05
200 0.000110074 1.67709e-05
