   8.929174e+02   9.097559e+02   9.005652e+02   9.042221e+02   8.998358e+02   8.935931e+02   8.893535e+02  -1.264834e+02  -9.955684e+01
   8.995830e+02   9.111616e+02   9.027161e+02   9.019094e+02   9.055991e+02   8.976448e+02   8.894606e+02  -1.367886e+02  -4.105922e+01
   8.995700e+02   9.096766e+02   9.011425e+02   9.032562e+02   9.030572e+02   8.920603e+02   8.897654e+02  -1.718331e+02  -3.866810e+01
   8.963908e+02   9.101754e+02   9.020021e+02   9.054922e+02   9.080348e+02   8.963176e+02   8.891662e+02  -1.884558e+02  -8.465714e+00
   8.988967e+02   9.111589e+02   9.046237e+02   9.121327e+02   9.047215e+02   9.041376e+02   8.912060e+02  -2.196978e+02   2.344501e+01
   8.962612e+02   9.094129e+02   9.037386e+02   9.106593e+02   9.089221e+02   8.933165e+02   8.885792e+02  -2.887938e+02   6.893521e+01
   9.001162e+02   9.095487e+02   9.036721e+02   9.069688e+02   9.062680e+02   8.956469e+02   8.896914e+02  -3.305393e+02   1.262823e+02
   8.983633e+02   9.108000e+02   9.046323e+02   9.110988e+02   9.092034e+02   8.950341e+02   8.898540e+02  -3.636304e+02   1.414908e+02
   8.970488e+02   9.100329e+02   9.055300e+02   9.071388e+02   9.078597e+02   9.049118e+02   8.899539e+02  -3.835739e+02   1.661693e+02
   8.995798e+02   9.102768e+02   9.039383e+02   9.043771e+02   9.034298e+02   8.982741e+02   8.906742e+02  -3.721948e+02   1.850722e+02
   9.022939e+02   9.099391e+02   9.041727e+02   9.056822e+02   9.102387e+02   8.986953e+02   8.906552e+02  -4.667145e+02   2.630130e+02
   8.999227e+02   9.090250e+02   9.031443e+02   9.055104e+02   9.119412e+02   8.964718e+02   8.901793e+02  -4.675981e+02   3.004971e+02
   8.973454e+02   9.085307e+02   9.033103e+02   9.073010e+02   9.028979e+02   9.008443e+02   8.894262e+02  -5.270009e+02   3.343192e+02
   8.968932e+02   9.096074e+02   9.040592e+02   9.074999e+02   9.082160e+02   9.016091e+02   8.910611e+02  -5.272622e+02   3.768186e+02
   8.999271e+02   9.109399e+02   8.990054e+02   9.039683e+02   9.037739e+02   8.929183e+02   8.897360e+02  -5.770167e+02   4.261619e+02
   8.984229e+02   9.101258e+02   9.053487e+02   9.129748e+02   9.103418e+02   9.001683e+02   8.903854e+02  -5.697144e+02   5.012980e+02
   0.000000e+00   9.092786e+02   9.014677e+02   9.052281e+02   9.031588e+02   8.945504e+02   8.887020e+02  -5.365565e+00   1.189610e+01
   0.000000e+00   9.108148e+02   9.007580e+02   9.063758e+02   9.029464e+02   8.903964e+02   8.906598e+02  -4.654881e+01   4.964705e+01
   0.000000e+00   9.094679e+02   9.017581e+02   9.083572e+02   9.037325e+02   8.953796e+02   8.903551e+02  -6.996744e+01   6.618954e+01
   0.000000e+00   9.098679e+02   9.048627e+02   9.092872e+02   9.080130e+02   8.963748e+02   8.901328e+02  -8.989909e+01   1.008299e+02
   0.000000e+00   9.098402e+02   9.027327e+02   9.091639e+02   9.059669e+02   8.894125e+02   8.914417e+02  -1.076880e+02   1.091431e+02
   0.000000e+00   9.100737e+02   9.054214e+02   9.097839e+02   9.054456e+02   9.035437e+02   8.894378e+02  -1.173603e+02   1.361676e+02
   0.000000e+00   9.110609e+02   9.030126e+02   9.070567e+02   9.083216e+02   8.981024e+02   8.900382e+02  -1.543886e+02   1.340016e+02
   0.000000e+00   9.098172e+02   9.024397e+02   9.073750e+02   9.067628e+02   9.001065e+02   8.903889e+02  -1.698527e+02   2.061541e+02
   0.000000e+00   9.094078e+02   9.028011e+02   9.045345e+02   9.003437e+02   8.952601e+02   8.899584e+02  -2.189046e+02   2.367779e+02
   0.000000e+00   9.088520e+02   8.971384e+02   9.010289e+02   8.955058e+02   8.954382e+02   8.910546e+02  -2.429834e+02   2.994508e+02
   0.000000e+00   9.104587e+02   9.042785e+02   9.084282e+02   9.099881e+02   8.961606e+02   8.906119e+02  -3.228478e+02   3.146072e+02
   0.000000e+00   9.101389e+02   9.034234e+02   9.049834e+02   9.045532e+02   8.980633e+02   8.893390e+02  -3.801422e+02   3.705116e+02
   0.000000e+00   9.100931e+02   9.000589e+02   9.076609e+02   9.042210e+02   8.892985e+02   8.893970e+02  -3.925311e+02   4.298267e+02
   0.000000e+00   9.096583e+02   8.998842e+02   9.081527e+02   9.032326e+02   8.939086e+02   8.900501e+02  -4.684911e+02   4.537246e+02
   0.000000e+00   9.090911e+02   9.052945e+02   9.073532e+02   9.049298e+02   9.007726e+02   8.904776e+02  -4.984101e+02   4.740817e+02
   0.000000e+00   9.096656e+02   9.058274e+02   9.046698e+02   9.090430e+02   8.999077e+02   8.909048e+02  -5.238250e+02   5.194862e+02
   0.000000e+00   9.093944e+02   9.021825e+02   9.049565e+02   9.030379e+02   8.999049e+02   8.907112e+02  -5.264705e+02   5.744214e+02
   0.000000e+00   9.090915e+02   9.016339e+02   9.077070e+02   9.068922e+02   8.943443e+02   8.897006e+02  -5.993467e+02   5.732350e+02
   0.000000e+00   9.098536e+02   9.051656e+02   9.070175e+02   9.037856e+02   9.007687e+02   8.913610e+02  -6.160929e+02   6.009077e+02
   0.000000e+00   9.100620e+02   9.040617e+02   9.116624e+02   9.065074e+02   8.963321e+02   8.909614e+02  -6.193585e+02   6.129094e+02
   0.000000e+00   9.102048e+02   9.045929e+02   9.079023e+02   9.085971e+02   8.944258e+02   8.898159e+02  -6.634064e+02   6.376500e+02
   0.000000e+00   9.098954e+02   9.043906e+02   9.097134e+02   9.078214e+02   9.029983e+02   8.901911e+02  -6.601348e+02   6.663717e+02
   0.000000e+00   9.091252e+02   9.033174e+02   9.051608e+02   9.069484e+02   9.001847e+02   8.900976e+02  -7.046579e+02   7.079338e+02
   0.000000e+00   9.103462e+02   9.070888e+02   9.075329e+02   9.122188e+02   9.099200e+02   8.909361e+02  -7.779113e+02   7.557977e+02
   0.000000e+00   9.103819e+02   9.045509e+02   9.084775e+02   9.063871e+02   9.042769e+02   8.895864e+02  -7.929250e+02   8.013660e+02
   0.000000e+00   9.102429e+02   9.043929e+02   9.074021e+02   9.045345e+02   8.980197e+02   8.902104e+02  -8.245721e+02   8.397246e+02
   0.000000e+00   9.105573e+02   9.037181e+02   9.079558e+02   9.061803e+02   9.025849e+02   8.905312e+02  -8.936715e+02   8.841726e+02
   0.000000e+00   9.100290e+02   9.073751e+02   9.086786e+02   9.090277e+02   8.991615e+02   8.906937e+02  -8.831697e+02   9.283209e+02
   0.000000e+00   9.092180e+02   9.014164e+02   9.058315e+02   9.060808e+02   8.916535e+02   8.896499e+02  -9.381822e+02   9.577312e+02
   0.000000e+00   9.105686e+02   9.037945e+02   9.072479e+02   9.042869e+02   8.999971e+02   8.897295e+02  -9.868531e+02   9.546360e+02
   0.000000e+00   9.102172e+02   9.052791e+02   9.060905e+02   9.042908e+02   9.070917e+02   8.906596e+02  -9.776522e+02   1.014422e+03
   0.000000e+00   9.107422e+02   9.033129e+02   9.097172e+02   9.101981e+02   8.949401e+02   8.908347e+02  -1.048441e+03   1.052709e+03
   0.000000e+00   9.097421e+02   9.043492e+02   9.084314e+02   9.084071e+02   9.000117e+02   8.889940e+02  -1.105005e+03   1.112055e+03
   0.000000e+00   9.106183e+02   9.047543e+02   9.109955e+02   9.056966e+02   9.013797e+02   8.884981e+02  -1.163520e+03   1.129329e+03
   0.000000e+00   9.105097e+02   9.070600e+02   9.101001e+02   9.102436e+02   9.058383e+02   8.899252e+02  -1.156249e+03   1.165248e+03
   0.000000e+00   9.100224e+02   9.038988e+02   9.139858e+02   9.084225e+02   8.918728e+02   8.903356e+02  -1.168145e+03   1.205536e+03
   0.000000e+00   9.097034e+02   9.003199e+02   9.062145e+02   9.030480e+02   8.830347e+02   8.904863e+02  -1.205880e+03   1.209622e+03
   0.000000e+00   9.103148e+02   9.032879e+02   9.043226e+02   9.094422e+02   8.995365e+02   8.899108e+02  -1.209546e+03   1.204173e+03
   0.000000e+00   9.100496e+02   9.088383e+02   9.176672e+02   9.130677e+02   8.976876e+02   8.911994e+02  -1.213509e+03   1.234317e+03
   0.000000e+00   9.103953e+02   9.012940e+02   9.070050e+02   9.031337e+02   8.991387e+02   8.895126e+02  -1.248498e+03   1.266291e+03
   0.000000e+00   9.108984e+02   9.022026e+02   9.073761e+02   9.050996e+02   8.939852e+02   8.907808e+02  -1.280997e+03   1.275418e+03
   0.000000e+00   9.100490e+02   9.067133e+02   9.099676e+02   9.115481e+02   8.964677e+02   8.901355e+02  -1.313444e+03   1.303370e+03
   0.000000e+00   9.093427e+02   9.036899e+02   9.063362e+02   9.106536e+02   9.006670e+02   8.897722e+02  -1.315879e+03   1.363426e+03
   0.000000e+00   9.107612e+02   9.012984e+02   9.054386e+02   9.020873e+02   8.980013e+02   8.915696e+02  -1.367252e+03   1.403577e+03
   0.000000e+00   9.097071e+02   9.043502e+02   9.078540e+02   9.100239e+02   8.973143e+02   8.907548e+02  -1.443604e+03   1.444864e+03
   0.000000e+00   9.100867e+02   9.022973e+02   9.042826e+02   9.033953e+02   9.018850e+02   8.907092e+02  -1.479486e+03   1.452317e+03
   0.000000e+00   9.099713e+02   9.077817e+02   9.099667e+02   9.118639e+02   9.075462e+02   8.909046e+02  -1.517245e+03   1.519901e+03
   0.000000e+00   9.095980e+02   9.032894e+02   9.054543e+02   9.068165e+02   9.050494e+02   8.897105e+02  -1.541235e+03   1.558295e+03
   0.000000e+00   9.100267e+02   9.031378e+02   9.064151e+02   9.046384e+02   8.994732e+02   8.897915e+02  -1.570305e+03   1.595559e+03
   0.000000e+00   9.100590e+02   9.032327e+02   9.126663e+02   9.045088e+02   8.991135e+02   8.899209e+02  -1.624080e+03   1.603425e+03
   0.000000e+00   9.103546e+02   9.044058e+02   9.062851e+02   9.152631e+02   8.930889e+02   8.896267e+02  -1.613423e+03   1.663490e+03
   0.000000e+00   9.090994e+02   9.035756e+02   9.065634e+02   9.063900e+02   8.986813e+02   8.903177e+02  -1.653659e+03   1.680532e+03
   0.000000e+00   9.107653e+02   9.060073e+02   9.118263e+02   9.058978e+02   9.028147e+02   8.899380e+02  -1.678203e+03   1.696066e+03
   0.000000e+00   9.103833e+02   9.053874e+02   9.052802e+02   9.100154e+02   9.018783e+02   8.895586e+02  -1.746402e+03   1.733060e+03
   0.000000e+00   9.105453e+02   9.063512e+02   9.076568e+02   9.083954e+02   9.017450e+02   8.899740e+02  -1.752159e+03   1.785610e+03
   0.000000e+00   9.093332e+02   9.031387e+02   9.043140e+02   9.034321e+02   9.057907e+02   8.900170e+02  -1.798396e+03   1.813635e+03
   0.000000e+00   9.103270e+02   9.032253e+02   9.063141e+02   9.058772e+02   9.071787e+02   8.901890e+02  -1.807913e+03   1.851800e+03
   0.000000e+00   9.111627e+02   9.026078e+02   9.066138e+02   9.092372e+02   8.953492e+02   8.902130e+02  -1.864732e+03   1.865202e+03
   0.000000e+00   9.096151e+02   9.022184e+02   9.107186e+02   9.041026e+02   8.984074e+02   8.895577e+02  -1.872258e+03   1.901433e+03
   0.000000e+00   9.098042e+02   9.015511e+02   9.058355e+02   9.056569e+02   8.949545e+02   8.893010e+02  -1.906045e+03   1.962859e+03
