Preparing 4 NEW job directories...
Existing max job index: 0
Creating jobs: job_01 .. job_04
Job directory preparation done.
Scheduling 4 NEW job directories:
  job_01
  job_02
  job_03
  job_04
Launching 4 jobs on GPUs: 0 1 2 3
(Ignoring external GPU usage)
Launched job_01 on GPU 0 (PID 1260658)
GPU 0: starting job_01
Launched job_02 on GPU 1 (PID 1260659)
GPU 1: starting job_02
Launched job_03 on GPU 2 (PID 1260661)
GPU 2: starting job_03
Launched job_04 on GPU 3 (PID 1260663)
GPU 3: starting job_04
GPU 2: job_03 finished
GPU 2: internal job PID 1260661 finished.
GPU 0: job_01 finished
GPU 0: internal job PID 1260658 finished.
GPU 3: job_04 finished
GPU 3: internal job PID 1260663 finished.
GPU 1: job_02 finished
GPU 1: internal job PID 1260659 finished.
All jobs finished.
