Preparing 4 NEW job directories...
Existing max job index: 4
Creating jobs: job_05 .. job_08
Job directory preparation done.
Scheduling 4 NEW job directories:
  job_05
  job_06
  job_07
  job_08
Launching 4 jobs on GPUs: 5
(Ignoring external GPU usage)
Launched job_05 on GPU 5 (PID 1525390)
GPU 5: starting job_05
GPU 5: job_05 finished
GPU 5: internal job PID 1525390 finished.
Launched job_06 on GPU 5 (PID 1641610)
GPU 5: starting job_06
GPU 5: job_06 finished
GPU 5: internal job PID 1641610 finished.
Launched job_07 on GPU 5 (PID 1760346)
GPU 5: starting job_07
GPU 5: job_07 finished
GPU 5: internal job PID 1760346 finished.
Launched job_08 on GPU 5 (PID 1863193)
GPU 5: starting job_08
GPU 5: job_08 finished
GPU 5: internal job PID 1863193 finished.
All jobs finished.
