   0.000000e+00   9.087458e+02   9.043057e+02   9.082807e+02   9.059694e+02   9.022899e+02   8.906776e+02  -3.884425e+01   2.151214e+01
   0.000000e+00   9.097939e+02   9.008764e+02   9.040773e+02   9.038254e+02   8.982276e+02   8.898933e+02  -8.666322e+01   8.090419e+01
   0.000000e+00   9.089131e+02   9.024065e+02   9.049000e+02   9.057619e+02   8.998467e+02   8.903229e+02  -6.040676e+01   7.158350e+01
   0.000000e+00   9.098433e+02   8.981390e+02   8.974930e+02   9.017583e+02   8.974466e+02   8.899404e+02  -7.294174e+01   1.227084e+02
   0.000000e+00   9.108893e+02   9.040324e+02   9.064716e+02   9.058349e+02   9.034358e+02   8.895898e+02  -1.390452e+02   1.113261e+02
   0.000000e+00   9.105878e+02   9.080688e+02   9.116448e+02   9.113727e+02   8.978634e+02   8.905978e+02  -1.955688e+02   1.799421e+02
   0.000000e+00   9.100553e+02   9.043172e+02   9.142006e+02   9.058056e+02   8.971478e+02   8.898263e+02  -2.096088e+02   2.025562e+02
   0.000000e+00   9.092871e+02   9.019508e+02   9.067403e+02   9.057120e+02   8.970329e+02   8.914787e+02  -2.446336e+02   2.247820e+02
   0.000000e+00   9.100437e+02   9.041456e+02   9.072208e+02   9.068953e+02   8.975229e+02   8.896066e+02  -2.567804e+02   2.484437e+02
   0.000000e+00   9.098045e+02   9.052691e+02   9.137284e+02   9.090709e+02   8.930030e+02   8.911039e+02  -3.289025e+02   2.856293e+02
   0.000000e+00   9.099671e+02   9.053760e+02   9.097032e+02   9.099985e+02   8.983527e+02   8.898558e+02  -3.572244e+02   3.435712e+02
   0.000000e+00   9.097374e+02   9.014030e+02   9.080419e+02   9.047328e+02   8.935236e+02   8.893885e+02  -3.781713e+02   4.021510e+02
   0.000000e+00   9.082040e+02   8.992871e+02   9.018895e+02   9.027454e+02   8.938771e+02   8.908425e+02  -3.977406e+02   4.048816e+02
   0.000000e+00   9.093968e+02   9.009334e+02   9.062339e+02   9.015610e+02   8.928576e+02   8.896886e+02  -4.258699e+02   4.151540e+02
   0.000000e+00   9.101630e+02   9.027019e+02   9.074666e+02   9.069683e+02   8.985206e+02   8.905532e+02  -4.657258e+02   4.802572e+02
   0.000000e+00   9.089017e+02   9.027009e+02   9.087068e+02   9.052661e+02   8.976578e+02   8.912262e+02  -5.208760e+02   5.010535e+02
   0.000000e+00   9.101648e+02   9.051952e+02   9.125308e+02   9.114254e+02   8.952368e+02   8.905326e+02  -5.496989e+02   5.302405e+02
   0.000000e+00   9.093946e+02   9.025810e+02   9.065209e+02   9.083772e+02   8.984681e+02   8.906800e+02  -5.526453e+02   5.535579e+02
   0.000000e+00   9.103253e+02   9.029825e+02   9.076069e+02   9.062073e+02   9.017935e+02   8.914451e+02  -5.852589e+02   5.753221e+02
   0.000000e+00   9.106289e+02   9.047938e+02   9.101011e+02   9.098200e+02   8.972280e+02   8.905711e+02  -5.823946e+02   6.047916e+02
   0.000000e+00   9.101097e+02   8.982157e+02   9.004771e+02   9.013252e+02   8.967371e+02   8.895939e+02  -6.420716e+02   6.404484e+02
   0.000000e+00   9.113755e+02   9.034983e+02   9.100507e+02   9.075526e+02   8.861125e+02   8.909929e+02  -6.286505e+02   6.543701e+02
   0.000000e+00   9.099635e+02   9.025499e+02   9.063744e+02   9.028453e+02   8.963183e+02   8.903459e+02  -6.913667e+02   6.635147e+02
   0.000000e+00   9.102619e+02   9.010386e+02   9.008432e+02   9.048258e+02   8.993622e+02   8.901350e+02  -7.208798e+02   7.050829e+02
   0.000000e+00   9.107567e+02   9.058744e+02   9.068538e+02   9.060638e+02   9.037874e+02   8.906374e+02  -7.408404e+02   7.359191e+02
   0.000000e+00   9.097467e+02   9.027614e+02   9.129547e+02   9.029708e+02   8.926277e+02   8.899244e+02  -7.715989e+02   7.419309e+02
   0.000000e+00   9.105977e+02   9.066463e+02   9.088944e+02   9.119405e+02   9.033557e+02   8.901431e+02  -7.519271e+02   7.567900e+02
   0.000000e+00   9.091587e+02   9.008592e+02   9.086141e+02   9.060967e+02   8.891332e+02   8.897354e+02  -8.170044e+02   7.982119e+02
   0.000000e+00   9.104019e+02   9.047321e+02   9.102113e+02   9.089825e+02   9.025577e+02   8.901113e+02  -8.566131e+02   8.237546e+02
   0.000000e+00   9.101355e+02   9.045795e+02   9.115132e+02   9.112344e+02   8.911163e+02   8.902724e+02  -8.838374e+02   8.519485e+02
   0.000000e+00   9.087899e+02   9.042432e+02   9.091220e+02   9.095984e+02   9.015405e+02   8.901937e+02  -9.159285e+02   8.795637e+02
   0.000000e+00   9.097573e+02   9.068863e+02   9.146336e+02   9.103183e+02   8.953700e+02   8.899007e+02  -8.699664e+02   8.710324e+02
   0.000000e+00   9.093426e+02   9.013470e+02   9.052475e+02   9.014166e+02   8.943102e+02   8.890276e+02  -9.205388e+02   8.858183e+02
   0.000000e+00   9.099813e+02   9.042701e+02   9.079586e+02   9.087657e+02   9.036606e+02   8.900134e+02  -9.298331e+02   9.262927e+02
   0.000000e+00   9.098226e+02   9.057116e+02   9.093297e+02   9.077733e+02   9.025785e+02   8.900245e+02  -9.120211e+02   9.288097e+02
   0.000000e+00   9.096469e+02   9.002729e+02   9.026846e+02   9.038609e+02   8.990492e+02   8.901414e+02  -9.473610e+02   9.479707e+02
   0.000000e+00   9.087170e+02   8.994240e+02   9.031166e+02   8.987589e+02   8.966449e+02   8.910241e+02  -9.620392e+02   9.772508e+02
   0.000000e+00   9.103075e+02   9.049706e+02   9.110731e+02   9.090873e+02   8.973859e+02   8.902086e+02  -1.021369e+03   1.009536e+03
   0.000000e+00   9.098017e+02   9.023668e+02   9.042039e+02   9.021467e+02   8.951551e+02   8.893330e+02  -1.020229e+03   1.031862e+03
   0.000000e+00   9.095190e+02   9.025868e+02   9.085888e+02   9.030282e+02   8.935356e+02   8.904808e+02  -1.080564e+03   1.077331e+03
   0.000000e+00   9.099837e+02   9.048365e+02   9.101282e+02   9.044159e+02   9.050783e+02   8.900369e+02  -1.094732e+03   1.118795e+03
   0.000000e+00   9.102132e+02   9.028819e+02   9.054077e+02   9.104227e+02   8.962380e+02   8.911900e+02  -1.171598e+03   1.175620e+03
   0.000000e+00   9.104721e+02   9.036026e+02   9.077854e+02   9.128905e+02   8.965533e+02   8.906393e+02  -1.245307e+03   1.192736e+03
   0.000000e+00   9.097361e+02   9.041102e+02   9.148319e+02   9.069291e+02   8.965845e+02   8.905937e+02  -1.235495e+03   1.228230e+03
   0.000000e+00   9.086415e+02   8.979653e+02   9.066865e+02   9.037268e+02   8.876056e+02   8.904428e+02  -1.269116e+03   1.269540e+03
   0.000000e+00   9.105915e+02   9.056634e+02   9.156270e+02   9.104145e+02   8.963698e+02   8.914138e+02  -1.331538e+03   1.313356e+03
   0.000000e+00   9.102966e+02   9.021412e+02   9.058111e+02   9.053331e+02   9.018623e+02   8.906899e+02  -1.271206e+03   1.330698e+03
   0.000000e+00   9.104257e+02   9.053666e+02   9.128668e+02   9.120540e+02   9.025905e+02   8.895671e+02  -1.353082e+03   1.356344e+03
   0.000000e+00   9.088302e+02   9.071628e+02   9.077198e+02   9.105724e+02   9.086806e+02   8.906680e+02  -1.354804e+03   1.365519e+03
   0.000000e+00   9.106522e+02   9.038723e+02   9.047114e+02   9.051613e+02   9.026290e+02   8.907288e+02  -1.356164e+03   1.400521e+03
   0.000000e+00   9.099429e+02   8.991497e+02   9.036797e+02   9.017732e+02   8.966823e+02   8.894406e+02  -1.417393e+03   1.421394e+03
   0.000000e+00   9.097314e+02   9.034829e+02   9.106328e+02   9.059894e+02   8.987447e+02   8.912908e+02  -1.464055e+03   1.484313e+03
   0.000000e+00   9.105190e+02   9.016244e+02   9.040677e+02   9.064698e+02   8.990281e+02   8.906606e+02  -1.492085e+03   1.510082e+03
   0.000000e+00   9.092468e+02   9.014142e+02   9.029644e+02   9.087408e+02   8.992055e+02   8.887113e+02  -1.547522e+03   1.539296e+03
   0.000000e+00   9.092671e+02   9.030112e+02   9.094682e+02   9.067387e+02   8.930456e+02   8.895418e+02  -1.574103e+03   1.603638e+03
   0.000000e+00   9.089768e+02   9.045393e+02   9.095293e+02   9.094722e+02   8.973102e+02   8.905926e+02  -1.636593e+03   1.623540e+03
   0.000000e+00   9.105645e+02   9.033105e+02   9.087011e+02   9.066243e+02   8.970741e+02   8.896471e+02  -1.654147e+03   1.641649e+03
   0.000000e+00   9.106413e+02   9.018831e+02   9.064503e+02   9.064131e+02   8.964371e+02   8.889930e+02  -1.648396e+03   1.674774e+03
   0.000000e+00   9.111403e+02   8.997085e+02   9.068771e+02   9.045932e+02   8.898745e+02   8.894281e+02  -1.666014e+03   1.687236e+03
   0.000000e+00   9.087139e+02   9.026586e+02   9.039763e+02   9.075906e+02   8.979871e+02   8.900461e+02  -1.701562e+03   1.721882e+03
