   0.000000e+00   6.097472e+02   6.026099e+02   6.084024e+02   6.088884e+02   5.930837e+02   5.902607e+02  -4.384871e+01   5.291664e+01
   0.000000e+00   6.101470e+02   6.027175e+02   6.078347e+02   6.071491e+02   5.978159e+02   5.903364e+02  -1.215621e+02   8.846096e+01
   0.000000e+00   6.101393e+02   6.053853e+02   6.117307e+02   6.110146e+02   5.999109e+02   5.899412e+02  -1.358911e+02   1.255892e+02
   0.000000e+00   6.097586e+02   6.037412e+02   6.111594e+02   6.091514e+02   5.977095e+02   5.900050e+02  -1.798647e+02   1.607734e+02
   0.000000e+00   6.093242e+02   6.018248e+02   6.101402e+02   6.064498e+02   5.973608e+02   5.900500e+02  -2.008889e+02   2.101015e+02
   0.000000e+00   6.098705e+02   6.023025e+02   6.107883e+02   6.087931e+02   5.960880e+02   5.895072e+02  -2.350717e+02   2.368668e+02
   0.000000e+00   6.095944e+02   6.004896e+02   6.059800e+02   6.048691e+02   5.977550e+02   5.893672e+02  -2.865990e+02   3.005994e+02
   0.000000e+00   6.101967e+02   6.028745e+02   6.092252e+02   6.092658e+02   5.991879e+02   5.900574e+02  -3.279175e+02   3.164103e+02
   0.000000e+00   6.101778e+02   6.036586e+02   6.100826e+02   6.067362e+02   6.004626e+02   5.900386e+02  -3.597866e+02   3.447606e+02
   0.000000e+00   6.095437e+02   6.034800e+02   6.093422e+02   6.078099e+02   5.977906e+02   5.899385e+02  -4.537801e+02   4.205420e+02
   0.000000e+00   6.100490e+02   6.042454e+02   6.098035e+02   6.099717e+02   6.013151e+02   5.903921e+02  -4.943985e+02   4.718950e+02
   0.000000e+00   6.103538e+02   6.046482e+02   6.113543e+02   6.093562e+02   5.984664e+02   5.900428e+02  -5.563643e+02   5.534291e+02
   0.000000e+00   6.103264e+02   6.047935e+02   6.127478e+02   6.086005e+02   5.999694e+02   5.899904e+02  -6.241528e+02   6.195058e+02
   0.000000e+00   6.103656e+02   6.014494e+02   6.069849e+02   6.031018e+02   5.962687e+02   5.903966e+02  -6.780059e+02   6.631772e+02
   0.000000e+00   6.097374e+02   6.026864e+02   6.079075e+02   6.066189e+02   6.005319e+02   5.899788e+02  -7.346656e+02   7.305177e+02
   0.000000e+00   6.100449e+02   6.034355e+02   6.089935e+02   6.079957e+02   5.979978e+02   5.904525e+02  -7.699053e+02   7.761698e+02
   0.000000e+00   6.096236e+02   6.035760e+02   6.088852e+02   6.062364e+02   6.013175e+02   5.895605e+02  -8.210921e+02   8.129498e+02
   0.000000e+00   6.100807e+02   6.032532e+02   6.067703e+02   6.069953e+02   5.992366e+02   5.902746e+02  -8.535652e+02   8.522072e+02
   0.000000e+00   6.098218e+02   6.036224e+02   6.106150e+02   6.069653e+02   6.022595e+02   5.903499e+02  -9.163664e+02   9.016781e+02
   0.000000e+00   6.102985e+02   6.019654e+02   6.090141e+02   6.071093e+02   5.957638e+02   5.901387e+02  -9.721110e+02   9.740538e+02
   0.000000e+00   6.100016e+02   6.008275e+02   6.089410e+02   6.058357e+02   5.953373e+02   5.900670e+02  -1.030763e+03   1.027283e+03
   0.000000e+00   6.094582e+02   6.003100e+02   6.058744e+02   6.075345e+02   5.901735e+02   5.898748e+02  -1.053403e+03   1.069911e+03
   0.000000e+00   6.097514e+02   6.014096e+02   6.090041e+02   6.062867e+02   5.931038e+02   5.902467e+02  -1.102995e+03   1.096759e+03
   0.000000e+00   6.102124e+02   6.017528e+02   6.070399e+02   6.041557e+02   5.981579e+02   5.897046e+02  -1.139334e+03   1.152140e+03
   0.000000e+00   6.105347e+02   6.029752e+02   6.086570e+02   6.066078e+02   6.014368e+02   5.900567e+02  -1.156221e+03   1.161111e+03
   0.000000e+00   6.100679e+02   6.028467e+02   6.096801e+02   6.067319e+02   5.957036e+02   5.902438e+02  -1.213220e+03   1.234433e+03
   0.000000e+00   6.101175e+02   6.018651e+02   6.074490e+02   6.063830e+02   5.951057e+02   5.903736e+02  -1.274954e+03   1.294168e+03
   0.000000e+00   6.098498e+02   6.034457e+02   6.104574e+02   6.081467e+02   5.950250e+02   5.906397e+02  -1.333999e+03   1.338114e+03
   0.000000e+00   6.100178e+02   6.019256e+02   6.087922e+02   6.059346e+02   5.975909e+02   5.903941e+02  -1.344461e+03   1.367816e+03
   0.000000e+00   6.096393e+02   6.035501e+02   6.069874e+02   6.074794e+02   5.991409e+02   5.904535e+02  -1.431201e+03   1.411752e+03
   0.000000e+00   6.102746e+02   6.042021e+02   6.091850e+02   6.105292e+02   5.997357e+02   5.902793e+02  -1.460932e+03   1.467525e+03
   0.000000e+00   6.097318e+02   6.028832e+02   6.090093e+02   6.075065e+02   5.976379e+02   5.902542e+02  -1.504394e+03   1.506906e+03
   0.000000e+00   6.094204e+02   6.035576e+02   6.098549e+02   6.063878e+02   5.989766e+02   5.902995e+02  -1.551371e+03   1.559779e+03
   0.000000e+00   6.100381e+02   6.021668e+02   6.093433e+02   6.085574e+02   5.959094e+02   5.900838e+02  -1.610882e+03   1.617811e+03
   0.000000e+00   6.100615e+02   6.007311e+02   6.115173e+02   6.057314e+02   5.943517e+02   5.899143e+02  -1.651783e+03   1.678701e+03
   0.000000e+00   6.099876e+02   6.018291e+02   6.077620e+02   6.077923e+02   5.958721e+02   5.903627e+02  -1.720259e+03   1.746559e+03
   0.000000e+00   6.092531e+02   6.011946e+02   6.064065e+02   6.073007e+02   5.950092e+02   5.900475e+02  -1.767564e+03   1.791744e+03
   0.000000e+00   6.098933e+02   6.018569e+02   6.076048e+02   6.077897e+02   5.977593e+02   5.899438e+02  -1.828343e+03   1.849354e+03
   0.000000e+00   6.099095e+02   6.021923e+02   6.066309e+02   6.074586e+02   5.997167e+02   5.901419e+02  -1.913310e+03   1.902397e+03
   0.000000e+00   6.099520e+02   6.024861e+02   6.092878e+02   6.056146e+02   5.988459e+02   5.897424e+02  -1.920638e+03   1.941709e+03
   0.000000e+00   6.097169e+02   6.005022e+02   6.075772e+02   6.074817e+02   5.926922e+02   5.906302e+02  -1.993815e+03   2.005688e+03
   0.000000e+00   6.098772e+02   5.995100e+02   6.071636e+02   6.057380e+02   5.947051e+02   5.897752e+02  -2.035322e+03   2.056544e+03
   0.000000e+00   6.097072e+02   6.004310e+02   6.071890e+02   6.056293e+02   5.951891e+02   5.897007e+02  -2.086967e+03   2.100727e+03
   0.000000e+00   6.098730e+02   6.028589e+02   6.087441e+02   6.056649e+02   5.959770e+02   5.901773e+02  -2.167625e+03   2.160292e+03
   0.000000e+00   6.098485e+02   6.018460e+02   6.089889e+02   6.059629e+02   5.963158e+02   5.899656e+02  -2.201314e+03   2.205531e+03
   0.000000e+00   6.098853e+02   6.012347e+02   6.049281e+02   6.036358e+02   5.983523e+02   5.896749e+02  -2.259600e+03   2.254062e+03
   0.000000e+00   6.098755e+02   6.026878e+02   6.105685e+02   6.062835e+02   5.968072e+02   5.899741e+02  -2.333018e+03   2.331193e+03
   0.000000e+00   6.103707e+02   6.027698e+02   6.092329e+02   6.074273e+02   5.948757e+02   5.908342e+02  -2.356085e+03   2.378730e+03
   0.000000e+00   6.104614e+02   6.003887e+02   6.100641e+02   6.066547e+02   5.916698e+02   5.899739e+02  -2.432080e+03   2.438077e+03
   0.000000e+00   6.101016e+02   6.032189e+02   6.124496e+02   6.060225e+02   5.959449e+02   5.904983e+02  -2.449139e+03   2.483302e+03
