-0.498 7.36092e-06 2.43859e-06
-0.496 3.90862e-05 3.6202e-07
-0.494 0.000110307 -2.42406e-05
-0.492 0.000235239 -9.29325e-05
-0.49 0.000424894 -0.000228191
-0.488 0.000684948 -0.000450391
-0.486 0.00101397 -0.000774766
-0.484 0.00140221 -0.00120874
-0.482 0.00183111 -0.00174993
-0.48 0.00227367 -0.00238527
-0.478 0.00269576 -0.00309117
-0.476 0.00305833 -0.00383511
-0.474 0.00332049 -0.00457842
-0.472 0.00344325 -0.00528004
-0.47 0.00339353 -0.005901
-0.468 0.00314829 -0.0064092
-0.466 0.0026981 -0.00678386
-0.464 0.00205006 -0.00701925
-0.462 0.00122942 -0.00712717
-0.46 0.000279831 -0.00713776
-0.458 -0.00073791 -0.00709842
-0.456 -0.00174876 -0.00707072
-0.454 -0.00266769 -0.00712545
-0.452 -0.00340523 -0.00733619
-0.45 -0.00387381 -0.00777173
-0.448 -0.00399456 -0.00848819
-0.446 -0.00370416 -0.00952161
-0.444 -0.00296111 -0.0108816
-0.442 -0.00175113 -0.012547
-0.44 -9.1024e-05 -0.0144642
-0.438 0.00196913 -0.0165482
-0.436 0.00434592 -0.0186871
-0.434 0.00692464 -0.0207492
-0.432 0.00956364 -0.0225931
-0.43 0.0121006 -0.0240794
-0.428 0.0143605 -0.0250836
-0.426 0.0161651 -0.0255084
-0.424 0.0173426 -0.0252955
-0.422 0.0177382 -0.0244341
-0.42 0.0172228 -0.0229668
-0.418 0.0157015 -0.0209912
-0.416 0.0131195 -0.0186573
-0.414 0.00946653 -0.0161601
-0.412 0.004778 -0.0137284
-0.41 -0.0008654 -0.0116102
-0.408 -0.00734082 -0.0100558
-0.406 -0.0144884 -0.00929878
-0.404 -0.0221181 -0.00953804
-0.402 -0.0300183 -0.0109204
-0.4 -0.0379655 -0.013526
-0.398 -0.0457346 -0.0173577
-0.396 -0.0531099 -0.0223357
-0.394 -0.0598954 -0.0282968
-0.392 -0.0659247 -0.0350019
-0.39 -0.0710694 -0.0421476
-0.388 -0.0752453 -0.0493849
-0.386 -0.0784164 -0.0563422
-0.384 -0.080596 -0.0626508
-0.382 -0.0818453 -0.0679717
-0.38 -0.0822693 -0.0720205
-0.378 -0.0820106 -0.0745886
-0.376 -0.0812431 -0.0755589
-0.374 -0.0801651 -0.0749132
-0.372 -0.078994 -0.0727322
-0.37 -0.0779629 -0.0691869
-0.368 -0.0773192 -0.0645226
-0.366 -0.0773252 -0.0590363
-0.364 -0.0782597 -0.0530502
-0.362 -0.0804176 -0.0468829
-0.36 -0.0841088 -0.0408205
-0.358 -0.0896521 -0.0350898
-0.356 -0.0973643 -0.0298363
-0.354 -0.107545 -0.0251077
-0.352 -0.120456 -0.0208461
-0.35 -0.136301 -0.0168877
-0.348 -0.155198 -0.0129729
-0.346 -0.177163 -0.00876491
-0.344 -0.202091 -0.00387708
-0.342 -0.229744 0.00209345
-0.34 -0.259754 0.00952717
-0.338 -0.291625 0.0187419
-0.336 -0.324749 0.0299542
-0.334 -0.358428 0.0432453
-0.332 -0.391896 0.0585348
-0.33 -0.424354 0.0755667
-0.328 -0.454993 0.0939069
-0.326 -0.483032 0.112956
-0.324 -0.507744 0.131978
-0.322 -0.528495 0.150139
-0.32 -0.544773 0.166559
-0.318 -0.556222 0.180371
-0.316 -0.562676 0.190783
-0.314 -0.564182 0.197135
-0.312 -0.561015 0.198952
-0.31 -0.553685 0.195989
-0.308 -0.542921 0.188256
-0.306 -0.529643 0.176033
-0.304 -0.514907 0.159862
-0.302 -0.499847 0.140525
-0.3 -0.485591 0.119006
-0.298 -0.473181 0.0964344
-0.296 -0.463488 0.0740172
-0.294 -0.457144 0.0529648
-0.292 -0.454484 0.0344109
-0.29 -0.45551 0.0193339
-0.288 -0.459883 0.00848509
-0.286 -0.466938 0.00232938
-0.284 -0.475723 0.00100199
-0.282 -0.485052 0.00428684
-0.28 -0.493582 0.0116185
-0.278 -0.499883 0.0221091
-0.276 -0.502528 0.0345989
-0.274 -0.500174 0.0477286
-0.272 -0.491636 0.0600286
-0.27 -0.475971 0.0700187
-0.268 -0.452537 0.0763114
-0.266 -0.421058 0.0777118
-0.264 -0.381659 0.0733047
-0.262 -0.3349 0.0625247
-0.26 -0.281771 0.0452019
-0.258 -0.223669 0.0215815
-0.256 -0.162344 -0.0076858
-0.254 -0.0998123 -0.0415799
-0.252 -0.038248 -0.0787726
-0.25 0.0201504 -0.117709
-0.248 0.0732988 -0.156706
-0.246 0.119367 -0.194054
-0.244 0.156904 -0.228125
-0.242 0.184936 -0.257476
-0.24 0.203034 -0.280934
-0.238 0.211334 -0.297669
-0.236 0.210525 -0.307243
-0.234 0.201793 -0.309633
-0.232 0.186729 -0.305229
-0.23 0.167224 -0.294802
-0.228 0.145342 -0.279453
-0.226 0.123195 -0.260539
-0.224 0.102814 -0.239576
-0.222 0.0860413 -0.218148
-0.22 0.0744281 -0.197796
-0.218 0.069151 -0.17992
-0.216 0.0709479 -0.165688
-0.214 0.0800733 -0.155963
-0.212 0.0962761 -0.151245
-0.21 0.118801 -0.151644
-0.208 0.146417 -0.156868
-0.206 0.177476 -0.166251
-0.204 0.209998 -0.178785
-0.202 0.241779 -0.193195
-0.2 0.270523 -0.208014
-0.198 0.293983 -0.221679
-0.196 0.310102 -0.232639
-0.194 0.31715 -0.239452
-0.192 0.313832 -0.240884
-0.19 0.299383 -0.235994
-0.188 0.273617 -0.224197
-0.186 0.236952 -0.2053
-0.184 0.190387 -0.179511
-0.182 0.135459 -0.147427
-0.18 0.074162 -0.109981
-0.178 0.00884263 -0.0683776
-0.176 -0.0579172 -0.0240075
-0.174 -0.123434 0.0216497
-0.172 -0.185057 0.0671228
-0.17 -0.240305 0.111043
-0.168 -0.286989 0.152228
-0.166 -0.323318 0.189745
-0.164 -0.347991 0.222961
-0.162 -0.360253 0.251562
-0.16 -0.359925 0.275553
-0.158 -0.3474 0.295233
-0.156 -0.323601 0.31115
-0.154 -0.289917 0.324044
-0.152 -0.248103 0.334768
-0.15 -0.200171 0.344215
-0.148 -0.148269 0.353238
-0.146 -0.094565 0.362575
-0.144 -0.0411402 0.372785
-0.142 0.0100929 0.3842
-0.14 0.0574548 0.396895
-0.138 0.0995383 0.41068
-0.136 0.135229 0.425111
-0.134 0.163713 0.439527
-0.132 0.184468 0.453109
-0.13 0.197262 0.464949
-0.128 0.202133 0.474129
-0.126 0.199377 0.479812
-0.124 0.189526 0.481309
-0.122 0.173322 0.478154
-0.12 0.151681 0.470147
-0.118 0.125653 0.457387
-0.116 0.0963849 0.440271
-0.114 0.0650668 0.419485
-0.112 0.032898 0.395966
-0.11 0.00105007 0.370849
-0.108 -0.0293577 0.3454
-0.106 -0.0572737 0.320939
-0.104 -0.0817212 0.298756
-0.102 -0.1018 0.280025
-0.1 -0.116686 0.265724
-0.098 -0.125636 0.256559
-0.096 -0.127998 0.25291
-0.094 -0.123231 0.254794
-0.092 -0.110928 0.261861
-0.09 -0.0908538 0.273413
-0.088 -0.0629691 0.288464
-0.086 -0.027457 0.305818
-0.084 0.0152717 0.324178
-0.082 0.0645907 0.342264
-0.08 0.119692 0.358929
-0.078 0.179641 0.373266
-0.076 0.243441 0.384696
-0.074 0.310103 0.393014
-0.072 0.378713 0.398415
-0.07 0.448469 0.401469
-0.068 0.518712 0.403077
-0.066 0.588912 0.404391
-0.064 0.658647 0.406726
-0.062 0.727557 0.411455
-0.06 0.795294 0.419911
-0.058 0.861488 0.433293
-0.056 0.925718 0.452577
-0.054 0.987522 0.478457
-0.052 1.04642 0.511283
-0.05 1.10197 0.551035
-0.048 1.15381 0.597304
-0.046 1.20176 0.649295
-0.044 1.24581 0.705849
-0.042 1.28618 0.765488
-0.04 1.3233 0.826473
-0.038 1.35779 0.88689
-0.036 1.39041 0.944747
-0.034 1.42196 0.998081
-0.032 1.45324 1.04508
-0.03 1.485 1.08418
-0.028 1.51784 1.1142
-0.026 1.55221 1.13437
-0.024 1.58836 1.14444
-0.022 1.62636 1.14466
-0.02 1.66606 1.13577
-0.018 1.7071 1.11898
-0.016 1.74893 1.09587
-0.014 1.79079 1.06829
-0.012 1.83172 1.03829
-0.01 1.87058 1.00796
-0.008 1.90603 0.979316
-0.006 1.93659 0.954186
-0.004 1.96069 0.934107
-0.002 1.97673 0.920225
0 1.98321 0.913231
0.002 1.9789 0.913311
0.004 1.96268 0.920124
0.006 1.93394 0.932841
0.008 1.89261 0.950182
0.01 1.83913 0.970495
0.012 1.77447 0.991859
0.014 1.70013 1.0122
0.016 1.61802 1.02943
0.018 1.53038 1.04156
0.02 1.43966 1.04685
0.022 1.34842 1.04388
0.024 1.25917 1.03167
0.026 1.17431 1.00972
0.028 1.096 0.978064
0.03 1.02608 0.937243
0.032 0.966 0.888299
0.034 0.916747 0.832721
0.036 0.878816 0.772361
0.038 0.85216 0.709343
0.04 0.836178 0.645945
0.042 0.82972 0.584476
0.044 0.831118 0.527142
0.046 0.838244 0.475927
0.048 0.848603 0.432479
0.05 0.859456 0.398018
0.052 0.867966 0.37328
0.054 0.871361 0.35849
0.056 0.8671 0.353369
0.058 0.853027 0.35718
0.06 0.827502 0.368791
0.062 0.789492 0.38677
0.064 0.738633 0.409479
0.066 0.675233 0.435182
0.068 0.600246 0.462138
0.07 0.515211 0.488695
0.072 0.422156 0.513362
0.074 0.323493 0.534867
0.076 0.221896 0.552202
0.078 0.120179 0.56465
0.08 0.0211749 0.571795
0.082 -0.0723839 0.573526
0.084 -0.157971 0.570023
0.086 -0.233365 0.561728
0.088 -0.29673 0.549318
0.09 -0.346682 0.533651
0.092 -0.382339 0.515716
0.094 -0.403349 0.496559
0.096 -0.409889 0.47722
0.098 -0.402656 0.458652
0.1 -0.382823 0.441658
0.102 -0.351984 0.426826
0.104 -0.312079 0.4145
0.106 -0.265304 0.404751
0.108 -0.214014 0.397393
0.11 -0.160614 0.39201
0.112 -0.107455 0.38801
0.114 -0.056731 0.38469
0.116 -0.0103871 0.381306
0.118 0.0299588 0.37715
0.12 0.0630718 0.371611
0.122 0.0881355 0.364225
0.124 0.104763 0.354713
0.126 0.112986 0.342996
0.128 0.113227 0.329195
0.13 0.106255 0.313615
0.132 0.0931305 0.296713
0.134 0.0751398 0.27906
0.136 0.0537299 0.261291
0.138 0.0304372 0.244055
0.14 0.00681851 0.227963
0.142 -0.0156165 0.213543
0.144 -0.0354681 0.201191
0.146 -0.051503 0.191142
0.148 -0.062702 0.183443
0.15 -0.0682984 0.177938
0.152 -0.0678043 0.174274
0.154 -0.0610239 0.171913
0.156 -0.0480544 0.17017
0.158 -0.0292739 0.168253
0.16 -0.00531724 0.16532
0.162 0.0229599 0.160545
0.164 0.054527 0.153175
0.166 0.0882331 0.142596
0.168 0.122866 0.12838
0.17 0.157216 0.110323
0.172 0.190138 0.0884663
0.174 0.220608 0.0631052
0.176 0.247773 0.0347716
0.178 0.270994 0.00420659
0.18 0.289865 -0.0276842
0.182 0.304227 -0.0598879
0.184 0.31416 -0.0913483
0.186 0.319967 -0.121034
0.188 0.32214 -0.148005
0.19 0.321318 -0.17147
0.192 0.318243 -0.190836
0.194 0.313711 -0.205739
0.196 0.308519 -0.216068
0.198 0.303426 -0.221955
0.2 0.29911 -0.223766
0.202 0.296135 -0.222068
0.204 0.294921 -0.217584
0.206 0.29572 -0.211139
0.208 0.298591 -0.203605
0.21 0.303384 -0.19584
0.212 0.309727 -0.188637
0.214 0.31702 -0.182668
0.216 0.324439 -0.178451
0.218 0.330968 -0.176315
0.22 0.335432 -0.176389
0.222 0.33657 -0.178593
0.224 0.333111 -0.182648
0.226 0.323873 -0.188096
0.228 0.307864 -0.194331
0.23 0.284377 -0.200639
0.232 0.253071 -0.206248
0.234 0.214024 -0.210379
0.236 0.167756 -0.212298
0.238 0.115214 -0.211369
0.24 0.0577194 -0.207095
0.242 -0.00311085 -0.199153
0.244 -0.0654622 -0.187412
0.246 -0.127434 -0.171941
0.248 -0.187152 -0.153002
0.25 -0.242867 -0.13103
0.252 -0.293046 -0.106602
0.254 -0.33644 -0.0803972
0.256 -0.372139 -0.0531583
0.258 -0.399598 -0.0256446
0.26 -0.41866 0.00140844
0.262 -0.42955 0.027326
0.264 -0.432863 0.0515254
0.266 -0.429527 0.073539
0.268 -0.420763 0.0930303
0.27 -0.408013 0.1098
0.272 -0.39287 0.123787
0.274 -0.376984 0.135055
0.276 -0.361969 0.143778
0.278 -0.349302 0.150216
0.28 -0.340235 0.154687
0.282 -0.335719 0.157533
0.284 -0.336352 0.159091
0.286 -0.342351 0.159666
0.288 -0.353558 0.159503
0.29 -0.369472 0.158777
0.292 -0.389302 0.157584
0.294 -0.412043 0.155947
0.296 -0.436556 0.153825
0.298 -0.46165 0.151137
0.3 -0.486157 0.147778
0.302 -0.508994 0.143647
0.304 -0.529217 0.138667
0.306 -0.546049 0.132801
0.308 -0.558902 0.126064
0.31 -0.567385 0.118521
0.312 -0.571305 0.110291
0.314 -0.570657 0.101531
0.316 -0.565615 0.0924245
0.318 -0.556511 0.0831673
0.32 -0.543817 0.0739494
0.322 -0.528115 0.0649429
0.324 -0.510072 0.0562897
0.326 -0.490398 0.0480951
0.328 -0.469809 0.0404228
0.33 -0.448985 0.0332956
0.332 -0.428535 0.0266971
0.334 -0.40896 0.0205772
0.336 -0.390631 0.0148584
0.338 -0.37378 0.00944477
0.34 -0.358495 0.00423147
0.342 -0.344739 -0.000885013
0.344 -0.332371 -0.00599586
0.346 -0.321175 -0.0111695
0.348 -0.310892 -0.0164427
0.35 -0.301252 -0.0218129
0.352 -0.291997 -0.0272352
0.354 -0.282904 -0.0326218
0.356 -0.273791 -0.0378459
0.358 -0.264526 -0.0427508
0.36 -0.255024 -0.0471608
0.362 -0.24524 -0.0508966
0.364 -0.235163 -0.0537912
0.366 -0.224806 -0.0557056
0.368 -0.214199 -0.0565436
0.37 -0.203383 -0.0562634
0.372 -0.192403 -0.0548849
0.374 -0.181305 -0.0524922
0.376 -0.170132 -0.0492314
0.378 -0.158921 -0.0453031
0.38 -0.147701 -0.0409507
0.382 -0.136491 -0.036445
0.384 -0.1253 -0.0320673
0.386 -0.114126 -0.028091
0.388 -0.102958 -0.024763
0.39 -0.0917825 -0.0222874
0.392 -0.0805855 -0.0208116
0.394 -0.0693623 -0.0204155
0.396 -0.0581223 -0.0211057
0.398 -0.0468948 -0.022814
0.4 -0.0357331 -0.0254021
0.402 -0.0247156 -0.0286706
0.404 -0.0139443 -0.0323732
0.406 -0.00354091 -0.036234
0.408 0.00636018 -0.0399676
0.41 0.0156195 -0.0432997
0.412 0.0241017 -0.0459867
0.414 0.0316839 -0.0478325
0.416 0.0382637 -0.0487011
0.418 0.0437648 -0.0485248
0.42 0.0481413 -0.0473059
0.422 0.0513794 -0.0451135
0.424 0.0534965 -0.0420749
0.426 0.0545399 -0.0383636
0.428 0.0545822 -0.034184
0.43 0.0537167 -0.0297551
0.432 0.0520524 -0.0252939
0.434 0.0497083 -0.0210009
0.436 0.0468077 -0.0170477
0.438 0.0434742 -0.0135674
0.44 0.0398269 -0.0106492
0.442 0.035978 -0.00833646
0.444 0.0320295 -0.00662839
0.446 0.0280729 -0.00548475
0.448 0.0241878 -0.00483313
0.45 0.0204423 -0.00457787
0.452 0.0168936 -0.00461001
0.454 0.0135886 -0.00481723
0.456 0.0105648 -0.00509314
0.458 0.00785105 -0.00534516
0.46 0.00546764 -0.00550049
0.462 0.0034268 -0.00550983
0.464 0.00173248 -0.00534866
0.466 0.000380079 -0.00501613
0.468 -0.000643645 -0.00453193
0.47 -0.00136055 -0.00393153
0.472 -0.00180064 -0.00326036
0.474 -0.00200109 -0.00256767
0.476 -0.00200475 -0.00190066
0.478 -0.001858 -0.0012995
0.48 -0.00160834 -0.000793659
0.482 -0.00130161 -0.000399878
0.484 -0.000979283 -0.000121797
0.486 -0.000675984 4.883e-05
0.488 -0.000417498 0.000129608
0.49 -0.000219498 0.000144079
0.492 -8.71186e-05 0.000117873
0.494 -1.54529e-05 7.49562e-05
0.496 9.03957e-06 3.44155e-05
0.498 6.32886e-06 8.19295e-06
0.2 0.211771 0.314151
0.4 0.212682 0.314154
0.6 0.214198 0.314159
0.8 0.21631 0.314164
1 0.219009 0.314169
1.2 0.222285 0.314172
1.4 0.226121 0.314172
1.6 0.230503 0.314166
1.8 0.23541 0.314152
2 0.240822 0.314128
2.2 0.246714 0.314091
2.4 0.253061 0.314038
2.6 0.259834 0.313966
2.8 0.267005 0.313872
3 0.274542 0.313751
3.2 0.282411 0.313602
3.4 0.290579 0.313419
3.6 0.299008 0.3132
3.8 0.307663 0.31294
4 0.316504 0.312637
4.2 0.325493 0.312286
4.4 0.33459 0.311883
4.6 0.343754 0.311427
4.8 0.352945 0.310912
5 0.362122 0.310336
5.2 0.371243 0.309697
5.4 0.380268 0.30899
5.6 0.389157 0.308214
5.8 0.397868 0.307367
6 0.406363 0.306445
6.2 0.414602 0.305448
6.4 0.422549 0.304374
6.6 0.430167 0.303221
6.8 0.437419 0.30199
7 0.444273 0.300678
7.2 0.450696 0.299287
7.4 0.456658 0.297817
7.6 0.462129 0.296267
7.8 0.467083 0.294638
8 0.471496 0.292933
8.2 0.475344 0.291151
8.4 0.478608 0.289296
8.6 0.48127 0.287369
8.8 0.483314 0.285372
9 0.484727 0.283308
9.2 0.485499 0.281181
9.4 0.485623 0.278992
9.6 0.485093 0.276746
9.8 0.483907 0.274445
10 0.482064 0.272095
10.2 0.479569 0.269697
10.4 0.476427 0.267257
10.6 0.472645 0.264777
10.8 0.468236 0.262263
11 0.463212 0.259718
11.2 0.457589 0.257145
11.4 0.451385 0.254549
11.6 0.444622 0.251934
11.8 0.437323 0.249303
12 0.429513 0.24666
12.2 0.421219 0.244008
12.4 0.41247 0.24135
12.6 0.403299 0.238689
12.8 0.393736 0.236028
13 0.383818 0.233368
13.2 0.37358 0.230713
13.4 0.36306 0.228063
13.6 0.352295 0.225421
13.8 0.341325 0.222787
14 0.330189 0.220162
14.2 0.31893 0.217546
14.4 0.307588 0.214939
14.6 0.296204 0.212341
14.8 0.284821 0.209751
15 0.273479 0.207168
15.2 0.26222 0.20459
15.4 0.251086 0.202015
15.6 0.240116 0.199442
15.8 0.229351 0.196867
16 0.218828 0.194287
16.2 0.208586 0.191701
16.4 0.198662 0.189103
16.6 0.18909 0.186491
16.8 0.179904 0.183861
17 0.171136 0.181208
17.2 0.162816 0.178528
17.4 0.154973 0.175818
17.6 0.147634 0.173072
17.8 0.140821 0.170287
18 0.134558 0.167457
18.2 0.128863 0.164579
18.4 0.123756 0.161648
18.6 0.119249 0.15866
18.8 0.115356 0.155611
19 0.112087 0.152498
19.2 0.109449 0.149315
19.4 0.107447 0.146061
19.6 0.106083 0.142732
19.8 0.105356 0.139326
20 0.105264 0.13584
20.2 0.105801 0.132272
20.4 0.10696 0.128621
20.6 0.108728 0.124886
20.8 0.111094 0.121066
21 0.114043 0.117162
21.2 0.117556 0.113174
21.4 0.121613 0.109103
21.6 0.126194 0.104952
21.8 0.131273 0.100721
22 0.136826 0.096415
22.2 0.142824 0.0920366
22.4 0.149239 0.0875901
22.6 0.156039 0.0830801
22.8 0.163193 0.078512
23 0.170667 0.0738917
23.2 0.178427 0.0692256
23.4 0.186437 0.0645208
23.6 0.194662 0.0597847
23.8 0.203063 0.0550255
24 0.211605 0.0502516
24.2 0.220249 0.0454721
24.4 0.228958 0.0406964
24.6 0.237694 0.0359342
24.8 0.246419 0.0311957
25 0.255096 0.0264913
25.2 0.263689 0.0218317
25.4 0.27216 0.0172279
25.6 0.280474 0.0126909
25.8 0.288598 0.00823196
26 0.296497 0.00386235
26.2 0.304138 -0.000406605
26.4 0.311491 -0.00456363
26.6 0.318527 -0.00859753
26.8 0.325215 -0.0124972
27 0.331531 -0.0162518
27.2 0.337449 -0.0198507
27.4 0.342945 -0.0232835
27.6 0.348 -0.0265401
27.8 0.352592 -0.0296109
28 0.356704 -0.0324868
28.2 0.360322 -0.0351589
28.4 0.363432 -0.037619
28.6 0.366022 -0.0398595
28.8 0.368084 -0.0418734
29 0.36961 -0.0436541
29.2 0.370595 -0.0451961
29.4 0.371037 -0.0464941
29.6 0.370935 -0.0475439
29.8 0.37029 -0.0483419
30 0.369106 -0.0488853
30.2 0.367388 -0.0491722
30.4 0.365143 -0.0492013
30.6 0.36238 -0.0489722
30.8 0.359111 -0.0484854
31 0.355348 -0.0477422
31.2 0.351105 -0.0467446
31.4 0.346399 -0.0454955
31.6 0.341247 -0.0439987
31.8 0.335668 -0.0422588
32 0.329681 -0.0402809
32.2 0.323309 -0.0380712
32.4 0.316573 -0.0356365
32.6 0.309496 -0.0329844
32.8 0.302103 -0.0301231
33 0.294419 -0.0270614
33.2 0.286469 -0.023809
33.4 0.278279 -0.0203759
33.6 0.269875 -0.0167728
33.8 0.261284 -0.0130109
34 0.252533 -0.00910176
34.2 0.243648 -0.00505756
34.4 0.234657 -0.000890716
34.6 0.225585 0.00338598
34.8 0.216459 0.00775945
35 0.207305 0.0122164
35.2 0.198148 0.0167434
35.4 0.189013 0.0213267
35.6 0.179925 0.0259526
35.8 0.170906 0.0306075
36 0.161979 0.0352776
36.2 0.153166 0.0399492
36.4 0.144488 0.0446088
36.6 0.135965 0.0492429
36.8 0.127614 0.0538385
37 0.119455 0.0583825
37.2 0.111502 0.0628625
37.4 0.103772 0.0672659
37.6 0.0962778 0.071581
37.8 0.0890331 0.0757962
38 0.082049 0.0799005
38.2 0.0753359 0.0838833
38.4 0.0689027 0.0877345
38.6 0.0627572 0.0914447
38.8 0.056906 0.0950048
39 0.0513543 0.0984066
39.2 0.0461061 0.101642
39.4 0.0411642 0.104705
39.6 0.0365305 0.107588
39.8 0.0322055 0.110285
40 0.0281886 0.112791
40.2 0.0244783 0.115103
40.4 0.021072 0.117216
40.6 0.0179662 0.119126
40.8 0.0151564 0.120833
41 0.0126375 0.122333
41.2 0.0104032 0.123626
41.4 0.00844688 0.124711
41.6 0.00676094 0.125589
41.8 0.0053373 0.12626
42 0.00416729 0.126726
42.2 0.00324172 0.126989
42.4 0.002551 0.127052
42.6 0.0020851 0.126917
42.8 0.00183373 0.126589
43 0.00178627 0.126073
43.2 0.00193195 0.125372
43.4 0.0022598 0.124492
43.6 0.00275876 0.123438
43.8 0.00341773 0.122218
44 0.00422559 0.120836
44.2 0.00517127 0.119301
44.4 0.00624378 0.117619
44.6 0.00743226 0.115797
44.8 0.008726 0.113844
45 0.0101145 0.111766
45.2 0.0115875 0.109574
45.4 0.013135 0.107273
45.6 0.0147472 0.104874
45.8 0.0164148 0.102384
46 0.0181285 0.0998112
46.2 0.0198798 0.0971654
46.4 0.0216601 0.0944547
46.6 0.0234614 0.0916875
46.8 0.0252761 0.0888725
47 0.0270968 0.086018
47.2 0.0289167 0.0831325
47.4 0.0307293 0.080224
47.6 0.0325284 0.0773008
47.8 0.0343082 0.0743705
48 0.0360634 0.071441
48.2 0.0377889 0.0685197
48.4 0.03948 0.0656139
48.6 0.0411323 0.0627305
48.8 0.0427419 0.0598763
49 0.0443051 0.0570577
49.2 0.0458183 0.0542808
49.4 0.0472786 0.0515515
49.6 0.0486831 0.0488752
49.8 0.0500292 0.0462572
50 0.0513145 0.0437023
50.2 0.0525369 0.041215
50.4 0.0536944 0.0387995
50.6 0.0547855 0.0364594
50.8 0.0558084 0.0341984
51 0.0567619 0.0320194
51.2 0.0576446 0.0299251
51.4 0.0584556 0.0279179
51.6 0.0591938 0.0259998
51.8 0.0598585 0.0241725
52 0.0604488 0.0224371
52.2 0.0609641 0.0207948
52.4 0.0614039 0.019246
52.6 0.0617678 0.017791
52.8 0.0620553 0.0164298
53 0.0622661 0.015162
53.2 0.0624001 0.013987
53.4 0.062457 0.0129038
53.6 0.0624369 0.011911
53.8 0.0623396 0.0110072
54 0.0621653 0.0101906
54.2 0.061914 0.00945918
54.4 0.0615861 0.00881062
54.6 0.0611818 0.00824246
54.8 0.0607015 0.00775199
55 0.0601456 0.00733634
55.2 0.0595148 0.00699244
55.4 0.0588098 0.00671709
55.6 0.0580312 0.00650691
55.8 0.0571801 0.00635842
56 0.0562574 0.00626801
56.2 0.0552643 0.006232
56.4 0.0542019 0.00624661
56.6 0.0530719 0.00630799
56.8 0.0518756 0.00641227
57 0.0506147 0.00655552
57.2 0.0492911 0.00673381
57.4 0.0479067 0.00694321
57.6 0.0464636 0.00717979
57.8 0.0449642 0.00743967
58 0.0434107 0.007719
58.2 0.0418058 0.008014
58.4 0.0401521 0.00832094
58.6 0.0384525 0.0086362
58.8 0.03671 0.00895624
59 0.0349275 0.00927763
59.2 0.0331084 0.00959708
59.4 0.0312559 0.00991141
59.6 0.0293735 0.0102176
59.8 0.0274648 0.0105127
60 0.0255332 0.0107941
60.2 0.0235825 0.0110592
60.4 0.0216165 0.0113057
60.6 0.0196388 0.0115312
60.8 0.0176533 0.0117339
61 0.0156639 0.0119118
61.2 0.0136742 0.0120634
61.4 0.0116882 0.0121873
61.6 0.00970964 0.0122822
61.8 0.00774216 0.0123471
62 0.00578946 0.0123811
62.2 0.00385511 0.0123837
62.4 0.00194259 0.0123545
62.6 5.526e-05 0.0122931
62.8 -0.00180365 0.0121996
63 -0.00363103 0.0120742
63.2 -0.00542397 0.0119171
63.4 -0.00717969 0.0117289
63.6 -0.00889562 0.0115104
63.8 -0.0105694 0.0112623
64 -0.0121987 0.0109857
64.2 -0.0137818 0.0106819
64.4 -0.0153168 0.010352
64.6 -0.0168021 0.00999763
64.8 -0.0182366 0.0096203
65 -0.0196192 0.00922173
65.2 -0.0209491 0.0088037
65.4 -0.0222256 0.00836812
65.6 -0.0234486 0.00791696
65.8 -0.0246179 0.00745224
66 -0.0257336 0.00697608
66.2 -0.0267961 0.00649062
66.4 -0.0278061 0.00599802
66.6 -0.0287643 0.00550048
66.8 -0.0296718 0.00500022
67 -0.0305297 0.00449942
67.2 -0.0313395 0.00400027
67.4 -0.0321027 0.00350494
67.6 -0.032821 0.00301554
67.8 -0.0334963 0.00253415
68 -0.0341304 0.00206276
68.2 -0.0347256 0.00160333
68.4 -0.0352839 0.00115772
68.6 -0.0358076 0.000727682
68.8 -0.0362988 0.0003149
69 -0.0367599 -7.90643e-05
69.2 -0.0371931 -0.000452761
69.4 -0.0376008 -0.000804862
69.6 -0.0379851 -0.00113417
69.8 -0.0383483 -0.0014396
70 -0.0386924 -0.00172024
70.2 -0.0390194 -0.00197529
70.4 -0.0393313 -0.00220411
70.6 -0.0396298 -0.0024062
70.8 -0.0399166 -0.00258121
71 -0.0401931 -0.00272894
71.2 -0.0404606 -0.00284933
71.4 -0.0407203 -0.00294249
71.6 -0.040973 -0.00300865
71.8 -0.0412195 -0.0030482
72 -0.0414603 -0.00306167
72.2 -0.0416957 -0.00304973
72.4 -0.0419256 -0.00301316
72.6 -0.0421499 -0.0029529
72.8 -0.0423682 -0.00286997
73 -0.0425798 -0.00276554
73.2 -0.042784 -0.00264088
73.4 -0.0429794 -0.00249733
73.6 -0.0431649 -0.00233635
73.8 -0.043339 -0.00215948
74 -0.0434997 -0.00196832
74.2 -0.0436453 -0.00176453
74.4 -0.0437736 -0.00154983
74.6 -0.0438824 -0.00132599
74.8 -0.0439691 -0.00109481
75 -0.0440313 -0.000858101
75.2 -0.0440663 -0.000617694
75.4 -0.0440712 -0.000375424
75.6 -0.0440432 -0.000133114
75.8 -0.0439795 0.000107432
76 -0.043877 0.000344437
76.2 -0.0437327 0.000576162
76.4 -0.0435439 0.000800919
76.6 -0.0433074 0.00101708
76.8 -0.0430205 0.00122306
77 -0.0426804 0.00141739
77.2 -0.0422843 0.00159865
77.4 -0.0418299 0.00176553
77.6 -0.0413145 0.00191679
77.8 -0.0407361 0.00205131
78 -0.0400925 0.0021681
78.2 -0.039382 0.00226624
78.4 -0.0386028 0.00234496
78.6 -0.0377538 0.00240359
78.8 -0.0368336 0.0024416
79 -0.0358417 0.00245859
79.2 -0.0347773 0.00245426
79.4 -0.0336402 0.00242847
79.6 -0.0324307 0.00238118
79.8 -0.0311489 0.0023125
80 -0.0297958 0.00222266
80.2 -0.0283723 0.00211199
80.4 -0.0268798 0.00198098
80.6 -0.02532 0.00183021
80.8 -0.023695 0.00166037
81 -0.0220071 0.00147228
81.2 -0.0202591 0.00126682
81.4 -0.0184538 0.00104501
81.6 -0.0165947 0.000807922
81.8 -0.0146853 0.000556736
82 -0.0127294 0.000292689
82.2 -0.0107312 1.70869e-05
82.4 -0.00869504 -0.00026871
82.6 -0.00662544 -0.000563291
82.8 -0.00452719 -0.000865211
83 -0.00240525 -0.00117299
83.2 -0.000264721 -0.00148514
83.4 0.00188917 -0.00180015
83.6 0.0040511 -0.00211651
83.8 0.00621564 -0.00243274
84 0.00837734 -0.00274735
84.2 0.0105307 -0.0030589
84.4 0.0126703 -0.00336597
84.6 0.0147906 -0.0036672
84.8 0.0168863 -0.00396128
85 0.0189521 -0.00424697
85.2 0.0209828 -0.0045231
85.4 0.0229734 -0.00478857
85.6 0.0249191 -0.00504238
85.8 0.0268151 -0.00528361
86 0.0286571 -0.00551145
86.2 0.0304409 -0.00572519
86.4 0.0321625 -0.00592423
86.6 0.0338183 -0.00610808
86.8 0.0354051 -0.00627639
87 0.0369198 -0.00642889
87.2 0.0383598 -0.00656547
87.4 0.0397229 -0.00668612
87.6 0.041007 -0.00679097
87.8 0.0422107 -0.00688027
88 0.0433329 -0.00695438
88.2 0.0443727 -0.0070138
88.4 0.0453299 -0.00705914
88.6 0.0462046 -0.00709114
88.8 0.0469971 -0.00711064
89 0.0477084 -0.00711858
89.2 0.0483396 -0.00711603
89.4 0.0488925 -0.00710414
89.6 0.0493691 -0.00708415
89.8 0.0497717 -0.0070574
90 0.050103 -0.00702529
90.2 0.0503663 -0.0069893
90.4 0.0505647 -0.00695097
90.6 0.0507021 -0.00691189
90.8 0.0507825 -0.0068737
91 0.0508099 -0.00683806
91.2 0.050789 -0.00680667
91.4 0.0507244 -0.00678122
91.6 0.050621 -0.00676345
91.8 0.0504837 -0.00675504
92 0.0503177 -0.00675769
92.2 0.0501283 -0.00677307
92.4 0.0499208 -0.00680279
92.6 0.0497005 -0.00684844
92.8 0.0494728 -0.00691155
93 0.049243 -0.00699357
93.2 0.0490165 -0.00709589
93.4 0.0487984 -0.00721981
93.6 0.0485939 -0.00736654
93.8 0.0484079 -0.00753719
94 0.0482453 -0.00773275
94.2 0.0481106 -0.00795413
94.4 0.0480083 -0.00820207
94.6 0.0479426 -0.00847722
94.8 0.0479173 -0.0087801
95 0.0479361 -0.00911106
95.2 0.0480023 -0.00947034
95.4 0.0481188 -0.00985803
95.6 0.0482883 -0.0102741
95.8 0.0485132 -0.0107183
96 0.0487952 -0.0111902
96.2 0.0491361 -0.0116895
96.4 0.0495369 -0.0122154
96.6 0.0499984 -0.0127672
96.8 0.0505209 -0.0133439
97 0.0511044 -0.0139444
97.2 0.0517486 -0.0145675
97.4 0.0524525 -0.0152119
97.6 0.0532148 -0.0158762
97.8 0.054034 -0.0165586
98 0.0549081 -0.0172576
98.2 0.0558346 -0.0179713
98.4 0.0568109 -0.0186978
98.6 0.0578337 -0.0194351
98.8 0.0588997 -0.0201811
99 0.060005 -0.0209337
99.2 0.0611458 -0.0216906
99.4 0.0623175 -0.0224496
99.6 0.0635156 -0.0232084
99.8 0.0647354 -0.0239647
100 0.0659716 -0.0247159
100.2 0.0672192 -0.0254599
100.4 0.0684727 -0.0261942
100.6 0.0697266 -0.0269165
100.8 0.0709753 -0.0276244
101 0.072213 -0.0283156
101.2 0.0734339 -0.0289878
101.4 0.0746322 -0.0296388
101.6 0.0758022 -0.0302666
101.8 0.076938 -0.030869
102 0.0780339 -0.0314439
102.2 0.0790842 -0.0319896
102.4 0.0800834 -0.0325043
102.6 0.0810261 -0.0329861
102.8 0.081907 -0.0334336
103 0.082721 -0.0338453
103.2 0.0834632 -0.0342198
103.4 0.0841289 -0.0345561
103.6 0.0847137 -0.0348529
103.8 0.0852135 -0.0351094
104 0.0856244 -0.0353249
104.2 0.0859427 -0.0354987
104.4 0.0861652 -0.0356303
104.6 0.086289 -0.0357194
104.8 0.0863113 -0.0357659
105 0.08623 -0.0357697
105.2 0.086043 -0.035731
105.4 0.0857489 -0.03565
105.6 0.0853464 -0.0355272
105.8 0.0848347 -0.0353632
106 0.0842134 -0.0351586
106.2 0.0834823 -0.0349143
106.4 0.0826417 -0.0346313
106.6 0.0816922 -0.0343107
106.8 0.080635 -0.0339537
107 0.0794713 -0.0335616
107.2 0.0782028 -0.0331358
107.4 0.0768317 -0.032678
107.6 0.0753602 -0.0321896
107.8 0.0737911 -0.0316725
108 0.0721274 -0.0311284
108.2 0.0703724 -0.0305591
108.4 0.0685296 -0.0299665
108.6 0.066603 -0.0293526
108.8 0.0645965 -0.0287194
109 0.0625146 -0.0280689
109.2 0.0603617 -0.0274031
109.4 0.0581426 -0.026724
109.6 0.0558622 -0.0260338
109.8 0.0535254 -0.0253345
110 0.0511376 -0.0246281
110.2 0.048704 -0.0239167
110.4 0.0462301 -0.0232023
110.6 0.0437213 -0.0224867
110.8 0.0411832 -0.0217721
111 0.0386214 -0.0210602
111.2 0.0360414 -0.0203529
111.4 0.033449 -0.0196519
111.6 0.0308496 -0.0189591
111.8 0.028249 -0.018276
112 0.0256525 -0.0176042
112.2 0.0230657 -0.0169454
112.4 0.020494 -0.0163008
112.6 0.0179425 -0.0156719
112.8 0.0154165 -0.01506
113 0.012921 -0.0144663
113.2 0.0104608 -0.0138919
113.4 0.00804087 -0.0133379
113.6 0.00566561 -0.0128053
113.8 0.00333948 -0.0122949
114 0.0010667 -0.0118077
114.2 -0.00114869 -0.0113444
114.4 -0.00330287 -0.0109056
114.6 -0.0053922 -0.0104919
114.8 -0.00741329 -0.010104
115 -0.00936293 -0.00974231
115.2 -0.0112382 -0.00940721
115.4 -0.0130362 -0.0090991
115.6 -0.0147546 -0.00881827
115.8 -0.0163911 -0.008565
116 -0.0179436 -0.00833949
116.2 -0.0194102 -0.0081419
116.4 -0.0207895 -0.00797236
116.6 -0.0220801 -0.00783096
116.8 -0.0232808 -0.00771775
117 -0.0243908 -0.00763276
117.2 -0.0254094 -0.00757597
117.4 -0.0263362 -0.00754737
117.6 -0.0271709 -0.00754689
117.8 -0.0279137 -0.00757447
118 -0.0285646 -0.00763001
118.2 -0.0291241 -0.00771341
118.4 -0.0295929 -0.00782453
118.6 -0.0299717 -0.00796325
118.8 -0.0302615 -0.00812941
119 -0.0304636 -0.00832284
119.2 -0.0305792 -0.00854337
119.4 -0.03061 -0.0087908
119.6 -0.0305576 -0.00906493
119.8 -0.0304239 -0.00936554
120 -0.0302109 -0.00969237
120.2 -0.0299206 -0.0100452
120.4 -0.0295555 -0.0104237
120.6 -0.0291178 -0.0108276
120.8 -0.0286101 -0.0112565
121 -0.0280351 -0.0117101
121.2 -0.0273954 -0.012188
121.4 -0.026694 -0.0126898
121.6 -0.0259336 -0.013215
121.8 -0.0251174 -0.0137631
122 -0.0242483 -0.0143336
122.2 -0.0233296 -0.0149257
122.4 -0.0223645 -0.015539
122.6 -0.0213561 -0.0161726
122.8 -0.0203077 -0.0168258
123 -0.0192228 -0.0174977
123.2 -0.0181047 -0.0181875
123.4 -0.0169567 -0.0188942
123.6 -0.0157822 -0.0196168
123.8 -0.0145847 -0.0203541
124 -0.0133676 -0.0211049
124.2 -0.0121342 -0.021868
124.4 -0.010888 -0.0226421
124.6 -0.00963227 -0.0234258
124.8 -0.00837045 -0.0242174
125 -0.00710581 -0.0250156
125.2 -0.00584164 -0.0258186
125.4 -0.00458114 -0.0266247
125.6 -0.00332751 -0.0274322
125.8 -0.00208386 -0.0282392
126 -0.000853242 -0.0290438
126.2 0.000361359 -0.0298439
126.4 0.00155704 -0.0306377
126.6 0.00273097 -0.0314229
126.8 0.00388041 -0.0321974
127 0.00500272 -0.0329592
127.2 0.00609536 -0.033706
127.4 0.00715589 -0.0344355
127.6 0.00818196 -0.0351455
127.8 0.00917137 -0.0358338
128 0.010122 -0.0364981
128.2 0.0110319 -0.0371362
128.4 0.0118992 -0.0377459
128.6 0.0127222 -0.0383249
128.8 0.0134992 -0.0388711
129 0.014229 -0.0393823
129.2 0.01491 -0.0398566
129.4 0.0155412 -0.0402918
129.6 0.0161216 -0.0406862
129.8 0.0166502 -0.0410378
130 0.0171263 -0.0413448
130.2 0.0175495 -0.0416058
130.4 0.0179191 -0.0418191
130.6 0.018235 -0.0419833
130.8 0.0184971 -0.0420972
131 0.0187053 -0.0421596
131.2 0.0188598 -0.0421695
131.4 0.0189611 -0.0421262
131.6 0.0190094 -0.0420288
131.8 0.0190055 -0.0418769
132 0.01895 -0.0416702
132.2 0.018844 -0.0414085
132.4 0.0186884 -0.0410917
132.6 0.0184843 -0.0407201
132.8 0.0182331 -0.040294
133 0.0179362 -0.039814
133.2 0.0175951 -0.0392808
133.4 0.0172114 -0.0386954
133.6 0.0167869 -0.0380587
133.8 0.0163235 -0.0373721
134 0.015823 -0.0366371
134.2 0.0152874 -0.0358551
134.4 0.014719 -0.0350282
134.6 0.0141198 -0.034158
134.8 0.013492 -0.0332469
135 0.0128381 -0.0322969
135.2 0.0121603 -0.0313106
135.4 0.011461 -0.0302903
135.6 0.0107426 -0.0292387
135.8 0.0100076 -0.0281585
136 0.00925839 -0.0270527
136.2 0.00849743 -0.025924
136.4 0.0077272 -0.0247754
136.6 0.00695014 -0.0236101
136.8 0.00616869 -0.0224311
137 0.00538523 -0.0212416
137.2 0.00460216 -0.0200447
137.4 0.00382179 -0.0188435
137.6 0.0030464 -0.0176413
137.8 0.00227821 -0.0164413
138 0.00151939 -0.0152464
138.2 0.000772022 -0.0140599
138.4 3.81192e-05 -0.0128847
138.6 -0.000680389 -0.0117239
138.8 -0.00138166 -0.0105802
139 -0.00206395 -0.00945646
139.2 -0.00272561 -0.00835541
139.4 -0.00336508 -0.0072796
139.6 -0.00398094 -0.00623149
139.8 -0.00457184 -0.00521339
140 -0.00513658 -0.00422749
140.2 -0.00567405 -0.00327582
140.4 -0.00618326 -0.00236026
140.6 -0.00666336 -0.00148252
140.8 -0.00711358 -0.000644146
141 -0.00753332 0.000153482
141.2 -0.00792206 0.000909169
141.4 -0.00827941 0.00162189
141.6 -0.00860512 0.00229082
141.8 -0.00889903 0.00291529
142 -0.0091611 0.00349483
142.2 -0.00939142 0.00402915
142.4 -0.00959018 0.00451813
142.6 -0.00975766 0.00496185
142.8 -0.00989427 0.00536054
143 -0.0100005 0.0057146
143.2 -0.010077 0.00602462
143.4 -0.0101243 0.00629132
143.6 -0.0101434 0.0065156
143.8 -0.0101349 0.00669848
144 -0.0100999 0.00684112
144.2 -0.0100394 0.00694484
144.4 -0.00995429 0.00701105
144.6 -0.00984583 0.00704128
144.8 -0.00971514 0.00703716
145 -0.00956343 0.00700041
145.2 -0.00939196 0.00693284
145.4 -0.00920199 0.00683633
145.6 -0.00899485 0.00671281
145.8 -0.00877185 0.00656426
146 -0.00853434 0.00639271
146.2 -0.00828367 0.00620021
146.4 -0.0080212 0.00598882
146.6 -0.00774826 0.00576062
146.8 -0.0074662 0.00551768
147 -0.00717635 0.00526204
147.2 -0.00688001 0.00499574
147.4 -0.00657846 0.00472077
147.6 -0.00627295 0.00443909
147.8 -0.0059647 0.0041526
148 -0.00565489 0.00386313
148.2 -0.00534465 0.00357247
148.4 -0.00503508 0.00328231
148.6 -0.00472723 0.00299427
148.8 -0.00442208 0.00270989
149 -0.00412057 0.0024306
149.2 -0.0038236 0.00215776
149.4 -0.00353197 0.00189261
149.6 -0.00324647 0.00163629
149.8 -0.0029678 0.00138984
150 -0.0026966 0.00115419
150.2 -0.00243345 0.000930158
150.4 -0.00217889 0.00071846
150.6 -0.00193336 0.0005197
150.8 -0.00169726 0.000334372
151 -0.00147095 0.000162868
151.2 -0.00125468 5.47185e-06
151.4 -0.00104869 -0.000137633
151.6 -0.000853146 -0.000266363
151.8 -0.000668147 -0.000380728
152 -0.000493755 -0.000480831
152.2 -0.000329976 -0.000566861
152.4 -0.000176767 -0.000639088
152.6 -3.40416e-05 -0.00069786
152.8 9.83319e-05 -0.000743596
153 0.000220524 -0.00077678
153.2 0.000332744 -0.000797956
153.4 0.000435235 -0.000807722
153.6 0.000528271 -0.000806722
153.8 0.000612155 -0.000795642
154 0.000687216 -0.000775201
154.2 0.000753803 -0.000746149
154.4 0.000812286 -0.000709255
154.6 0.000863051 -0.000665306
154.8 0.000906498 -0.000615098
155 0.000943034 -0.00055943
155.2 0.000973076 -0.0004991
155.4 0.000997045 -0.000434899
155.6 0.00101536 -0.000367604
155.8 0.00102845 -0.000297976
156 0.00103674 -0.000226754
156.2 0.00104062 -0.000154648
156.4 0.00104052 -8.23414e-05
156.6 0.00103682 -1.04811e-05
156.8 0.00102992 6.0322e-05
157 0.00102019 0.000129497
157.2 0.00100798 0.000196515
157.4 0.000993636 0.000260892
157.6 0.000977488 0.000322189
157.8 0.000959841 0.000380015
158 0.000940986 0.000434025
158.2 0.000921192 0.000483924
158.4 0.00090071 0.000529465
158.6 0.000879771 0.000570449
158.8 0.000858584 0.000606722
159 0.00083734 0.00063818
159.2 0.000816209 0.000664761
159.4 0.000795341 0.000686449
159.6 0.000774866 0.000703267
159.8 0.000754897 0.000715279
160 0.000735526 0.000722584
160.2 0.000716829 0.00072532
160.4 0.000698867 0.000723651
160.6 0.000681681 0.000717775
160.8 0.0006653 0.000707913
161 0.000649739 0.000694311
161.2 0.000634999 0.000677234
161.4 0.00062107 0.000656963
161.6 0.000607931 0.000633794
161.8 0.000595552 0.000608034
162 0.000583894 0.000579995
162.2 0.000572913 0.000549995
162.4 0.000562556 0.000518355
162.6 0.000552767 0.000485392
162.8 0.000543487 0.00045142
163 0.000534653 0.000416747
163.2 0.0005262 0.000381671
163.4 0.000518065 0.00034648
163.6 0.000510183 0.000311447
163.8 0.000502491 0.000276831
164 0.000494928 0.000242875
164.2 0.000487436 0.000209802
164.4 0.000479961 0.000177816
164.6 0.000472452 0.000147102
164.8 0.000464865 0.000117821
165 0.000457157 9.01156e-05
165.2 0.000449295 6.41036e-05
165.4 0.00044125 3.98815e-05
165.6 0.000432998 1.75234e-05
165.8 0.000424522 -2.91848e-06
166 0.000415812 -2.14137e-05
166.2 0.000406864 -3.79525e-05
166.4 0.000397681 -5.25454e-05
166.6 0.000388269 -6.52221e-05
166.8 0.000378645 -7.60304e-05
167 0.000368826 -8.50351e-05
167.2 0.00035884 -9.23163e-05
167.4 0.000348716 -9.79685e-05
167.6 0.000338489 -0.000102099
167.8 0.000328199 -0.000104825
168 0.000317889 -0.000106276
168.2 0.000307606 -0.000106586
168.4 0.000297399 -0.000105897
168.6 0.000287319 -0.000104355
168.8 0.00027742 -0.000102109
169 0.000267756 -9.93088e-05
169.2 0.000258383 -9.6105e-05
169.4 0.000249354 -9.2645e-05
169.6 0.000240726 -8.90733e-05
169.8 0.000232551 -8.55296e-05
170 0.000224881 -8.21474e-05
170.2 0.000217766 -7.90531e-05
170.4 0.000211254 -7.63646e-05
170.6 0.000205389 -7.41905e-05
170.8 0.000200212 -7.2629e-05
171 0.00019576 -7.17676e-05
171.2 0.000192067 -7.16818e-05
171.4 0.00018916 -7.24353e-05
171.6 0.000187064 -7.40793e-05
171.8 0.000185798 -7.6652e-05
172 0.000185376 -8.01792e-05
172.2 0.000185806 -8.46737e-05
172.4 0.000187091 -9.01355e-05
172.6 0.000189231 -9.65525e-05
172.8 0.000192216 -0.0001039
173 0.000196035 -0.000112143
173.2 0.000200669 -0.000121234
173.4 0.000206094 -0.000131116
173.6 0.000212283 -0.000141722
173.8 0.000219202 -0.000152977
174 0.000226814 -0.000164797
174.2 0.000235076 -0.000177093
174.4 0.000243941 -0.000189767
174.6 0.000253361 -0.00020272
174.8 0.000263282 -0.000215846
175 0.000273646 -0.000229037
175.2 0.000284396 -0.000242184
175.4 0.000295469 -0.000255176
175.6 0.000306803 -0.000267905
175.8 0.000318331 -0.000280262
176 0.000329989 -0.00029214
176.2 0.00034171 -0.000303438
176.4 0.000353426 -0.000314057
176.6 0.000365072 -0.000323905
176.8 0.000376581 -0.000332893
177 0.000387887 -0.000340942
177.2 0.000398927 -0.000347979
177.4 0.000409638 -0.000353938
177.6 0.00041996 -0.000358762
177.8 0.000429836 -0.000362403
178 0.00043921 -0.000364823
178.2 0.00044803 -0.000365991
178.4 0.000456246 -0.000365888
178.6 0.000463814 -0.000364504
178.8 0.00047069 -0.000361836
179 0.000476837 -0.000357895
179.2 0.000482221 -0.000352697
179.4 0.00048681 -0.00034627
179.6 0.00049058 -0.00033865
179.8 0.000493508 -0.000329881
180 0.000495576 -0.000320015
180.2 0.000496772 -0.000309111
180.4 0.000497085 -0.000297236
180.6 0.000496512 -0.000284463
180.8 0.000495052 -0.000270868
181 0.000492707 -0.000256536
181.2 0.000489484 -0.000241552
181.4 0.000485396 -0.000226009
181.6 0.000480456 -0.000209999
181.8 0.000474683 -0.000193617
182 0.000468097 -0.000176959
182.2 0.000460723 -0.000160123
182.4 0.000452588 -0.000143205
182.6 0.000443722 -0.000126299
182.8 0.000434157 -0.000109501
183 0.000423927 -9.29008e-05
183.2 0.000413068 -7.65872e-05
183.4 0.000401618 -6.06449e-05
183.6 0.000389617 -4.51546e-05
183.8 0.000377103 -3.01922e-05
184 0.00036412 -1.58286e-05
184.2 0.000350707 -2.12904e-06
184.4 0.000336908 1.08468e-05
184.6 0.000322764 2.30454e-05
184.8 0.000308319 3.44199e-05
185 0.000293613 4.49296e-05
185.2 0.000278689 5.45407e-05
185.4 0.000263588 6.32259e-05
185.6 0.000248349 7.09646e-05
185.8 0.000233012 7.77432e-05
186 0.000217615 8.35542e-05
186.2 0.000202194 8.83968e-05
186.4 0.000186786 9.22763e-05
186.6 0.000171423 9.5204e-05
186.8 0.000156139 9.71968e-05
187 0.000140963 9.82769e-05
187.2 0.000125926 9.84718e-05
187.4 0.000111054 9.78133e-05
187.6 9.63729e-05 9.63376e-05
187.8 8.19064e-05 9.40846e-05
188 6.76765e-05 9.10976e-05
188.2 5.37035e-05 8.74227e-05
188.4 4.00058e-05 8.31084e-05
188.6 2.66002e-05 7.82054e-05
188.8 1.35018e-05 7.27657e-05
189 7.24082e-07 6.68424e-05
189.2 -1.17211e-05 6.0489e-05
189.4 -2.38232e-05 5.37596e-05
189.6 -3.55733e-05 4.67075e-05
189.8 -4.69638e-05 3.93857e-05
190 -5.79881e-05 3.1846e-05
190.2 -6.86412e-05 2.4139e-05
190.4 -7.89188e-05 1.63132e-05
190.6 -8.88179e-05 8.41562e-06
190.8 -9.83362e-05 4.90539e-07
191 -0.000107472 -7.42005e-06
191.2 -0.000116226 -1.52769e-05
191.4 -0.000124596 -2.30435e-05
191.6 -0.000132585 -3.06866e-05
191.8 -0.000140193 -3.81759e-05
192 -0.000147421 -4.5484e-05
192.2 -0.000154272 -5.25871e-05
192.4 -0.000160748 -5.94642e-05
192.6 -0.000166851 -6.60977e-05
192.8 -0.000172584 -7.24729e-05
193 -0.00017795 -7.85781e-05
193.2 -0.000182953 -8.44045e-05
193.4 -0.000187595 -8.9946e-05
193.6 -0.00019188 -9.51989e-05
193.8 -0.00019581 -0.000100162
194 -0.00019939 -0.000104836
194.2 -0.000202623 -0.000109225
194.4 -0.000205511 -0.000113332
194.6 -0.00020806 -0.000117165
194.8 -0.000210272 -0.00012073
195 -0.000212151 -0.000124036
195.2 -0.0002137 -0.000127092
195.4 -0.000214925 -0.000129909
195.6 -0.000215828 -0.000132496
195.8 -0.000216414 -0.000134864
196 -0.000216688 -0.000137024
196.2 -0.000216653 -0.000138985
196.4 -0.000216316 -0.000140758
196.6 -0.000215681 -0.000142352
196.8 -0.000214753 -0.000143775
197 -0.000213539 -0.000145034
197.2 -0.000212045 -0.000146137
197.4 -0.000210278 -0.000147088
197.6 -0.000208244 -0.000147893
197.8 -0.000205951 -0.000148555
198 -0.000203407 -0.000149076
198.2 -0.000200621 -0.000149457
198.4 -0.000197602 -0.000149697
198.6 -0.000194359 -0.000149796
198.8 -0.000190902 -0.00014975
199 -0.000187241 -0.000149557
199.2 -0.000183388 -0.000149212
199.4 -0.000179354 -0.000148709
199.6 -0.000175149 -0.000148043
199.8 -0.000170788 -0.000147208
200 -0.000166282 -0.000146195
