===== IFC post-processing pipeline started at Thu Apr  9 08:51:50 PM PDT 2026 =====
Activated conda env: phoebe
Working directory: <PATH_TO_DATA>/qe_jobs/nep_training/ifc/201-106

>>> Step 1: Building FORCE_SETS from displaced VASP runs
        _
  _ __ | |__   ___  _ __   ___   _ __  _   _
 | '_ \| '_ \ / _ \| '_ \ / _ \ | '_ \| | | |
 | |_) | | | | (_) | | | | (_) || |_) | |_| |
 | .__/|_| |_|\___/|_| |_|\___(_) .__/ \__, |
 |_|                            |_|    |___/
                                      2.43.2

-------------------------[time 2026-04-09 20:51:51]-------------------------
Compiled with OpenMP support (max 192 threads).
Python version 3.11.13
Spglib version 2.6.0

Displacements were read from "phonopy_disp.yaml".
  Number of supercell files: 636
  Number of displacements in "phonopy_disp.yaml": 636
counter (file index): 1 2 3 4 5 6 7 8 9 10 11 12 13 14 15 16 17 18 19 20 21 22 23 24 25 26 27 28 29 30 31 32 33 34 35 36 37 38 39 40 41 42 43 44 45 46 47 48 49 50 51 52 53 54 55 56 57 58 59 60 61 62 63 64 65 66 67 68 69 70 71 72 73 74 75 76 77 78 79 80 81 82 83 84 85 86 87 88 89 90 91 92 93 94 95 96 97 98 99 100 101 102 103 104 105 106 107 108 109 110 111 112 113 114 115 116 117 118 119 120 121 122 123 124 125 126 127 128 129 130 131 132 133 134 135 136 137 138 139 140 141 142 143 144 145 146 147 148 149 150 151 152 153 154 155 156 157 158 159 160 161 162 163 164 165 166 167 168 169 170 171 172 173 174 175 176 177 178 179 180 181 182 183 184 185 186 187 188 189 190 191 192 193 194 195 196 197 198 199 200 201 202 203 204 205 206 207 208 209 210 211 212 213 214 215 216 217 218 219 220 221 222 223 224 225 226 227 228 229 230 231 232 233 234 235 236 237 238 239 240 241 242 243 244 245 246 247 248 249 250 251 252 253 254 255 256 257 258 259 260 261 262 263 264 265 266 267 268 269 270 271 272 273 274 275 276 277 278 279 280 281 282 283 284 285 286 287 288 289 290 291 292 293 294 295 296 297 298 299 300 301 302 303 304 305 306 307 308 309 310 311 312 313 314 315 316 317 318 319 320 321 322 323 324 325 326 327 328 329 330 331 332 333 334 335 336 337 338 339 340 341 342 343 344 345 346 347 348 349 350 351 352 353 354 355 356 357 358 359 360 361 362 363 364 365 366 367 368 369 370 371 372 373 374 375 376 377 378 379 380 381 382 383 384 385 386 387 388 389 390 391 392 393 394 395 396 397 398 399 400 401 402 403 404 405 406 407 408 409 410 411 412 413 414 415 416 417 418 419 420 421 422 423 424 425 426 427 428 429 430 431 432 433 434 435 436 437 438 439 440 441 442 443 444 445 446 447 448 449 450 451 452 453 454 455 456 457 458 459 460 461 462 463 464 465 466 467 468 469 470 471 472 473 474 475 476 477 478 479 480 481 482 483 484 485 486 487 488 489 490 491 492 493 494 495 496 497 498 499 500 501 502 503 504 505 506 507 508 509 510 511 512 513 514 515 516 517 518 519 520 521 522 523 524 525 526 527 528 529 530 531 532 533 534 535 536 537 538 539 540 541 542 543 544 545 546 547 548 549 550 551 552 553 554 555 556 557 558 559 560 561 562 563 564 565 566 567 568 569 570 571 572 573 574 575 576 577 578 579 580 581 582 583 584 585 586 587 588 589 590 591 592 593 594 595 596 597 598 599 600 601 602 603 604 605 606 607 608 609 610 611 612 613 614 615 616 617 618 619 620 621 622 623 624 625 626 627 628 629 630 631 632 633 634 635 636 
"FORCE_SETS" has been created.
-------------------------[time 2026-04-09 20:51:56]-------------------------
                 _
   ___ _ __   __| |
  / _ \ '_ \ / _` |
 |  __/ | | | (_| |
  \___|_| |_|\__,_|


>>> Step 2: Writing FORCE_CONSTANTS
        _
  _ __ | |__   ___  _ __   ___   _ __  _   _
 | '_ \| '_ \ / _ \| '_ \ / _ \ | '_ \| | | |
 | |_) | | | | (_) | | | | (_) || |_) | |_| |
 | .__/|_| |_|\___/|_| |_|\___(_) .__/ \__, |
 |_|                            |_|    |___/
                                      2.43.2

-------------------------[time 2026-04-09 20:51:56]-------------------------
Compiled with OpenMP support (max 192 threads).
Python version 3.11.13
Spglib version 2.6.0

Crystal structure was read from "CONTCAR".
Unit of length: angstrom
Settings:
  Supercell: [1 1 1]
Spacegroup: P1 (1)
Number of symmetry operations in supercell: 1
Use -v option to watch primitive cell, unit cell, and supercell structures.

Displacement-force dataset was read from "FORCE_SETS".
Max drift of force constants: 0.74052800 (xx) -0.00000650 (xx) 
Force constants are written into "FORCE_CONSTANTS".
  Array shape of force constants is (106, 106, 3, 3).

****************************************************************************
 The "phonopy" command for running phonon calculationswill be phased out in 
 the future. It is recommended to use the "phonopy-load" command instead.
 For more details, please refer to this link.
 https://phonopy.github.io/phonopy/phonopy-load.html
****************************************************************************
----------------------------------------------------------------------------
 One of the following run modes may be specified for phonon calculations.
 - Mesh sampling (MESH, --mesh)
 - Q-points (QPOINTS, --qpoints)
 - Band structure (BAND, --band)
 - Animation (ANIME, --anime)
 - Modulation (MODULATION, --modulation)
 - Characters of Irreps (IRREPS, --irreps)
 - Create displacements (CREATE_DISPLACEMENTS, -d)
----------------------------------------------------------------------------

Summary of calculation was written in "phonopy.yaml".
-------------------------[time 2026-04-09 20:51:56]-------------------------
                 _
   ___ _ __   __| |
  / _ \ '_ \ / _` |
 |  __/ | | | (_| |
  \___|_| |_|\__,_|


>>> Step 3: Running cross_ifc.py
=== Auto-detected interface ===
Axis: z
Chosen switch: Si(SiC) -> O(Ga2O3)
coord1 = 18.374750 Å, coord2 = 19.947997 Å
Interface location = 19.161374 Å
Local gap = 1.573246 Å

=== Interfacial atom selection ===
Window around interface: +/- 4.000 Å
SiC-side atoms kept:    22
Ga2O3-side atoms kept:  16
Ignored OTHER atoms:    0
Interface area A:       49.068971 Å^2

=== Cross-interface IFC metrics ===
Interface location z0 (Å): 19.161374
Interface area A (Å^2):            49.068971
Number of cross pairs used:        40

Kcross      = 240.3290294579
Kcross / A  = 4.8977800801
Knn         = 204.7209710000
Knn / A     = 4.1721064493
Ktt         = 51.0003720000
Ktt / A     = 1.0393609404

=== Top 20 strongest cross-interface pairs by ||Phi_ij||_F ===
rank    i    j     pair    dist(Å)      ||Phi||_F           nn           tt
   1   66   18     Si-O     1.6032      31.468049    31.311257     3.616469
   2   68   30     Si-O     1.6032      31.466108    31.308902     3.616553
   3   69   22     Si-O     1.6481      24.747645    24.451192     4.960716
   4   65   34     Si-O     1.6481      24.742720    24.446210     4.960951
   5   67   26     Si-O     1.7311      14.705825    14.089098     5.763978
   6   70   38     Si-O     1.7311      14.702134    14.085162     5.764507
   7   67    6    Si-Ga     3.0679       5.394292     3.316422     1.523139
   8   70   14    Si-Ga     3.0680       5.394006     3.316228     1.522849
   9   65   14    Si-Ga     2.9551       5.109558     2.046427     0.624350
  10   69    6    Si-Ga     2.9551       5.109430     2.046676     0.624432
  11   68   10    Si-Ga     3.3904       3.807899     3.766375     0.292756
  12   66    2    Si-Ga     3.3905       3.807650     3.766119     0.292897
  13   67   22     Si-O     3.4624       3.484692     2.534403     0.111802
  14   70   34     Si-O     3.4625       3.483640     2.532789     0.111659
  15   96   18      C-O     2.8849       3.291696     2.717455     1.025119
  16   98   30      C-O     2.8851       3.290142     2.715316     1.024981
  17   69   26     Si-O     3.4328       3.104900     2.415703     0.126179
  18   65   38     Si-O     3.4329       3.104369     2.414267     0.125921
  19   95   34      C-O     2.8763       3.084939     2.483195     1.666824
  20   99   22      C-O     2.8763       3.084520     2.483076     1.666851

Saved full pair table to: cross_ifc_pairs.txt

===== IFC post-processing pipeline finished at Thu Apr  9 08:51:57 PM PDT 2026 =====
