   0.000000e+00   3.099188e+02   3.025862e+02   3.079139e+02   3.077710e+02   2.975845e+02   2.901400e+02  -5.559409e+01   5.445908e+01
   0.000000e+00   3.100760e+02   3.022012e+02   3.093271e+02   3.068802e+02   2.970030e+02   2.899711e+02  -1.026553e+02   1.018972e+02
   0.000000e+00   3.099823e+02   3.024179e+02   3.073285e+02   3.070717e+02   2.972687e+02   2.902016e+02  -1.618498e+02   1.621127e+02
   0.000000e+00   3.099673e+02   3.022800e+02   3.085832e+02   3.068523e+02   2.984556e+02   2.902504e+02  -2.231361e+02   2.258642e+02
   0.000000e+00   3.099321e+02   3.023984e+02   3.098360e+02   3.073108e+02   2.961564e+02   2.901722e+02  -2.839175e+02   2.879498e+02
   0.000000e+00   3.101302e+02   3.027576e+02   3.084564e+02   3.080373e+02   2.968728e+02   2.900725e+02  -3.323684e+02   3.297546e+02
   0.000000e+00   3.099832e+02   3.018883e+02   3.082939e+02   3.060599e+02   2.954448e+02   2.901484e+02  -3.901351e+02   3.952766e+02
   0.000000e+00   3.098720e+02   3.020807e+02   3.089473e+02   3.054928e+02   2.967309e+02   2.900416e+02  -4.363212e+02   4.402202e+02
   0.000000e+00   3.097525e+02   3.020549e+02   3.085124e+02   3.065100e+02   2.959112e+02   2.901095e+02  -4.895096e+02   4.972526e+02
   0.000000e+00   3.100361e+02   3.013946e+02   3.091690e+02   3.064261e+02   2.961290e+02   2.897857e+02  -5.659569e+02   5.630035e+02
   0.000000e+00   3.097811e+02   3.023458e+02   3.090592e+02   3.059564e+02   2.974304e+02   2.900812e+02  -6.374404e+02   6.333259e+02
   0.000000e+00   3.098916e+02   3.026010e+02   3.085695e+02   3.069029e+02   2.981992e+02   2.900011e+02  -6.985549e+02   6.974672e+02
   0.000000e+00   3.099644e+02   3.023917e+02   3.097534e+02   3.074850e+02   2.964597e+02   2.898885e+02  -7.496174e+02   7.521879e+02
   0.000000e+00   3.098375e+02   3.014184e+02   3.071061e+02   3.060372e+02   2.962589e+02   2.899746e+02  -8.112509e+02   8.107574e+02
   0.000000e+00   3.100047e+02   3.027449e+02   3.092314e+02   3.072601e+02   2.952810e+02   2.901816e+02  -8.905605e+02   8.849598e+02
   0.000000e+00   3.100164e+02   3.031023e+02   3.087247e+02   3.079083e+02   2.981859e+02   2.897961e+02  -9.455581e+02   9.379248e+02
   0.000000e+00   3.097935e+02   3.021674e+02   3.073371e+02   3.055984e+02   2.955115e+02   2.901201e+02  -9.832539e+02   9.831099e+02
   0.000000e+00   3.100415e+02   3.027673e+02   3.083211e+02   3.057622e+02   2.975589e+02   2.902304e+02  -1.043537e+03   1.052432e+03
   0.000000e+00   3.098758e+02   3.023025e+02   3.086576e+02   3.064822e+02   2.976608e+02   2.900419e+02  -1.109113e+03   1.115250e+03
   0.000000e+00   3.096693e+02   3.021912e+02   3.078679e+02   3.074551e+02   2.953242e+02   2.900751e+02  -1.177281e+03   1.178856e+03
