   0.000000e+00   9.095419e+02   9.018778e+02   9.082681e+02   9.030052e+02   8.966831e+02   8.893975e+02  -3.136297e+01   8.523920e+01
   0.000000e+00   9.094285e+02   8.982638e+02   9.042288e+02   9.067472e+02   8.913578e+02   8.896704e+02  -7.796024e+01   1.109347e+02
   0.000000e+00   9.099015e+02   9.018290e+02   9.086753e+02   9.034118e+02   8.992226e+02   8.905648e+02  -1.334676e+02   1.540297e+02
   0.000000e+00   9.091439e+02   9.006047e+02   9.066707e+02   9.065328e+02   8.946628e+02   8.894260e+02  -2.044000e+02   2.170327e+02
   0.000000e+00   9.097317e+02   9.035691e+02   9.103000e+02   9.093624e+02   8.971452e+02   8.902896e+02  -2.680592e+02   2.705519e+02
   0.000000e+00   9.097841e+02   9.024138e+02   9.088805e+02   9.065978e+02   8.979085e+02   8.906910e+02  -2.819269e+02   2.651950e+02
   0.000000e+00   9.101659e+02   9.040036e+02   9.089276e+02   9.075454e+02   8.998426e+02   8.907815e+02  -3.207940e+02   3.238123e+02
   0.000000e+00   9.106739e+02   9.021162e+02   9.074142e+02   9.067031e+02   8.962646e+02   8.897273e+02  -3.380615e+02   3.596967e+02
   0.000000e+00   9.099984e+02   9.032310e+02   9.069273e+02   9.096131e+02   8.976900e+02   8.897922e+02  -3.758661e+02   4.105343e+02
   0.000000e+00   9.100768e+02   9.017463e+02   9.061663e+02   9.069071e+02   8.976837e+02   8.892084e+02  -4.262878e+02   4.480024e+02
   0.000000e+00   9.091617e+02   9.049416e+02   9.074272e+02   9.094036e+02   9.010305e+02   8.902583e+02  -4.445369e+02   4.585201e+02
   0.000000e+00   9.094088e+02   9.019933e+02   9.057750e+02   9.083307e+02   8.967222e+02   8.903061e+02  -5.017894e+02   5.029583e+02
   0.000000e+00   9.093805e+02   9.002577e+02   9.069224e+02   9.048948e+02   8.931205e+02   8.903742e+02  -5.186212e+02   5.663930e+02
   0.000000e+00   9.095218e+02   9.012771e+02   9.065813e+02   9.069451e+02   8.984132e+02   8.904167e+02  -5.639263e+02   5.998176e+02
   0.000000e+00   9.095082e+02   9.050007e+02   9.088459e+02   9.087959e+02   8.987253e+02   8.900858e+02  -6.030234e+02   6.414537e+02
   0.000000e+00   9.097804e+02   9.016070e+02   9.064248e+02   9.026590e+02   8.923982e+02   8.901660e+02  -6.668243e+02   6.864753e+02
   0.000000e+00   9.109432e+02   9.031342e+02   9.094377e+02   9.073915e+02   8.992074e+02   8.908854e+02  -6.842013e+02   7.136117e+02
   0.000000e+00   9.099129e+02   9.029938e+02   9.097679e+02   9.075578e+02   8.949074e+02   8.905914e+02  -7.755467e+02   7.799111e+02
   0.000000e+00   9.093193e+02   9.065816e+02   9.079633e+02   9.090177e+02   9.075524e+02   8.898236e+02  -8.341802e+02   8.326137e+02
   0.000000e+00   9.111335e+02   9.063505e+02   9.075687e+02   9.097028e+02   9.039579e+02   8.903147e+02  -8.817644e+02   8.911021e+02
   0.000000e+00   9.098544e+02   8.989528e+02   9.081279e+02   9.030791e+02   8.938252e+02   8.899312e+02  -9.346142e+02   9.555142e+02
   0.000000e+00   9.101256e+02   9.046759e+02   9.098496e+02   9.087975e+02   8.963430e+02   8.901025e+02  -9.918243e+02   1.005871e+03
   0.000000e+00   9.105517e+02   9.078475e+02   9.121350e+02   9.109277e+02   9.036903e+02   8.905246e+02  -1.030418e+03   1.062851e+03
   0.000000e+00   9.102209e+02   9.029992e+02   9.080255e+02   9.109253e+02   9.017545e+02   8.894831e+02  -1.067347e+03   1.088651e+03
   0.000000e+00   9.105564e+02   9.035130e+02   9.138960e+02   9.103261e+02   8.970325e+02   8.898952e+02  -1.055084e+03   1.123073e+03
   0.000000e+00   9.107177e+02   9.023017e+02   9.067066e+02   9.068227e+02   8.952121e+02   8.904330e+02  -1.128056e+03   1.143681e+03
   0.000000e+00   9.098768e+02   9.015523e+02   9.051922e+02   9.008080e+02   9.009841e+02   8.905322e+02  -1.125935e+03   1.185888e+03
   0.000000e+00   9.089487e+02   8.993771e+02   9.052643e+02   9.055500e+02   8.900701e+02   8.904222e+02  -1.191542e+03   1.226186e+03
   0.000000e+00   9.103906e+02   9.019922e+02   9.075318e+02   9.067528e+02   9.026026e+02   8.908050e+02  -1.231556e+03   1.288091e+03
   0.000000e+00   9.105417e+02   9.012475e+02   9.035652e+02   9.034584e+02   9.004299e+02   8.895077e+02  -1.284590e+03   1.338143e+03
   0.000000e+00   9.109883e+02   9.029239e+02   9.054845e+02   9.039279e+02   9.018230e+02   8.899181e+02  -1.337600e+03   1.417475e+03
   0.000000e+00   9.099198e+02   9.014433e+02   9.093181e+02   9.071512e+02   8.972317e+02   8.898272e+02  -1.374228e+03   1.461329e+03
   0.000000e+00   9.100773e+02   9.014406e+02   9.069705e+02   9.042386e+02   8.987741e+02   8.896774e+02  -1.475204e+03   1.528419e+03
   0.000000e+00   9.100369e+02   9.040736e+02   9.085175e+02   9.092950e+02   8.992335e+02   8.906965e+02  -1.508357e+03   1.563874e+03
   0.000000e+00   9.097945e+02   9.018715e+02   9.100480e+02   9.064116e+02   8.977372e+02   8.899785e+02  -1.566992e+03   1.613014e+03
   0.000000e+00   9.099646e+02   9.001124e+02   9.086553e+02   9.028076e+02   8.942384e+02   8.899918e+02  -1.581998e+03   1.651126e+03
   0.000000e+00   9.098606e+02   9.031388e+02   9.079790e+02   9.076318e+02   8.951514e+02   8.900489e+02  -1.701995e+03   1.713069e+03
   0.000000e+00   9.101702e+02   9.014541e+02   9.055678e+02   9.043236e+02   8.985191e+02   8.896075e+02  -1.738636e+03   1.776118e+03
   0.000000e+00   9.095875e+02   9.036697e+02   9.111923e+02   9.102663e+02   8.929067e+02   8.898459e+02  -1.764108e+03   1.878984e+03
   0.000000e+00   9.106962e+02   9.015092e+02   9.110567e+02   9.047991e+02   8.936505e+02   8.900503e+02  -1.834179e+03   1.905902e+03
   0.000000e+00   9.096725e+02   9.011474e+02   9.091717e+02   9.077917e+02   8.934146e+02   8.900955e+02  -1.869810e+03   1.929046e+03
   0.000000e+00   9.106877e+02   9.011869e+02   9.059321e+02   9.050205e+02   8.971893e+02   8.899955e+02  -1.917431e+03   1.991060e+03
   0.000000e+00   9.097226e+02   9.042820e+02   9.111038e+02   9.118218e+02   8.952171e+02   8.908990e+02  -1.978169e+03   2.009059e+03
   0.000000e+00   9.106517e+02   9.058622e+02   9.132271e+02   9.083598e+02   9.025161e+02   8.900179e+02  -2.034796e+03   2.066913e+03
   0.000000e+00   9.096814e+02   9.032484e+02   9.090834e+02   9.102192e+02   8.996741e+02   8.898868e+02  -2.009982e+03   2.102576e+03
   0.000000e+00   9.096509e+02   9.007892e+02   9.030170e+02   9.037695e+02   8.999968e+02   8.906016e+02  -2.054041e+03   2.152452e+03
   0.000000e+00   9.094666e+02   9.032615e+02   9.098539e+02   9.109928e+02   8.952693e+02   8.900961e+02  -2.119309e+03   2.151099e+03
   0.000000e+00   9.094696e+02   9.031057e+02   9.041426e+02   9.046685e+02   9.012194e+02   8.896921e+02  -2.164604e+03   2.222564e+03
   0.000000e+00   9.094426e+02   9.046472e+02   9.145995e+02   9.125278e+02   8.992433e+02   8.898109e+02  -2.207526e+03   2.251027e+03
   0.000000e+00   9.099015e+02   9.029645e+02   9.061037e+02   9.048802e+02   8.983705e+02   8.912947e+02  -2.239610e+03   2.280494e+03
