Preparing 8 NEW job directories...
Existing max job index: 0
Creating jobs: job_01 .. job_08
Job directory preparation done.
Scheduling 8 NEW job directories:
  job_01
  job_02
  job_03
  job_04
  job_05
  job_06
  job_07
  job_08
Launching 8 jobs on GPUs: 2 3
(Ignoring external GPU usage)
Launched job_01 on GPU 2 (PID 3071210)
GPU 2: starting job_01
Launched job_02 on GPU 3 (PID 3071211)
GPU 3: starting job_02
GPU 2: job_01 finished
GPU 2: internal job PID 3071210 finished.
GPU 2: starting job_03
Launched job_03 on GPU 2 (PID 3464803)
GPU 3: job_02 finished
GPU 3: internal job PID 3071211 finished.
Launched job_04 on GPU 3 (PID 3465818)
GPU 3: starting job_04
GPU 3: job_04 finished
GPU 3: internal job PID 3465818 finished.
Launched job_05 on GPU 3 (PID 3862082)
GPU 3: starting job_05
GPU 2: job_03 finished
GPU 2: internal job PID 3464803 finished.
Launched job_06 on GPU 2 (PID 3862734)
GPU 2: starting job_06
GPU 2: job_06 finished
GPU 2: internal job PID 3862734 finished.
Launched job_07 on GPU 2 (PID 11891)
GPU 2: starting job_07
GPU 3: job_05 finished
GPU 3: internal job PID 3862082 finished.
Launched job_08 on GPU 3 (PID 12084)
GPU 3: starting job_08
GPU 2: job_07 finished
GPU 2: internal job PID 11891 finished.
GPU 2: internal job PID 11891 finished.
GPU 2: internal job PID 11891 finished.
GPU 2: internal job PID 11891 finished.
GPU 2: internal job PID 11891 finished.
GPU 2: internal job PID 11891 finished.
GPU 2: internal job PID 11891 finished.
GPU 2: internal job PID 11891 finished.
GPU 2: internal job PID 11891 finished.
GPU 2: internal job PID 11891 finished.
GPU 2: internal job PID 11891 finished.
GPU 2: internal job PID 11891 finished.
GPU 2: internal job PID 11891 finished.
GPU 2: internal job PID 11891 finished.
GPU 2: internal job PID 11891 finished.
GPU 2: internal job PID 11891 finished.
GPU 2: internal job PID 11891 finished.
GPU 2: internal job PID 11891 finished.
GPU 2: internal job PID 11891 finished.
GPU 2: internal job PID 11891 finished.
GPU 2: internal job PID 11891 finished.
GPU 2: internal job PID 11891 finished.
GPU 2: internal job PID 11891 finished.
GPU 2: internal job PID 11891 finished.
GPU 2: internal job PID 11891 finished.
GPU 2: internal job PID 11891 finished.
GPU 2: internal job PID 11891 finished.
GPU 2: internal job PID 11891 finished.
GPU 2: internal job PID 11891 finished.
GPU 2: internal job PID 11891 finished.
GPU 2: internal job PID 11891 finished.
GPU 2: internal job PID 11891 finished.
GPU 2: internal job PID 11891 finished.
GPU 2: internal job PID 11891 finished.
GPU 2: internal job PID 11891 finished.
GPU 2: internal job PID 11891 finished.
GPU 2: internal job PID 11891 finished.
GPU 2: internal job PID 11891 finished.
GPU 2: internal job PID 11891 finished.
GPU 2: internal job PID 11891 finished.
GPU 2: internal job PID 11891 finished.
GPU 2: internal job PID 11891 finished.
GPU 2: internal job PID 11891 finished.
GPU 2: internal job PID 11891 finished.
GPU 2: internal job PID 11891 finished.
GPU 2: internal job PID 11891 finished.
GPU 2: internal job PID 11891 finished.
GPU 2: internal job PID 11891 finished.
GPU 2: internal job PID 11891 finished.
GPU 2: internal job PID 11891 finished.
GPU 2: internal job PID 11891 finished.
GPU 2: internal job PID 11891 finished.
GPU 2: internal job PID 11891 finished.
GPU 2: internal job PID 11891 finished.
GPU 2: internal job PID 11891 finished.
GPU 2: internal job PID 11891 finished.
GPU 2: internal job PID 11891 finished.
GPU 2: internal job PID 11891 finished.
GPU 2: internal job PID 11891 finished.
GPU 2: internal job PID 11891 finished.
GPU 2: internal job PID 11891 finished.
GPU 2: internal job PID 11891 finished.
GPU 2: internal job PID 11891 finished.
GPU 2: internal job PID 11891 finished.
GPU 2: internal job PID 11891 finished.
GPU 2: internal job PID 11891 finished.
GPU 2: internal job PID 11891 finished.
GPU 2: internal job PID 11891 finished.
GPU 2: internal job PID 11891 finished.
GPU 2: internal job PID 11891 finished.
GPU 2: internal job PID 11891 finished.
GPU 2: internal job PID 11891 finished.
GPU 2: internal job PID 11891 finished.
GPU 2: internal job PID 11891 finished.
GPU 2: internal job PID 11891 finished.
GPU 2: internal job PID 11891 finished.
GPU 2: internal job PID 11891 finished.
GPU 2: internal job PID 11891 finished.
GPU 2: internal job PID 11891 finished.
GPU 2: internal job PID 11891 finished.
GPU 2: internal job PID 11891 finished.
GPU 2: internal job PID 11891 finished.
GPU 2: internal job PID 11891 finished.
GPU 2: internal job PID 11891 finished.
GPU 2: internal job PID 11891 finished.
GPU 2: internal job PID 11891 finished.
GPU 2: internal job PID 11891 finished.
GPU 2: internal job PID 11891 finished.
GPU 2: internal job PID 11891 finished.
GPU 2: internal job PID 11891 finished.
GPU 2: internal job PID 11891 finished.
GPU 2: internal job PID 11891 finished.
GPU 2: internal job PID 11891 finished.
GPU 2: internal job PID 11891 finished.
GPU 2: internal job PID 11891 finished.
GPU 2: internal job PID 11891 finished.
GPU 2: internal job PID 11891 finished.
GPU 2: internal job PID 11891 finished.
GPU 2: internal job PID 11891 finished.
GPU 2: internal job PID 11891 finished.
GPU 2: internal job PID 11891 finished.
GPU 2: internal job PID 11891 finished.
GPU 2: internal job PID 11891 finished.
GPU 2: internal job PID 11891 finished.
