   0.000000e+00   3.108915e+02   3.022648e+02   3.090434e+02   2.999352e+02   2.965600e+02  -1.008159e+01   4.187919e+00
   0.000000e+00   3.080063e+02   3.027661e+02   3.121067e+02   3.003033e+02   2.928025e+02  -1.091289e+01   6.687184e+00
   0.000000e+00   3.102490e+02   3.107642e+02   3.092620e+02   3.065267e+02   2.917719e+02  -1.598500e+01   1.206576e+01
   0.000000e+00   3.112259e+02   3.123423e+02   3.094318e+02   2.981274e+02   2.886260e+02  -2.003606e+01   1.668473e+01
   0.000000e+00   3.068996e+02   3.048540e+02   3.010995e+02   2.984389e+02   2.918940e+02  -2.020747e+01   2.127259e+01
   0.000000e+00   3.076862e+02   3.042478e+02   2.972004e+02   2.970178e+02   2.935341e+02  -2.690943e+01   2.743744e+01
   0.000000e+00   3.110147e+02   3.033113e+02   3.026271e+02   2.955567e+02   2.915549e+02  -2.713935e+01   3.219253e+01
   0.000000e+00   3.109258e+02   2.993276e+02   3.005827e+02   2.915379e+02   2.874489e+02  -3.235186e+01   2.850784e+01
   0.000000e+00   3.061014e+02   3.012308e+02   3.059993e+02   2.967380e+02   2.898909e+02  -3.661426e+01   3.737004e+01
   0.000000e+00   3.089520e+02   3.018648e+02   3.011723e+02   2.969790e+02   2.943433e+02  -3.557577e+01   3.637667e+01
   0.000000e+00   3.082575e+02   3.084421e+02   2.977809e+02   2.905819e+02   2.919106e+02  -4.113211e+01   4.096279e+01
   0.000000e+00   3.072817e+02   2.984839e+02   3.028364e+02   2.910826e+02   2.891882e+02  -4.457280e+01   4.939972e+01
   0.000000e+00   3.090039e+02   3.059522e+02   2.980639e+02   2.912732e+02   2.894469e+02  -4.798443e+01   5.063171e+01
   0.000000e+00   3.074435e+02   3.073274e+02   3.027012e+02   2.979367e+02   2.905164e+02  -5.065697e+01   5.207482e+01
   0.000000e+00   3.071473e+02   3.028593e+02   2.976671e+02   2.977369e+02   2.917667e+02  -5.203788e+01   5.670427e+01
   0.000000e+00   3.127938e+02   2.986145e+02   2.986718e+02   2.907259e+02   2.922700e+02  -5.717032e+01   6.315006e+01
   0.000000e+00   3.117726e+02   3.019845e+02   2.968279e+02   2.933946e+02   2.919783e+02  -6.363018e+01   6.273223e+01
   0.000000e+00   3.086142e+02   3.082980e+02   3.011087e+02   2.956678e+02   2.951116e+02  -6.678224e+01   6.399583e+01
   0.000000e+00   3.132093e+02   3.069136e+02   3.050027e+02   2.927536e+02   2.911174e+02  -7.202280e+01   6.757671e+01
   0.000000e+00   3.100264e+02   3.092841e+02   3.059589e+02   2.923219e+02   2.904020e+02  -7.458195e+01   7.022169e+01
   0.000000e+00   3.093214e+02   3.038635e+02   3.096446e+02   2.967171e+02   2.892032e+02  -7.292180e+01   7.296816e+01
   0.000000e+00   3.088156e+02   3.011081e+02   3.112921e+02   3.003221e+02   2.933936e+02  -7.778774e+01   6.965137e+01
   0.000000e+00   3.081676e+02   3.024502e+02   3.101389e+02   2.959989e+02   2.913674e+02  -7.822839e+01   7.759949e+01
   0.000000e+00   3.097485e+02   2.998329e+02   3.031950e+02   3.010411e+02   2.930178e+02  -8.040590e+01   8.216261e+01
   0.000000e+00   3.103145e+02   2.999535e+02   2.977137e+02   3.059880e+02   2.918426e+02  -8.848421e+01   8.530546e+01
   0.000000e+00   3.049780e+02   3.162594e+02   2.972612e+02   3.020601e+02   2.902477e+02  -8.950169e+01   8.848646e+01
   0.000000e+00   3.108045e+02   3.082357e+02   2.953858e+02   3.025406e+02   2.890504e+02  -9.103030e+01   8.694096e+01
   0.000000e+00   3.104706e+02   3.023929e+02   2.970497e+02   3.012484e+02   2.909088e+02  -8.755141e+01   9.278146e+01
   0.000000e+00   3.102911e+02   2.932508e+02   2.898051e+02   2.981257e+02   2.876217e+02  -9.006307e+01   9.163935e+01
   0.000000e+00   3.080865e+02   3.015791e+02   2.944258e+02   2.933900e+02   2.918803e+02  -9.214857e+01   9.549963e+01
   0.000000e+00   3.077354e+02   2.985293e+02   2.936205e+02   2.929797e+02   2.874453e+02  -9.615605e+01   9.752862e+01
   0.000000e+00   3.098054e+02   2.980908e+02   2.989412e+02   2.926726e+02   2.902662e+02  -9.475388e+01   1.004909e+02
   0.000000e+00   3.083660e+02   3.005846e+02   3.021110e+02   2.949521e+02   2.889001e+02  -1.022615e+02   9.675378e+01
   0.000000e+00   3.059438e+02   3.057333e+02   3.042213e+02   2.947410e+02   2.907696e+02  -1.045858e+02   1.030676e+02
   0.000000e+00   3.056746e+02   3.028818e+02   3.004922e+02   2.982962e+02   2.921664e+02  -1.043256e+02   1.047210e+02
   0.000000e+00   3.086193e+02   3.004163e+02   3.025522e+02   2.965211e+02   2.928428e+02  -1.077417e+02   1.117716e+02
   0.000000e+00   3.099427e+02   3.045414e+02   2.990539e+02   2.961751e+02   2.869576e+02  -1.123663e+02   1.109520e+02
   0.000000e+00   3.063297e+02   3.044192e+02   2.969859e+02   2.968865e+02   2.905704e+02  -1.120076e+02   1.105002e+02
   0.000000e+00   3.047356e+02   2.979863e+02   3.053660e+02   2.967364e+02   2.953570e+02  -1.123196e+02   1.161142e+02
   0.000000e+00   3.114181e+02   3.023799e+02   2.989189e+02   3.005354e+02   2.933891e+02  -1.207002e+02   1.236147e+02
   0.000000e+00   3.074712e+02   3.015169e+02   2.961516e+02   3.002574e+02   2.907245e+02  -1.201750e+02   1.221022e+02
   0.000000e+00   3.074365e+02   3.079563e+02   2.981604e+02   3.012929e+02   2.917172e+02  -1.286187e+02   1.280681e+02
   0.000000e+00   3.091777e+02   2.976294e+02   2.957600e+02   2.889646e+02   2.923927e+02  -1.316140e+02   1.335878e+02
   0.000000e+00   3.092222e+02   3.012424e+02   2.955217e+02   2.937636e+02   2.893348e+02  -1.379531e+02   1.401339e+02
   0.000000e+00   3.070792e+02   2.998727e+02   2.996509e+02   2.952448e+02   2.912570e+02  -1.423443e+02   1.432830e+02
   0.000000e+00   3.138746e+02   2.990543e+02   2.988615e+02   3.028110e+02   2.909800e+02  -1.440364e+02   1.416893e+02
   0.000000e+00   3.117772e+02   2.962883e+02   2.968181e+02   2.983096e+02   2.942608e+02  -1.439743e+02   1.440426e+02
   0.000000e+00   3.084592e+02   2.943291e+02   2.994606e+02   2.887426e+02   2.895096e+02  -1.489244e+02   1.537964e+02
   0.000000e+00   3.099426e+02   2.959363e+02   2.953337e+02   2.932914e+02   2.907459e+02  -1.510216e+02   1.513042e+02
   0.000000e+00   3.092722e+02   2.965262e+02   3.001740e+02   2.883173e+02   2.903172e+02  -1.581408e+02   1.609382e+02
   0.000000e+00   3.106028e+02   3.067954e+02   2.964688e+02   2.916732e+02   2.880357e+02  -1.577871e+02   1.616541e+02
   0.000000e+00   3.049542e+02   3.044120e+02   2.942439e+02   2.946255e+02   2.942786e+02  -1.601057e+02   1.621639e+02
   0.000000e+00   3.081842e+02   3.010658e+02   3.030967e+02   3.006665e+02   2.902145e+02  -1.668748e+02   1.620360e+02
   0.000000e+00   3.095576e+02   2.998325e+02   2.981961e+02   2.972682e+02   2.890567e+02  -1.646710e+02   1.688940e+02
   0.000000e+00   3.055684e+02   2.977583e+02   2.993731e+02   2.935022e+02   2.902970e+02  -1.691637e+02   1.688304e+02
   0.000000e+00   3.062632e+02   2.984695e+02   2.999563e+02   2.947989e+02   2.905906e+02  -1.726065e+02   1.752444e+02
   0.000000e+00   3.086853e+02   3.022719e+02   2.955036e+02   2.952573e+02   2.906262e+02  -1.764712e+02   1.757575e+02
   0.000000e+00   3.096142e+02   3.011252e+02   3.009044e+02   2.900631e+02   2.896756e+02  -1.806725e+02   1.776543e+02
   0.000000e+00   3.110269e+02   3.064242e+02   2.950633e+02   2.966061e+02   2.910594e+02  -1.851825e+02   1.855708e+02
   0.000000e+00   3.098492e+02   3.080206e+02   3.003915e+02   2.922438e+02   2.918750e+02  -1.895647e+02   1.872216e+02
   0.000000e+00   3.108013e+02   3.034122e+02   3.021437e+02   2.983444e+02   2.914861e+02  -1.913286e+02   1.882512e+02
   0.000000e+00   3.095360e+02   3.019771e+02   3.036617e+02   2.992778e+02   2.919618e+02  -1.905605e+02   1.887335e+02
   0.000000e+00   3.074665e+02   3.047562e+02   2.995637e+02   2.955633e+02   2.921396e+02  -1.942564e+02   1.936819e+02
   0.000000e+00   3.096869e+02   3.107558e+02   2.978096e+02   2.917382e+02   2.910769e+02  -1.995136e+02   1.973642e+02
   0.000000e+00   3.126298e+02   3.156018e+02   2.990277e+02   2.921584e+02   2.895838e+02  -2.025470e+02   1.993668e+02
   0.000000e+00   3.100809e+02   3.117395e+02   3.007321e+02   2.933307e+02   2.891608e+02  -2.033569e+02   2.035460e+02
   0.000000e+00   3.094763e+02   3.081746e+02   3.033626e+02   2.914474e+02   2.906422e+02  -2.058381e+02   2.021182e+02
   0.000000e+00   3.111423e+02   3.103110e+02   3.062397e+02   2.945424e+02   2.903536e+02  -2.094108e+02   2.041377e+02
   0.000000e+00   3.087077e+02   3.119963e+02   3.059006e+02   2.939604e+02   2.963198e+02  -2.122088e+02   2.078302e+02
   0.000000e+00   3.101166e+02   3.089585e+02   3.015097e+02   2.967282e+02   2.918771e+02  -2.202705e+02   2.157337e+02
   0.000000e+00   3.117508e+02   3.028519e+02   3.061068e+02   2.982289e+02   2.899964e+02  -2.196741e+02   2.157697e+02
   0.000000e+00   3.122828e+02   3.026890e+02   3.049262e+02   2.930773e+02   2.905021e+02  -2.244569e+02   2.226302e+02
   0.000000e+00   3.096540e+02   2.996536e+02   3.042589e+02   2.974540e+02   2.897479e+02  -2.215715e+02   2.209389e+02
   0.000000e+00   3.061312e+02   3.014556e+02   3.037863e+02   2.970487e+02   2.923934e+02  -2.254774e+02   2.261614e+02
   0.000000e+00   3.114597e+02   3.033747e+02   3.040804e+02   2.946709e+02   2.883158e+02  -2.300081e+02   2.265374e+02
   0.000000e+00   3.124425e+02   3.033294e+02   3.067464e+02   2.966462e+02   2.883188e+02  -2.316228e+02   2.266366e+02
   0.000000e+00   3.111984e+02   3.076133e+02   3.040006e+02   2.973278e+02   2.923531e+02  -2.328776e+02   2.321434e+02
   0.000000e+00   3.079727e+02   3.003141e+02   3.028442e+02   2.947219e+02   2.916173e+02  -2.384628e+02   2.351011e+02
   0.000000e+00   3.065690e+02   3.000276e+02   3.018177e+02   2.966953e+02   2.905118e+02  -2.386719e+02   2.403214e+02
   0.000000e+00   3.067562e+02   2.972972e+02   2.990116e+02   2.914230e+02   2.907913e+02  -2.396375e+02   2.416462e+02
   0.000000e+00   3.085074e+02   2.967903e+02   3.018754e+02   2.868281e+02   2.934194e+02  -2.436359e+02   2.471589e+02
   0.000000e+00   3.113706e+02   2.980075e+02   2.946530e+02   2.915423e+02   2.903187e+02  -2.458659e+02   2.509419e+02
   0.000000e+00   3.061718e+02   3.027651e+02   2.935072e+02   2.984116e+02   2.874859e+02  -2.482704e+02   2.528357e+02
   0.000000e+00   3.108303e+02   3.064597e+02   2.957843e+02   2.933791e+02   2.897084e+02  -2.529700e+02   2.552690e+02
   0.000000e+00   3.100163e+02   2.999063e+02   2.948354e+02   2.934982e+02   2.888782e+02  -2.536163e+02   2.590448e+02
   0.000000e+00   3.087548e+02   2.995039e+02   2.963338e+02   2.911098e+02   2.898803e+02  -2.614443e+02   2.613379e+02
   0.000000e+00   3.069850e+02   2.990817e+02   3.029875e+02   3.014557e+02   2.916731e+02  -2.681938e+02   2.651358e+02
   0.000000e+00   3.064532e+02   3.102146e+02   3.041218e+02   2.937315e+02   2.910074e+02  -2.691509e+02   2.697802e+02
   0.000000e+00   3.083811e+02   3.148593e+02   2.993055e+02   2.969478e+02   2.922842e+02  -2.724400e+02   2.683857e+02
   0.000000e+00   3.077151e+02   3.075520e+02   3.054290e+02   2.998495e+02   2.953257e+02  -2.749449e+02   2.716938e+02
   0.000000e+00   3.115029e+02   3.037081e+02   3.050186e+02   2.955912e+02   2.885802e+02  -2.760820e+02   2.748493e+02
   0.000000e+00   3.100745e+02   3.013252e+02   3.034146e+02   2.991002e+02   2.944440e+02  -2.798218e+02   2.794998e+02
   0.000000e+00   3.102876e+02   2.999380e+02   2.936277e+02   2.930795e+02   2.911206e+02  -2.778702e+02   2.830676e+02
   0.000000e+00   3.092018e+02   2.982790e+02   2.991593e+02   3.005119e+02   2.886931e+02  -2.831668e+02   2.858091e+02
   0.000000e+00   3.114246e+02   3.034577e+02   2.975106e+02   2.980671e+02   2.924483e+02  -2.862818e+02   2.868698e+02
   0.000000e+00   3.081298e+02   3.012385e+02   3.001410e+02   3.045340e+02   2.898384e+02  -2.915870e+02   2.914198e+02
   0.000000e+00   3.102825e+02   3.047398e+02   3.013130e+02   2.990268e+02   2.946526e+02  -2.920490e+02   2.933502e+02
   0.000000e+00   3.086306e+02   3.034120e+02   2.989658e+02   2.962213e+02   2.879361e+02  -2.973730e+02   2.953296e+02
   0.000000e+00   3.051385e+02   2.975302e+02   3.032642e+02   2.997127e+02   2.901922e+02  -2.973550e+02   2.983265e+02
   0.000000e+00   3.028453e+02   3.017405e+02   2.970322e+02   2.951129e+02   2.884316e+02  -3.009044e+02   3.024938e+02
   0.000000e+00   3.059770e+02   3.076724e+02   2.952273e+02   2.988816e+02   2.905452e+02  -3.049658e+02   3.064895e+02
   0.000000e+00   3.083372e+02   3.095363e+02   2.970893e+02   2.932929e+02   2.919125e+02  -3.090064e+02   3.100449e+02
   0.000000e+00   3.116167e+02   3.078822e+02   2.938633e+02   2.913775e+02   2.941246e+02  -3.117923e+02   3.103661e+02
   0.000000e+00   3.062046e+02   3.038536e+02   2.986499e+02   2.943037e+02   2.921758e+02  -3.101857e+02   3.102372e+02
   0.000000e+00   3.104794e+02   2.940056e+02   2.978373e+02   2.994943e+02   2.945220e+02  -3.133215e+02   3.158825e+02
   0.000000e+00   3.091973e+02   2.957558e+02   2.964565e+02   2.967153e+02   2.894419e+02  -3.198240e+02   3.224538e+02
   0.000000e+00   3.082682e+02   3.001876e+02   2.923470e+02   2.931706e+02   2.913320e+02  -3.194971e+02   3.240002e+02
   0.000000e+00   3.072687e+02   3.024500e+02   2.986296e+02   2.985790e+02   2.900979e+02  -3.260074e+02   3.289427e+02
   0.000000e+00   3.074094e+02   3.024638e+02   3.003922e+02   3.037524e+02   2.898202e+02  -3.322016e+02   3.295942e+02
   0.000000e+00   3.116262e+02   3.076743e+02   3.058726e+02   3.060188e+02   2.911968e+02  -3.371337e+02   3.301072e+02
   0.000000e+00   3.088898e+02   3.071460e+02   3.049394e+02   2.982182e+02   2.901009e+02  -3.363359e+02   3.324322e+02
   0.000000e+00   3.124501e+02   3.103944e+02   2.996543e+02   2.913913e+02   2.929053e+02  -3.393117e+02   3.346402e+02
   0.000000e+00   3.149809e+02   3.154122e+02   2.983137e+02   2.920908e+02   2.913839e+02  -3.411552e+02   3.384841e+02
   0.000000e+00   3.085093e+02   3.083601e+02   2.990395e+02   2.910264e+02   2.911759e+02  -3.404954e+02   3.422841e+02
   0.000000e+00   3.109702e+02   3.079463e+02   3.006918e+02   2.939630e+02   2.870113e+02  -3.458447e+02   3.492967e+02
   0.000000e+00   3.084097e+02   2.973654e+02   3.047149e+02   2.981653e+02   2.905741e+02  -3.476615e+02   3.449443e+02
   0.000000e+00   3.078219e+02   2.979939e+02   2.996148e+02   3.056962e+02   2.894202e+02  -3.493915e+02   3.507161e+02
   0.000000e+00   3.099983e+02   2.914098e+02   3.002080e+02   3.047009e+02   2.897577e+02  -3.537225e+02   3.542198e+02
   0.000000e+00   3.084188e+02   2.977065e+02   2.999090e+02   2.994296e+02   2.924622e+02  -3.543303e+02   3.561191e+02
   0.000000e+00   3.096174e+02   3.014162e+02   2.960665e+02   2.988612e+02   2.934493e+02  -3.613771e+02   3.614783e+02
   0.000000e+00   3.049685e+02   3.056845e+02   3.017785e+02   2.974180e+02   2.926722e+02  -3.677568e+02   3.604622e+02
   0.000000e+00   3.115420e+02   3.045753e+02   2.984542e+02   2.962269e+02   2.944998e+02  -3.696105e+02   3.642534e+02
   0.000000e+00   3.076035e+02   2.976665e+02   2.994181e+02   2.906281e+02   2.922176e+02  -3.676609e+02   3.708366e+02
   0.000000e+00   3.105453e+02   3.005749e+02   2.956657e+02   2.866441e+02   2.913732e+02  -3.753220e+02   3.752545e+02
   0.000000e+00   3.120106e+02   3.060865e+02   2.955104e+02   2.935221e+02   2.945733e+02  -3.821761e+02   3.795848e+02
   0.000000e+00   3.119524e+02   3.042626e+02   2.973519e+02   2.944335e+02   2.908001e+02  -3.826843e+02   3.854707e+02
   0.000000e+00   3.085130e+02   2.966495e+02   2.956174e+02   2.943944e+02   2.902249e+02  -3.860717e+02   3.903657e+02
   0.000000e+00   3.112300e+02   2.938680e+02   2.983489e+02   2.983416e+02   2.915832e+02  -3.902629e+02   3.909347e+02
   0.000000e+00   3.099950e+02   3.009771e+02   3.029700e+02   2.958022e+02   2.903465e+02  -3.948400e+02   3.975215e+02
   0.000000e+00   3.093637e+02   3.079013e+02   2.983181e+02   2.983317e+02   2.929106e+02  -3.991315e+02   4.000370e+02
   0.000000e+00   3.078266e+02   3.019178e+02   3.022499e+02   3.004294e+02   2.881851e+02  -4.055453e+02   4.023789e+02
   0.000000e+00   3.114403e+02   3.013842e+02   3.055877e+02   3.000653e+02   2.868156e+02  -4.085781e+02   4.072147e+02
   0.000000e+00   3.079509e+02   3.046605e+02   3.035851e+02   3.012540e+02   2.906024e+02  -4.074425e+02   4.092020e+02
   0.000000e+00   3.034557e+02   3.047564e+02   2.997771e+02   2.979345e+02   2.906002e+02  -4.129161e+02   4.118652e+02
   0.000000e+00   3.113308e+02   3.050088e+02   3.044502e+02   2.984570e+02   2.916618e+02  -4.188315e+02   4.139699e+02
   0.000000e+00   3.115564e+02   3.059781e+02   3.012803e+02   3.005116e+02   2.929158e+02  -4.229443e+02   4.182492e+02
   0.000000e+00   3.089640e+02   3.127892e+02   2.994343e+02   3.029382e+02   2.936767e+02  -4.241617e+02   4.196782e+02
   0.000000e+00   3.086255e+02   3.076763e+02   3.017929e+02   2.948115e+02   2.912571e+02  -4.282063e+02   4.257094e+02
   0.000000e+00   3.105777e+02   2.983310e+02   3.045427e+02   2.959585e+02   2.924238e+02  -4.307041e+02   4.309445e+02
   0.000000e+00   3.101574e+02   3.129345e+02   2.991209e+02   2.986976e+02   2.947031e+02  -4.385825e+02   4.338482e+02
   0.000000e+00   3.092785e+02   3.055925e+02   2.989263e+02   3.019388e+02   2.912141e+02  -4.454458e+02   4.439808e+02
   0.000000e+00   3.088578e+02   2.958784e+02   3.006492e+02   2.951654e+02   2.920731e+02  -4.454052e+02   4.494754e+02
   0.000000e+00   3.090670e+02   3.056493e+02   3.018002e+02   2.907683e+02   2.863649e+02  -4.514404e+02   4.530622e+02
   0.000000e+00   3.100957e+02   3.023454e+02   3.033440e+02   3.004122e+02   2.871774e+02  -4.516783e+02   4.528092e+02
   0.000000e+00   3.095673e+02   3.010166e+02   2.955307e+02   2.962823e+02   2.952478e+02  -4.525986e+02   4.548693e+02
   0.000000e+00   3.111793e+02   3.058680e+02   2.966527e+02   2.931600e+02   2.913518e+02  -4.551337e+02   4.575119e+02
   0.000000e+00   3.072207e+02   3.064486e+02   2.972109e+02   2.945378e+02   2.914268e+02  -4.505401e+02   4.559594e+02
   0.000000e+00   3.105777e+02   3.027241e+02   2.931856e+02   2.946119e+02   2.920612e+02  -4.562606e+02   4.614071e+02
   0.000000e+00   3.061594e+02   2.963952e+02   2.937722e+02   2.943699e+02   2.921666e+02  -4.600334e+02   4.633758e+02
   0.000000e+00   3.080129e+02   2.995213e+02   2.927937e+02   2.939562e+02   2.923274e+02  -4.586812e+02   4.645722e+02
   0.000000e+00   3.095314e+02   3.004339e+02   2.946912e+02   2.872956e+02   2.880305e+02  -4.670030e+02   4.701326e+02
   0.000000e+00   3.058904e+02   2.954223e+02   2.949183e+02   2.879045e+02   2.879254e+02  -4.678824e+02   4.737084e+02
   0.000000e+00   3.089358e+02   2.935370e+02   2.896073e+02   2.980214e+02   2.918436e+02  -4.720986e+02   4.723327e+02
   0.000000e+00   3.103844e+02   3.048032e+02   2.955400e+02   2.912975e+02   2.892505e+02  -4.760156e+02   4.799298e+02
   0.000000e+00   3.095472e+02   3.005177e+02   2.954697e+02   2.868933e+02   2.895474e+02  -4.718536e+02   4.788340e+02
   0.000000e+00   3.089510e+02   2.989724e+02   2.954727e+02   2.879526e+02   2.883682e+02  -4.819844e+02   4.828775e+02
   0.000000e+00   3.090737e+02   3.037294e+02   2.927585e+02   2.910089e+02   2.889538e+02  -4.800449e+02   4.838767e+02
   0.000000e+00   3.075035e+02   3.080068e+02   2.914478e+02   2.937092e+02   2.905870e+02  -4.848507e+02   4.855258e+02
   0.000000e+00   3.068141e+02   3.014960e+02   2.940272e+02   2.963715e+02   2.939607e+02  -4.883878e+02   4.904099e+02
   0.000000e+00   3.100156e+02   3.149792e+02   3.006336e+02   2.948610e+02   2.899229e+02  -4.973973e+02   4.932776e+02
   0.000000e+00   3.110299e+02   3.069023e+02   3.017129e+02   2.987175e+02   2.905244e+02  -4.969793e+02   4.987315e+02
   0.000000e+00   3.077635e+02   3.087298e+02   3.035409e+02   3.022688e+02   2.911329e+02  -5.001996e+02   4.998066e+02
   0.000000e+00   3.096804e+02   3.119488e+02   3.028184e+02   3.028263e+02   2.891757e+02  -5.046496e+02   5.042439e+02
   0.000000e+00   3.088075e+02   3.134248e+02   3.017435e+02   2.964293e+02   2.886279e+02  -5.071294e+02   5.043872e+02
   0.000000e+00   3.090461e+02   3.130298e+02   3.008864e+02   3.013605e+02   2.906802e+02  -5.093754e+02   5.092018e+02
   0.000000e+00   3.091814e+02   3.056353e+02   2.957801e+02   3.017781e+02   2.898607e+02  -5.089997e+02   5.087602e+02
   0.000000e+00   3.088240e+02   3.030002e+02   3.011030e+02   2.980319e+02   2.898503e+02  -5.121634e+02   5.141338e+02
   0.000000e+00   3.081011e+02   3.081365e+02   3.000213e+02   2.998891e+02   2.901895e+02  -5.188736e+02   5.145712e+02
   0.000000e+00   3.122694e+02   3.100049e+02   2.988758e+02   2.991054e+02   2.930580e+02  -5.198733e+02   5.165288e+02
   0.000000e+00   3.099226e+02   3.075698e+02   3.007783e+02   2.943886e+02   2.885773e+02  -5.219381e+02   5.218792e+02
   0.000000e+00   3.083108e+02   3.075513e+02   3.011142e+02   2.958866e+02   2.923080e+02  -5.227870e+02   5.232601e+02
   0.000000e+00   3.052563e+02   2.980649e+02   2.992458e+02   3.067573e+02   2.915324e+02  -5.288413e+02   5.297312e+02
   0.000000e+00   3.087695e+02   3.026868e+02   2.994865e+02   3.006061e+02   2.908951e+02  -5.339195e+02   5.280032e+02
   0.000000e+00   3.114174e+02   3.024233e+02   3.044367e+02   2.975085e+02   2.940942e+02  -5.358990e+02   5.326616e+02
   0.000000e+00   3.069417e+02   3.039277e+02   3.056648e+02   2.943183e+02   2.898305e+02  -5.382325e+02   5.388370e+02
   0.000000e+00   3.093306e+02   2.978003e+02   3.018999e+02   2.955322e+02   2.931867e+02  -5.448299e+02   5.486036e+02
   0.000000e+00   3.094476e+02   2.983744e+02   2.994446e+02   2.949302e+02   2.881930e+02  -5.462657e+02   5.499359e+02
   0.000000e+00   3.104336e+02   2.984698e+02   2.971558e+02   2.992885e+02   2.904256e+02  -5.459138e+02   5.503021e+02
   0.000000e+00   3.076398e+02   3.051417e+02   2.980299e+02   3.039059e+02   2.928410e+02  -5.524050e+02   5.492806e+02
   0.000000e+00   3.063350e+02   3.067072e+02   2.969319e+02   3.045630e+02   2.900149e+02  -5.508068e+02   5.543220e+02
   0.000000e+00   3.067310e+02   3.050682e+02   2.971618e+02   2.982583e+02   2.876344e+02  -5.589370e+02   5.609274e+02
   0.000000e+00   3.095579e+02   3.052165e+02   2.966784e+02   2.933566e+02   2.893242e+02  -5.619770e+02   5.615695e+02
   0.000000e+00   3.119475e+02   3.011510e+02   2.959032e+02   2.949744e+02   2.923191e+02  -5.607180e+02   5.652499e+02
   0.000000e+00   3.097570e+02   2.996394e+02   2.914719e+02   3.019642e+02   2.906278e+02  -5.697794e+02   5.739300e+02
   0.000000e+00   3.072689e+02   3.013871e+02   2.929450e+02   2.936706e+02   2.926895e+02  -5.722938e+02   5.758745e+02
   0.000000e+00   3.069067e+02   2.998486e+02   2.970230e+02   2.913201e+02   2.942928e+02  -5.784705e+02   5.796270e+02
   0.000000e+00   3.083166e+02   3.045777e+02   3.032356e+02   2.994457e+02   2.921507e+02  -5.842176e+02   5.828378e+02
   0.000000e+00   3.120752e+02   3.071532e+02   3.034672e+02   2.950449e+02   2.884550e+02  -5.876595e+02   5.842402e+02
   0.000000e+00   3.113726e+02   3.032915e+02   3.023237e+02   3.016913e+02   2.925124e+02  -5.902798e+02   5.898017e+02
   0.000000e+00   3.124412e+02   3.020747e+02   3.010669e+02   2.907981e+02   2.928796e+02  -5.941610e+02   5.938701e+02
   0.000000e+00   3.069321e+02   2.991199e+02   2.997760e+02   2.912561e+02   2.931389e+02  -5.973794e+02   5.974783e+02
   0.000000e+00   3.112288e+02   3.071236e+02   2.966581e+02   2.967068e+02   2.908551e+02  -6.030480e+02   5.995793e+02
   0.000000e+00   3.094810e+02   3.037701e+02   2.984870e+02   2.973889e+02   2.875568e+02  -6.034315e+02   6.029999e+02
   0.000000e+00   3.090404e+02   3.074975e+02   2.919202e+02   2.975884e+02   2.936503e+02  -6.014853e+02   6.045717e+02
   0.000000e+00   3.077269e+02   2.998882e+02   2.981345e+02   2.989658e+02   2.903243e+02  -6.054921e+02   6.086626e+02
   0.000000e+00   3.070880e+02   2.981515e+02   2.966622e+02   2.942032e+02   2.890556e+02  -6.087467e+02   6.116899e+02
   0.000000e+00   3.095962e+02   2.992192e+02   2.976162e+02   2.969456e+02   2.897599e+02  -6.104132e+02   6.139849e+02
   0.000000e+00   3.101294e+02   3.008015e+02   3.016761e+02   3.028208e+02   2.932694e+02  -6.156678e+02   6.130208e+02
   0.000000e+00   3.097243e+02   3.010190e+02   3.037577e+02   3.007775e+02   2.921819e+02  -6.183826e+02   6.163762e+02
   0.000000e+00   3.096146e+02   3.077230e+02   3.002334e+02   2.968834e+02   2.940701e+02  -6.184040e+02   6.161838e+02
   0.000000e+00   3.104486e+02   3.097330e+02   3.000999e+02   2.878855e+02   2.905105e+02  -6.197437e+02   6.223340e+02
   0.000000e+00   3.097032e+02   2.999876e+02   2.972096e+02   2.954395e+02   2.899483e+02  -6.242089e+02   6.241836e+02
   0.000000e+00   3.104154e+02   3.075770e+02   2.978712e+02   2.996293e+02   2.926549e+02  -6.307284e+02   6.259582e+02
   0.000000e+00   3.092467e+02   3.021781e+02   2.992634e+02   2.944978e+02   2.946780e+02  -6.300570e+02   6.333425e+02
   0.000000e+00   3.111375e+02   3.052102e+02   2.972660e+02   2.978986e+02   2.920228e+02  -6.403357e+02   6.335350e+02
   0.000000e+00   3.104494e+02   3.018449e+02   3.004973e+02   2.987940e+02   2.922848e+02  -6.379502e+02   6.401942e+02
   0.000000e+00   3.106876e+02   3.071766e+02   2.999170e+02   2.939446e+02   2.876575e+02  -6.456831e+02   6.420184e+02
   0.000000e+00   3.092016e+02   3.051670e+02   3.062046e+02   3.097417e+02   2.910337e+02  -6.497804e+02   6.451195e+02
   0.000000e+00   3.108503e+02   3.097850e+02   3.057760e+02   3.024803e+02   2.917606e+02  -6.542381e+02   6.471576e+02
   0.000000e+00   3.100208e+02   3.049707e+02   3.057326e+02   3.061022e+02   2.930317e+02  -6.571732e+02   6.504245e+02
   0.000000e+00   3.079121e+02   3.094409e+02   3.035341e+02   2.993269e+02   2.948481e+02  -6.602999e+02   6.589453e+02
   0.000000e+00   3.092853e+02   3.040241e+02   3.038821e+02   2.960190e+02   2.916534e+02  -6.598737e+02   6.611863e+02
   0.000000e+00   3.083681e+02   3.027533e+02   3.007258e+02   2.966216e+02   2.924709e+02  -6.588601e+02   6.632985e+02
   0.000000e+00   3.088534e+02   3.003805e+02   2.960166e+02   2.891987e+02   2.882083e+02  -6.686971e+02   6.668730e+02
   0.000000e+00   3.110835e+02   3.075010e+02   2.929980e+02   2.957838e+02   2.907123e+02  -6.705966e+02   6.709064e+02
   0.000000e+00   3.064819e+02   3.071812e+02   2.994386e+02   3.027900e+02   2.897945e+02  -6.735514e+02   6.722828e+02
   0.000000e+00   3.071975e+02   3.026427e+02   3.010995e+02   2.989254e+02   2.924438e+02  -6.770821e+02   6.751126e+02
   0.000000e+00   3.091304e+02   3.018357e+02   3.000750e+02   3.028909e+02   2.907398e+02  -6.797580e+02   6.788435e+02
   0.000000e+00   3.110887e+02   3.083624e+02   3.008919e+02   2.978185e+02   2.917638e+02  -6.805508e+02   6.834833e+02
   0.000000e+00   3.077068e+02   3.030179e+02   3.029233e+02   2.930161e+02   2.907745e+02  -6.853725e+02   6.883524e+02
   0.000000e+00   3.104737e+02   3.007211e+02   3.005967e+02   2.945966e+02   2.898974e+02  -6.891559e+02   6.888929e+02
   0.000000e+00   3.123230e+02   2.985844e+02   3.053123e+02   2.982918e+02   2.912117e+02  -6.961109e+02   6.925735e+02
   0.000000e+00   3.081813e+02   3.070430e+02   3.038553e+02   3.011616e+02   2.927416e+02  -6.978007e+02   6.934387e+02
   0.000000e+00   3.112253e+02   3.048826e+02   2.985453e+02   3.053140e+02   2.903293e+02  -7.013877e+02   6.986815e+02
   0.000000e+00   3.092235e+02   3.040192e+02   2.969689e+02   3.085279e+02   2.918152e+02  -7.056127e+02   7.063258e+02
   0.000000e+00   3.115372e+02   3.119900e+02   2.999754e+02   2.959557e+02   2.917633e+02  -7.072606e+02   7.082403e+02
   0.000000e+00   3.062491e+02   3.075520e+02   3.038447e+02   3.027510e+02   2.908606e+02  -7.082619e+02   7.044033e+02
   0.000000e+00   3.099895e+02   3.084501e+02   3.071733e+02   3.005457e+02   2.889570e+02  -7.077792e+02   7.092171e+02
   0.000000e+00   3.083881e+02   3.049875e+02   3.066249e+02   3.017777e+02   2.925887e+02  -7.071338e+02   7.077052e+02
   0.000000e+00   3.092171e+02   3.070590e+02   3.016804e+02   3.027882e+02   2.878184e+02  -7.107806e+02   7.098523e+02
   0.000000e+00   3.089597e+02   3.043725e+02   2.961558e+02   3.063408e+02   2.948136e+02  -7.172762e+02   7.170335e+02
   0.000000e+00   3.119464e+02   3.033905e+02   2.980033e+02   3.035877e+02   2.915060e+02  -7.205325e+02   7.188077e+02
   0.000000e+00   3.130788e+02   3.056456e+02   2.980387e+02   3.037597e+02   2.921151e+02  -7.269684e+02   7.259384e+02
   0.000000e+00   3.111978e+02   3.009526e+02   3.010325e+02   2.991486e+02   2.900659e+02  -7.283998e+02   7.266317e+02
   0.000000e+00   3.070404e+02   2.980498e+02   2.985309e+02   3.023620e+02   2.925017e+02  -7.314478e+02   7.341843e+02
   0.000000e+00   3.093223e+02   3.029570e+02   2.991603e+02   2.990297e+02   2.901855e+02  -7.323481e+02   7.366906e+02
   0.000000e+00   3.092664e+02   2.943854e+02   2.971059e+02   3.031499e+02   2.901012e+02  -7.351350e+02   7.382753e+02
   0.000000e+00   3.097525e+02   2.946213e+02   2.977377e+02   2.933176e+02   2.902155e+02  -7.378255e+02   7.434488e+02
   0.000000e+00   3.064872e+02   2.938364e+02   2.953567e+02   2.925031e+02   2.927783e+02  -7.422782e+02   7.443633e+02
   0.000000e+00   3.075948e+02   2.976044e+02   3.016383e+02   2.923937e+02   2.908996e+02  -7.468675e+02   7.495781e+02
   0.000000e+00   3.073591e+02   2.920038e+02   3.042623e+02   2.925097e+02   2.915477e+02  -7.528098e+02   7.548070e+02
   0.000000e+00   3.131080e+02   3.001299e+02   3.011088e+02   2.975764e+02   2.903673e+02  -7.564575e+02   7.558100e+02
   0.000000e+00   3.085730e+02   3.024287e+02   3.011906e+02   2.973350e+02   2.894825e+02  -7.557661e+02   7.583998e+02
   0.000000e+00   3.072247e+02   3.009062e+02   2.982733e+02   2.996768e+02   2.901321e+02  -7.587390e+02   7.594911e+02
   0.000000e+00   3.087248e+02   3.006380e+02   2.968280e+02   3.055906e+02   2.883711e+02  -7.632075e+02   7.655323e+02
   0.000000e+00   3.103583e+02   3.000141e+02   2.970634e+02   3.022230e+02   2.886521e+02  -7.641605e+02   7.691201e+02
   0.000000e+00   3.059472e+02   2.974324e+02   2.996791e+02   2.960023e+02   2.867296e+02  -7.697222e+02   7.722655e+02
   0.000000e+00   3.077914e+02   2.974677e+02   2.979017e+02   2.927766e+02   2.869665e+02  -7.766856e+02   7.761203e+02
   0.000000e+00   3.107818e+02   3.016297e+02   2.953648e+02   2.909657e+02   2.906411e+02  -7.788923e+02   7.797610e+02
   0.000000e+00   3.089166e+02   2.997331e+02   2.987991e+02   2.918984e+02   2.910814e+02  -7.843100e+02   7.858474e+02
   0.000000e+00   3.082308e+02   2.974844e+02   2.936269e+02   2.925230e+02   2.893835e+02  -7.877953e+02   7.888163e+02
   0.000000e+00   3.071468e+02   2.927701e+02   2.965450e+02   2.961353e+02   2.920458e+02  -7.915978e+02   7.928276e+02
   0.000000e+00   3.094662e+02   2.965544e+02   2.928933e+02   2.940063e+02   2.908635e+02  -7.991408e+02   7.991264e+02
   0.000000e+00   3.079408e+02   3.024180e+02   3.006624e+02   2.942792e+02   2.931290e+02  -7.977638e+02   7.993578e+02
   0.000000e+00   3.113061e+02   3.056873e+02   3.016607e+02   2.950356e+02   2.903689e+02  -8.000217e+02   8.016384e+02
   0.000000e+00   3.065880e+02   3.048053e+02   2.973255e+02   2.996662e+02   2.894480e+02  -8.017791e+02   8.026470e+02
   0.000000e+00   3.082529e+02   3.075523e+02   3.006184e+02   2.980506e+02   2.878036e+02  -8.075534e+02   8.041847e+02
   0.000000e+00   3.112159e+02   2.994152e+02   3.017167e+02   3.047887e+02   2.905859e+02  -8.067166e+02   8.090532e+02
   0.000000e+00   3.073111e+02   2.974584e+02   3.027352e+02   3.036949e+02   2.936633e+02  -8.115570e+02   8.128732e+02
   0.000000e+00   3.098108e+02   2.985999e+02   2.992623e+02   2.941319e+02   2.885947e+02  -8.145648e+02   8.163708e+02
   0.000000e+00   3.039010e+02   2.908181e+02   3.004587e+02   2.978132e+02   2.907616e+02  -8.173129e+02   8.179479e+02
   0.000000e+00   3.082167e+02   2.932061e+02   2.920944e+02   2.982944e+02   2.882971e+02  -8.166443e+02   8.247254e+02
   0.000000e+00   3.107107e+02   2.986285e+02   2.924383e+02   2.930210e+02   2.903230e+02  -8.252017e+02   8.274687e+02
   0.000000e+00   3.111278e+02   2.919457e+02   2.963924e+02   2.935014e+02   2.922965e+02  -8.282491e+02   8.287585e+02
   0.000000e+00   3.087073e+02   2.898269e+02   2.973114e+02   2.955790e+02   2.895644e+02  -8.280182e+02   8.322681e+02
   0.000000e+00   3.103255e+02   2.947581e+02   2.952692e+02   2.964311e+02   2.902526e+02  -8.326287e+02   8.364391e+02
   0.000000e+00   3.101626e+02   3.000017e+02   2.914010e+02   2.967962e+02   2.933513e+02  -8.364954e+02   8.397216e+02
   0.000000e+00   3.108484e+02   2.987850e+02   2.929752e+02   2.981775e+02   2.908888e+02  -8.391103e+02   8.404771e+02
   0.000000e+00   3.110629e+02   3.064217e+02   2.972764e+02   3.031579e+02   2.936997e+02  -8.445049e+02   8.417350e+02
   0.000000e+00   3.064697e+02   3.103828e+02   2.976250e+02   2.957369e+02   2.924408e+02  -8.476601e+02   8.450746e+02
   0.000000e+00   3.072724e+02   3.038947e+02   3.021905e+02   2.984626e+02   2.908990e+02  -8.482662e+02   8.475801e+02
   0.000000e+00   3.061888e+02   2.943167e+02   2.974178e+02   3.042608e+02   2.873534e+02  -8.469523e+02   8.508911e+02
   0.000000e+00   3.070648e+02   2.931423e+02   2.983485e+02   2.992839e+02   2.921844e+02  -8.496008e+02   8.546909e+02
   0.000000e+00   3.072509e+02   3.039842e+02   2.977054e+02   3.006002e+02   2.914784e+02  -8.553651e+02   8.564970e+02
   0.000000e+00   3.112823e+02   3.112507e+02   2.979324e+02   2.932994e+02   2.915243e+02  -8.617301e+02   8.567378e+02
   0.000000e+00   3.060640e+02   3.046769e+02   2.976152e+02   3.006035e+02   2.917935e+02  -8.632340e+02   8.591919e+02
   0.000000e+00   3.072885e+02   2.961141e+02   3.010873e+02   2.978402e+02   2.894522e+02  -8.661731e+02   8.676322e+02
   0.000000e+00   3.129841e+02   3.049720e+02   2.983118e+02   2.993891e+02   2.914283e+02  -8.750751e+02   8.645376e+02
   0.000000e+00   3.094990e+02   3.093219e+02   3.005805e+02   3.056944e+02   2.941439e+02  -8.799038e+02   8.729500e+02
   0.000000e+00   3.087566e+02   3.118439e+02   3.042632e+02   3.013707e+02   2.922919e+02  -8.781164e+02   8.779132e+02
   0.000000e+00   3.065406e+02   3.039378e+02   3.004653e+02   2.992775e+02   2.935186e+02  -8.835459e+02   8.761735e+02
   0.000000e+00   3.091555e+02   3.046950e+02   2.973504e+02   3.079770e+02   2.920592e+02  -8.870125e+02   8.808641e+02
   0.000000e+00   3.125512e+02   3.005842e+02   3.011003e+02   3.060865e+02   2.903834e+02  -8.874683e+02   8.866038e+02
   0.000000e+00   3.072537e+02   2.984768e+02   3.031562e+02   2.933935e+02   2.886025e+02  -8.917335e+02   8.900498e+02
   0.000000e+00   3.121391e+02   3.079130e+02   3.019853e+02   2.941069e+02   2.935301e+02  -8.925083e+02   8.912612e+02
   0.000000e+00   3.079584e+02   3.099327e+02   3.023998e+02   2.951032e+02   2.957831e+02  -8.982080e+02   8.945561e+02
   0.000000e+00   3.081289e+02   3.098686e+02   3.008618e+02   2.937359e+02   2.891070e+02  -8.957041e+02   8.960479e+02
   0.000000e+00   3.094622e+02   3.078021e+02   3.028055e+02   3.013565e+02   2.883296e+02  -9.001145e+02   9.003171e+02
   0.000000e+00   3.085506e+02   3.011208e+02   2.979817e+02   3.017017e+02   2.910670e+02  -9.025662e+02   9.070323e+02
   0.000000e+00   3.109973e+02   3.003324e+02   3.007761e+02   2.894684e+02   2.896930e+02  -9.129440e+02   9.095634e+02
   0.000000e+00   3.072311e+02   2.949273e+02   2.986240e+02   3.004530e+02   2.893152e+02  -9.114223e+02   9.164337e+02
   0.000000e+00   3.077896e+02   2.980269e+02   2.942138e+02   2.906861e+02   2.961144e+02  -9.152588e+02   9.204799e+02
   0.000000e+00   3.070604e+02   3.028907e+02   2.954638e+02   2.842517e+02   2.889228e+02  -9.204758e+02   9.249488e+02
   0.000000e+00   3.083828e+02   3.071804e+02   2.974583e+02   2.863110e+02   2.902657e+02  -9.264168e+02   9.250379e+02
   0.000000e+00   3.129555e+02   3.021977e+02   2.971116e+02   2.893152e+02   2.942822e+02  -9.289166e+02   9.296982e+02
   0.000000e+00   3.127109e+02   3.065891e+02   2.977592e+02   2.915618e+02   2.908317e+02  -9.321832e+02   9.312815e+02
   0.000000e+00   3.090932e+02   3.034268e+02   2.953044e+02   3.021844e+02   2.927034e+02  -9.328246e+02   9.352754e+02
   0.000000e+00   3.080649e+02   3.030378e+02   2.940662e+02   3.041033e+02   2.943367e+02  -9.400713e+02   9.410621e+02
   0.000000e+00   3.105409e+02   3.022040e+02   2.989824e+02   3.035625e+02   2.923297e+02  -9.436140e+02   9.390595e+02
   0.000000e+00   3.107379e+02   3.011933e+02   3.037020e+02   3.027143e+02   2.891180e+02  -9.430306e+02   9.412071e+02
   0.000000e+00   3.079046e+02   3.000046e+02   3.028368e+02   2.995806e+02   2.935514e+02  -9.476170e+02   9.471863e+02
   0.000000e+00   3.118577e+02   3.032944e+02   3.031357e+02   3.031119e+02   2.891169e+02  -9.473755e+02   9.458939e+02
   0.000000e+00   3.030484e+02   3.019059e+02   3.047110e+02   3.015830e+02   2.937332e+02  -9.524619e+02   9.506706e+02
   0.000000e+00   3.094650e+02   3.012617e+02   3.046761e+02   3.033425e+02   2.890215e+02  -9.534809e+02   9.530719e+02
   0.000000e+00   3.078896e+02   3.008060e+02   3.048772e+02   2.978757e+02   2.927655e+02  -9.581392e+02   9.572701e+02
   0.000000e+00   3.094715e+02   3.048916e+02   3.068213e+02   3.023435e+02   2.931531e+02  -9.646912e+02   9.618765e+02
   0.000000e+00   3.107365e+02   3.063101e+02   3.059811e+02   3.041531e+02   2.915357e+02  -9.659757e+02   9.623572e+02
   0.000000e+00   3.084909e+02   3.161233e+02   3.019952e+02   3.031587e+02   2.910366e+02  -9.686195e+02   9.660551e+02
   0.000000e+00   3.096716e+02   3.059944e+02   3.098457e+02   3.025931e+02   2.912887e+02  -9.734363e+02   9.693834e+02
   0.000000e+00   3.066594e+02   3.029829e+02   3.060196e+02   2.894448e+02   2.894671e+02  -9.727867e+02   9.746990e+02
   0.000000e+00   3.130142e+02   3.053283e+02   3.009632e+02   2.959786e+02   2.936543e+02  -9.763950e+02   9.763496e+02
   0.000000e+00   3.125251e+02   3.110786e+02   3.006837e+02   2.878110e+02   2.908924e+02  -9.791901e+02   9.798891e+02
   0.000000e+00   3.105125e+02   3.096155e+02   3.041960e+02   2.880437e+02   2.906008e+02  -9.799677e+02   9.769101e+02
   0.000000e+00   3.076609e+02   3.041996e+02   3.025728e+02   2.950393e+02   2.933585e+02  -9.810033e+02   9.827354e+02
   0.000000e+00   3.074544e+02   3.036891e+02   3.037706e+02   2.916736e+02   2.899385e+02  -9.862503e+02   9.866355e+02
   0.000000e+00   3.091932e+02   2.962704e+02   3.047882e+02   2.956459e+02   2.914854e+02  -9.879499e+02   9.829132e+02
   0.000000e+00   3.111186e+02   2.987470e+02   3.017604e+02   2.981616e+02   2.918587e+02  -9.889183e+02   9.890431e+02
   0.000000e+00   3.135578e+02   3.017047e+02   2.993472e+02   2.958933e+02   2.874175e+02  -9.910008e+02   9.908926e+02
   0.000000e+00   3.071774e+02   3.045258e+02   2.996962e+02   2.933190e+02   2.938166e+02  -9.913913e+02   9.950778e+02
   0.000000e+00   3.096858e+02   3.022320e+02   3.006114e+02   2.943304e+02   2.879364e+02  -9.981006e+02   9.973462e+02
   0.000000e+00   3.091397e+02   3.033282e+02   3.018285e+02   3.005557e+02   2.921081e+02  -1.000575e+03   9.989618e+02
   0.000000e+00   3.106364e+02   2.978365e+02   3.001965e+02   3.017333e+02   2.890571e+02  -1.002228e+03   1.002178e+03
   0.000000e+00   3.062159e+02   2.960308e+02   2.997750e+02   3.008241e+02   2.903083e+02  -1.001454e+03   1.004213e+03
   0.000000e+00   3.083097e+02   2.971001e+02   3.009495e+02   3.004791e+02   2.922370e+02  -1.008985e+03   1.003256e+03
   0.000000e+00   3.097912e+02   3.009533e+02   2.989156e+02   3.024334e+02   2.913026e+02  -1.001643e+03   1.007325e+03
   0.000000e+00   3.079570e+02   2.922462e+02   2.967138e+02   2.974713e+02   2.885743e+02  -1.006771e+03   1.011630e+03
   0.000000e+00   3.085258e+02   2.920218e+02   2.950185e+02   2.903214e+02   2.925426e+02  -1.009818e+03   1.017468e+03
   0.000000e+00   3.099337e+02   2.953832e+02   2.959360e+02   2.866389e+02   2.921373e+02  -1.014775e+03   1.021127e+03
   0.000000e+00   3.104407e+02   3.074827e+02   2.943007e+02   2.901175e+02   2.896701e+02  -1.027222e+03   1.025307e+03
   0.000000e+00   3.107031e+02   3.084626e+02   3.002909e+02   2.900001e+02   2.944666e+02  -1.028001e+03   1.028316e+03
   0.000000e+00   3.084428e+02   3.068512e+02   3.016275e+02   3.002119e+02   2.912303e+02  -1.033540e+03   1.030169e+03
   0.000000e+00   3.122527e+02   3.058285e+02   3.025875e+02   2.969751e+02   2.909947e+02  -1.035208e+03   1.036066e+03
   0.000000e+00   3.099928e+02   3.065945e+02   2.921895e+02   2.921895e+02   2.922154e+02  -1.038999e+03   1.039269e+03
   0.000000e+00   3.061469e+02   3.048995e+02   2.997644e+02   3.019610e+02   2.922703e+02  -1.037222e+03   1.043932e+03
   0.000000e+00   3.090970e+02   2.996993e+02   2.988709e+02   2.962471e+02   2.916449e+02  -1.044288e+03   1.046539e+03
   0.000000e+00   3.111088e+02   3.037689e+02   2.947845e+02   2.990464e+02   2.914871e+02  -1.045751e+03   1.050206e+03
   0.000000e+00   3.106176e+02   3.047123e+02   2.926705e+02   2.935703e+02   2.884421e+02  -1.051402e+03   1.052014e+03
   0.000000e+00   3.099463e+02   3.003159e+02   2.919565e+02   2.941645e+02   2.899317e+02  -1.054159e+03   1.058054e+03
   0.000000e+00   3.121567e+02   3.027003e+02   2.928384e+02   2.966697e+02   2.930337e+02  -1.057734e+03   1.059224e+03
   0.000000e+00   3.071582e+02   3.031652e+02   2.957304e+02   2.962646e+02   2.934546e+02  -1.060130e+03   1.063587e+03
   0.000000e+00   3.099581e+02   3.055294e+02   2.995314e+02   2.973390e+02   2.910490e+02  -1.069374e+03   1.068236e+03
   0.000000e+00   3.072558e+02   2.991494e+02   3.021501e+02   2.944211e+02   2.900326e+02  -1.068543e+03   1.068813e+03
   0.000000e+00   3.094074e+02   2.995260e+02   2.976065e+02   2.945627e+02   2.913568e+02  -1.073196e+03   1.076338e+03
   0.000000e+00   3.075859e+02   2.981210e+02   3.008841e+02   2.934264e+02   2.895197e+02  -1.078030e+03   1.079283e+03
   0.000000e+00   3.123750e+02   3.018164e+02   3.003499e+02   2.934076e+02   2.920559e+02  -1.080499e+03   1.078101e+03
   0.000000e+00   3.111670e+02   2.968869e+02   3.006576e+02   2.900264e+02   2.886585e+02  -1.080360e+03   1.079710e+03
   0.000000e+00   3.085395e+02   3.055894e+02   3.003986e+02   2.962966e+02   2.911229e+02  -1.080073e+03   1.082629e+03
   0.000000e+00   3.070404e+02   3.002565e+02   2.982582e+02   3.031989e+02   2.937429e+02  -1.084091e+03   1.085256e+03
   0.000000e+00   3.093177e+02   2.986258e+02   2.990733e+02   2.975073e+02   2.899447e+02  -1.092271e+03   1.088406e+03
   0.000000e+00   3.086114e+02   3.005737e+02   3.036618e+02   2.948528e+02   2.901308e+02  -1.094483e+03   1.095918e+03
   0.000000e+00   3.076100e+02   3.018444e+02   2.989849e+02   2.946654e+02   2.897767e+02  -1.099975e+03   1.098743e+03
   0.000000e+00   3.086238e+02   3.020300e+02   3.018977e+02   3.031179e+02   2.931903e+02  -1.106820e+03   1.103483e+03
   0.000000e+00   3.102241e+02   3.071851e+02   3.038143e+02   2.977139e+02   2.921027e+02  -1.111463e+03   1.104230e+03
   0.000000e+00   3.064247e+02   3.057732e+02   3.039436e+02   2.949002e+02   2.914372e+02  -1.111854e+03   1.110618e+03
   0.000000e+00   3.093724e+02   3.016270e+02   2.965355e+02   2.982741e+02   2.911448e+02  -1.113086e+03   1.117401e+03
   0.000000e+00   3.080074e+02   3.052112e+02   2.978636e+02   2.931871e+02   2.885131e+02  -1.119218e+03   1.122361e+03
   0.000000e+00   3.116556e+02   3.100139e+02   2.981087e+02   2.915486e+02   2.923979e+02  -1.126850e+03   1.125075e+03
   0.000000e+00   3.076628e+02   3.051901e+02   2.998451e+02   2.899129e+02   2.875917e+02  -1.126575e+03   1.129309e+03
   0.000000e+00   3.089694e+02   3.026578e+02   3.069663e+02   3.035593e+02   2.873823e+02  -1.134359e+03   1.132005e+03
   0.000000e+00   3.088531e+02   3.043210e+02   3.014864e+02   3.005983e+02   2.916680e+02  -1.137037e+03   1.133526e+03
   0.000000e+00   3.076674e+02   3.076840e+02   3.074413e+02   3.017525e+02   2.946219e+02  -1.143328e+03   1.133913e+03
   0.000000e+00   3.103847e+02   3.066196e+02   3.054374e+02   2.975058e+02   2.883140e+02  -1.140543e+03   1.134705e+03
   0.000000e+00   3.092159e+02   2.996200e+02   3.047894e+02   3.021677e+02   2.886911e+02  -1.144227e+03   1.146910e+03
   0.000000e+00   3.088426e+02   3.043073e+02   3.017055e+02   2.982291e+02   2.891698e+02  -1.147688e+03   1.146082e+03
   0.000000e+00   3.074860e+02   3.011619e+02   3.016980e+02   3.054553e+02   2.906121e+02  -1.147971e+03   1.147865e+03
   0.000000e+00   3.082069e+02   3.004243e+02   3.015754e+02   2.953371e+02   2.901044e+02  -1.152141e+03   1.151958e+03
   0.000000e+00   3.086671e+02   3.027980e+02   3.095321e+02   2.888373e+02   2.887835e+02  -1.157938e+03   1.153835e+03
   0.000000e+00   3.110363e+02   3.099999e+02   3.017622e+02   3.008164e+02   2.886923e+02  -1.159440e+03   1.155079e+03
   0.000000e+00   3.080401e+02   3.092017e+02   2.984526e+02   3.004132e+02   2.922437e+02  -1.161539e+03   1.162495e+03
   0.000000e+00   3.112734e+02   3.001019e+02   3.033548e+02   2.962901e+02   2.933640e+02  -1.166724e+03   1.162639e+03
   0.000000e+00   3.127265e+02   3.071641e+02   3.007335e+02   2.914207e+02   2.900303e+02  -1.170923e+03   1.168770e+03
   0.000000e+00   3.097582e+02   3.061471e+02   2.993983e+02   2.979678e+02   2.943222e+02  -1.167748e+03   1.167897e+03
   0.000000e+00   3.139889e+02   3.031907e+02   2.984318e+02   2.927758e+02   2.898115e+02  -1.175351e+03   1.175063e+03
   0.000000e+00   3.125325e+02   3.080129e+02   3.020109e+02   2.979431e+02   2.877664e+02  -1.178874e+03   1.172887e+03
   0.000000e+00   3.106145e+02   3.038453e+02   3.049650e+02   2.935077e+02   2.906575e+02  -1.180693e+03   1.178005e+03
   0.000000e+00   3.082836e+02   3.056244e+02   3.068224e+02   2.962049e+02   2.909200e+02  -1.184243e+03   1.182929e+03
   0.000000e+00   3.086072e+02   2.976365e+02   3.042316e+02   2.982249e+02   2.927455e+02  -1.184258e+03   1.185080e+03
   0.000000e+00   3.095125e+02   2.935679e+02   3.030381e+02   3.002618e+02   2.867403e+02  -1.193476e+03   1.183916e+03
   0.000000e+00   3.110385e+02   3.031817e+02   3.026332e+02   2.989771e+02   2.921496e+02  -1.189977e+03   1.185884e+03
   0.000000e+00   3.106263e+02   3.069774e+02   3.040628e+02   2.936939e+02   2.931457e+02  -1.193459e+03   1.189880e+03
   0.000000e+00   3.090490e+02   3.042928e+02   3.062314e+02   2.856342e+02   2.915569e+02  -1.195518e+03   1.195321e+03
   0.000000e+00   3.099059e+02   2.990695e+02   3.091853e+02   2.970145e+02   2.902845e+02  -1.200253e+03   1.191722e+03
   0.000000e+00   3.091149e+02   3.101071e+02   3.125960e+02   2.991587e+02   2.924343e+02  -1.201999e+03   1.196027e+03
   0.000000e+00   3.112687e+02   3.085670e+02   3.088070e+02   2.991336e+02   2.904231e+02  -1.202875e+03   1.200894e+03
   0.000000e+00   3.064440e+02   2.983656e+02   3.031399e+02   3.028046e+02   2.923826e+02  -1.205490e+03   1.205281e+03
   0.000000e+00   3.104641e+02   2.940432e+02   2.977129e+02   2.965188e+02   2.899544e+02  -1.208936e+03   1.208977e+03
   0.000000e+00   3.125262e+02   3.024838e+02   3.004686e+02   2.986823e+02   2.906514e+02  -1.214602e+03   1.212158e+03
   0.000000e+00   3.080678e+02   3.036900e+02   2.977950e+02   2.934379e+02   2.889976e+02  -1.214740e+03   1.219182e+03
   0.000000e+00   3.098352e+02   3.030685e+02   3.017704e+02   2.854870e+02   2.877022e+02  -1.218208e+03   1.217909e+03
   0.000000e+00   3.082804e+02   3.070315e+02   3.029382e+02   2.926442e+02   2.924405e+02  -1.220689e+03   1.221844e+03
   0.000000e+00   3.055171e+02   2.922386e+02   3.004996e+02   2.977329e+02   2.896737e+02  -1.225007e+03   1.226508e+03
   0.000000e+00   3.095090e+02   2.982782e+02   2.986683e+02   2.959751e+02   2.924576e+02  -1.225289e+03   1.227293e+03
   0.000000e+00   3.079518e+02   3.033895e+02   2.995597e+02   2.951093e+02   2.930156e+02  -1.231934e+03   1.229621e+03
   0.000000e+00   3.102018e+02   3.077103e+02   2.987091e+02   2.995100e+02   2.927863e+02  -1.237045e+03   1.232270e+03
   0.000000e+00   3.118141e+02   3.062909e+02   2.981827e+02   2.967593e+02   2.924493e+02  -1.237126e+03   1.237878e+03
   0.000000e+00   3.110078e+02   3.055653e+02   2.950828e+02   2.957393e+02   2.891494e+02  -1.239957e+03   1.243101e+03
   0.000000e+00   3.099817e+02   2.994148e+02   2.964665e+02   2.990873e+02   2.899663e+02  -1.247083e+03   1.245767e+03
   0.000000e+00   3.101073e+02   2.973878e+02   2.976663e+02   2.975197e+02   2.892305e+02  -1.249752e+03   1.255559e+03
   0.000000e+00   3.078131e+02   2.981634e+02   2.982920e+02   3.034525e+02   2.888048e+02  -1.251166e+03   1.254655e+03
   0.000000e+00   3.060898e+02   3.032289e+02   2.935621e+02   3.016056e+02   2.927375e+02  -1.258788e+03   1.257892e+03
   0.000000e+00   3.103147e+02   2.998396e+02   2.982992e+02   3.013803e+02   2.920572e+02  -1.258494e+03   1.258204e+03
   0.000000e+00   3.098732e+02   3.131498e+02   3.035600e+02   2.999881e+02   2.934782e+02  -1.264704e+03   1.259413e+03
   0.000000e+00   3.078240e+02   3.039493e+02   3.038554e+02   2.969919e+02   2.918479e+02  -1.267898e+03   1.266941e+03
   0.000000e+00   3.092339e+02   2.997778e+02   2.961398e+02   2.976096e+02   2.878021e+02  -1.267272e+03   1.270266e+03
   0.000000e+00   3.065531e+02   2.988538e+02   2.964870e+02   2.932812e+02   2.883121e+02  -1.269521e+03   1.273319e+03
   0.000000e+00   3.092924e+02   3.039077e+02   2.943651e+02   2.968458e+02   2.923355e+02  -1.270892e+03   1.274818e+03
   0.000000e+00   3.082034e+02   3.015590e+02   2.941679e+02   2.933730e+02   2.902432e+02  -1.278991e+03   1.279607e+03
   0.000000e+00   3.120494e+02   3.097626e+02   2.965777e+02   2.994703e+02   2.909563e+02  -1.278720e+03   1.281754e+03
   0.000000e+00   3.089086e+02   3.074999e+02   2.984672e+02   2.991651e+02   2.914698e+02  -1.282942e+03   1.281440e+03
   0.000000e+00   3.077189e+02   3.003736e+02   2.933354e+02   3.001632e+02   2.924837e+02  -1.284648e+03   1.286176e+03
   0.000000e+00   3.119423e+02   3.006097e+02   2.968092e+02   2.923834e+02   2.881852e+02  -1.286558e+03   1.290641e+03
   0.000000e+00   3.095270e+02   2.986480e+02   2.955328e+02   2.930243e+02   2.913225e+02  -1.286887e+03   1.289298e+03
   0.000000e+00   3.066339e+02   3.056740e+02   3.000490e+02   2.976490e+02   2.921955e+02  -1.290455e+03   1.289730e+03
   0.000000e+00   3.094598e+02   3.045925e+02   3.019438e+02   2.976603e+02   2.883871e+02  -1.293098e+03   1.290019e+03
   0.000000e+00   3.098830e+02   3.079206e+02   3.015448e+02   2.973794e+02   2.911922e+02  -1.295379e+03   1.293497e+03
   0.000000e+00   3.061735e+02   3.027630e+02   3.013123e+02   2.974982e+02   2.918440e+02  -1.295739e+03   1.297974e+03
   0.000000e+00   3.071535e+02   2.979856e+02   3.001968e+02   3.010517e+02   2.914408e+02  -1.300938e+03   1.306842e+03
   0.000000e+00   3.091440e+02   2.995569e+02   2.993541e+02   3.010068e+02   2.867710e+02  -1.308646e+03   1.307242e+03
   0.000000e+00   3.093114e+02   2.981447e+02   3.006655e+02   2.955995e+02   2.883325e+02  -1.310333e+03   1.309320e+03
   0.000000e+00   3.089484e+02   3.027246e+02   3.004810e+02   2.983610e+02   2.878316e+02  -1.314382e+03   1.313881e+03
   0.000000e+00   3.113208e+02   3.071566e+02   2.967299e+02   2.982424e+02   2.900497e+02  -1.316827e+03   1.317305e+03
   0.000000e+00   3.099903e+02   3.010663e+02   2.949966e+02   3.022559e+02   2.887790e+02  -1.317917e+03   1.320554e+03
   0.000000e+00   3.085386e+02   2.991822e+02   2.979912e+02   3.000512e+02   2.883087e+02  -1.321462e+03   1.323904e+03
   0.000000e+00   3.129292e+02   3.020864e+02   2.983236e+02   2.925003e+02   2.883644e+02  -1.324738e+03   1.327193e+03
   0.000000e+00   3.124197e+02   2.990052e+02   3.012636e+02   2.987746e+02   2.905275e+02  -1.329118e+03   1.329099e+03
   0.000000e+00   3.082679e+02   2.956469e+02   2.989344e+02   2.989388e+02   2.932453e+02  -1.332190e+03   1.332301e+03
   0.000000e+00   3.102890e+02   3.009671e+02   3.035399e+02   2.974791e+02   2.934401e+02  -1.336769e+03   1.334556e+03
   0.000000e+00   3.115587e+02   3.058550e+02   3.013817e+02   2.993091e+02   2.896343e+02  -1.336893e+03   1.335889e+03
   0.000000e+00   3.102949e+02   3.004438e+02   3.027048e+02   2.976509e+02   2.906318e+02  -1.338448e+03   1.336813e+03
   0.000000e+00   3.070475e+02   2.999006e+02   3.012286e+02   2.987295e+02   2.907739e+02  -1.340924e+03   1.344152e+03
   0.000000e+00   3.037050e+02   2.961601e+02   3.012593e+02   2.964244e+02   2.880896e+02  -1.342250e+03   1.346991e+03
   0.000000e+00   3.109744e+02   2.984256e+02   2.996540e+02   2.898338e+02   2.851645e+02  -1.344679e+03   1.350549e+03
   0.000000e+00   3.067480e+02   3.023766e+02   2.970696e+02   2.925187e+02   2.902093e+02  -1.350953e+03   1.348076e+03
   0.000000e+00   3.087298e+02   3.058942e+02   2.976990e+02   2.904643e+02   2.911261e+02  -1.354186e+03   1.353094e+03
   0.000000e+00   3.110415e+02   3.035371e+02   3.004989e+02   2.955583e+02   2.899529e+02  -1.356649e+03   1.354954e+03
   0.000000e+00   3.087996e+02   3.048915e+02   3.012290e+02   2.940756e+02   2.909004e+02  -1.358309e+03   1.355052e+03
   0.000000e+00   3.089304e+02   3.075673e+02   3.000318e+02   2.967428e+02   2.915596e+02  -1.357926e+03   1.360379e+03
   0.000000e+00   3.078034e+02   3.033603e+02   2.964451e+02   2.940269e+02   2.890840e+02  -1.361634e+03   1.364224e+03
   0.000000e+00   3.085467e+02   2.998394e+02   2.962123e+02   2.969187e+02   2.930060e+02  -1.365391e+03   1.364869e+03
   0.000000e+00   3.081769e+02   2.965172e+02   2.982275e+02   2.962122e+02   2.897615e+02  -1.360436e+03   1.366832e+03
   0.000000e+00   3.110798e+02   2.985863e+02   3.024250e+02   2.930483e+02   2.908732e+02  -1.367998e+03   1.368464e+03
   0.000000e+00   3.090905e+02   3.046337e+02   3.043109e+02   2.963870e+02   2.899279e+02  -1.370493e+03   1.371124e+03
   0.000000e+00   3.091925e+02   2.991991e+02   3.014485e+02   2.990025e+02   2.934190e+02  -1.375499e+03   1.373129e+03
   0.000000e+00   3.106423e+02   3.074123e+02   3.057876e+02   2.966510e+02   2.905287e+02  -1.378698e+03   1.377431e+03
   0.000000e+00   3.088704e+02   3.104343e+02   2.977602e+02   3.038781e+02   2.922782e+02  -1.383627e+03   1.378620e+03
   0.000000e+00   3.092727e+02   3.128969e+02   3.041370e+02   2.935022e+02   2.903981e+02  -1.383609e+03   1.381722e+03
   0.000000e+00   3.081576e+02   3.099633e+02   2.987126e+02   2.894838e+02   2.934730e+02  -1.385161e+03   1.387162e+03
   0.000000e+00   3.093398e+02   3.094625e+02   2.951135e+02   2.972797e+02   2.913252e+02  -1.389767e+03   1.388526e+03
   0.000000e+00   3.069091e+02   3.020719e+02   3.003518e+02   2.926434e+02   2.907835e+02  -1.392340e+03   1.391364e+03
   0.000000e+00   3.091048e+02   2.993084e+02   3.046449e+02   2.957194e+02   2.903362e+02  -1.395398e+03   1.391520e+03
   0.000000e+00   3.098305e+02   3.028034e+02   3.002964e+02   3.046990e+02   2.913145e+02  -1.394149e+03   1.398739e+03
   0.000000e+00   3.067531e+02   2.881903e+02   3.005534e+02   3.049911e+02   2.936802e+02  -1.399623e+03   1.401897e+03
   0.000000e+00   3.042425e+02   2.952071e+02   2.984300e+02   3.011364e+02   2.880332e+02  -1.403538e+03   1.404899e+03
   0.000000e+00   3.108765e+02   3.059249e+02   2.955383e+02   2.998266e+02   2.928087e+02  -1.407725e+03   1.407438e+03
   0.000000e+00   3.104369e+02   3.092276e+02   3.001984e+02   2.919001e+02   2.877572e+02  -1.409793e+03   1.408557e+03
   0.000000e+00   3.097682e+02   3.004171e+02   3.020174e+02   2.925405e+02   2.914016e+02  -1.413108e+03   1.413348e+03
   0.000000e+00   3.132208e+02   3.020900e+02   2.950517e+02   2.929465e+02   2.915870e+02  -1.417636e+03   1.422050e+03
   0.000000e+00   3.103968e+02   3.061897e+02   2.936547e+02   2.941643e+02   2.920863e+02  -1.422758e+03   1.426442e+03
   0.000000e+00   3.119806e+02   2.984214e+02   2.947938e+02   2.946239e+02   2.889931e+02  -1.423685e+03   1.426699e+03
   0.000000e+00   3.110127e+02   2.896196e+02   2.964054e+02   2.964363e+02   2.923719e+02  -1.424199e+03   1.432284e+03
   0.000000e+00   3.082423e+02   2.997063e+02   3.001906e+02   2.928364e+02   2.914103e+02  -1.434647e+03   1.436428e+03
   0.000000e+00   3.095989e+02   3.091506e+02   2.991706e+02   2.864436e+02   2.914864e+02  -1.436732e+03   1.438858e+03
   0.000000e+00   3.108999e+02   3.089446e+02   3.001031e+02   2.992833e+02   2.921253e+02  -1.445193e+03   1.440106e+03
   0.000000e+00   3.093644e+02   3.099930e+02   3.008167e+02   3.016825e+02   2.945732e+02  -1.443917e+03   1.441867e+03
   0.000000e+00   3.122834e+02   3.087800e+02   3.045096e+02   3.043796e+02   2.919581e+02  -1.449312e+03   1.444334e+03
   0.000000e+00   3.076449e+02   3.048272e+02   3.014788e+02   3.054169e+02   2.914884e+02  -1.450163e+03   1.453249e+03
   0.000000e+00   3.094919e+02   3.023744e+02   2.986606e+02   2.976990e+02   2.874798e+02  -1.454095e+03   1.457195e+03
   0.000000e+00   3.064496e+02   3.076608e+02   2.993957e+02   3.013061e+02   2.906312e+02  -1.454267e+03   1.457205e+03
   0.000000e+00   3.072238e+02   3.061445e+02   3.025336e+02   3.014786e+02   2.960825e+02  -1.461981e+03   1.457936e+03
   0.000000e+00   3.080206e+02   3.032601e+02   3.058718e+02   3.035621e+02   2.894947e+02  -1.458954e+03   1.460544e+03
   0.000000e+00   3.104042e+02   3.029263e+02   3.035053e+02   3.010760e+02   2.942633e+02  -1.463122e+03   1.459483e+03
   0.000000e+00   3.078892e+02   3.016953e+02   3.074544e+02   2.993292e+02   2.877678e+02  -1.466547e+03   1.464528e+03
   0.000000e+00   3.073567e+02   3.108937e+02   3.079345e+02   2.898454e+02   2.902396e+02  -1.471695e+03   1.469789e+03
   0.000000e+00   3.109806e+02   3.088874e+02   3.023351e+02   2.997398e+02   2.927457e+02  -1.475932e+03   1.471379e+03
   0.000000e+00   3.122511e+02   3.140451e+02   3.016925e+02   2.904102e+02   2.933001e+02  -1.481631e+03   1.478622e+03
   0.000000e+00   3.124292e+02   3.072331e+02   2.998776e+02   2.988592e+02   2.924118e+02  -1.480134e+03   1.479350e+03
   0.000000e+00   3.080847e+02   3.083314e+02   2.984244e+02   3.039878e+02   2.901784e+02  -1.486093e+03   1.485946e+03
   0.000000e+00   3.094016e+02   3.077192e+02   3.030903e+02   3.006697e+02   2.903228e+02  -1.486176e+03   1.486650e+03
   0.000000e+00   3.103528e+02   3.036941e+02   3.038816e+02   2.952059e+02   2.909439e+02  -1.492516e+03   1.487769e+03
   0.000000e+00   3.148340e+02   2.995491e+02   3.005392e+02   2.977339e+02   2.937752e+02  -1.494339e+03   1.492272e+03
   0.000000e+00   3.111905e+02   2.973635e+02   2.992408e+02   2.999874e+02   2.892269e+02  -1.496497e+03   1.496797e+03
   0.000000e+00   3.081577e+02   3.033741e+02   2.991228e+02   2.972537e+02   2.900920e+02  -1.503739e+03   1.505323e+03
   0.000000e+00   3.061965e+02   3.037856e+02   2.971461e+02   3.009486e+02   2.933055e+02  -1.505545e+03   1.505126e+03
   0.000000e+00   3.117675e+02   3.037375e+02   3.038099e+02   2.971486e+02   2.890553e+02  -1.511016e+03   1.510574e+03
   0.000000e+00   3.059908e+02   2.983595e+02   3.040648e+02   2.976527e+02   2.905516e+02  -1.509925e+03   1.518840e+03
   0.000000e+00   3.087625e+02   2.924075e+02   2.963894e+02   3.031470e+02   2.921434e+02  -1.516551e+03   1.516606e+03
   0.000000e+00   3.087521e+02   2.985233e+02   2.985530e+02   2.910357e+02   2.895297e+02  -1.516192e+03   1.519988e+03
   0.000000e+00   3.100740e+02   3.054405e+02   3.004141e+02   2.954535e+02   2.895446e+02  -1.523307e+03   1.518766e+03
   0.000000e+00   3.063064e+02   2.982942e+02   2.964692e+02   3.005881e+02   2.899333e+02  -1.520229e+03   1.523943e+03
   0.000000e+00   3.073741e+02   2.954858e+02   2.983178e+02   2.939990e+02   2.893867e+02  -1.522414e+03   1.525328e+03
   0.000000e+00   3.099180e+02   2.917495e+02   2.966117e+02   2.958616e+02   2.938774e+02  -1.526420e+03   1.526191e+03
   0.000000e+00   3.069620e+02   2.973271e+02   2.970008e+02   2.925160e+02   2.902120e+02  -1.527093e+03   1.530238e+03
   0.000000e+00   3.067475e+02   3.034352e+02   2.974724e+02   2.903582e+02   2.906243e+02  -1.533834e+03   1.534345e+03
   0.000000e+00   3.072365e+02   2.991472e+02   2.977276e+02   3.071293e+02   2.913766e+02  -1.534847e+03   1.533438e+03
   0.000000e+00   3.090885e+02   3.049101e+02   3.012032e+02   2.981911e+02   2.911413e+02  -1.535141e+03   1.535071e+03
   0.000000e+00   3.053955e+02   3.014775e+02   3.019798e+02   2.924164e+02   2.924879e+02  -1.533595e+03   1.534964e+03
   0.000000e+00   3.090172e+02   3.026245e+02   3.050836e+02   2.967072e+02   2.921810e+02  -1.538066e+03   1.536261e+03
   0.000000e+00   3.100700e+02   3.007777e+02   3.049343e+02   2.903825e+02   2.892927e+02  -1.541073e+03   1.536255e+03
   0.000000e+00   3.081320e+02   3.056996e+02   3.057266e+02   2.938057e+02   2.920149e+02  -1.543287e+03   1.542390e+03
   0.000000e+00   3.081589e+02   3.016912e+02   3.040924e+02   2.990908e+02   2.913810e+02  -1.546458e+03   1.544883e+03
   0.000000e+00   3.081811e+02   3.052689e+02   3.008555e+02   2.984411e+02   2.907887e+02  -6.278667e+00   8.465405e+00
   0.000000e+00   3.103654e+02   3.017886e+02   3.086807e+02   3.048443e+02   2.906308e+02  -8.488703e+00   3.462273e+00
   0.000000e+00   3.098297e+02   3.069118e+02   3.050968e+02   3.082382e+02   2.930778e+02  -1.013182e+01   7.687309e+00
   0.000000e+00   3.113566e+02   3.074257e+02   3.042576e+02   3.030539e+02   2.915816e+02  -1.420372e+01   1.416863e+01
   0.000000e+00   3.103488e+02   3.041336e+02   3.050491e+02   2.993641e+02   2.885333e+02  -1.730244e+01   1.882427e+01
   0.000000e+00   3.075678e+02   3.040794e+02   2.994746e+02   3.027711e+02   2.932399e+02  -1.993157e+01   1.878411e+01
   0.000000e+00   3.079598e+02   3.021917e+02   2.971952e+02   2.996985e+02   2.920534e+02  -1.804905e+01   2.337520e+01
   0.000000e+00   3.085405e+02   3.011873e+02   2.985383e+02   3.004939e+02   2.912848e+02  -2.674795e+01   2.822105e+01
   0.000000e+00   3.102701e+02   3.045216e+02   3.006057e+02   2.996694e+02   2.921808e+02  -3.284518e+01   3.614955e+01
   0.000000e+00   3.112716e+02   3.035588e+02   3.028919e+02   3.034097e+02   2.918558e+02  -3.835701e+01   3.413707e+01
   0.000000e+00   3.123225e+02   3.098592e+02   3.004789e+02   3.046293e+02   2.975819e+02  -4.204657e+01   3.759525e+01
   0.000000e+00   3.105772e+02   3.027121e+02   2.967829e+02   3.057051e+02   2.913561e+02  -4.223313e+01   4.718108e+01
   0.000000e+00   3.084668e+02   3.056797e+02   2.966684e+02   2.979330e+02   2.888693e+02  -4.209992e+01   4.756604e+01
   0.000000e+00   3.112891e+02   3.048928e+02   2.925555e+02   2.928461e+02   2.934546e+02  -4.898977e+01   5.212951e+01
   0.000000e+00   3.103868e+02   2.989826e+02   2.950830e+02   2.968863e+02   2.906635e+02  -4.911167e+01   5.298423e+01
   0.000000e+00   3.096251e+02   3.001861e+02   2.960941e+02   2.950643e+02   2.906607e+02  -5.428618e+01   5.888768e+01
   0.000000e+00   3.075600e+02   3.031684e+02   2.978928e+02   3.018122e+02   2.879237e+02  -6.269387e+01   6.394085e+01
   0.000000e+00   3.061172e+02   3.017524e+02   3.017033e+02   3.023172e+02   2.870811e+02  -6.660109e+01   6.709843e+01
   0.000000e+00   3.076064e+02   3.076037e+02   3.019095e+02   3.058215e+02   2.917166e+02  -6.848173e+01   6.926114e+01
   0.000000e+00   3.090130e+02   3.115386e+02   3.025593e+02   2.961634e+02   2.908676e+02  -7.240586e+01   6.972763e+01
   0.000000e+00   3.108950e+02   3.076579e+02   3.014051e+02   2.930105e+02   2.894901e+02  -7.248919e+01   7.605105e+01
   0.000000e+00   3.116162e+02   3.017036e+02   3.056955e+02   2.952308e+02   2.916093e+02  -7.990264e+01   7.924896e+01
   0.000000e+00   3.088341e+02   3.113044e+02   3.023635e+02   3.001494e+02   2.880426e+02  -8.166446e+01   8.271402e+01
   0.000000e+00   3.094092e+02   3.081055e+02   2.939567e+02   3.052077e+02   2.922731e+02  -8.217163e+01   8.665183e+01
   0.000000e+00   3.095388e+02   3.101574e+02   2.990749e+02   2.931011e+02   2.939216e+02  -8.847089e+01   8.848837e+01
   0.000000e+00   3.105408e+02   3.118261e+02   2.983363e+02   2.913897e+02   2.949929e+02  -9.399272e+01   9.334443e+01
   0.000000e+00   3.101467e+02   3.041940e+02   2.994386e+02   2.930174e+02   2.925526e+02  -9.685475e+01   1.026515e+02
   0.000000e+00   3.093085e+02   3.090048e+02   3.011114e+02   2.953759e+02   2.924818e+02  -1.045129e+02   9.923419e+01
   0.000000e+00   3.088005e+02   3.088248e+02   3.047933e+02   2.933752e+02   2.911588e+02  -1.039226e+02   1.053866e+02
   0.000000e+00   3.096583e+02   3.082261e+02   2.965050e+02   3.004634e+02   2.943166e+02  -1.063480e+02   1.080134e+02
   0.000000e+00   3.064652e+02   3.103766e+02   2.962087e+02   2.963017e+02   2.928053e+02  -1.100334e+02   1.118548e+02
   0.000000e+00   3.065766e+02   2.993001e+02   2.982574e+02   2.996357e+02   2.941434e+02  -1.131052e+02   1.161424e+02
   0.000000e+00   3.084781e+02   3.038027e+02   2.986193e+02   2.919858e+02   2.932105e+02  -1.189154e+02   1.187772e+02
   0.000000e+00   3.110506e+02   3.056097e+02   2.970124e+02   2.941067e+02   2.884973e+02  -1.184863e+02   1.252338e+02
   0.000000e+00   3.071547e+02   3.005661e+02   2.953427e+02   2.985933e+02   2.933575e+02  -1.206037e+02   1.313448e+02
   0.000000e+00   3.109471e+02   3.046476e+02   2.941965e+02   2.925360e+02   2.875030e+02  -1.254529e+02   1.273903e+02
   0.000000e+00   3.085425e+02   3.012883e+02   2.961336e+02   2.898301e+02   2.919320e+02  -1.226089e+02   1.321326e+02
   0.000000e+00   3.095385e+02   2.978785e+02   2.968015e+02   2.941337e+02   2.898768e+02  -1.301984e+02   1.338363e+02
   0.000000e+00   3.084665e+02   2.965875e+02   2.963274e+02   3.033543e+02   2.901361e+02  -1.335079e+02   1.372592e+02
   0.000000e+00   3.050305e+02   2.939834e+02   2.939499e+02   2.980706e+02   2.930161e+02  -1.373010e+02   1.441320e+02
   0.000000e+00   3.108956e+02   2.950498e+02   2.920762e+02   3.006337e+02   2.896234e+02  -1.419046e+02   1.494435e+02
   0.000000e+00   3.061008e+02   3.003200e+02   2.939132e+02   2.858733e+02   2.917567e+02  -1.442456e+02   1.505622e+02
   0.000000e+00   3.051239e+02   3.039200e+02   2.969596e+02   2.933117e+02   2.922819e+02  -1.485158e+02   1.517161e+02
   0.000000e+00   3.096440e+02   3.054621e+02   2.973213e+02   2.968904e+02   2.912813e+02  -1.532113e+02   1.544750e+02
   0.000000e+00   3.121397e+02   3.047639e+02   3.009896e+02   3.015680e+02   2.917166e+02  -1.556882e+02   1.526966e+02
   0.000000e+00   3.099536e+02   3.035517e+02   3.017777e+02   2.981082e+02   2.927073e+02  -1.571069e+02   1.581041e+02
   0.000000e+00   3.077104e+02   3.083605e+02   3.037698e+02   2.906782e+02   2.903519e+02  -1.619904e+02   1.621341e+02
   0.000000e+00   3.103021e+02   3.030155e+02   3.032323e+02   2.970778e+02   2.929264e+02  -1.622242e+02   1.630143e+02
   0.000000e+00   3.080230e+02   3.054935e+02   3.003560e+02   2.979885e+02   2.887951e+02  -1.661234e+02   1.696173e+02
   0.000000e+00   3.071481e+02   3.008468e+02   2.991568e+02   2.964757e+02   2.907713e+02  -1.713391e+02   1.699951e+02
   0.000000e+00   3.087265e+02   3.073156e+02   2.976356e+02   2.949223e+02   2.912718e+02  -1.747703e+02   1.774996e+02
   0.000000e+00   3.096108e+02   3.046878e+02   3.035422e+02   2.942182e+02   2.874770e+02  -1.756806e+02   1.779631e+02
   0.000000e+00   3.117449e+02   3.027078e+02   3.020781e+02   2.988628e+02   2.900340e+02  -1.798343e+02   1.773140e+02
   0.000000e+00   3.087603e+02   3.017205e+02   2.997244e+02   2.930004e+02   2.923898e+02  -1.807389e+02   1.847772e+02
   0.000000e+00   3.092156e+02   3.025235e+02   2.932299e+02   2.866429e+02   2.888615e+02  -1.786003e+02   1.879610e+02
   0.000000e+00   3.056799e+02   3.060685e+02   2.955049e+02   2.882514e+02   2.890978e+02  -1.819284e+02   1.874940e+02
   0.000000e+00   3.077575e+02   2.988236e+02   2.951022e+02   2.948459e+02   2.867810e+02  -1.859599e+02   1.942455e+02
   0.000000e+00   3.104158e+02   2.989550e+02   2.933254e+02   2.809346e+02   2.914053e+02  -1.883727e+02   1.972565e+02
   0.000000e+00   3.078438e+02   2.981756e+02   2.973023e+02   2.935523e+02   2.903549e+02  -1.924382e+02   1.950739e+02
   0.000000e+00   3.132889e+02   2.957550e+02   3.004991e+02   2.925280e+02   2.914459e+02  -1.981982e+02   2.010996e+02
   0.000000e+00   3.078391e+02   2.956200e+02   2.975234e+02   2.831891e+02   2.915024e+02  -1.962164e+02   2.061226e+02
   0.000000e+00   3.065656e+02   2.995433e+02   3.004640e+02   2.826195e+02   2.857213e+02  -2.040916e+02   2.093156e+02
   0.000000e+00   3.080282e+02   2.966424e+02   3.056290e+02   2.958324e+02   2.897280e+02  -2.089540e+02   2.089387e+02
